2025-01-03 09:28:48,408 [__main__] [INFO] :: *** 09h-28m-48s START ***
2025-01-03 09:28:48,408 [__main__] [INFO] :: *** PID: 3591294 ***
2025-01-03 09:29:29,328 [__main__] [INFO] :: Received message: 카카오페이 결제 돼
2025-01-03 09:29:29,358 [__main__] [INFO] :: Intent ID: 14
2025-01-03 09:29:29,519 [__main__] [INFO] :: Response: 저희 매장에서는 네이버페이 결제 방식으로 계산이 불가능합니다.
2025-01-03 09:29:29,520 [__main__] [INFO] :: Processing Time: 0.1923 seconds
2025-01-03 09:29:29,520 [__main__] [INFO] :: ----------------------------------------------------------------------------------------------------
2025-01-03 09:31:03,219 [__main__] [INFO] :: Received message: 현금 결제 가능해
2025-01-03 09:31:03,247 [__main__] [INFO] :: Intent ID: 14
2025-01-03 09:31:03,326 [__main__] [INFO] :: Response: 저희 매장에서는 현금 결제 방식으로 계산이 가능합니다.
2025-01-03 09:31:03,326 [__main__] [INFO] :: Processing Time: 0.1081 seconds
2025-01-03 09:31:03,326 [__main__] [INFO] :: ----------------------------------------------------------------------------------------------------
2025-01-03 09:31:11,997 [__main__] [INFO] :: Received message: 결제 수단 뭐 있어
2025-01-03 09:31:12,022 [__main__] [INFO] :: Intent ID: 13
2025-01-03 09:31:12,073 [__main__] [INFO] :: Response: 저희 매장은 신용카드, 현금, 모바일상품권, 간편결제 방식으로 결제가 가능하며, 간편 결제로는 네이버페이를 지원합니다.
2025-01-03 09:31:12,073 [__main__] [INFO] :: Processing Time: 0.0762 seconds
2025-01-03 09:31:12,073 [__main__] [INFO] :: ----------------------------------------------------------------------------------------------------
2025-01-03 09:31:36,542 [__main__] [INFO] :: Received message: 결제수점 뭐 있어
2025-01-03 09:31:36,567 [__main__] [INFO] :: Intent ID: 15
2025-01-03 09:31:36,610 [__main__] [INFO] :: Response: 결제 관련 문의는 확인 후 다시 연락드릴게요.
2025-01-03 09:31:36,610 [__main__] [INFO] :: Processing Time: 0.0684 seconds
2025-01-03 09:31:36,610 [__main__] [INFO] :: ----------------------------------------------------------------------------------------------------
2025-01-03 09:31:44,930 [__main__] [INFO] :: Received message: 결제 수단 뭐 있어
2025-01-03 09:31:44,955 [__main__] [INFO] :: Intent ID: 13
2025-01-03 09:31:45,003 [__main__] [INFO] :: Response: 저희 매장은 신용카드, 현금, 모바일상품권, 간편결제 방식으로 결제가 가능하며, 간편 결제로는 네이버페이를 지원합니다.
2025-01-03 09:31:45,003 [__main__] [INFO] :: Processing Time: 0.0734 seconds
2025-01-03 09:31:45,003 [__main__] [INFO] :: ----------------------------------------------------------------------------------------------------
2025-01-03 09:32:12,657 [__main__] [INFO] :: Received message: 네이버 페이 가능해
2025-01-03 09:32:12,683 [__main__] [INFO] :: Intent ID: 14
2025-01-03 09:32:12,763 [__main__] [INFO] :: Response: 저희 매장에서는 네이버페이 결제 방식으로 계산이 가능합니다.
2025-01-03 09:32:12,763 [__main__] [INFO] :: Processing Time: 0.1061 seconds
2025-01-03 09:32:12,763 [__main__] [INFO] :: ----------------------------------------------------------------------------------------------------
2025-01-03 09:35:30,011 [__main__] [INFO] :: Received message: 결제하고 영수증 받을 수 있어
2025-01-03 09:35:30,038 [__main__] [INFO] :: Intent ID: 15
2025-01-03 09:35:30,080 [__main__] [INFO] :: Response: 결제 관련 문의는 확인 후 다시 연락드릴게요.
2025-01-03 09:35:30,080 [__main__] [INFO] :: Processing Time: 0.0693 seconds
2025-01-03 09:35:30,080 [__main__] [INFO] :: ----------------------------------------------------------------------------------------------------
2025-01-03 09:35:37,863 [__main__] [INFO] :: Received message: 영업시간 언제야
2025-01-03 09:35:37,887 [__main__] [INFO] :: Intent ID: 16
2025-01-03 09:35:37,934 [__main__] [INFO] :: Response: 저희 매장은 11시부터 20시30분까지 영업합니다. 자세한 문의는 언제든 물어보세요.
2025-01-03 09:35:37,934 [__main__] [INFO] :: Processing Time: 0.0720 seconds
2025-01-03 09:35:37,934 [__main__] [INFO] :: ----------------------------------------------------------------------------------------------------
2025-01-03 09:35:49,678 [__main__] [INFO] :: Received message: 브레이크 타임 알려 줄래
2025-01-03 09:35:49,702 [__main__] [INFO] :: Intent ID: 17
2025-01-03 09:35:49,750 [__main__] [INFO] :: Response: 저희 매장은 14시부터 16시30분까지 브레이크 타임입니다.
2025-01-03 09:35:49,750 [__main__] [INFO] :: Processing Time: 0.0720 seconds
2025-01-03 09:35:49,750 [__main__] [INFO] :: ----------------------------------------------------------------------------------------------------
2025-01-03 09:35:58,034 [__main__] [INFO] :: Received message: 언제 쉬어
2025-01-03 09:35:58,059 [__main__] [INFO] :: Intent ID: 18
2025-01-03 09:35:58,106 [__main__] [INFO] :: Response: 저희 매장의 휴무일은 매주 화요일이며, 영업일은 매주 수요일부터 월요일입니다.
2025-01-03 09:35:58,106 [__main__] [INFO] :: Processing Time: 0.0722 seconds
2025-01-03 09:35:58,106 [__main__] [INFO] :: ----------------------------------------------------------------------------------------------------
2025-01-03 09:36:08,566 [__main__] [INFO] :: Received message: 화요일에 업에
2025-01-03 09:36:08,593 [__main__] [INFO] :: Intent ID: 21
2025-01-03 09:36:08,672 [__main__] [INFO] :: Response: 저희 매장은 화요일에 안합니다. 월요일 또는 수요일에서 일요일 11시부터 20시 30분까지 방문하실 수 있어요.
2025-01-03 09:36:08,673 [__main__] [INFO] :: Processing Time: 0.1071 seconds
2025-01-03 09:36:08,673 [__main__] [INFO] :: ----------------------------------------------------------------------------------------------------
2025-01-03 09:36:22,848 [__main__] [INFO] :: Received message: 월요일에
2025-01-03 09:36:22,873 [__main__] [INFO] :: Intent ID: 21
2025-01-03 09:36:22,954 [__main__] [INFO] :: Response: 저희 매장은 월요일에 합니다. 11시부터 20시 30분까지 방문하실 수 있어요.
2025-01-03 09:36:22,954 [__main__] [INFO] :: Processing Time: 0.1063 seconds
2025-01-03 09:36:22,954 [__main__] [INFO] :: ----------------------------------------------------------------------------------------------------
