2025-01-03 09:17:47,986 [__main__] [INFO] :: *** 09h-17m-47s START ***
2025-01-03 09:17:47,986 [__main__] [INFO] :: *** PID: 3586154 ***
2025-01-03 09:18:04,648 [__main__] [INFO] :: Received message: 원 플러스 원 메뉴 알려 줘
2025-01-03 09:18:04,682 [__main__] [INFO] :: Intent ID: 7
2025-01-03 09:18:04,854 [__main__] [INFO] :: Response: 현재 1+1 메뉴로 짜장면 1+1를 제공 중이에요.
2025-01-03 09:18:04,854 [__main__] [INFO] :: Processing Time: 0.2065 seconds
2025-01-03 09:18:04,855 [__main__] [INFO] :: ----------------------------------------------------------------------------------------------------
2025-01-03 09:18:21,127 [__main__] [INFO] :: Received message: 신메뉴 뭐 있어
2025-01-03 09:18:21,156 [__main__] [INFO] :: Intent ID: 8
2025-01-03 09:18:21,203 [__main__] [INFO] :: Response: 이번에 새로 나온 신메뉴는 팔보채입니다.
2025-01-03 09:18:21,204 [__main__] [INFO] :: Processing Time: 0.0767 seconds
2025-01-03 09:18:21,204 [__main__] [INFO] :: ----------------------------------------------------------------------------------------------------
2025-01-03 09:19:16,034 [__main__] [INFO] :: Received message: 새로 나온 메뉴 있어
2025-01-03 09:19:16,059 [__main__] [INFO] :: Intent ID: 8
2025-01-03 09:19:16,106 [__main__] [INFO] :: Response: 이번에 새로 나온 신메뉴는 팔보채입니다.
2025-01-03 09:19:16,106 [__main__] [INFO] :: Processing Time: 0.0729 seconds
2025-01-03 09:19:16,106 [__main__] [INFO] :: ----------------------------------------------------------------------------------------------------
2025-01-03 09:20:02,938 [__main__] [INFO] :: Received message: 이벤트 메뉴 있어
2025-01-03 09:20:02,963 [__main__] [INFO] :: Intent ID: 6
2025-01-03 09:20:03,011 [__main__] [INFO] :: Response: 현재 할인 중인 메뉴는 15주년행사 짬뽕입니다.
2025-01-03 09:20:03,011 [__main__] [INFO] :: Processing Time: 0.0737 seconds
2025-01-03 09:20:03,011 [__main__] [INFO] :: ----------------------------------------------------------------------------------------------------
2025-01-03 09:20:15,898 [__main__] [INFO] :: Received message: 한정판매 메뉴 있어
2025-01-03 09:20:15,926 [__main__] [INFO] :: Intent ID: 9
2025-01-03 09:20:15,973 [__main__] [INFO] :: Response: 저희 매장에서 15주년행사 짜장면는 한정 판매 중인 한정 메뉴입니다.
2025-01-03 09:20:15,973 [__main__] [INFO] :: Processing Time: 0.0755 seconds
2025-01-03 09:20:15,974 [__main__] [INFO] :: ----------------------------------------------------------------------------------------------------
