2025-01-03 09:38:28,623 [__main__] [INFO] :: *** 09h-38m-28s START ***
2025-01-03 09:38:28,623 [__main__] [INFO] :: *** PID: 3596554 ***
2025-01-03 09:38:42,998 [__main__] [INFO] :: Received message: 화요일에 영업해
2025-01-03 09:38:43,028 [__main__] [INFO] :: Intent ID: 21
2025-01-03 09:38:43,184 [__main__] [INFO] :: Response: 저희 매장은 화요일에 영업 안합니다. 수요일에서 월요일 11시부터 20시 30분까지 방문하실 수 있어요.
2025-01-03 09:38:43,184 [__main__] [INFO] :: Processing Time: 0.1866 seconds
2025-01-03 09:38:43,184 [__main__] [INFO] :: ----------------------------------------------------------------------------------------------------
2025-01-03 09:38:56,072 [__main__] [INFO] :: Received message: 목요일에 영업해
2025-01-03 09:38:56,098 [__main__] [INFO] :: Intent ID: 21
2025-01-03 09:38:56,177 [__main__] [INFO] :: Response: 저희 매장은 목요일에 영업 합니다. 11시부터 20시 30분까지 방문하실 수 있어요.
2025-01-03 09:38:56,177 [__main__] [INFO] :: Processing Time: 0.1054 seconds
2025-01-03 09:38:56,177 [__main__] [INFO] :: ----------------------------------------------------------------------------------------------------
2025-01-03 09:39:20,057 [__main__] [INFO] :: Received message: 여기 배달 가능한지 알 수 있을까
2025-01-03 09:39:20,086 [__main__] [INFO] :: Intent ID: 22
2025-01-03 09:39:20,135 [__main__] [INFO] :: Response: 반경 1.5키로미터 이내 지역에서 배달이 가능합니다.
2025-01-03 09:39:20,135 [__main__] [INFO] :: Processing Time: 0.0784 seconds
2025-01-03 09:39:20,136 [__main__] [INFO] :: ----------------------------------------------------------------------------------------------------
2025-01-03 09:39:29,673 [__main__] [INFO] :: Received message: 동대문 배달 돼
2025-01-03 09:39:29,698 [__main__] [INFO] :: Intent ID: 22
2025-01-03 09:39:29,746 [__main__] [INFO] :: Response: 반경 1.5키로미터 이내 지역에서 배달이 가능합니다.
2025-01-03 09:39:29,746 [__main__] [INFO] :: Processing Time: 0.0727 seconds
2025-01-03 09:39:29,746 [__main__] [INFO] :: ----------------------------------------------------------------------------------------------------
2025-01-03 09:39:38,387 [__main__] [INFO] :: Received message: 배달비 얼마야
2025-01-03 09:39:38,413 [__main__] [INFO] :: Intent ID: 23
2025-01-03 09:39:38,461 [__main__] [INFO] :: Response: 저희 매장의 배달비는 최소 1500원이며, 최소 주문 금액은 9900원입니다.
2025-01-03 09:39:38,461 [__main__] [INFO] :: Processing Time: 0.0740 seconds
2025-01-03 09:39:38,461 [__main__] [INFO] :: ----------------------------------------------------------------------------------------------------
2025-01-03 09:40:19,235 [__main__] [INFO] :: Received message: 배달비 기준에 있어
2025-01-03 09:40:19,264 [__main__] [INFO] :: Intent ID: 22
2025-01-03 09:40:19,312 [__main__] [INFO] :: Response: 반경 1.5키로미터 이내 지역에서 배달이 가능합니다.
2025-01-03 09:40:19,312 [__main__] [INFO] :: Processing Time: 0.0767 seconds
2025-01-03 09:40:19,312 [__main__] [INFO] :: ----------------------------------------------------------------------------------------------------
2025-01-03 09:40:29,449 [__main__] [INFO] :: Received message: 배달비에 어떤 기준이 있니
2025-01-03 09:40:29,477 [__main__] [INFO] :: Intent ID: 24
2025-01-03 09:40:29,520 [__main__] [INFO] :: Response: 배달 관련 문의는 확인 후 다시 연락드리겠습니다.
2025-01-03 09:40:29,520 [__main__] [INFO] :: Processing Time: 0.0706 seconds
2025-01-03 09:40:29,520 [__main__] [INFO] :: ----------------------------------------------------------------------------------------------------
2025-01-03 09:40:41,398 [__main__] [INFO] :: Received message: 지금 가면 바로 앉을 수 있어
2025-01-03 09:40:41,426 [__main__] [INFO] :: Intent ID: 25
2025-01-03 09:40:41,474 [__main__] [INFO] :: Response: 현재 4개의 테이블이 비어 있어요. 바로 이용하실 수 있습니다.
2025-01-03 09:40:41,474 [__main__] [INFO] :: Processing Time: 0.0760 seconds
2025-01-03 09:40:41,474 [__main__] [INFO] :: ----------------------------------------------------------------------------------------------------
2025-01-03 09:40:52,220 [__main__] [INFO] :: Received message: 실시간 현황 할 수 있을까
2025-01-03 09:40:52,248 [__main__] [INFO] :: Intent ID: 26
2025-01-03 09:40:52,290 [__main__] [INFO] :: Response: 테이블 이용에 대한 문의는 확인 후 다시 연락드리겠습니다.
2025-01-03 09:40:52,290 [__main__] [INFO] :: Processing Time: 0.0707 seconds
2025-01-03 09:40:52,290 [__main__] [INFO] :: ----------------------------------------------------------------------------------------------------
2025-01-03 09:41:04,227 [__main__] [INFO] :: Received message: 매장 어디 있어
2025-01-03 09:41:04,252 [__main__] [INFO] :: Intent ID: 27
2025-01-03 09:41:04,300 [__main__] [INFO] :: Response: 저희 매장 주소는 경기 구리시 검배로6번길 27입니다. 참고하시라고 지도 링크를 보내드릴게요.
2025-01-03 09:41:04,300 [__main__] [INFO] :: Processing Time: 0.0725 seconds
2025-01-03 09:41:04,300 [__main__] [INFO] :: ----------------------------------------------------------------------------------------------------
2025-01-03 09:41:15,586 [__main__] [INFO] :: Received message: 거기 어디야
2025-01-03 09:41:15,613 [__main__] [INFO] :: Intent ID: 27
2025-01-03 09:41:15,661 [__main__] [INFO] :: Response: 저희 매장 주소는 경기 구리시 검배로6번길 27입니다. 참고하시라고 지도 링크를 보내드릴게요.
2025-01-03 09:41:15,661 [__main__] [INFO] :: Processing Time: 0.0751 seconds
2025-01-03 09:41:15,661 [__main__] [INFO] :: ----------------------------------------------------------------------------------------------------
2025-01-03 09:41:28,486 [__main__] [INFO] :: Received message: 주변에 대중교통 뭐 있어
2025-01-03 09:41:28,513 [__main__] [INFO] :: Intent ID: 28
2025-01-03 09:41:28,556 [__main__] [INFO] :: Response: 더 정확히 안내드리기 위해 지도 링크를 보내드렸습니다.
2025-01-03 09:41:28,556 [__main__] [INFO] :: Processing Time: 0.0706 seconds
2025-01-03 09:41:28,556 [__main__] [INFO] :: ----------------------------------------------------------------------------------------------------
2025-01-03 09:41:37,334 [__main__] [INFO] :: Received message: 지하철역에서 얼마나 걸려
2025-01-03 09:41:37,364 [__main__] [INFO] :: Intent ID: 28
2025-01-03 09:41:37,407 [__main__] [INFO] :: Response: 더 정확히 안내드리기 위해 지도 링크를 보내드렸습니다.
2025-01-03 09:41:37,407 [__main__] [INFO] :: Processing Time: 0.0733 seconds
2025-01-03 09:41:37,407 [__main__] [INFO] :: ----------------------------------------------------------------------------------------------------
2025-01-03 09:41:51,313 [__main__] [INFO] :: Received message: 근처 건물 뭐 있어
2025-01-03 09:41:51,338 [__main__] [INFO] :: Intent ID: 29
2025-01-03 09:41:51,382 [__main__] [INFO] :: Response: 더 정확한 안내를 위해 지도 링크를 전송해드렸습니다.
2025-01-03 09:41:51,382 [__main__] [INFO] :: Processing Time: 0.0697 seconds
2025-01-03 09:41:51,382 [__main__] [INFO] :: ----------------------------------------------------------------------------------------------------
2025-01-03 09:42:01,165 [__main__] [INFO] :: Received message: 매장 몇 명까지 시험 가능해
2025-01-03 09:42:01,193 [__main__] [INFO] :: Intent ID: 2
2025-01-03 09:42:01,235 [__main__] [INFO] :: Response: 자세한 메뉴 사진과 정보가 적혀있는 QR 주문링크를 전송해드렸어요. 스마트폰으로 편하게 확인해 보세요!
2025-01-03 09:42:01,235 [__main__] [INFO] :: Processing Time: 0.0709 seconds
2025-01-03 09:42:01,235 [__main__] [INFO] :: ----------------------------------------------------------------------------------------------------
2025-01-03 09:42:14,290 [__main__] [INFO] :: Received message: 매장에 몇 명까지 수영 가능해
2025-01-03 09:42:14,315 [__main__] [INFO] :: Intent ID: 44
2025-01-03 09:42:14,358 [__main__] [INFO] :: Response: 확인 후 다시 연락드리겠습니다.
2025-01-03 09:42:14,358 [__main__] [INFO] :: Processing Time: 0.0689 seconds
2025-01-03 09:42:14,359 [__main__] [INFO] :: ----------------------------------------------------------------------------------------------------
2025-01-03 09:42:22,850 [__main__] [INFO] :: Received message: 매장에 몇 명까지 수영 가능해
2025-01-03 09:42:22,876 [__main__] [INFO] :: Intent ID: 44
2025-01-03 09:42:22,918 [__main__] [INFO] :: Response: 확인 후 다시 연락드리겠습니다.
2025-01-03 09:42:22,918 [__main__] [INFO] :: Processing Time: 0.0683 seconds
2025-01-03 09:42:22,918 [__main__] [INFO] :: ----------------------------------------------------------------------------------------------------
2025-01-03 09:42:31,025 [__main__] [INFO] :: Received message: 매장에 몇 명까지 수영 가능해
2025-01-03 09:42:31,050 [__main__] [INFO] :: Intent ID: 44
2025-01-03 09:42:31,093 [__main__] [INFO] :: Response: 확인 후 다시 연락드리겠습니다.
2025-01-03 09:42:31,093 [__main__] [INFO] :: Processing Time: 0.0684 seconds
2025-01-03 09:42:31,094 [__main__] [INFO] :: ----------------------------------------------------------------------------------------------------
2025-01-03 09:42:40,574 [__main__] [INFO] :: Received message: 수영
2025-01-03 09:42:40,599 [__main__] [INFO] :: Intent ID: 47
2025-01-03 09:42:40,643 [__main__] [INFO] :: Response: 죄송합니다, 요청하신 정보를 바로 확인하기 어려워요.
2025-01-03 09:42:40,643 [__main__] [INFO] :: Processing Time: 0.0693 seconds
2025-01-03 09:42:40,643 [__main__] [INFO] :: ----------------------------------------------------------------------------------------------------
2025-01-03 09:42:51,625 [__main__] [INFO] :: Received message: 매장에 몇 명까지 수용 가능해
2025-01-03 09:42:51,653 [__main__] [INFO] :: Intent ID: 30
2025-01-03 09:42:51,703 [__main__] [INFO] :: Response: 저희 매장은 총 9개의 테이블이 있으며, 최대 36명까지 수용 가능합니다.
2025-01-03 09:42:51,703 [__main__] [INFO] :: Processing Time: 0.0780 seconds
2025-01-03 09:42:51,703 [__main__] [INFO] :: ----------------------------------------------------------------------------------------------------
2025-01-03 09:43:03,966 [__main__] [INFO] :: Received message: 몇 명까지 들어갈 수 있어
2025-01-03 09:43:03,991 [__main__] [INFO] :: Intent ID: 30
2025-01-03 09:43:04,041 [__main__] [INFO] :: Response: 저희 매장은 총 9개의 테이블이 있으며, 최대 36명까지 수용 가능합니다.
2025-01-03 09:43:04,041 [__main__] [INFO] :: Processing Time: 0.0754 seconds
2025-01-03 09:43:04,041 [__main__] [INFO] :: ----------------------------------------------------------------------------------------------------
2025-01-03 09:43:14,106 [__main__] [INFO] :: Received message: 테이블 얼마나 있어
2025-01-03 09:43:14,127 [__main__] [INFO] :: Intent ID: 30
2025-01-03 09:43:14,176 [__main__] [INFO] :: Response: 저희 매장은 총 9개의 테이블이 있으며, 최대 36명까지 수용 가능합니다.
2025-01-03 09:43:14,176 [__main__] [INFO] :: Processing Time: 0.0706 seconds
2025-01-03 09:43:14,176 [__main__] [INFO] :: ----------------------------------------------------------------------------------------------------
2025-01-03 09:43:25,286 [__main__] [INFO] :: Received message: 단체 속에 있어
2025-01-03 09:43:25,314 [__main__] [INFO] :: Intent ID: 31
2025-01-03 09:43:25,361 [__main__] [INFO] :: Response: 저희 매장에는 단체석 및 예약석이 있습니다. 예약을 원하시면 매장으로 연락 부탁드립니다.
2025-01-03 09:43:25,362 [__main__] [INFO] :: Processing Time: 0.0754 seconds
2025-01-03 09:43:25,362 [__main__] [INFO] :: ----------------------------------------------------------------------------------------------------
2025-01-03 09:43:36,125 [__main__] [INFO] :: Received message: 예약속 있어
2025-01-03 09:43:36,151 [__main__] [INFO] :: Intent ID: 31
2025-01-03 09:43:36,199 [__main__] [INFO] :: Response: 저희 매장에는 단체석 및 예약석이 있습니다. 예약을 원하시면 매장으로 연락 부탁드립니다.
2025-01-03 09:43:36,199 [__main__] [INFO] :: Processing Time: 0.0743 seconds
2025-01-03 09:43:36,199 [__main__] [INFO] :: ----------------------------------------------------------------------------------------------------
2025-01-03 09:43:48,225 [__main__] [INFO] :: Received message: 프라이빗한 공간 있네
2025-01-03 09:43:48,250 [__main__] [INFO] :: Intent ID: 32
2025-01-03 09:43:48,299 [__main__] [INFO] :: Response: 저희 매장에는 특별 좌석으로 룸 6개와 야외 좌석 3개가 준비되어 있습니다.
2025-01-03 09:43:48,299 [__main__] [INFO] :: Processing Time: 0.0745 seconds
2025-01-03 09:43:48,299 [__main__] [INFO] :: ----------------------------------------------------------------------------------------------------
2025-01-03 09:44:12,022 [__main__] [INFO] :: Received message: 룸 크기
2025-01-03 09:44:12,047 [__main__] [INFO] :: Intent ID: 33
2025-01-03 09:44:12,090 [__main__] [INFO] :: Response: 시설 관련 문의는 확인 후 다시 연락드리겠습니다.
2025-01-03 09:44:12,090 [__main__] [INFO] :: Processing Time: 0.0682 seconds
2025-01-03 09:44:12,090 [__main__] [INFO] :: ----------------------------------------------------------------------------------------------------
2025-01-03 09:44:19,777 [__main__] [INFO] :: Received message: 규모 알 수 있어
2025-01-03 09:44:19,802 [__main__] [INFO] :: Intent ID: 33
2025-01-03 09:44:19,844 [__main__] [INFO] :: Response: 시설 관련 문의는 확인 후 다시 연락드리겠습니다.
2025-01-03 09:44:19,845 [__main__] [INFO] :: Processing Time: 0.0682 seconds
2025-01-03 09:44:19,845 [__main__] [INFO] :: ----------------------------------------------------------------------------------------------------
2025-01-03 09:44:28,830 [__main__] [INFO] :: Received message: 거기 반 규모 알 수 있어
2025-01-03 09:44:28,866 [__main__] [INFO] :: Intent ID: 33
2025-01-03 09:44:28,909 [__main__] [INFO] :: Response: 시설 관련 문의는 확인 후 다시 연락드리겠습니다.
2025-01-03 09:44:28,909 [__main__] [INFO] :: Processing Time: 0.0789 seconds
2025-01-03 09:44:28,909 [__main__] [INFO] :: ----------------------------------------------------------------------------------------------------
2025-01-03 09:44:37,734 [__main__] [INFO] :: Received message: 방 내부 크기 얼마나 돼
2025-01-03 09:44:37,760 [__main__] [INFO] :: Intent ID: 33
2025-01-03 09:44:37,802 [__main__] [INFO] :: Response: 시설 관련 문의는 확인 후 다시 연락드리겠습니다.
2025-01-03 09:44:37,803 [__main__] [INFO] :: Processing Time: 0.0687 seconds
2025-01-03 09:44:37,803 [__main__] [INFO] :: ----------------------------------------------------------------------------------------------------
2025-01-03 09:44:50,452 [__main__] [INFO] :: Received message: 혜택이 뭐야
2025-01-03 09:44:50,479 [__main__] [INFO] :: Intent ID: 35
2025-01-03 09:44:50,521 [__main__] [INFO] :: Response: 멤버십 가입 시 포인트 적립과 쿠폰 혜택을 받을 수 있습니다.
2025-01-03 09:44:50,521 [__main__] [INFO] :: Processing Time: 0.0692 seconds
2025-01-03 09:44:50,521 [__main__] [INFO] :: ----------------------------------------------------------------------------------------------------
2025-01-03 09:45:00,533 [__main__] [INFO] :: Received message: 멤버십 가입 시에 택이고요
2025-01-03 09:45:00,559 [__main__] [INFO] :: Intent ID: 40
2025-01-03 09:45:00,600 [__main__] [INFO] :: Response: 멤버십, 포인트 및 쿠폰 관련 문의는 확인 후 다시 안내드리겠습니다.
2025-01-03 09:45:00,601 [__main__] [INFO] :: Processing Time: 0.0677 seconds
2025-01-03 09:45:00,601 [__main__] [INFO] :: ----------------------------------------------------------------------------------------------------
2025-01-03 09:45:11,315 [__main__] [INFO] :: Received message: 멤버십 가입하면 혜택이 뭐야
2025-01-03 09:45:11,340 [__main__] [INFO] :: Intent ID: 35
2025-01-03 09:45:11,564 [__main__] [INFO] :: Response: 멤버십 가입 시 포인트 적립과 쿠폰 혜택을 받을 수 있습니다.
2025-01-03 09:45:11,564 [__main__] [INFO] :: Processing Time: 0.2496 seconds
2025-01-03 09:45:11,564 [__main__] [INFO] :: ----------------------------------------------------------------------------------------------------
2025-01-03 09:45:20,710 [__main__] [INFO] :: Received message: 멤버십으로 뭐 할 수 있는데
2025-01-03 09:45:20,736 [__main__] [INFO] :: Intent ID: 40
2025-01-03 09:45:20,778 [__main__] [INFO] :: Response: 멤버십, 포인트 및 쿠폰 관련 문의는 확인 후 다시 안내드리겠습니다.
2025-01-03 09:45:20,778 [__main__] [INFO] :: Processing Time: 0.0681 seconds
2025-01-03 09:45:20,778 [__main__] [INFO] :: ----------------------------------------------------------------------------------------------------
2025-01-03 09:45:33,016 [__main__] [INFO] :: Received message: 멤버십 가입하면 뭐 할 수 있어
2025-01-03 09:45:33,041 [__main__] [INFO] :: Intent ID: 35
2025-01-03 09:45:33,083 [__main__] [INFO] :: Response: 멤버십 가입 시 포인트 적립과 쿠폰 혜택을 받을 수 있습니다.
2025-01-03 09:45:33,083 [__main__] [INFO] :: Processing Time: 0.0675 seconds
2025-01-03 09:45:33,083 [__main__] [INFO] :: ----------------------------------------------------------------------------------------------------
2025-01-03 09:45:44,367 [__main__] [INFO] :: Received message: 멤버십 가입은 어떻게 해
2025-01-03 09:45:44,393 [__main__] [INFO] :: Intent ID: 34
2025-01-03 09:45:44,436 [__main__] [INFO] :: Response: 저희 매장은 멤버십 서비스를 제공하며, 포인트 적립 및 쿠폰 혜택을 위해 스마트 주문 앱 또는 키오스크를 통해 가입하실 수 있습니다.
2025-01-03 09:45:44,437 [__main__] [INFO] :: Processing Time: 0.0699 seconds
2025-01-03 09:45:44,437 [__main__] [INFO] :: ----------------------------------------------------------------------------------------------------
2025-01-03 09:45:59,366 [__main__] [INFO] :: Received message: 멤버십 가입하는 방법 알려 줄래
2025-01-03 09:45:59,391 [__main__] [INFO] :: Intent ID: 34
2025-01-03 09:45:59,434 [__main__] [INFO] :: Response: 저희 매장은 멤버십 서비스를 제공하며, 포인트 적립 및 쿠폰 혜택을 위해 스마트 주문 앱 또는 키오스크를 통해 가입하실 수 있습니다.
2025-01-03 09:45:59,434 [__main__] [INFO] :: Processing Time: 0.0679 seconds
2025-01-03 09:45:59,434 [__main__] [INFO] :: ----------------------------------------------------------------------------------------------------
2025-01-03 09:46:14,203 [__main__] [INFO] :: Received message: 포인트 적립 금액이 어떻게 돼
2025-01-03 09:46:14,230 [__main__] [INFO] :: Intent ID: 36
2025-01-03 09:46:14,277 [__main__] [INFO] :: Response: 구매 금액의 4%가 포인트로 적립됩니다.
2025-01-03 09:46:14,277 [__main__] [INFO] :: Processing Time: 0.0746 seconds
2025-01-03 09:46:14,277 [__main__] [INFO] :: ----------------------------------------------------------------------------------------------------
2025-01-03 09:46:22,148 [__main__] [INFO] :: Received message: 포인트 적립은 얼마나 돼
2025-01-03 09:46:22,175 [__main__] [INFO] :: Intent ID: 36
2025-01-03 09:46:22,223 [__main__] [INFO] :: Response: 구매 금액의 4%가 포인트로 적립됩니다.
2025-01-03 09:46:22,223 [__main__] [INFO] :: Processing Time: 0.0751 seconds
2025-01-03 09:46:22,223 [__main__] [INFO] :: ----------------------------------------------------------------------------------------------------
2025-01-03 09:46:34,526 [__main__] [INFO] :: Received message: 포인트 사용 기준에 있어
2025-01-03 09:46:34,551 [__main__] [INFO] :: Intent ID: 37
2025-01-03 09:46:34,598 [__main__] [INFO] :: Response: 저희 매장에서는 1000점 이상의 포인트를 사용할 수 있습니다.
2025-01-03 09:46:34,598 [__main__] [INFO] :: Processing Time: 0.0721 seconds
2025-01-03 09:46:34,598 [__main__] [INFO] :: ----------------------------------------------------------------------------------------------------
2025-01-03 09:46:44,863 [__main__] [INFO] :: Received message: 포인트 얼마부터 쓰시는데
2025-01-03 09:46:44,892 [__main__] [INFO] :: Intent ID: 37
2025-01-03 09:46:44,939 [__main__] [INFO] :: Response: 저희 매장에서는 1000점 이상의 포인트를 사용할 수 있습니다.
2025-01-03 09:46:44,940 [__main__] [INFO] :: Processing Time: 0.0766 seconds
2025-01-03 09:46:44,940 [__main__] [INFO] :: ----------------------------------------------------------------------------------------------------
2025-01-03 09:46:55,008 [__main__] [INFO] :: Received message: 포인트 쓰고 싶어
2025-01-03 09:46:55,042 [__main__] [INFO] :: Intent ID: 37
2025-01-03 09:46:55,091 [__main__] [INFO] :: Response: 저희 매장에서는 1000점 이상의 포인트를 사용할 수 있습니다.
2025-01-03 09:46:55,091 [__main__] [INFO] :: Processing Time: 0.0831 seconds
2025-01-03 09:46:55,091 [__main__] [INFO] :: ----------------------------------------------------------------------------------------------------
2025-01-03 09:47:14,386 [__main__] [INFO] :: Received message: 쿠폰 사용하고 싶은데
2025-01-03 09:47:14,412 [__main__] [INFO] :: Intent ID: 39
2025-01-03 09:47:14,460 [__main__] [INFO] :: Response: 9000원 이상 구매 시 쿠폰을 사용할 수 있으며, 쿠폰은 현금처럼 사용 가능합니다.
2025-01-03 09:47:14,460 [__main__] [INFO] :: Processing Time: 0.0741 seconds
2025-01-03 09:47:14,460 [__main__] [INFO] :: ----------------------------------------------------------------------------------------------------
2025-01-03 09:47:24,348 [__main__] [INFO] :: Received message: 폰 받고 싶은데
2025-01-03 09:47:24,373 [__main__] [INFO] :: Intent ID: 44
2025-01-03 09:47:24,416 [__main__] [INFO] :: Response: 확인 후 다시 연락드리겠습니다.
2025-01-03 09:47:24,417 [__main__] [INFO] :: Processing Time: 0.0692 seconds
2025-01-03 09:47:24,417 [__main__] [INFO] :: ----------------------------------------------------------------------------------------------------
2025-01-03 09:47:31,290 [__main__] [INFO] :: Received message: 쿠폰 받고 싶은데
2025-01-03 09:47:31,315 [__main__] [INFO] :: Intent ID: 38
2025-01-03 09:47:31,364 [__main__] [INFO] :: Response: 스탬프 10개 적립 시 할인쿠폰을 발급받으실 수 있습니다.
2025-01-03 09:47:31,364 [__main__] [INFO] :: Processing Time: 0.0748 seconds
2025-01-03 09:47:31,364 [__main__] [INFO] :: ----------------------------------------------------------------------------------------------------
2025-01-03 09:47:41,931 [__main__] [INFO] :: Received message: 할인 쿠폰은 어떻게 받는 건데
2025-01-03 09:47:41,958 [__main__] [INFO] :: Intent ID: 38
2025-01-03 09:47:42,007 [__main__] [INFO] :: Response: 스탬프 10개 적립 시 할인쿠폰을 발급받으실 수 있습니다.
2025-01-03 09:47:42,007 [__main__] [INFO] :: Processing Time: 0.0761 seconds
2025-01-03 09:47:42,007 [__main__] [INFO] :: ----------------------------------------------------------------------------------------------------
2025-01-03 09:47:51,303 [__main__] [INFO] :: Received message: 스탬프 적립은 어떻게 하는데
2025-01-03 09:47:51,330 [__main__] [INFO] :: Intent ID: 38
2025-01-03 09:47:51,379 [__main__] [INFO] :: Response: 스탬프 10개 적립 시 할인쿠폰을 발급받으실 수 있습니다.
2025-01-03 09:47:51,379 [__main__] [INFO] :: Processing Time: 0.0762 seconds
2025-01-03 09:47:51,379 [__main__] [INFO] :: ----------------------------------------------------------------------------------------------------
2025-01-03 09:48:00,858 [__main__] [INFO] :: Received message: 스탬프는 어떻게 받아
2025-01-03 09:48:00,886 [__main__] [INFO] :: Intent ID: 38
2025-01-03 09:48:00,935 [__main__] [INFO] :: Response: 스탬프 10개 적립 시 할인쿠폰을 발급받으실 수 있습니다.
2025-01-03 09:48:00,935 [__main__] [INFO] :: Processing Time: 0.0776 seconds
2025-01-03 09:48:00,935 [__main__] [INFO] :: ----------------------------------------------------------------------------------------------------
2025-01-03 09:48:25,469 [__main__] [INFO] :: Received message: 포인트 취소 가능해
2025-01-03 09:48:25,494 [__main__] [INFO] :: Intent ID: 44
2025-01-03 09:48:25,537 [__main__] [INFO] :: Response: 확인 후 다시 연락드리겠습니다.
2025-01-03 09:48:25,538 [__main__] [INFO] :: Processing Time: 0.0687 seconds
2025-01-03 09:48:25,538 [__main__] [INFO] :: ----------------------------------------------------------------------------------------------------
2025-01-03 09:48:43,102 [__main__] [INFO] :: Received message: 폰트 더 알려 줄래
2025-01-03 09:48:43,129 [__main__] [INFO] :: Intent ID: 40
2025-01-03 09:48:43,173 [__main__] [INFO] :: Response: 멤버십, 포인트 및 쿠폰 관련 문의는 확인 후 다시 안내드리겠습니다.
2025-01-03 09:48:43,173 [__main__] [INFO] :: Processing Time: 0.0707 seconds
2025-01-03 09:48:43,173 [__main__] [INFO] :: ----------------------------------------------------------------------------------------------------
2025-01-03 09:48:52,124 [__main__] [INFO] :: Received message: 포인트가 정확히 뭐야
2025-01-03 09:48:52,150 [__main__] [INFO] :: Intent ID: 37
2025-01-03 09:48:52,197 [__main__] [INFO] :: Response: 저희 매장에서는 1000점 이상의 포인트를 사용할 수 있습니다.
2025-01-03 09:48:52,197 [__main__] [INFO] :: Processing Time: 0.0731 seconds
2025-01-03 09:48:52,197 [__main__] [INFO] :: ----------------------------------------------------------------------------------------------------
2025-01-03 09:49:02,244 [__main__] [INFO] :: Received message: 포인트 좀 안내해 줄래
2025-01-03 09:49:02,269 [__main__] [INFO] :: Intent ID: 37
2025-01-03 09:49:02,315 [__main__] [INFO] :: Response: 저희 매장에서는 1000점 이상의 포인트를 사용할 수 있습니다.
2025-01-03 09:49:02,315 [__main__] [INFO] :: Processing Time: 0.0720 seconds
2025-01-03 09:49:02,316 [__main__] [INFO] :: ----------------------------------------------------------------------------------------------------
2025-01-03 09:49:20,580 [__main__] [INFO] :: Received message: 포인트가 뭔지 좀 더 자세하게 설명해 줄 수 있어
2025-01-03 09:49:20,606 [__main__] [INFO] :: Intent ID: 37
2025-01-03 09:49:20,654 [__main__] [INFO] :: Response: 저희 매장에서는 1000점 이상의 포인트를 사용할 수 있습니다.
2025-01-03 09:49:20,654 [__main__] [INFO] :: Processing Time: 0.0742 seconds
2025-01-03 09:49:20,654 [__main__] [INFO] :: ----------------------------------------------------------------------------------------------------
2025-01-03 09:49:32,018 [__main__] [INFO] :: Received message: 멤버십 좀 더 알고 싶어
2025-01-03 09:49:32,046 [__main__] [INFO] :: Intent ID: 40
2025-01-03 09:49:32,090 [__main__] [INFO] :: Response: 멤버십, 포인트 및 쿠폰 관련 문의는 확인 후 다시 안내드리겠습니다.
2025-01-03 09:49:32,090 [__main__] [INFO] :: Processing Time: 0.0723 seconds
2025-01-03 09:49:32,090 [__main__] [INFO] :: ----------------------------------------------------------------------------------------------------
2025-01-03 09:49:52,030 [__main__] [INFO] :: Received message: 현재 진행 중인들한테 뭐 있어
2025-01-03 09:49:52,058 [__main__] [INFO] :: Intent ID: 41
2025-01-03 09:49:52,106 [__main__] [INFO] :: Response: 현재 진행 중인 이벤트는 신메뉴 5% 할인입니다. 스마트주문 앱에서 더 자세히 확인하세요.
2025-01-03 09:49:52,106 [__main__] [INFO] :: Processing Time: 0.0763 seconds
2025-01-03 09:49:52,106 [__main__] [INFO] :: ----------------------------------------------------------------------------------------------------
2025-01-03 09:50:09,702 [__main__] [INFO] :: Received message: 신민이 5% 할인이 뭐야
2025-01-03 09:50:09,733 [__main__] [INFO] :: Intent ID: 6
2025-01-03 09:50:09,787 [__main__] [INFO] :: Response: 현재 할인 중인 메뉴는 2인세트입니다.
2025-01-03 09:50:09,788 [__main__] [INFO] :: Processing Time: 0.0864 seconds
2025-01-03 09:50:09,788 [__main__] [INFO] :: ----------------------------------------------------------------------------------------------------
2025-01-03 09:50:18,468 [__main__] [INFO] :: Received message: 신메뉴 5% 할인 이벤트가 뭐야
2025-01-03 09:50:18,496 [__main__] [INFO] :: Intent ID: 43
2025-01-03 09:50:18,539 [__main__] [INFO] :: Response: 이벤트 관련 문의는 확인 후 다시 연락드리겠습니다.
2025-01-03 09:50:18,539 [__main__] [INFO] :: Processing Time: 0.0714 seconds
2025-01-03 09:50:18,539 [__main__] [INFO] :: ----------------------------------------------------------------------------------------------------
2025-01-03 09:50:33,918 [__main__] [INFO] :: Received message: 신메뉴 할인 이벤트 알려 줄래
2025-01-03 09:50:33,946 [__main__] [INFO] :: Intent ID: 43
2025-01-03 09:50:33,989 [__main__] [INFO] :: Response: 이벤트 관련 문의는 확인 후 다시 연락드리겠습니다.
2025-01-03 09:50:33,990 [__main__] [INFO] :: Processing Time: 0.0717 seconds
2025-01-03 09:50:33,990 [__main__] [INFO] :: ----------------------------------------------------------------------------------------------------
2025-01-03 09:50:42,445 [__main__] [INFO] :: Received message: 이벤트 정보 알려 줘
2025-01-03 09:50:42,470 [__main__] [INFO] :: Intent ID: 41
2025-01-03 09:50:42,517 [__main__] [INFO] :: Response: 현재 진행 중인 이벤트는 고추짜장 할인입니다. 스마트주문 앱에서 더 자세히 확인하세요.
2025-01-03 09:50:42,517 [__main__] [INFO] :: Processing Time: 0.0728 seconds
2025-01-03 09:50:42,518 [__main__] [INFO] :: ----------------------------------------------------------------------------------------------------
2025-01-03 09:50:59,630 [__main__] [INFO] :: Received message: 고추 짜장 할인이 뭐야
2025-01-03 09:50:59,655 [__main__] [INFO] :: Intent ID: 2
2025-01-03 09:50:59,705 [__main__] [INFO] :: Response: 자세한 메뉴 사진과 정보가 적혀있는 QR 주문링크를 전송해드렸어요. 스마트폰으로 편하게 확인해 보세요!
2025-01-03 09:50:59,705 [__main__] [INFO] :: Processing Time: 0.0750 seconds
2025-01-03 09:50:59,705 [__main__] [INFO] :: ----------------------------------------------------------------------------------------------------
2025-01-03 09:51:12,766 [__main__] [INFO] :: Received message: 고추짜장 할인 이벤트가 뭐야
2025-01-03 09:51:12,794 [__main__] [INFO] :: Intent ID: 1
2025-01-03 09:51:12,878 [__main__] [INFO] :: Response: 고추짜장의 가격은 8000원이에요. 더 자세한 내용은 문자로 발송된 메뉴판을 참고해주세요!
2025-01-03 09:51:12,878 [__main__] [INFO] :: Processing Time: 0.1126 seconds
2025-01-03 09:51:12,878 [__main__] [INFO] :: ----------------------------------------------------------------------------------------------------
2025-01-03 09:52:04,790 [__main__] [INFO] :: Received message: 예약 취소돼
2025-01-03 09:52:04,819 [__main__] [INFO] :: Intent ID: 44
2025-01-03 09:52:04,863 [__main__] [INFO] :: Response: 확인 후 다시 연락드리겠습니다.
2025-01-03 09:52:04,863 [__main__] [INFO] :: Processing Time: 0.0725 seconds
2025-01-03 09:52:04,863 [__main__] [INFO] :: ----------------------------------------------------------------------------------------------------
2025-01-03 09:52:15,256 [__main__] [INFO] :: Received message: 거기 놓기 전인가요
2025-01-03 09:52:15,285 [__main__] [INFO] :: Intent ID: 12
2025-01-03 09:52:15,332 [__main__] [INFO] :: Response: 주문하신 상품은 매장방문, 포장, 배달 방식으로 전달됩니다.
2025-01-03 09:52:15,333 [__main__] [INFO] :: Processing Time: 0.0772 seconds
2025-01-03 09:52:15,333 [__main__] [INFO] :: ----------------------------------------------------------------------------------------------------
2025-01-03 09:52:25,108 [__main__] [INFO] :: Received message: 거기도 캐치 중이야
2025-01-03 09:52:25,133 [__main__] [INFO] :: Intent ID: 47
2025-01-03 09:52:25,176 [__main__] [INFO] :: Response: 죄송합니다, 요청하신 정보를 바로 확인하기 어려워요.
2025-01-03 09:52:25,176 [__main__] [INFO] :: Processing Time: 0.0683 seconds
2025-01-03 09:52:25,176 [__main__] [INFO] :: ----------------------------------------------------------------------------------------------------
2025-01-03 09:52:33,546 [__main__] [INFO] :: Received message: 거기에도 개수 중이에요
2025-01-03 09:52:33,572 [__main__] [INFO] :: Intent ID: 33
2025-01-03 09:52:33,615 [__main__] [INFO] :: Response: 시설 관련 문의는 확인 후 다시 연락드리겠습니다.
2025-01-03 09:52:33,615 [__main__] [INFO] :: Processing Time: 0.0692 seconds
2025-01-03 09:52:33,615 [__main__] [INFO] :: ----------------------------------------------------------------------------------------------------
2025-01-03 09:52:42,460 [__main__] [INFO] :: Received message: 노키지 손이야
2025-01-03 09:52:42,485 [__main__] [INFO] :: Intent ID: 1
2025-01-03 09:52:42,567 [__main__] [INFO] :: Response: 해당 메뉴는 판매하고 있지 않습니다. 다른 메뉴를 선택해주세요.
2025-01-03 09:52:53,002 [__main__] [INFO] :: Received message: 거기도 키스존이야
2025-01-03 09:52:53,028 [__main__] [INFO] :: Intent ID: 44
2025-01-03 09:52:53,071 [__main__] [INFO] :: Response: 확인 후 다시 연락드리겠습니다.
2025-01-03 09:52:53,071 [__main__] [INFO] :: Processing Time: 0.0699 seconds
2025-01-03 09:52:53,071 [__main__] [INFO] :: ----------------------------------------------------------------------------------------------------
2025-01-03 09:53:01,021 [__main__] [INFO] :: Received message: 어린이 출입 가능한가요
2025-01-03 09:53:01,054 [__main__] [INFO] :: Intent ID: 44
2025-01-03 09:53:01,096 [__main__] [INFO] :: Response: 확인 후 다시 연락드리겠습니다.
2025-01-03 09:53:01,096 [__main__] [INFO] :: Processing Time: 0.0759 seconds
2025-01-03 09:53:01,096 [__main__] [INFO] :: ----------------------------------------------------------------------------------------------------
2025-01-03 09:53:09,470 [__main__] [INFO] :: Received message: 안녕
2025-01-03 09:53:09,497 [__main__] [INFO] :: Intent ID: 46
2025-01-03 09:53:09,546 [__main__] [INFO] :: Response: 안녕하세요! 홍콩반점입니다. 어떤 문의 도와드릴까요?
2025-01-03 09:53:09,547 [__main__] [INFO] :: Processing Time: 0.0772 seconds
2025-01-03 09:53:09,547 [__main__] [INFO] :: ----------------------------------------------------------------------------------------------------
2025-01-03 09:53:27,104 [__main__] [INFO] :: Received message: 고마워
2025-01-03 09:53:27,129 [__main__] [INFO] :: Intent ID: 45
2025-01-03 09:53:27,172 [__main__] [INFO] :: Response: 이용해 주셔서 감사합니다. 추가 문의가 있으면 언제든 연락주세요.
2025-01-03 09:53:27,172 [__main__] [INFO] :: Processing Time: 0.0688 seconds
2025-01-03 09:53:27,172 [__main__] [INFO] :: ----------------------------------------------------------------------------------------------------
2025-01-03 09:53:41,309 [__main__] [INFO] :: Received message: 너 누구야
2025-01-03 09:53:41,334 [__main__] [INFO] :: Intent ID: 47
2025-01-03 09:53:41,377 [__main__] [INFO] :: Response: 죄송합니다, 요청하신 정보를 바로 확인하기 어려워요.
2025-01-03 09:53:41,377 [__main__] [INFO] :: Processing Time: 0.0687 seconds
2025-01-03 09:53:41,377 [__main__] [INFO] :: ----------------------------------------------------------------------------------------------------
2025-01-03 09:54:56,998 [__main__] [INFO] :: Received message: 할인 이벤트에 대해서 좀 자세히 알려 줄래
2025-01-03 09:54:57,025 [__main__] [INFO] :: Intent ID: 43
2025-01-03 09:54:57,068 [__main__] [INFO] :: Response: 이벤트 관련 문의는 확인 후 다시 연락드리겠습니다.
2025-01-03 09:54:57,068 [__main__] [INFO] :: Processing Time: 0.0701 seconds
2025-01-03 09:54:57,068 [__main__] [INFO] :: ----------------------------------------------------------------------------------------------------
2025-01-03 09:55:05,238 [__main__] [INFO] :: Received message: 진행 중에 이벤트 뭐 있어
2025-01-03 09:55:05,262 [__main__] [INFO] :: Intent ID: 41
2025-01-03 09:55:05,310 [__main__] [INFO] :: Response: 현재 진행 중인 이벤트는 신메뉴 5% 할인입니다. 스마트주문 앱에서 더 자세히 확인하세요.
2025-01-03 09:55:05,310 [__main__] [INFO] :: Processing Time: 0.0725 seconds
2025-01-03 09:55:05,310 [__main__] [INFO] :: ----------------------------------------------------------------------------------------------------
2025-01-03 09:55:18,497 [__main__] [INFO] :: Received message: 신메뉴 페인트 할인 이벤트 좀 자세히 알려 줄래
2025-01-03 09:55:18,524 [__main__] [INFO] :: Intent ID: 43
2025-01-03 09:55:18,566 [__main__] [INFO] :: Response: 이벤트 관련 문의는 확인 후 다시 연락드리겠습니다.
2025-01-03 09:55:18,566 [__main__] [INFO] :: Processing Time: 0.0698 seconds
2025-01-03 09:55:18,566 [__main__] [INFO] :: ----------------------------------------------------------------------------------------------------
2025-01-03 09:55:30,475 [__main__] [INFO] :: Received message: 신병이 5% 할인 이벤트 알려 줘
2025-01-03 09:55:30,502 [__main__] [INFO] :: Intent ID: 43
2025-01-03 09:55:30,545 [__main__] [INFO] :: Response: 이벤트 관련 문의는 확인 후 다시 연락드리겠습니다.
2025-01-03 09:55:30,545 [__main__] [INFO] :: Processing Time: 0.0700 seconds
2025-01-03 09:55:30,545 [__main__] [INFO] :: ----------------------------------------------------------------------------------------------------
2025-01-03 09:55:39,454 [__main__] [INFO] :: Received message: 이벤트 좀 알려 줄래
2025-01-03 09:55:39,480 [__main__] [INFO] :: Intent ID: 41
2025-01-03 09:55:39,527 [__main__] [INFO] :: Response: 현재 진행 중인 이벤트는 고추짜장 할인입니다. 스마트주문 앱에서 더 자세히 확인하세요.
2025-01-03 09:55:39,527 [__main__] [INFO] :: Processing Time: 0.0733 seconds
2025-01-03 09:55:39,527 [__main__] [INFO] :: ----------------------------------------------------------------------------------------------------
2025-01-03 09:56:18,699 [__main__] [INFO] :: Received message: 이벤트는 뭐야
2025-01-03 09:56:18,725 [__main__] [INFO] :: Intent ID: 42
2025-01-03 09:56:18,768 [__main__] [INFO] :: Response: 현재 진행 중인 이벤트에 대한 자세한 정보는 스마트 주문 앱에서 확인할 수 있습니다. 앱 설치 링크를 전송해드렸으니 참고해주세요.
2025-01-03 09:56:18,769 [__main__] [INFO] :: Processing Time: 0.0702 seconds
2025-01-03 09:56:18,769 [__main__] [INFO] :: ----------------------------------------------------------------------------------------------------
