2025-01-03 09:23:08,811 [__main__] [INFO] :: *** 09h-23m-08s START ***
2025-01-03 09:23:08,811 [__main__] [INFO] :: *** PID: 3589226 ***
2025-01-03 09:23:35,350 [__main__] [INFO] :: Received message: 한정민이 뭐 있어
2025-01-03 09:23:35,381 [__main__] [INFO] :: Intent ID: 40
2025-01-03 09:23:35,503 [__main__] [INFO] :: Response: 멤버십, 포인트 및 쿠폰 관련 문의는 확인 후 다시 안내드리겠습니다.
2025-01-03 09:23:35,503 [__main__] [INFO] :: Processing Time: 0.1531 seconds
2025-01-03 09:23:35,503 [__main__] [INFO] :: ----------------------------------------------------------------------------------------------------
2025-01-03 09:23:45,928 [__main__] [INFO] :: Received message: 한정 메뉴 뭐 있어
2025-01-03 09:23:45,953 [__main__] [INFO] :: Intent ID: 9
2025-01-03 09:23:46,003 [__main__] [INFO] :: Response: 저희 매장에서 15주년행사 짜장면 메뉴는 한정 판매 중인 메뉴입니다.
2025-01-03 09:23:46,003 [__main__] [INFO] :: Processing Time: 0.0750 seconds
2025-01-03 09:23:46,003 [__main__] [INFO] :: ----------------------------------------------------------------------------------------------------
2025-01-03 09:24:46,670 [__main__] [INFO] :: Received message: 매운 메뉴 뭐 있어
2025-01-03 09:24:46,695 [__main__] [INFO] :: Intent ID: 10
2025-01-03 09:24:46,743 [__main__] [INFO] :: Response: 매운맛을 좋아하신다면 탕짬면 메뉴를 추천드려요!
2025-01-03 09:24:46,743 [__main__] [INFO] :: Processing Time: 0.0729 seconds
2025-01-03 09:24:46,743 [__main__] [INFO] :: ----------------------------------------------------------------------------------------------------
2025-01-03 09:24:59,159 [__main__] [INFO] :: Received message: 매장에서는 어떻게 주문해
2025-01-03 09:24:59,184 [__main__] [INFO] :: Intent ID: 11
2025-01-03 09:24:59,232 [__main__] [INFO] :: Response: 매장에서 포스, 키오스크, 테이블오더를 통해 주문하실 수 있습니다.
2025-01-03 09:24:59,232 [__main__] [INFO] :: Processing Time: 0.0734 seconds
2025-01-03 09:24:59,232 [__main__] [INFO] :: ----------------------------------------------------------------------------------------------------
2025-01-03 09:25:09,613 [__main__] [INFO] :: Received message: 픽업 돼
2025-01-03 09:25:09,638 [__main__] [INFO] :: Intent ID: 12
2025-01-03 09:25:09,685 [__main__] [INFO] :: Response: 주문하신 상품은 매장방문, 포장, 배달 방식으로 전달됩니다.
2025-01-03 09:25:09,685 [__main__] [INFO] :: Processing Time: 0.0731 seconds
2025-01-03 09:25:09,685 [__main__] [INFO] :: ----------------------------------------------------------------------------------------------------
2025-01-03 09:25:19,904 [__main__] [INFO] :: Received message: 곧 갈 건데 픽업 가능해
2025-01-03 09:25:19,931 [__main__] [INFO] :: Intent ID: 22
2025-01-03 09:25:19,979 [__main__] [INFO] :: Response: 반경 1.5키로미터 이내 지역에서 배달이 가능합니다.
2025-01-03 09:25:19,979 [__main__] [INFO] :: Processing Time: 0.0745 seconds
2025-01-03 09:25:19,979 [__main__] [INFO] :: ----------------------------------------------------------------------------------------------------
2025-01-03 09:25:33,482 [__main__] [INFO] :: Received message: 이따 갈 건데 픽업 돼
2025-01-03 09:25:33,507 [__main__] [INFO] :: Intent ID: 22
2025-01-03 09:25:33,555 [__main__] [INFO] :: Response: 반경 1.5키로미터 이내 지역에서 배달이 가능합니다.
2025-01-03 09:25:33,555 [__main__] [INFO] :: Processing Time: 0.0729 seconds
2025-01-03 09:25:33,555 [__main__] [INFO] :: ----------------------------------------------------------------------------------------------------
2025-01-03 09:25:50,272 [__main__] [INFO] :: Received message: 포장돼
2025-01-03 09:25:50,301 [__main__] [INFO] :: Intent ID: 12
2025-01-03 09:25:50,349 [__main__] [INFO] :: Response: 주문하신 상품은 매장방문, 포장, 배달 방식으로 전달됩니다.
2025-01-03 09:25:50,349 [__main__] [INFO] :: Processing Time: 0.0779 seconds
2025-01-03 09:25:50,349 [__main__] [INFO] :: ----------------------------------------------------------------------------------------------------
2025-01-03 09:27:14,121 [__main__] [INFO] :: Received message: 결제 수단 어떤 거 쓸 수 있어
2025-01-03 09:27:14,147 [__main__] [INFO] :: Intent ID: 13
2025-01-03 09:27:14,195 [__main__] [INFO] :: Response: 저희 매장은 신용카드, 현금, 모바일상품권, 간편결제 방식으로 결제가 가능하며, 간편 결제로는 네이버페이를 지원합니다.
2025-01-03 09:27:14,195 [__main__] [INFO] :: Processing Time: 0.0739 seconds
2025-01-03 09:27:14,195 [__main__] [INFO] :: ----------------------------------------------------------------------------------------------------
2025-01-03 09:27:31,122 [__main__] [INFO] :: Received message: 네이버 페이 가능해
2025-01-03 09:27:31,146 [__main__] [INFO] :: Intent ID: 14
2025-01-03 09:27:31,225 [__main__] [INFO] :: Response: 저희 매장에서는 네이버페이 결제 방식으로 계산이 가능합니다.
2025-01-03 09:27:31,225 [__main__] [INFO] :: Processing Time: 0.1036 seconds
2025-01-03 09:27:31,225 [__main__] [INFO] :: ----------------------------------------------------------------------------------------------------
2025-01-03 09:27:40,116 [__main__] [INFO] :: Received message: 카카오페이 결정하게
2025-01-03 09:27:40,142 [__main__] [INFO] :: Intent ID: 14
2025-01-03 09:27:40,223 [__main__] [INFO] :: Response: 저희 매장에서는 카카오페이 결제 방식으로 계산이 가능합니다.
2025-01-03 09:27:40,223 [__main__] [INFO] :: Processing Time: 0.1077 seconds
2025-01-03 09:27:40,223 [__main__] [INFO] :: ----------------------------------------------------------------------------------------------------
