2025-01-03 10:04:11,684 [__main__] [INFO] :: *** 10h-04m-11s START ***
2025-01-03 10:04:11,684 [__main__] [INFO] :: *** PID: 3604243 ***
2025-01-03 10:04:35,617 [__main__] [INFO] :: Received message: 네이버페이 결제 돼
2025-01-03 10:04:35,649 [__main__] [INFO] :: Intent ID: 14
2025-01-03 10:04:35,804 [__main__] [INFO] :: Response: 저희 매장에서는 네이버페이 결제 방식으로 계산이 가능합니다.
2025-01-03 10:04:35,804 [__main__] [INFO] :: Processing Time: 0.1872 seconds
2025-01-03 10:04:35,804 [__main__] [INFO] :: ----------------------------------------------------------------------------------------------------
2025-01-03 10:04:44,414 [__main__] [INFO] :: Received message: 카카오페이 결제
2025-01-03 10:04:44,438 [__main__] [INFO] :: Intent ID: 14
2025-01-03 10:04:44,509 [__main__] [INFO] :: Response: 저희 매장에서는 카카오페이 결제 방식으로 계산이 불가능합니다.
2025-01-03 10:04:44,509 [__main__] [INFO] :: Processing Time: 0.0953 seconds
2025-01-03 10:04:44,509 [__main__] [INFO] :: ----------------------------------------------------------------------------------------------------
2025-01-03 10:04:53,477 [__main__] [INFO] :: Received message: 카카오페이 결제 돼
2025-01-03 10:04:53,502 [__main__] [INFO] :: Intent ID: 14
2025-01-03 10:04:53,583 [__main__] [INFO] :: Response: 저희 매장에서는 카카오페이 결제 방식으로 계산이 불가능합니다.
2025-01-03 10:04:53,583 [__main__] [INFO] :: Processing Time: 0.1059 seconds
2025-01-03 10:04:53,583 [__main__] [INFO] :: ----------------------------------------------------------------------------------------------------
2025-01-03 10:05:01,920 [__main__] [INFO] :: Received message: 카카오
2025-01-03 10:05:01,941 [__main__] [INFO] :: Intent ID: 14
2025-01-03 10:05:02,020 [__main__] [INFO] :: Response: 저희 매장에서는 카카오 결제 방식으로 계산이 불가능합니다.
2025-01-03 10:05:02,020 [__main__] [INFO] :: Processing Time: 0.1007 seconds
2025-01-03 10:05:02,020 [__main__] [INFO] :: ----------------------------------------------------------------------------------------------------
2025-01-03 10:05:12,042 [__main__] [INFO] :: Received message: 카카오페이 결제돼
2025-01-03 10:05:12,069 [__main__] [INFO] :: Intent ID: 14
2025-01-03 10:05:12,148 [__main__] [INFO] :: Response: 저희 매장에서는 카카오페이 결제 방식으로 계산이 불가능합니다.
2025-01-03 10:05:12,149 [__main__] [INFO] :: Processing Time: 0.1066 seconds
2025-01-03 10:05:12,149 [__main__] [INFO] :: ----------------------------------------------------------------------------------------------------
2025-01-03 10:05:21,534 [__main__] [INFO] :: Received message: 제로페이 결제돼
2025-01-03 10:05:21,562 [__main__] [INFO] :: Intent ID: 14
2025-01-03 10:05:21,640 [__main__] [INFO] :: Response: 저희 매장에서는 제로페이 결제 방식으로 계산이 불가능합니다.
2025-01-03 10:05:21,641 [__main__] [INFO] :: Processing Time: 0.1069 seconds
2025-01-03 10:05:21,641 [__main__] [INFO] :: ----------------------------------------------------------------------------------------------------
2025-01-03 10:05:30,318 [__main__] [INFO] :: Received message: 계좌 이체로 결제 가능해
2025-01-03 10:05:30,346 [__main__] [INFO] :: Intent ID: 14
2025-01-03 10:05:30,426 [__main__] [INFO] :: Response: 저희 매장에서는 계좌 결제 방식으로 계산이 불가능합니다.
2025-01-03 10:05:30,426 [__main__] [INFO] :: Processing Time: 0.1083 seconds
2025-01-03 10:05:30,426 [__main__] [INFO] :: ----------------------------------------------------------------------------------------------------
