2025-01-03 10:19:47,232 [__main__] [INFO] :: *** 10h-19m-47s START ***
2025-01-03 10:19:47,232 [__main__] [INFO] :: *** PID: 3614029 ***
2025-01-03 10:20:11,314 [__main__] [INFO] :: Received message: 카드 결제 가능해
2025-01-03 10:20:11,344 [__main__] [INFO] :: Intent ID: 14
2025-01-03 10:20:11,499 [__main__] [INFO] :: Response: 저희 매장에서는 신용카드 결제 방식으로 계산이 가능합니다.
2025-01-03 10:20:11,499 [__main__] [INFO] :: Processing Time: 0.1858 seconds
2025-01-03 10:20:11,499 [__main__] [INFO] :: ----------------------------------------------------------------------------------------------------
2025-01-03 10:20:20,018 [__main__] [INFO] :: Received message: 카카오페이 결제 돼
2025-01-03 10:20:20,044 [__main__] [INFO] :: Intent ID: 14
2025-01-03 10:20:20,123 [__main__] [INFO] :: Response: 저희 매장에서는 카카오페이 결제 방식으로 계산이 불가능합니다.
2025-01-03 10:20:20,123 [__main__] [INFO] :: Processing Time: 0.1058 seconds
2025-01-03 10:20:20,123 [__main__] [INFO] :: ----------------------------------------------------------------------------------------------------
2025-01-03 10:20:39,483 [__main__] [INFO] :: Received message: 반반 결제 가능해
2025-01-03 10:20:39,510 [__main__] [INFO] :: Intent ID: 2
2025-01-03 10:20:39,552 [__main__] [INFO] :: Response: 자세한 메뉴 사진과 정보가 적혀있는 QR 주문링크를 전송해드렸어요. 스마트폰으로 편하게 확인해 보세요!
2025-01-03 10:20:39,552 [__main__] [INFO] :: Processing Time: 0.0697 seconds
2025-01-03 10:20:39,552 [__main__] [INFO] :: ----------------------------------------------------------------------------------------------------
2025-01-03 10:20:53,203 [__main__] [INFO] :: Received message: 나눠서 결제 가능한가요
2025-01-03 10:20:53,228 [__main__] [INFO] :: Intent ID: 15
2025-01-03 10:20:53,271 [__main__] [INFO] :: Response: 결제 관련 문의는 확인 후 다시 연락드릴게요.
2025-01-03 10:20:53,271 [__main__] [INFO] :: Processing Time: 0.0688 seconds
2025-01-03 10:20:53,271 [__main__] [INFO] :: ----------------------------------------------------------------------------------------------------
2025-01-03 10:21:00,892 [__main__] [INFO] :: Received message: 반반 나눠서 결제돼
2025-01-03 10:21:00,919 [__main__] [INFO] :: Intent ID: 15
2025-01-03 10:21:00,960 [__main__] [INFO] :: Response: 결제 관련 문의는 확인 후 다시 연락드릴게요.
2025-01-03 10:21:00,960 [__main__] [INFO] :: Processing Time: 0.0682 seconds
2025-01-03 10:21:00,960 [__main__] [INFO] :: ----------------------------------------------------------------------------------------------------
2025-01-03 10:21:11,481 [__main__] [INFO] :: Received message: 영업시간 알려 줄래
2025-01-03 10:21:11,508 [__main__] [INFO] :: Intent ID: 16
2025-01-03 10:21:11,557 [__main__] [INFO] :: Response: 저희 매장은 11시부터 20시30분까지 영업합니다. 자세한 문의는 언제든 물어보세요.
2025-01-03 10:21:11,557 [__main__] [INFO] :: Processing Time: 0.0763 seconds
2025-01-03 10:21:11,557 [__main__] [INFO] :: ----------------------------------------------------------------------------------------------------
2025-01-03 10:21:22,663 [__main__] [INFO] :: Received message: 브레이크 타임 언제야
2025-01-03 10:21:22,688 [__main__] [INFO] :: Intent ID: 17
2025-01-03 10:21:22,736 [__main__] [INFO] :: Response: 저희 매장은 14시부터 16시30분까지 브레이크 타임입니다.
2025-01-03 10:21:22,736 [__main__] [INFO] :: Processing Time: 0.0732 seconds
2025-01-03 10:21:22,736 [__main__] [INFO] :: ----------------------------------------------------------------------------------------------------
2025-01-03 10:21:30,997 [__main__] [INFO] :: Received message: 매장 언제 쉬어
2025-01-03 10:21:31,021 [__main__] [INFO] :: Intent ID: 18
2025-01-03 10:21:31,068 [__main__] [INFO] :: Response: 저희 매장의 휴무일은 매주 화요일이며, 영업일은 매주 수요일부터 월요일입니다.
2025-01-03 10:21:31,068 [__main__] [INFO] :: Processing Time: 0.0710 seconds
2025-01-03 10:21:31,068 [__main__] [INFO] :: ----------------------------------------------------------------------------------------------------
2025-01-03 10:21:50,350 [__main__] [INFO] :: Received message: 월요일이 영업해
2025-01-03 10:21:50,375 [__main__] [INFO] :: Intent ID: 21
2025-01-03 10:21:50,461 [__main__] [INFO] :: Response: 저희 매장은 월요일에 영업 합니다. 11시부터 20시 30분까지 방문하실 수 있어요.
2025-01-03 10:21:50,461 [__main__] [INFO] :: Processing Time: 0.1109 seconds
2025-01-03 10:21:50,461 [__main__] [INFO] :: ----------------------------------------------------------------------------------------------------
2025-01-03 10:22:00,413 [__main__] [INFO] :: Received message: 서울에 영업해
2025-01-03 10:22:00,437 [__main__] [INFO] :: Intent ID: 27
2025-01-03 10:22:00,484 [__main__] [INFO] :: Response: 저희 매장 주소는 경기 구리시 검배로6번길 27입니다. 참고하시라고 지도 링크를 보내드릴게요.
2025-01-03 10:22:00,484 [__main__] [INFO] :: Processing Time: 0.0716 seconds
2025-01-03 10:22:00,484 [__main__] [INFO] :: ----------------------------------------------------------------------------------------------------
2025-01-03 10:22:12,317 [__main__] [INFO] :: Received message: 화요일에 영업해
2025-01-03 10:22:12,338 [__main__] [INFO] :: Intent ID: 21
2025-01-03 10:22:12,418 [__main__] [INFO] :: Response: 저희 매장은 화요일에 영업 안합니다. 월요일 또는 수요일에서 일요일 11시부터 20시 30분까지 방문하실 수 있어요.
2025-01-03 10:22:12,418 [__main__] [INFO] :: Processing Time: 0.1014 seconds
2025-01-03 10:22:12,418 [__main__] [INFO] :: ----------------------------------------------------------------------------------------------------
2025-01-03 10:22:28,482 [__main__] [INFO] :: Received message: 수요일에 영업해
2025-01-03 10:22:28,507 [__main__] [INFO] :: Intent ID: 21
2025-01-03 10:22:28,586 [__main__] [INFO] :: Response: 저희 매장은 수요일에 영업 합니다. 11시부터 20시 30분까지 방문하실 수 있어요.
2025-01-03 10:22:28,586 [__main__] [INFO] :: Processing Time: 0.1042 seconds
2025-01-03 10:22:28,586 [__main__] [INFO] :: ----------------------------------------------------------------------------------------------------
2025-01-03 10:22:39,208 [__main__] [INFO] :: Received message: 목요일엔 영업해
2025-01-03 10:22:39,233 [__main__] [INFO] :: Intent ID: 21
2025-01-03 10:22:39,312 [__main__] [INFO] :: Response: 저희 매장은 목요일에 영업 합니다. 11시부터 20시 30분까지 방문하실 수 있어요.
2025-01-03 10:22:39,312 [__main__] [INFO] :: Processing Time: 0.1039 seconds
2025-01-03 10:22:39,312 [__main__] [INFO] :: ----------------------------------------------------------------------------------------------------
2025-01-03 10:22:53,619 [__main__] [INFO] :: Received message: 일요일 일요일에는 영업해
2025-01-03 10:22:53,647 [__main__] [INFO] :: Intent ID: 21
2025-01-03 10:22:53,726 [__main__] [INFO] :: Response: 저희 매장은 일요일에 영업 합니다. 11시부터 20시 30분까지 방문하실 수 있어요.
2025-01-03 10:22:53,727 [__main__] [INFO] :: Processing Time: 0.1077 seconds
2025-01-03 10:22:53,727 [__main__] [INFO] :: ----------------------------------------------------------------------------------------------------
2025-01-03 10:23:11,723 [__main__] [INFO] :: Received message: 주말에 옆에
2025-01-03 10:23:11,750 [__main__] [INFO] :: Intent ID: 29
2025-01-03 10:23:11,793 [__main__] [INFO] :: Response: 더 정확한 안내를 위해 지도 링크를 전송해드렸습니다.
2025-01-03 10:23:11,793 [__main__] [INFO] :: Processing Time: 0.0707 seconds
2025-01-03 10:23:11,793 [__main__] [INFO] :: ----------------------------------------------------------------------------------------------------
2025-01-03 10:23:20,159 [__main__] [INFO] :: Received message: 휴무일 언제야
2025-01-03 10:23:20,184 [__main__] [INFO] :: Intent ID: 18
2025-01-03 10:23:20,232 [__main__] [INFO] :: Response: 저희 매장의 휴무일은 매주 화요일이며, 영업일은 매주 수요일부터 월요일입니다.
2025-01-03 10:23:20,232 [__main__] [INFO] :: Processing Time: 0.0732 seconds
2025-01-03 10:23:20,232 [__main__] [INFO] :: ----------------------------------------------------------------------------------------------------
2025-01-03 10:23:32,468 [__main__] [INFO] :: Received message: 주말에 영업해
2025-01-03 10:23:32,494 [__main__] [INFO] :: Intent ID: 19
2025-01-03 10:23:32,542 [__main__] [INFO] :: Response: 네, 운영합니다. 영업 시간은 11시부터 20시30분까지입니다.
2025-01-03 10:23:32,542 [__main__] [INFO] :: Processing Time: 0.0741 seconds
2025-01-03 10:23:32,542 [__main__] [INFO] :: ----------------------------------------------------------------------------------------------------
2025-01-03 10:23:45,023 [__main__] [INFO] :: Received message: 크리스마스 영업해
2025-01-03 10:23:45,048 [__main__] [INFO] :: Intent ID: 19
2025-01-03 10:23:45,096 [__main__] [INFO] :: Response: 네, 운영합니다. 영업 시간은 11시부터 20시30분까지입니다.
2025-01-03 10:23:45,096 [__main__] [INFO] :: Processing Time: 0.0731 seconds
2025-01-03 10:23:45,096 [__main__] [INFO] :: ----------------------------------------------------------------------------------------------------
2025-01-03 10:23:56,032 [__main__] [INFO] :: Received message: 영업시간 변경은 실시간으로 확인할 수 있어
2025-01-03 10:23:56,059 [__main__] [INFO] :: Intent ID: 20
2025-01-03 10:23:56,104 [__main__] [INFO] :: Response: 영업시간에 대한 자세한 문의는 확인 후 다시 연락드리겠습니다.
2025-01-03 10:23:56,104 [__main__] [INFO] :: Processing Time: 0.0715 seconds
2025-01-03 10:23:56,104 [__main__] [INFO] :: ----------------------------------------------------------------------------------------------------
2025-01-03 10:24:07,633 [__main__] [INFO] :: Received message: 서울 배달 가능해
2025-01-03 10:24:07,659 [__main__] [INFO] :: Intent ID: 22
2025-01-03 10:24:07,707 [__main__] [INFO] :: Response: 반경 1.5키로미터 이내 지역에서 배달이 가능합니다.
2025-01-03 10:24:07,707 [__main__] [INFO] :: Processing Time: 0.0743 seconds
2025-01-03 10:24:07,707 [__main__] [INFO] :: ----------------------------------------------------------------------------------------------------
2025-01-03 10:24:17,103 [__main__] [INFO] :: Received message: 배달비 얼마야
2025-01-03 10:24:17,128 [__main__] [INFO] :: Intent ID: 23
2025-01-03 10:24:17,184 [__main__] [INFO] :: Response: 저희 매장의 배달비는 최소 1500원이며, 최소 주문 금액은 9900원입니다.
2025-01-03 10:24:17,184 [__main__] [INFO] :: Processing Time: 0.0820 seconds
2025-01-03 10:24:17,184 [__main__] [INFO] :: ----------------------------------------------------------------------------------------------------
2025-01-03 10:24:26,833 [__main__] [INFO] :: Received message: 최소 주문 금액은 얼마야
2025-01-03 10:24:26,858 [__main__] [INFO] :: Intent ID: 23
2025-01-03 10:24:26,906 [__main__] [INFO] :: Response: 저희 매장의 배달비는 최소 1500원이며, 최소 주문 금액은 9900원입니다.
2025-01-03 10:24:26,906 [__main__] [INFO] :: Processing Time: 0.0732 seconds
2025-01-03 10:24:26,906 [__main__] [INFO] :: ----------------------------------------------------------------------------------------------------
2025-01-03 10:24:40,013 [__main__] [INFO] :: Received message: 배달 중간에 취소 가능해
2025-01-03 10:24:40,039 [__main__] [INFO] :: Intent ID: 44
2025-01-03 10:24:40,082 [__main__] [INFO] :: Response: 확인 후 다시 연락드리겠습니다.
2025-01-03 10:24:40,082 [__main__] [INFO] :: Processing Time: 0.0693 seconds
2025-01-03 10:24:40,082 [__main__] [INFO] :: ----------------------------------------------------------------------------------------------------
2025-01-03 10:25:26,189 [__main__] [INFO] :: Received message: 10분 내로 배달 돼
2025-01-03 10:25:26,214 [__main__] [INFO] :: Intent ID: 12
2025-01-03 10:25:26,262 [__main__] [INFO] :: Response: 주문하신 상품은 매장방문, 포장, 배달 방식으로 전달됩니다.
2025-01-03 10:25:26,262 [__main__] [INFO] :: Processing Time: 0.0732 seconds
2025-01-03 10:25:26,262 [__main__] [INFO] :: ----------------------------------------------------------------------------------------------------
2025-01-03 10:25:49,048 [__main__] [INFO] :: Received message: 두 곳으로 나눠서 배달 가능해
2025-01-03 10:25:49,074 [__main__] [INFO] :: Intent ID: 24
2025-01-03 10:25:49,117 [__main__] [INFO] :: Response: 배달 관련 문의는 확인 후 다시 연락드리겠습니다.
2025-01-03 10:25:49,117 [__main__] [INFO] :: Processing Time: 0.0693 seconds
2025-01-03 10:25:49,117 [__main__] [INFO] :: ----------------------------------------------------------------------------------------------------
2025-01-03 10:26:01,061 [__main__] [INFO] :: Received message: 녀석인가요
2025-01-03 10:26:01,085 [__main__] [INFO] :: Intent ID: 47
2025-01-03 10:26:01,128 [__main__] [INFO] :: Response: 죄송합니다, 요청하신 정보를 바로 확인하기 어려워요.
2025-01-03 10:26:01,128 [__main__] [INFO] :: Processing Time: 0.0681 seconds
2025-01-03 10:26:01,129 [__main__] [INFO] :: ----------------------------------------------------------------------------------------------------
2025-01-03 10:26:09,457 [__main__] [INFO] :: Received message: 지금 만석인가요
2025-01-03 10:26:09,486 [__main__] [INFO] :: Intent ID: 25
2025-01-03 10:26:09,534 [__main__] [INFO] :: Response: 현재 4개의 테이블이 비어 있어요. 바로 이용하실 수 있습니다.
2025-01-03 10:26:09,534 [__main__] [INFO] :: Processing Time: 0.0767 seconds
2025-01-03 10:26:09,534 [__main__] [INFO] :: ----------------------------------------------------------------------------------------------------
2025-01-03 10:26:17,547 [__main__] [INFO] :: Received message: 자리 있나요
2025-01-03 10:26:17,572 [__main__] [INFO] :: Intent ID: 25
2025-01-03 10:26:17,620 [__main__] [INFO] :: Response: 현재 4개의 테이블이 비어 있어요. 바로 이용하실 수 있습니다.
2025-01-03 10:26:17,620 [__main__] [INFO] :: Processing Time: 0.0732 seconds
2025-01-03 10:26:17,620 [__main__] [INFO] :: ----------------------------------------------------------------------------------------------------
2025-01-03 10:26:26,825 [__main__] [INFO] :: Received message: 테이블 제한 시간 있어
2025-01-03 10:26:26,851 [__main__] [INFO] :: Intent ID: 26
2025-01-03 10:26:26,895 [__main__] [INFO] :: Response: 테이블 이용에 대한 문의는 확인 후 다시 연락드리겠습니다.
2025-01-03 10:26:26,895 [__main__] [INFO] :: Processing Time: 0.0701 seconds
2025-01-03 10:26:26,895 [__main__] [INFO] :: ----------------------------------------------------------------------------------------------------
2025-01-03 10:26:36,083 [__main__] [INFO] :: Received message: 혼자 단체에서 앉을 수 있어
2025-01-03 10:26:36,109 [__main__] [INFO] :: Intent ID: 31
2025-01-03 10:26:36,157 [__main__] [INFO] :: Response: 저희 매장에는 단체석 및 예약석이 있습니다. 예약을 원하시면 매장으로 연락 부탁드립니다.
2025-01-03 10:26:36,158 [__main__] [INFO] :: Processing Time: 0.0743 seconds
2025-01-03 10:26:36,158 [__main__] [INFO] :: ----------------------------------------------------------------------------------------------------
2025-01-03 10:26:47,458 [__main__] [INFO] :: Received message: 혼자서 단체석은 앉을 수 있을까
2025-01-03 10:26:47,483 [__main__] [INFO] :: Intent ID: 31
2025-01-03 10:26:47,696 [__main__] [INFO] :: Response: 저희 매장에는 단체석 및 예약석이 있습니다. 예약을 원하시면 매장으로 연락 부탁드립니다.
2025-01-03 10:26:47,696 [__main__] [INFO] :: Processing Time: 0.2385 seconds
2025-01-03 10:26:47,696 [__main__] [INFO] :: ----------------------------------------------------------------------------------------------------
2025-01-03 10:27:01,228 [__main__] [INFO] :: Received message: 홀은 어느 정도 규모야
2025-01-03 10:27:01,253 [__main__] [INFO] :: Intent ID: 33
2025-01-03 10:27:01,295 [__main__] [INFO] :: Response: 시설 관련 문의는 확인 후 다시 연락드리겠습니다.
2025-01-03 10:27:01,295 [__main__] [INFO] :: Processing Time: 0.0672 seconds
2025-01-03 10:27:01,295 [__main__] [INFO] :: ----------------------------------------------------------------------------------------------------
2025-01-03 10:27:08,947 [__main__] [INFO] :: Received message: 폴은 어느 정도 크기야
2025-01-03 10:27:08,974 [__main__] [INFO] :: Intent ID: 33
2025-01-03 10:27:09,017 [__main__] [INFO] :: Response: 시설 관련 문의는 확인 후 다시 연락드리겠습니다.
2025-01-03 10:27:09,017 [__main__] [INFO] :: Processing Time: 0.0697 seconds
2025-01-03 10:27:09,017 [__main__] [INFO] :: ----------------------------------------------------------------------------------------------------
2025-01-03 10:27:17,277 [__main__] [INFO] :: Received message: 매장 주소 알려 줘
2025-01-03 10:27:17,304 [__main__] [INFO] :: Intent ID: 27
2025-01-03 10:27:17,351 [__main__] [INFO] :: Response: 저희 매장 주소는 경기 구리시 검배로6번길 27입니다. 참고하시라고 지도 링크를 보내드릴게요.
2025-01-03 10:27:17,351 [__main__] [INFO] :: Processing Time: 0.0741 seconds
2025-01-03 10:27:17,351 [__main__] [INFO] :: ----------------------------------------------------------------------------------------------------
2025-01-03 10:27:29,993 [__main__] [INFO] :: Received message: 주변에 어떤 시절들이 있어
2025-01-03 10:27:30,019 [__main__] [INFO] :: Intent ID: 29
2025-01-03 10:27:30,062 [__main__] [INFO] :: Response: 더 정확한 안내를 위해 지도 링크를 전송해드렸습니다.
2025-01-03 10:27:30,062 [__main__] [INFO] :: Processing Time: 0.0693 seconds
2025-01-03 10:27:30,062 [__main__] [INFO] :: ----------------------------------------------------------------------------------------------------
2025-01-03 10:27:39,268 [__main__] [INFO] :: Received message: 주변 지하철역 알려 줄래
2025-01-03 10:27:39,292 [__main__] [INFO] :: Intent ID: 28
2025-01-03 10:27:39,334 [__main__] [INFO] :: Response: 더 정확히 안내드리기 위해 지도 링크를 보내드렸습니다.
2025-01-03 10:27:39,334 [__main__] [INFO] :: Processing Time: 0.0664 seconds
2025-01-03 10:27:39,334 [__main__] [INFO] :: ----------------------------------------------------------------------------------------------------
2025-01-03 10:27:47,302 [__main__] [INFO] :: Received message: 면까지 앉을 수 있어
2025-01-03 10:27:47,327 [__main__] [INFO] :: Intent ID: 2
2025-01-03 10:27:47,370 [__main__] [INFO] :: Response: 자세한 메뉴 사진과 정보가 적혀있는 QR 주문링크를 전송해드렸어요. 스마트폰으로 편하게 확인해 보세요!
2025-01-03 10:27:47,370 [__main__] [INFO] :: Processing Time: 0.0685 seconds
2025-01-03 10:27:47,370 [__main__] [INFO] :: ----------------------------------------------------------------------------------------------------
2025-01-03 10:28:00,072 [__main__] [INFO] :: Received message: 몇 명까지 안 될 수 있어
2025-01-03 10:28:00,098 [__main__] [INFO] :: Intent ID: 30
2025-01-03 10:28:00,147 [__main__] [INFO] :: Response: 저희 매장은 총 9개의 테이블이 있으며, 최대 36명까지 수용 가능합니다.
2025-01-03 10:28:00,147 [__main__] [INFO] :: Processing Time: 0.0750 seconds
2025-01-03 10:28:00,147 [__main__] [INFO] :: ----------------------------------------------------------------------------------------------------
2025-01-03 10:28:10,147 [__main__] [INFO] :: Received message: 몇 명까지 수영 가능해
2025-01-03 10:28:10,173 [__main__] [INFO] :: Intent ID: 44
2025-01-03 10:28:10,216 [__main__] [INFO] :: Response: 확인 후 다시 연락드리겠습니다.
2025-01-03 10:28:10,216 [__main__] [INFO] :: Processing Time: 0.0686 seconds
2025-01-03 10:28:10,216 [__main__] [INFO] :: ----------------------------------------------------------------------------------------------------
2025-01-03 10:28:19,505 [__main__] [INFO] :: Received message: 시공 가능한 인원이 몇 명이야
2025-01-03 10:28:19,531 [__main__] [INFO] :: Intent ID: 30
2025-01-03 10:28:19,579 [__main__] [INFO] :: Response: 저희 매장은 총 9개의 테이블이 있으며, 최대 36명까지 수용 가능합니다.
2025-01-03 10:28:19,579 [__main__] [INFO] :: Processing Time: 0.0746 seconds
2025-01-03 10:28:19,579 [__main__] [INFO] :: ----------------------------------------------------------------------------------------------------
2025-01-03 10:28:32,073 [__main__] [INFO] :: Received message: 집들 좌석이 있을까
2025-01-03 10:28:32,099 [__main__] [INFO] :: Intent ID: 30
2025-01-03 10:28:32,148 [__main__] [INFO] :: Response: 저희 매장은 총 9개의 테이블이 있으며, 최대 36명까지 수용 가능합니다.
2025-01-03 10:28:32,149 [__main__] [INFO] :: Processing Time: 0.0759 seconds
2025-01-03 10:28:32,149 [__main__] [INFO] :: ----------------------------------------------------------------------------------------------------
2025-01-03 10:28:42,668 [__main__] [INFO] :: Received message: 특별 좌석이 있을까
2025-01-03 10:28:42,694 [__main__] [INFO] :: Intent ID: 31
2025-01-03 10:28:42,742 [__main__] [INFO] :: Response: 저희 매장에는 단체석 및 예약석이 있습니다. 예약을 원하시면 매장으로 연락 부탁드립니다.
2025-01-03 10:28:42,742 [__main__] [INFO] :: Processing Time: 0.0741 seconds
2025-01-03 10:28:42,742 [__main__] [INFO] :: ----------------------------------------------------------------------------------------------------
2025-01-03 10:28:54,959 [__main__] [INFO] :: Received message: 프라이빗 룸이 있어
2025-01-03 10:28:54,987 [__main__] [INFO] :: Intent ID: 32
2025-01-03 10:28:55,034 [__main__] [INFO] :: Response: 저희 매장에는 특별 좌석으로 룸 6개와 야외 좌석 3개가 준비되어 있습니다.
2025-01-03 10:28:55,035 [__main__] [INFO] :: Processing Time: 0.0753 seconds
2025-01-03 10:28:55,035 [__main__] [INFO] :: ----------------------------------------------------------------------------------------------------
2025-01-03 10:29:04,595 [__main__] [INFO] :: Received message: 야 왜 테라스 있나요
2025-01-03 10:29:04,620 [__main__] [INFO] :: Intent ID: 32
2025-01-03 10:29:04,667 [__main__] [INFO] :: Response: 저희 매장에는 특별 좌석으로 룸 6개와 야외 좌석 3개가 준비되어 있습니다.
2025-01-03 10:29:04,667 [__main__] [INFO] :: Processing Time: 0.0726 seconds
2025-01-03 10:29:04,667 [__main__] [INFO] :: ----------------------------------------------------------------------------------------------------
2025-01-03 10:29:17,000 [__main__] [INFO] :: Received message: 멤버십 가입 어떻게 해
2025-01-03 10:29:17,026 [__main__] [INFO] :: Intent ID: 34
2025-01-03 10:29:17,068 [__main__] [INFO] :: Response: 저희 매장은 멤버십 서비스를 제공하며, 포인트 적립 및 쿠폰 혜택을 위해 스마트 주문 앱 또는 키오스크를 통해 가입하실 수 있습니다.
2025-01-03 10:29:17,068 [__main__] [INFO] :: Processing Time: 0.0685 seconds
2025-01-03 10:29:17,068 [__main__] [INFO] :: ----------------------------------------------------------------------------------------------------
2025-01-03 10:29:32,234 [__main__] [INFO] :: Received message: 구매 금액 얼마나 적립돼
2025-01-03 10:29:32,259 [__main__] [INFO] :: Intent ID: 36
2025-01-03 10:29:32,306 [__main__] [INFO] :: Response: 구매 금액의 4%가 포인트로 적립됩니다.
2025-01-03 10:29:32,306 [__main__] [INFO] :: Processing Time: 0.0724 seconds
2025-01-03 10:29:32,306 [__main__] [INFO] :: ----------------------------------------------------------------------------------------------------
2025-01-03 10:29:39,832 [__main__] [INFO] :: Received message: 포인트 적립 비율 알려 줄래
2025-01-03 10:29:39,859 [__main__] [INFO] :: Intent ID: 36
2025-01-03 10:29:39,913 [__main__] [INFO] :: Response: 구매 금액의 4%가 포인트로 적립됩니다.
2025-01-03 10:29:39,913 [__main__] [INFO] :: Processing Time: 0.0817 seconds
2025-01-03 10:29:39,913 [__main__] [INFO] :: ----------------------------------------------------------------------------------------------------
2025-01-03 10:29:50,152 [__main__] [INFO] :: Received message: 포인트 몇 점부터 쓸 수 있어
2025-01-03 10:29:50,179 [__main__] [INFO] :: Intent ID: 37
2025-01-03 10:29:50,226 [__main__] [INFO] :: Response: 저희 매장에서는 1000점 이상의 포인트를 사용할 수 있습니다.
2025-01-03 10:29:50,226 [__main__] [INFO] :: Processing Time: 0.0742 seconds
2025-01-03 10:29:50,226 [__main__] [INFO] :: ----------------------------------------------------------------------------------------------------
2025-01-03 10:29:58,286 [__main__] [INFO] :: Received message: 포인트 좀 알려 줄래
2025-01-03 10:29:58,311 [__main__] [INFO] :: Intent ID: 40
2025-01-03 10:29:58,353 [__main__] [INFO] :: Response: 멤버십, 포인트 및 쿠폰 관련 문의는 확인 후 다시 안내드리겠습니다.
2025-01-03 10:29:58,353 [__main__] [INFO] :: Processing Time: 0.0672 seconds
2025-01-03 10:29:58,353 [__main__] [INFO] :: ----------------------------------------------------------------------------------------------------
2025-01-03 10:30:06,402 [__main__] [INFO] :: Received message: 뭐야
2025-01-03 10:30:06,427 [__main__] [INFO] :: Intent ID: 47
2025-01-03 10:30:06,470 [__main__] [INFO] :: Response: 죄송합니다, 요청하신 정보를 바로 확인하기 어려워요.
2025-01-03 10:30:06,470 [__main__] [INFO] :: Processing Time: 0.0677 seconds
2025-01-03 10:30:06,470 [__main__] [INFO] :: ----------------------------------------------------------------------------------------------------
2025-01-03 10:30:15,280 [__main__] [INFO] :: Received message: 포인트가 뭐야
2025-01-03 10:30:15,306 [__main__] [INFO] :: Intent ID: 40
2025-01-03 10:30:15,349 [__main__] [INFO] :: Response: 멤버십, 포인트 및 쿠폰 관련 문의는 확인 후 다시 안내드리겠습니다.
2025-01-03 10:30:15,349 [__main__] [INFO] :: Processing Time: 0.0692 seconds
2025-01-03 10:30:15,349 [__main__] [INFO] :: ----------------------------------------------------------------------------------------------------
2025-01-03 10:30:26,649 [__main__] [INFO] :: Received message: 짜장면 좀 빨리 줄리엣인가요
2025-01-03 10:30:26,675 [__main__] [INFO] :: Intent ID: 2
2025-01-03 10:30:26,718 [__main__] [INFO] :: Response: 자세한 메뉴 사진과 정보가 적혀있는 QR 주문링크를 전송해드렸어요. 스마트폰으로 편하게 확인해 보세요!
2025-01-03 10:30:26,719 [__main__] [INFO] :: Processing Time: 0.0694 seconds
2025-01-03 10:30:26,719 [__main__] [INFO] :: ----------------------------------------------------------------------------------------------------
2025-01-03 10:30:40,229 [__main__] [INFO] :: Received message: 짜장면이 맛있나요
2025-01-03 10:30:40,256 [__main__] [INFO] :: Intent ID: 2
2025-01-03 10:30:40,299 [__main__] [INFO] :: Response: 자세한 메뉴 사진과 정보가 적혀있는 QR 주문링크를 전송해드렸어요. 스마트폰으로 편하게 확인해 보세요!
2025-01-03 10:30:40,299 [__main__] [INFO] :: Processing Time: 0.0702 seconds
2025-01-03 10:30:40,299 [__main__] [INFO] :: ----------------------------------------------------------------------------------------------------
2025-01-03 10:31:17,735 [__main__] [INFO] :: Received message: 있을 수 있어
2025-01-03 10:31:17,761 [__main__] [INFO] :: Intent ID: 12
2025-01-03 10:31:17,809 [__main__] [INFO] :: Response: 주문하신 상품은 매장방문, 포장, 배달 방식으로 전달됩니다.
2025-01-03 10:31:17,809 [__main__] [INFO] :: Processing Time: 0.0736 seconds
2025-01-03 10:31:17,809 [__main__] [INFO] :: ----------------------------------------------------------------------------------------------------
2025-01-03 10:31:27,887 [__main__] [INFO] :: Received message: 쿠폰 어떻게 쓸 수 있어
2025-01-03 10:31:27,914 [__main__] [INFO] :: Intent ID: 39
2025-01-03 10:31:27,961 [__main__] [INFO] :: Response: 9000원 이상 구매 시 쿠폰을 사용할 수 있으며, 쿠폰은 현금처럼 사용 가능합니다.
2025-01-03 10:31:27,961 [__main__] [INFO] :: Processing Time: 0.0743 seconds
2025-01-03 10:31:27,961 [__main__] [INFO] :: ----------------------------------------------------------------------------------------------------
2025-01-03 10:31:42,627 [__main__] [INFO] :: Received message: 하는 방법 알려 줄래
2025-01-03 10:31:42,653 [__main__] [INFO] :: Intent ID: 11
2025-01-03 10:31:42,701 [__main__] [INFO] :: Response: 매장에서 포스, 키오스크, 테이블오더를 통해 주문하실 수 있습니다.
2025-01-03 10:31:42,701 [__main__] [INFO] :: Processing Time: 0.0737 seconds
2025-01-03 10:31:42,701 [__main__] [INFO] :: ----------------------------------------------------------------------------------------------------
2025-01-03 10:31:52,509 [__main__] [INFO] :: Received message: 쿠폰 발급 받는 방법 알려 줘
2025-01-03 10:31:52,536 [__main__] [INFO] :: Intent ID: 38
2025-01-03 10:31:52,584 [__main__] [INFO] :: Response: 스탬프 10개 적립 시 할인쿠폰을 발급받으실 수 있습니다.
2025-01-03 10:31:52,585 [__main__] [INFO] :: Processing Time: 0.0757 seconds
2025-01-03 10:31:52,585 [__main__] [INFO] :: ----------------------------------------------------------------------------------------------------
2025-01-03 10:32:01,831 [__main__] [INFO] :: Received message: 스탬프는 어떻게 받는데
2025-01-03 10:32:01,858 [__main__] [INFO] :: Intent ID: 38
2025-01-03 10:32:01,907 [__main__] [INFO] :: Response: 스탬프 10개 적립 시 할인쿠폰을 발급받으실 수 있습니다.
2025-01-03 10:32:01,907 [__main__] [INFO] :: Processing Time: 0.0761 seconds
2025-01-03 10:32:01,907 [__main__] [INFO] :: ----------------------------------------------------------------------------------------------------
2025-01-03 10:32:14,090 [__main__] [INFO] :: Received message: 멤버십이나 쿠폰 좀 더 알려 줄래
2025-01-03 10:32:14,116 [__main__] [INFO] :: Intent ID: 40
2025-01-03 10:32:14,159 [__main__] [INFO] :: Response: 멤버십, 포인트 및 쿠폰 관련 문의는 확인 후 다시 안내드리겠습니다.
2025-01-03 10:32:14,159 [__main__] [INFO] :: Processing Time: 0.0692 seconds
2025-01-03 10:32:14,159 [__main__] [INFO] :: ----------------------------------------------------------------------------------------------------
2025-01-03 10:32:24,166 [__main__] [INFO] :: Received message: 현재 진행 중인 이벤트 뭐 있어
2025-01-03 10:32:24,194 [__main__] [INFO] :: Intent ID: 41
2025-01-03 10:32:24,241 [__main__] [INFO] :: Response: 현재 진행 중인 이벤트는 고추짬뽕 할인입니다. 스마트주문 앱에서 더 자세히 확인하세요.
2025-01-03 10:32:24,241 [__main__] [INFO] :: Processing Time: 0.0755 seconds
2025-01-03 10:32:24,241 [__main__] [INFO] :: ----------------------------------------------------------------------------------------------------
2025-01-03 10:32:41,879 [__main__] [INFO] :: Received message: 고추짬뽕 할인 이벤트는 뭔데
2025-01-03 10:32:41,906 [__main__] [INFO] :: Intent ID: 42
2025-01-03 10:32:41,949 [__main__] [INFO] :: Response: 현재 진행 중인 이벤트에 대한 자세한 정보는 스마트 주문 앱에서 확인할 수 있습니다. 앱 설치 링크를 전송해드렸으니 참고해주세요.
2025-01-03 10:32:41,949 [__main__] [INFO] :: Processing Time: 0.0696 seconds
2025-01-03 10:32:41,949 [__main__] [INFO] :: ----------------------------------------------------------------------------------------------------
2025-01-03 10:32:56,176 [__main__] [INFO] :: Received message: 하린 이벤트가 뭐야
2025-01-03 10:32:56,202 [__main__] [INFO] :: Intent ID: 42
2025-01-03 10:32:56,245 [__main__] [INFO] :: Response: 현재 진행 중인 이벤트에 대한 자세한 정보는 스마트 주문 앱에서 확인할 수 있습니다. 앱 설치 링크를 전송해드렸으니 참고해주세요.
2025-01-03 10:32:56,245 [__main__] [INFO] :: Processing Time: 0.0690 seconds
2025-01-03 10:32:56,245 [__main__] [INFO] :: ----------------------------------------------------------------------------------------------------
2025-01-03 10:33:11,232 [__main__] [INFO] :: Received message: 할인 이벤트가 뭐야
2025-01-03 10:33:11,259 [__main__] [INFO] :: Intent ID: 42
2025-01-03 10:33:11,302 [__main__] [INFO] :: Response: 현재 진행 중인 이벤트에 대한 자세한 정보는 스마트 주문 앱에서 확인할 수 있습니다. 앱 설치 링크를 전송해드렸으니 참고해주세요.
2025-01-03 10:33:11,302 [__main__] [INFO] :: Processing Time: 0.0697 seconds
2025-01-03 10:33:11,302 [__main__] [INFO] :: ----------------------------------------------------------------------------------------------------
2025-01-03 10:33:25,935 [__main__] [INFO] :: Received message: 할인 이벤트 메뉴 있어
2025-01-03 10:33:25,961 [__main__] [INFO] :: Intent ID: 6
2025-01-03 10:33:26,010 [__main__] [INFO] :: Response: 현재 할인 중인 메뉴는 15주년행사 짜장면입니다.
2025-01-03 10:33:26,010 [__main__] [INFO] :: Processing Time: 0.0749 seconds
2025-01-03 10:33:26,010 [__main__] [INFO] :: ----------------------------------------------------------------------------------------------------
2025-01-03 10:33:39,367 [__main__] [INFO] :: Received message: 등록 후 취소 가능한가요
2025-01-03 10:33:39,391 [__main__] [INFO] :: Intent ID: 44
2025-01-03 10:33:39,434 [__main__] [INFO] :: Response: 확인 후 다시 연락드리겠습니다.
2025-01-03 10:33:39,434 [__main__] [INFO] :: Processing Time: 0.0674 seconds
2025-01-03 10:33:39,434 [__main__] [INFO] :: ----------------------------------------------------------------------------------------------------
2025-01-03 10:33:47,608 [__main__] [INFO] :: Received message: 이벤트 등록 후 취소 가능한가요
2025-01-03 10:33:47,635 [__main__] [INFO] :: Intent ID: 43
2025-01-03 10:33:47,677 [__main__] [INFO] :: Response: 이벤트 관련 문의는 확인 후 다시 연락드리겠습니다.
2025-01-03 10:33:47,677 [__main__] [INFO] :: Processing Time: 0.0694 seconds
2025-01-03 10:33:47,677 [__main__] [INFO] :: ----------------------------------------------------------------------------------------------------
2025-01-03 10:33:54,629 [__main__] [INFO] :: Received message: 안녕
2025-01-03 10:33:54,654 [__main__] [INFO] :: Intent ID: 46
2025-01-03 10:33:54,701 [__main__] [INFO] :: Response: 안녕하세요! 홍콩반점입니다. 어떤 문의를 도와드릴까요?
2025-01-03 10:33:54,701 [__main__] [INFO] :: Processing Time: 0.0721 seconds
2025-01-03 10:33:54,701 [__main__] [INFO] :: ----------------------------------------------------------------------------------------------------
2025-01-03 10:34:10,964 [__main__] [INFO] :: Received message: 고마워
2025-01-03 10:34:10,987 [__main__] [INFO] :: Intent ID: 45
2025-01-03 10:34:11,030 [__main__] [INFO] :: Response: 이용해 주셔서 감사합니다. 추가 문의가 있으면 언제든 연락주세요.
2025-01-03 10:34:11,030 [__main__] [INFO] :: Processing Time: 0.0665 seconds
2025-01-03 10:34:11,030 [__main__] [INFO] :: ----------------------------------------------------------------------------------------------------
2025-01-03 10:34:19,541 [__main__] [INFO] :: Received message: 감사합니다
2025-01-03 10:34:19,566 [__main__] [INFO] :: Intent ID: 45
2025-01-03 10:34:19,609 [__main__] [INFO] :: Response: 이용해 주셔서 감사합니다. 추가 문의가 있으면 언제든 연락주세요.
2025-01-03 10:34:19,609 [__main__] [INFO] :: Processing Time: 0.0676 seconds
2025-01-03 10:34:19,609 [__main__] [INFO] :: ----------------------------------------------------------------------------------------------------
2025-01-03 10:34:29,057 [__main__] [INFO] :: Received message: 어디 가니
2025-01-03 10:34:29,082 [__main__] [INFO] :: Intent ID: 47
2025-01-03 10:34:29,125 [__main__] [INFO] :: Response: 죄송합니다, 요청하신 정보를 바로 확인하기 어려워요.
2025-01-03 10:34:29,125 [__main__] [INFO] :: Processing Time: 0.0678 seconds
2025-01-03 10:34:29,125 [__main__] [INFO] :: ----------------------------------------------------------------------------------------------------
2025-01-03 10:34:39,140 [__main__] [INFO] :: Received message: 너 누구야
2025-01-03 10:34:39,166 [__main__] [INFO] :: Intent ID: 47
2025-01-03 10:34:39,209 [__main__] [INFO] :: Response: 죄송합니다, 요청하신 정보를 바로 확인하기 어려워요.
2025-01-03 10:34:39,209 [__main__] [INFO] :: Processing Time: 0.0690 seconds
2025-01-03 10:34:39,209 [__main__] [INFO] :: ----------------------------------------------------------------------------------------------------
