2025-01-03 10:10:22,890 [__main__] [INFO] :: *** 10h-10m-22s START ***
2025-01-03 10:10:22,890 [__main__] [INFO] :: *** PID: 3609893 ***
2025-01-03 10:11:24,981 [__main__] [INFO] :: Received message: 메뉴 카테고리 뭐 있어
2025-01-03 10:11:25,009 [__main__] [INFO] :: Intent ID: 0
2025-01-03 10:11:25,135 [__main__] [INFO] :: Response: 저희 매장에는 면류, 반반메뉴, 밥류, 사이드, 세트메뉴, 주류, 튀김류의 메뉴 종류들이 있어요.
2025-01-03 10:11:25,135 [__main__] [INFO] :: Processing Time: 0.1544 seconds
2025-01-03 10:11:25,135 [__main__] [INFO] :: ----------------------------------------------------------------------------------------------------
2025-01-03 10:11:42,730 [__main__] [INFO] :: Received message: 짜장면 얼마야
2025-01-03 10:11:42,756 [__main__] [INFO] :: Intent ID: 1
2025-01-03 10:11:42,842 [__main__] [INFO] :: Response: 짜장의 가격은 6500원이에요. 더 자세한 내용은 문자로 발송된 메뉴판을 참고해주세요!
2025-01-03 10:11:42,842 [__main__] [INFO] :: Processing Time: 0.1116 seconds
2025-01-03 10:11:42,842 [__main__] [INFO] :: ----------------------------------------------------------------------------------------------------
2025-01-03 10:12:07,014 [__main__] [INFO] :: Received message: 잘 나가는 메뉴 뭐야
2025-01-03 10:12:07,042 [__main__] [INFO] :: Intent ID: 3
2025-01-03 10:12:07,089 [__main__] [INFO] :: Response: 요즘 행사 탕짜면 메뉴가 가장 인기 있는 메뉴입니다.
2025-01-03 10:12:07,090 [__main__] [INFO] :: Processing Time: 0.0762 seconds
2025-01-03 10:12:07,090 [__main__] [INFO] :: ----------------------------------------------------------------------------------------------------
2025-01-03 10:12:15,552 [__main__] [INFO] :: Received message: 가장 잘 팔리는 메뉴가 뭐야
2025-01-03 10:12:15,578 [__main__] [INFO] :: Intent ID: 3
2025-01-03 10:12:15,625 [__main__] [INFO] :: Response: 요즘 행사 탕짜면 메뉴가 가장 인기 있는 메뉴입니다.
2025-01-03 10:12:15,625 [__main__] [INFO] :: Processing Time: 0.0740 seconds
2025-01-03 10:12:15,625 [__main__] [INFO] :: ----------------------------------------------------------------------------------------------------
2025-01-03 10:12:25,057 [__main__] [INFO] :: Received message: 메뉴 추천해 줄래
2025-01-03 10:12:25,082 [__main__] [INFO] :: Intent ID: 4
2025-01-03 10:12:25,129 [__main__] [INFO] :: Response: 개인적으로 굴짬뽕 메뉴를 추천 드립니다.
2025-01-03 10:12:25,129 [__main__] [INFO] :: Processing Time: 0.0728 seconds
2025-01-03 10:12:25,129 [__main__] [INFO] :: ----------------------------------------------------------------------------------------------------
2025-01-03 10:12:33,504 [__main__] [INFO] :: Received message: 담요는 어떤 거 파는데
2025-01-03 10:12:33,530 [__main__] [INFO] :: Intent ID: 33
2025-01-03 10:12:33,572 [__main__] [INFO] :: Response: 시설 관련 문의는 확인 후 다시 연락드리겠습니다.
2025-01-03 10:12:33,573 [__main__] [INFO] :: Processing Time: 0.0692 seconds
2025-01-03 10:12:33,573 [__main__] [INFO] :: ----------------------------------------------------------------------------------------------------
2025-01-03 10:12:44,603 [__main__] [INFO] :: Received message: 밥 드는 어떤 거 파는데
2025-01-03 10:12:44,630 [__main__] [INFO] :: Intent ID: 2
2025-01-03 10:12:44,672 [__main__] [INFO] :: Response: 자세한 메뉴 사진과 정보가 적혀있는 QR 주문링크를 전송해드렸어요. 스마트폰으로 편하게 확인해 보세요!
2025-01-03 10:12:44,672 [__main__] [INFO] :: Processing Time: 0.0698 seconds
2025-01-03 10:12:44,672 [__main__] [INFO] :: ----------------------------------------------------------------------------------------------------
2025-01-03 10:12:56,189 [__main__] [INFO] :: Received message: 술 팔아
2025-01-03 10:12:56,213 [__main__] [INFO] :: Intent ID: 2
2025-01-03 10:12:56,255 [__main__] [INFO] :: Response: 자세한 메뉴 사진과 정보가 적혀있는 QR 주문링크를 전송해드렸어요. 스마트폰으로 편하게 확인해 보세요!
2025-01-03 10:12:56,255 [__main__] [INFO] :: Processing Time: 0.0663 seconds
2025-01-03 10:12:56,255 [__main__] [INFO] :: ----------------------------------------------------------------------------------------------------
2025-01-03 10:13:08,153 [__main__] [INFO] :: Received message: 썼던 거 팔아
2025-01-03 10:13:08,177 [__main__] [INFO] :: Intent ID: 0
2025-01-03 10:13:08,225 [__main__] [INFO] :: Response: 저희 매장에는 면류, 반반메뉴, 밥류, 사이드, 세트메뉴, 주류, 튀김류의 메뉴 종류들이 있어요.
2025-01-03 10:13:08,225 [__main__] [INFO] :: Processing Time: 0.0726 seconds
2025-01-03 10:13:08,225 [__main__] [INFO] :: ----------------------------------------------------------------------------------------------------
2025-01-03 10:13:20,700 [__main__] [INFO] :: Received message: 술 어떤 거 팔아
2025-01-03 10:13:20,724 [__main__] [INFO] :: Intent ID: 2
2025-01-03 10:13:20,766 [__main__] [INFO] :: Response: 자세한 메뉴 사진과 정보가 적혀있는 QR 주문링크를 전송해드렸어요. 스마트폰으로 편하게 확인해 보세요!
2025-01-03 10:13:20,766 [__main__] [INFO] :: Processing Time: 0.0666 seconds
2025-01-03 10:13:20,766 [__main__] [INFO] :: ----------------------------------------------------------------------------------------------------
2025-01-03 10:13:34,786 [__main__] [INFO] :: Received message: 시그니처 메뉴 뭐야
2025-01-03 10:13:34,809 [__main__] [INFO] :: Intent ID: 5
2025-01-03 10:13:34,855 [__main__] [INFO] :: Response: 저희 매장의 대표 메뉴는 볶음짬뽕이고, 이는 대표 메뉴로 인기 있어요.
2025-01-03 10:13:34,855 [__main__] [INFO] :: Processing Time: 0.0691 seconds
2025-01-03 10:13:34,855 [__main__] [INFO] :: ----------------------------------------------------------------------------------------------------
2025-01-03 10:13:45,448 [__main__] [INFO] :: Received message: 전문적으로 하는 메뉴 있어
2025-01-03 10:13:45,473 [__main__] [INFO] :: Intent ID: 5
2025-01-03 10:13:45,520 [__main__] [INFO] :: Response: 저희 매장의 대표 메뉴는 볶음짬뽕이고, 이는 대표 메뉴로 인기 있어요.
2025-01-03 10:13:45,520 [__main__] [INFO] :: Processing Time: 0.0723 seconds
2025-01-03 10:13:45,520 [__main__] [INFO] :: ----------------------------------------------------------------------------------------------------
2025-01-03 10:13:55,159 [__main__] [INFO] :: Received message: 어떤 메뉴 전문이야
2025-01-03 10:13:55,186 [__main__] [INFO] :: Intent ID: 5
2025-01-03 10:13:55,234 [__main__] [INFO] :: Response: 저희 매장의 대표 메뉴는 볶음짬뽕이고, 이는 대표 메뉴로 인기 있어요.
2025-01-03 10:13:55,234 [__main__] [INFO] :: Processing Time: 0.0753 seconds
2025-01-03 10:13:55,234 [__main__] [INFO] :: ----------------------------------------------------------------------------------------------------
2025-01-03 10:14:07,317 [__main__] [INFO] :: Received message: 이벤트는 알려 줄래
2025-01-03 10:14:07,345 [__main__] [INFO] :: Intent ID: 41
2025-01-03 10:14:07,392 [__main__] [INFO] :: Response: 현재 진행 중인 이벤트는 고추짜장 할인입니다. 스마트주문 앱에서 더 자세히 확인하세요.
2025-01-03 10:14:07,392 [__main__] [INFO] :: Processing Time: 0.0748 seconds
2025-01-03 10:14:07,392 [__main__] [INFO] :: ----------------------------------------------------------------------------------------------------
2025-01-03 10:14:18,313 [__main__] [INFO] :: Received message: 이벤트 메뉴 알려 줄래
2025-01-03 10:14:18,342 [__main__] [INFO] :: Intent ID: 6
2025-01-03 10:14:18,390 [__main__] [INFO] :: Response: 현재 할인 중인 메뉴는 3인세트입니다.
2025-01-03 10:14:18,390 [__main__] [INFO] :: Processing Time: 0.0768 seconds
2025-01-03 10:14:18,390 [__main__] [INFO] :: ----------------------------------------------------------------------------------------------------
2025-01-03 10:14:37,641 [__main__] [INFO] :: Received message: 홈플러스원 메뉴 있어
2025-01-03 10:14:37,667 [__main__] [INFO] :: Intent ID: 7
2025-01-03 10:14:37,714 [__main__] [INFO] :: Response: 현재 1+1 메뉴로 짜장면 1+1를 제공 중이에요.
2025-01-03 10:14:37,715 [__main__] [INFO] :: Processing Time: 0.0737 seconds
2025-01-03 10:14:37,715 [__main__] [INFO] :: ----------------------------------------------------------------------------------------------------
