2025-01-03 10:34:53,496 [__main__] [INFO] :: *** 10h-34m-53s START ***
2025-01-03 10:34:53,496 [__main__] [INFO] :: *** PID: 3619538 ***
2025-01-03 10:37:05,514 [__main__] [INFO] :: Received message: 메뉴 뭐 있어
2025-01-03 10:37:05,544 [__main__] [INFO] :: Intent ID: 0
2025-01-03 10:37:05,672 [__main__] [INFO] :: Response: 저희 매장에는 면류, 반반메뉴, 밥류, 사이드, 세트메뉴, 주류, 튀김류의 메뉴 종류들이 있어요.
2025-01-03 10:37:05,672 [__main__] [INFO] :: Processing Time: 0.1582 seconds
2025-01-03 10:37:05,672 [__main__] [INFO] :: ----------------------------------------------------------------------------------------------------
2025-01-03 11:34:39,401 [__main__] [INFO] :: Received message: 어떤 이벤트 하고 있어
2025-01-03 11:34:39,428 [__main__] [INFO] :: Intent ID: 41
2025-01-03 11:34:39,474 [__main__] [INFO] :: Response: 현재 진행 중인 이벤트는 고추짬뽕 할인입니다. 스마트주문 앱에서 더 자세히 확인하세요.
2025-01-03 11:34:39,475 [__main__] [INFO] :: Processing Time: 0.0740 seconds
2025-01-03 11:34:39,475 [__main__] [INFO] :: ----------------------------------------------------------------------------------------------------
2025-01-03 11:34:53,117 [__main__] [INFO] :: Received message: 고추짬뽕 할인 이벤트 좀 설명해 줄래
2025-01-03 11:34:53,144 [__main__] [INFO] :: Intent ID: 41
2025-01-03 11:34:53,191 [__main__] [INFO] :: Response: 현재 진행 중인 이벤트는 신메뉴 5% 할인입니다. 스마트주문 앱에서 더 자세히 확인하세요.
2025-01-03 11:34:53,191 [__main__] [INFO] :: Processing Time: 0.0744 seconds
2025-01-03 11:34:53,191 [__main__] [INFO] :: ----------------------------------------------------------------------------------------------------
2025-01-03 11:35:04,797 [__main__] [INFO] :: Received message: 고추짬뽕 할인 이벤트가 뭐야
2025-01-03 11:35:04,825 [__main__] [INFO] :: Intent ID: 42
2025-01-03 11:35:04,867 [__main__] [INFO] :: Response: 현재 진행 중인 이벤트에 대한 자세한 정보는 스마트 주문 앱에서 확인할 수 있습니다. 앱 설치 링크를 전송해드렸으니 참고해주세요.
2025-01-03 11:35:04,868 [__main__] [INFO] :: Processing Time: 0.0709 seconds
2025-01-03 11:35:04,868 [__main__] [INFO] :: ----------------------------------------------------------------------------------------------------
2025-01-03 11:35:19,609 [__main__] [INFO] :: Received message: 이벤트에 대해서 좀 더 자세히 알려 줄래
2025-01-03 11:35:19,635 [__main__] [INFO] :: Intent ID: 43
2025-01-03 11:35:19,677 [__main__] [INFO] :: Response: 이벤트 관련 문의는 확인 후 다시 연락드리겠습니다.
2025-01-03 11:35:19,678 [__main__] [INFO] :: Processing Time: 0.0689 seconds
2025-01-03 11:35:19,678 [__main__] [INFO] :: ----------------------------------------------------------------------------------------------------
2025-01-03 11:35:28,720 [__main__] [INFO] :: Received message: 할인 이벤트에 대해서 좀 더 자세히 알려 줘
2025-01-03 11:35:28,746 [__main__] [INFO] :: Intent ID: 43
2025-01-03 11:35:28,789 [__main__] [INFO] :: Response: 이벤트 관련 문의는 확인 후 다시 연락드리겠습니다.
2025-01-03 11:35:28,789 [__main__] [INFO] :: Processing Time: 0.0694 seconds
2025-01-03 11:35:28,789 [__main__] [INFO] :: ----------------------------------------------------------------------------------------------------
2025-01-03 13:06:46,109 [__main__] [INFO] :: Received message: 메뉴 뭐 뭐 있어
2025-01-03 13:06:46,137 [__main__] [INFO] :: Intent ID: 0
2025-01-03 13:06:46,185 [__main__] [INFO] :: Response: 저희 매장에는 면류, 반반메뉴, 밥류, 사이드, 세트메뉴, 주류, 튀김류의 메뉴 종류들이 있어요.
2025-01-03 13:06:46,185 [__main__] [INFO] :: Processing Time: 0.0761 seconds
2025-01-03 13:06:46,185 [__main__] [INFO] :: ----------------------------------------------------------------------------------------------------
2025-01-03 13:06:58,332 [__main__] [INFO] :: Received message: 주차 가능해
2025-01-03 13:06:58,358 [__main__] [INFO] :: Intent ID: 44
2025-01-03 13:06:58,401 [__main__] [INFO] :: Response: 확인 후 다시 연락드리겠습니다.
2025-01-03 13:06:58,401 [__main__] [INFO] :: Processing Time: 0.0689 seconds
2025-01-03 13:06:58,401 [__main__] [INFO] :: ----------------------------------------------------------------------------------------------------
2025-01-03 13:07:05,935 [__main__] [INFO] :: Received message: 지금 가면 바로 먹을 수 있어
2025-01-03 13:07:05,962 [__main__] [INFO] :: Intent ID: 25
2025-01-03 13:07:06,011 [__main__] [INFO] :: Response: 현재 4개의 테이블이 비어 있어요. 바로 이용하실 수 있습니다.
2025-01-03 13:07:06,011 [__main__] [INFO] :: Processing Time: 0.0756 seconds
2025-01-03 13:07:06,011 [__main__] [INFO] :: ----------------------------------------------------------------------------------------------------
2025-01-03 13:07:15,867 [__main__] [INFO] :: Received message: 지금 가면 몇 분이나 기다려야 돼
2025-01-03 13:07:15,894 [__main__] [INFO] :: Intent ID: 25
2025-01-03 13:07:15,942 [__main__] [INFO] :: Response: 현재 4개의 테이블이 비어 있어요. 바로 이용하실 수 있습니다.
2025-01-03 13:07:15,942 [__main__] [INFO] :: Processing Time: 0.0752 seconds
2025-01-03 13:07:15,942 [__main__] [INFO] :: ----------------------------------------------------------------------------------------------------
2025-01-03 13:07:24,763 [__main__] [INFO] :: Received message: 짜장면은 얼마야
2025-01-03 13:07:24,790 [__main__] [INFO] :: Intent ID: 1
2025-01-03 13:07:24,873 [__main__] [INFO] :: Response: 짜장의 가격은 6500원이에요. 더 자세한 내용은 문자로 발송된 메뉴판을 참고해주세요!
2025-01-03 13:07:24,873 [__main__] [INFO] :: Processing Time: 0.1097 seconds
2025-01-03 13:07:24,873 [__main__] [INFO] :: ----------------------------------------------------------------------------------------------------
2025-01-03 13:07:35,588 [__main__] [INFO] :: Received message: 짬뽕은 얼마야
2025-01-03 13:07:35,618 [__main__] [INFO] :: Intent ID: 1
2025-01-03 13:07:35,700 [__main__] [INFO] :: Response: 짬뽕의 가격은 7800원이에요. 더 자세한 내용은 문자로 발송된 메뉴판을 참고해주세요!
2025-01-03 13:07:35,700 [__main__] [INFO] :: Processing Time: 0.1122 seconds
2025-01-03 13:07:35,700 [__main__] [INFO] :: ----------------------------------------------------------------------------------------------------
2025-01-03 13:07:46,731 [__main__] [INFO] :: Received message: 한국 결제 가능해
2025-01-03 13:07:46,760 [__main__] [INFO] :: Intent ID: 14
2025-01-03 13:07:46,839 [__main__] [INFO] :: Response: 저희 매장에서는 한국 결제 방식으로 계산이 불가능합니다.
2025-01-03 13:07:46,839 [__main__] [INFO] :: Processing Time: 0.1075 seconds
2025-01-03 13:07:46,839 [__main__] [INFO] :: ----------------------------------------------------------------------------------------------------
2025-01-03 13:07:55,972 [__main__] [INFO] :: Received message: 현금 결제 가능해
2025-01-03 13:07:55,998 [__main__] [INFO] :: Intent ID: 14
2025-01-03 13:07:56,077 [__main__] [INFO] :: Response: 저희 매장에서는 현금 결제 방식으로 계산이 가능합니다.
2025-01-03 13:07:56,077 [__main__] [INFO] :: Processing Time: 0.1055 seconds
2025-01-03 13:07:56,077 [__main__] [INFO] :: ----------------------------------------------------------------------------------------------------
2025-01-03 13:08:04,423 [__main__] [INFO] :: Received message: 카카오페이 가능해
2025-01-03 13:08:04,449 [__main__] [INFO] :: Intent ID: 14
2025-01-03 13:08:04,529 [__main__] [INFO] :: Response: 저희 매장에서는 카카오페이 결제 방식으로 계산이 불가능합니다.
2025-01-03 13:08:04,529 [__main__] [INFO] :: Processing Time: 0.1066 seconds
2025-01-03 13:08:04,529 [__main__] [INFO] :: ----------------------------------------------------------------------------------------------------
2025-01-03 13:08:14,725 [__main__] [INFO] :: Received message: 결제 가능한 수단 뭐 뭐 있어
2025-01-03 13:08:14,753 [__main__] [INFO] :: Intent ID: 13
2025-01-03 13:08:14,812 [__main__] [INFO] :: Response: 저희 매장은 신용카드, 현금, 모바일상품권, 간편결제 방식으로 결제가 가능하며, 간편 결제로는 네이버페이를 지원합니다.
2025-01-03 13:08:14,812 [__main__] [INFO] :: Processing Time: 0.0865 seconds
2025-01-03 13:08:14,812 [__main__] [INFO] :: ----------------------------------------------------------------------------------------------------
2025-01-03 13:08:29,576 [__main__] [INFO] :: Received message: 이벤트 메뉴가 뭐야
2025-01-03 13:08:29,602 [__main__] [INFO] :: Intent ID: 6
2025-01-03 13:08:29,650 [__main__] [INFO] :: Response: 현재 할인 중인 메뉴는 2인세트입니다.
2025-01-03 13:08:29,650 [__main__] [INFO] :: Processing Time: 0.0744 seconds
2025-01-03 13:08:29,650 [__main__] [INFO] :: ----------------------------------------------------------------------------------------------------
2025-01-03 13:08:37,007 [__main__] [INFO] :: Received message: 대표 메뉴는 뭐야
2025-01-03 13:08:37,033 [__main__] [INFO] :: Intent ID: 5
2025-01-03 13:08:37,082 [__main__] [INFO] :: Response: 저희 매장의 대표 메뉴는 냉짬뽕이고, 이는 대표 메뉴로 인기 있어요.
2025-01-03 13:08:37,082 [__main__] [INFO] :: Processing Time: 0.0751 seconds
2025-01-03 13:08:37,082 [__main__] [INFO] :: ----------------------------------------------------------------------------------------------------
2025-01-03 13:08:51,884 [__main__] [INFO] :: Received message: 위치가 어떻게 돼
2025-01-03 13:08:51,910 [__main__] [INFO] :: Intent ID: 27
2025-01-03 13:08:51,958 [__main__] [INFO] :: Response: 저희 매장 주소는 경기 구리시 검배로6번길 27입니다. 참고하시라고 지도 링크를 보내드릴게요.
2025-01-03 13:08:51,958 [__main__] [INFO] :: Processing Time: 0.0737 seconds
2025-01-03 13:08:51,958 [__main__] [INFO] :: ----------------------------------------------------------------------------------------------------
2025-01-03 13:09:05,451 [__main__] [INFO] :: Received message: 신사역에서 차 타고 가면 얼마나 걸려
2025-01-03 13:09:05,478 [__main__] [INFO] :: Intent ID: 44
2025-01-03 13:09:05,521 [__main__] [INFO] :: Response: 확인 후 다시 연락드리겠습니다.
2025-01-03 13:09:05,521 [__main__] [INFO] :: Processing Time: 0.0703 seconds
2025-01-03 13:09:05,521 [__main__] [INFO] :: ----------------------------------------------------------------------------------------------------
2025-01-03 13:09:13,277 [__main__] [INFO] :: Received message: 지하철 타고 가려면 어떻게 해야 돼
2025-01-03 13:09:13,305 [__main__] [INFO] :: Intent ID: 28
2025-01-03 13:09:13,348 [__main__] [INFO] :: Response: 더 정확히 안내드리기 위해 지도 링크를 보내드렸습니다.
2025-01-03 13:09:13,348 [__main__] [INFO] :: Processing Time: 0.0711 seconds
2025-01-03 13:09:13,348 [__main__] [INFO] :: ----------------------------------------------------------------------------------------------------
2025-01-03 13:09:27,353 [__main__] [INFO] :: Received message: 쿠폰 적립해 줘
2025-01-03 13:09:27,379 [__main__] [INFO] :: Intent ID: 38
2025-01-03 13:09:27,427 [__main__] [INFO] :: Response: 스탬프 10개 적립 시 할인쿠폰을 발급받으실 수 있습니다.
2025-01-03 13:09:27,427 [__main__] [INFO] :: Processing Time: 0.0736 seconds
2025-01-03 13:09:27,427 [__main__] [INFO] :: ----------------------------------------------------------------------------------------------------
2025-01-03 13:10:46,276 [__main__] [INFO] :: Received message: 주차 가능해
2025-01-03 13:10:46,303 [__main__] [INFO] :: Intent ID: 44
2025-01-03 13:10:46,345 [__main__] [INFO] :: Response: 확인 후 다시 연락드리겠습니다.
2025-01-03 13:10:46,345 [__main__] [INFO] :: Processing Time: 0.0690 seconds
2025-01-03 13:10:46,345 [__main__] [INFO] :: ----------------------------------------------------------------------------------------------------
2025-01-03 13:10:54,323 [__main__] [INFO] :: Received message: 맞아 이게 어 뭐 팔아
2025-01-03 13:10:54,352 [__main__] [INFO] :: Intent ID: 0
2025-01-03 13:10:54,400 [__main__] [INFO] :: Response: 저희 매장에는 면류, 반반메뉴, 밥류, 사이드, 세트메뉴, 주류, 튀김류의 메뉴 종류들이 있어요.
2025-01-03 13:10:54,400 [__main__] [INFO] :: Processing Time: 0.0773 seconds
2025-01-03 13:10:54,400 [__main__] [INFO] :: ----------------------------------------------------------------------------------------------------
2025-01-03 13:11:06,761 [__main__] [INFO] :: Received message: 메뉴에는 뭐가 있어
2025-01-03 13:11:06,789 [__main__] [INFO] :: Intent ID: 0
2025-01-03 13:11:06,837 [__main__] [INFO] :: Response: 저희 매장에는 면류, 반반메뉴, 밥류, 사이드, 세트메뉴, 주류, 튀김류의 메뉴 종류들이 있어요.
2025-01-03 13:11:06,837 [__main__] [INFO] :: Processing Time: 0.0761 seconds
2025-01-03 13:11:06,837 [__main__] [INFO] :: ----------------------------------------------------------------------------------------------------
2025-01-03 13:11:19,887 [__main__] [INFO] :: Received message: 어 세트 메뉴는 뭐가 있어
2025-01-03 13:11:19,914 [__main__] [INFO] :: Intent ID: 2
2025-01-03 13:11:19,956 [__main__] [INFO] :: Response: 자세한 메뉴 사진과 정보가 적혀있는 QR 주문링크를 전송해드렸어요. 스마트폰으로 편하게 확인해 보세요!
2025-01-03 13:11:19,956 [__main__] [INFO] :: Processing Time: 0.0694 seconds
2025-01-03 13:11:19,956 [__main__] [INFO] :: ----------------------------------------------------------------------------------------------------
2025-01-03 13:11:32,491 [__main__] [INFO] :: Received message: 세트 메뉴에는 뭐가 있어
2025-01-03 13:11:32,520 [__main__] [INFO] :: Intent ID: 2
2025-01-03 13:11:32,563 [__main__] [INFO] :: Response: 자세한 메뉴 사진과 정보가 적혀있는 QR 주문링크를 전송해드렸어요. 스마트폰으로 편하게 확인해 보세요!
2025-01-03 13:11:32,563 [__main__] [INFO] :: Processing Time: 0.0716 seconds
2025-01-03 13:11:32,563 [__main__] [INFO] :: ----------------------------------------------------------------------------------------------------
2025-01-03 13:11:44,795 [__main__] [INFO] :: Received message: 메뉴에는 어떤 상품이 있어
2025-01-03 13:11:44,824 [__main__] [INFO] :: Intent ID: 0
2025-01-03 13:11:44,872 [__main__] [INFO] :: Response: 저희 매장에는 면류, 반반메뉴, 밥류, 사이드, 세트메뉴, 주류, 튀김류의 메뉴 종류들이 있어요.
2025-01-03 13:11:44,872 [__main__] [INFO] :: Processing Time: 0.0766 seconds
2025-01-03 13:11:44,872 [__main__] [INFO] :: ----------------------------------------------------------------------------------------------------
2025-01-03 13:11:57,623 [__main__] [INFO] :: Received message: 얼마야
2025-01-03 13:11:57,650 [__main__] [INFO] :: Intent ID: 1
2025-01-03 13:11:57,731 [__main__] [INFO] :: Response: 해당 메뉴는 판매하고 있지 않습니다. 다른 메뉴를 선택해주세요.
2025-01-03 13:12:06,148 [__main__] [INFO] :: Received message: 얼마야
2025-01-03 13:12:06,177 [__main__] [INFO] :: Intent ID: 1
2025-01-03 13:12:06,259 [__main__] [INFO] :: Response: 해당 메뉴는 판매하고 있지 않습니다. 다른 메뉴를 선택해주세요.
2025-01-03 13:12:14,814 [__main__] [INFO] :: Received message: 얼마야
2025-01-03 13:12:14,841 [__main__] [INFO] :: Intent ID: 1
2025-01-03 13:12:14,922 [__main__] [INFO] :: Response: 해당 메뉴는 판매하고 있지 않습니다. 다른 메뉴를 선택해주세요.
2025-01-03 13:12:43,648 [__main__] [INFO] :: Received message: 못 팔아
2025-01-03 13:12:43,678 [__main__] [INFO] :: Intent ID: 12
2025-01-03 13:12:43,914 [__main__] [INFO] :: Response: 주문하신 상품은 매장방문, 포장, 배달 방식으로 전달됩니다.
2025-01-03 13:12:43,914 [__main__] [INFO] :: Processing Time: 0.2665 seconds
2025-01-03 13:12:43,914 [__main__] [INFO] :: ----------------------------------------------------------------------------------------------------
2025-01-03 13:12:53,164 [__main__] [INFO] :: Received message: 무슨 무슨 상품 팔아
2025-01-03 13:12:53,190 [__main__] [INFO] :: Intent ID: 0
2025-01-03 13:12:53,238 [__main__] [INFO] :: Response: 저희 매장에는 면류, 반반메뉴, 밥류, 사이드, 세트메뉴, 주류, 튀김류의 메뉴 종류들이 있어요.
2025-01-03 13:12:53,238 [__main__] [INFO] :: Processing Time: 0.0744 seconds
2025-01-03 13:12:53,238 [__main__] [INFO] :: ----------------------------------------------------------------------------------------------------
2025-01-03 13:13:13,913 [__main__] [INFO] :: Received message: 어떤 메뉴들이 있어
2025-01-03 13:13:13,941 [__main__] [INFO] :: Intent ID: 0
2025-01-03 13:13:13,989 [__main__] [INFO] :: Response: 저희 매장에는 면류, 반반메뉴, 밥류, 사이드, 세트메뉴, 주류, 튀김류의 메뉴 종류들이 있어요.
2025-01-03 13:13:13,989 [__main__] [INFO] :: Processing Time: 0.0764 seconds
2025-01-03 13:13:13,989 [__main__] [INFO] :: ----------------------------------------------------------------------------------------------------
2025-01-03 13:13:26,724 [__main__] [INFO] :: Received message: 압류에는 어떤 메뉴들이 있어
2025-01-03 13:13:26,750 [__main__] [INFO] :: Intent ID: 3
2025-01-03 13:13:26,798 [__main__] [INFO] :: Response: 요즘 행사 탕짜면 메뉴가 가장 인기 있는 메뉴입니다.
2025-01-03 13:13:26,798 [__main__] [INFO] :: Processing Time: 0.0741 seconds
2025-01-03 13:13:26,798 [__main__] [INFO] :: ----------------------------------------------------------------------------------------------------
2025-01-03 13:13:34,472 [__main__] [INFO] :: Received message: 탕자면 얼마야
2025-01-03 13:13:34,498 [__main__] [INFO] :: Intent ID: 1
2025-01-03 13:13:34,579 [__main__] [INFO] :: Response: 탕짜면의 가격은 10500원이에요. 더 자세한 내용은 문자로 발송된 메뉴판을 참고해주세요!
2025-01-03 13:13:34,579 [__main__] [INFO] :: Processing Time: 0.1080 seconds
2025-01-03 13:13:34,579 [__main__] [INFO] :: ----------------------------------------------------------------------------------------------------
2025-01-03 13:13:50,855 [__main__] [INFO] :: Received message: 탕수육 얼마야
2025-01-03 13:13:50,883 [__main__] [INFO] :: Intent ID: 1
2025-01-03 13:13:50,964 [__main__] [INFO] :: Response: 탕수육의 가격은 18800원이에요. 더 자세한 내용은 문자로 발송된 메뉴판을 참고해주세요!
2025-01-03 13:13:50,964 [__main__] [INFO] :: Processing Time: 0.1089 seconds
2025-01-03 13:13:50,964 [__main__] [INFO] :: ----------------------------------------------------------------------------------------------------
2025-01-03 13:14:12,131 [__main__] [INFO] :: Received message: 주차 가능해
2025-01-03 13:14:12,162 [__main__] [INFO] :: Intent ID: 44
2025-01-03 13:14:12,207 [__main__] [INFO] :: Response: 확인 후 다시 연락드리겠습니다.
2025-01-03 13:14:12,207 [__main__] [INFO] :: Processing Time: 0.0762 seconds
2025-01-03 13:14:12,207 [__main__] [INFO] :: ----------------------------------------------------------------------------------------------------
2025-01-03 13:14:19,743 [__main__] [INFO] :: Received message: 주소가 어떻게 돼
2025-01-03 13:14:19,770 [__main__] [INFO] :: Intent ID: 27
2025-01-03 13:14:19,819 [__main__] [INFO] :: Response: 저희 매장 주소는 경기 구리시 검배로6번길 27입니다. 참고하시라고 지도 링크를 보내드릴게요.
2025-01-03 13:14:19,819 [__main__] [INFO] :: Processing Time: 0.0762 seconds
2025-01-03 13:14:19,819 [__main__] [INFO] :: ----------------------------------------------------------------------------------------------------
2025-01-03 13:14:33,430 [__main__] [INFO] :: Received message: 지금 가면 바로 먹을 수 있을까
2025-01-03 13:14:33,456 [__main__] [INFO] :: Intent ID: 25
2025-01-03 13:14:33,504 [__main__] [INFO] :: Response: 현재 4개의 테이블이 비어 있어요. 바로 이용하실 수 있습니다.
2025-01-03 13:14:33,504 [__main__] [INFO] :: Processing Time: 0.0749 seconds
2025-01-03 13:14:33,504 [__main__] [INFO] :: ----------------------------------------------------------------------------------------------------
2025-01-03 13:14:42,399 [__main__] [INFO] :: Received message: 몇 명까지 수영 가능해
2025-01-03 13:14:42,424 [__main__] [INFO] :: Intent ID: 44
2025-01-03 13:14:42,467 [__main__] [INFO] :: Response: 확인 후 다시 연락드리겠습니다.
2025-01-03 13:14:42,467 [__main__] [INFO] :: Processing Time: 0.0681 seconds
2025-01-03 13:14:42,467 [__main__] [INFO] :: ----------------------------------------------------------------------------------------------------
2025-01-03 13:14:50,954 [__main__] [INFO] :: Received message: 20명 가도 돼
2025-01-03 13:14:50,982 [__main__] [INFO] :: Intent ID: 25
2025-01-03 13:14:51,030 [__main__] [INFO] :: Response: 현재 4개의 테이블이 비어 있어요. 바로 이용하실 수 있습니다.
2025-01-03 13:14:51,030 [__main__] [INFO] :: Processing Time: 0.0765 seconds
2025-01-03 13:14:51,030 [__main__] [INFO] :: ----------------------------------------------------------------------------------------------------
2025-01-03 13:15:02,220 [__main__] [INFO] :: Received message: 영업시간 어떻게 돼
2025-01-03 13:15:02,248 [__main__] [INFO] :: Intent ID: 16
2025-01-03 13:15:02,297 [__main__] [INFO] :: Response: 저희 매장은 11시부터 20시30분까지 영업합니다. 자세한 문의는 언제든 물어보세요.
2025-01-03 13:15:02,297 [__main__] [INFO] :: Processing Time: 0.0773 seconds
2025-01-03 13:15:02,297 [__main__] [INFO] :: ----------------------------------------------------------------------------------------------------
2025-01-03 13:15:12,775 [__main__] [INFO] :: Received message: 토요일 날 영업해
2025-01-03 13:15:12,802 [__main__] [INFO] :: Intent ID: 21
2025-01-03 13:15:12,881 [__main__] [INFO] :: Response: 저희 매장은 토요일에 영업 합니다. 11시부터 20시 30분까지 방문하실 수 있어요.
2025-01-03 13:15:12,881 [__main__] [INFO] :: Processing Time: 0.1057 seconds
2025-01-03 13:15:12,881 [__main__] [INFO] :: ----------------------------------------------------------------------------------------------------
2025-01-03 13:15:23,080 [__main__] [INFO] :: Received message: 내일 영업해
2025-01-03 13:15:23,106 [__main__] [INFO] :: Intent ID: 16
2025-01-03 13:15:23,155 [__main__] [INFO] :: Response: 저희 매장은 11시부터 20시30분까지 영업합니다. 자세한 문의는 언제든 물어보세요.
2025-01-03 13:15:23,155 [__main__] [INFO] :: Processing Time: 0.0747 seconds
2025-01-03 13:15:23,155 [__main__] [INFO] :: ----------------------------------------------------------------------------------------------------
2025-01-03 13:15:36,651 [__main__] [INFO] :: Received message: 어 1월 5일은 영업해
2025-01-03 13:15:36,678 [__main__] [INFO] :: Intent ID: 18
2025-01-03 13:15:36,726 [__main__] [INFO] :: Response: 저희 매장의 휴무일은 매주 화요일이며, 영업일은 매주 수요일부터 월요일입니다.
2025-01-03 13:15:36,726 [__main__] [INFO] :: Processing Time: 0.0756 seconds
2025-01-03 13:15:36,726 [__main__] [INFO] :: ----------------------------------------------------------------------------------------------------
2025-01-03 13:15:46,452 [__main__] [INFO] :: Received message: 고마워
2025-01-03 13:15:46,478 [__main__] [INFO] :: Intent ID: 45
2025-01-03 13:15:46,520 [__main__] [INFO] :: Response: 이용해 주셔서 감사합니다. 추가 문의가 있으면 언제든 연락주세요.
2025-01-03 13:15:46,520 [__main__] [INFO] :: Processing Time: 0.0690 seconds
2025-01-03 13:15:46,520 [__main__] [INFO] :: ----------------------------------------------------------------------------------------------------
2025-01-03 13:16:29,706 [__main__] [INFO] :: Received message: 무슨 메뉴 팔아
2025-01-03 13:16:29,732 [__main__] [INFO] :: Intent ID: 0
2025-01-03 13:16:29,782 [__main__] [INFO] :: Response: 저희 매장에는 면류, 반반메뉴, 밥류, 사이드, 세트메뉴, 주류, 튀김류의 메뉴 종류들이 있어요.
2025-01-03 13:16:29,782 [__main__] [INFO] :: Processing Time: 0.0763 seconds
2025-01-03 13:16:29,782 [__main__] [INFO] :: ----------------------------------------------------------------------------------------------------
2025-01-03 13:16:42,810 [__main__] [INFO] :: Received message: 튀김 조회는 어떤 메뉴들이 있어
2025-01-03 13:16:42,837 [__main__] [INFO] :: Intent ID: 2
2025-01-03 13:16:42,880 [__main__] [INFO] :: Response: 자세한 메뉴 사진과 정보가 적혀있는 QR 주문링크를 전송해드렸어요. 스마트폰으로 편하게 확인해 보세요!
2025-01-03 13:16:42,880 [__main__] [INFO] :: Processing Time: 0.0707 seconds
2025-01-03 13:16:42,880 [__main__] [INFO] :: ----------------------------------------------------------------------------------------------------
2025-01-03 13:16:54,982 [__main__] [INFO] :: Received message: 지금 가도 돼
2025-01-03 13:16:55,008 [__main__] [INFO] :: Intent ID: 47
2025-01-03 13:16:55,051 [__main__] [INFO] :: Response: 죄송합니다, 요청하신 정보를 바로 확인하기 어려워요.
2025-01-03 13:16:55,051 [__main__] [INFO] :: Processing Time: 0.0696 seconds
2025-01-03 13:16:55,051 [__main__] [INFO] :: ----------------------------------------------------------------------------------------------------
2025-01-03 13:17:02,770 [__main__] [INFO] :: Received message: 지금 가도 돼
2025-01-03 13:17:02,798 [__main__] [INFO] :: Intent ID: 47
2025-01-03 13:17:02,841 [__main__] [INFO] :: Response: 죄송합니다, 요청하신 정보를 바로 확인하기 어려워요.
2025-01-03 13:17:02,841 [__main__] [INFO] :: Processing Time: 0.0715 seconds
2025-01-03 13:17:02,841 [__main__] [INFO] :: ----------------------------------------------------------------------------------------------------
2025-01-03 13:17:24,531 [__main__] [INFO] :: Received message: 지금 가면 바로 먹을 수 있어
2025-01-03 13:17:24,559 [__main__] [INFO] :: Intent ID: 25
2025-01-03 13:17:24,608 [__main__] [INFO] :: Response: 현재 4개의 테이블이 비어 있어요. 바로 이용하실 수 있습니다.
2025-01-03 13:17:24,608 [__main__] [INFO] :: Processing Time: 0.0769 seconds
2025-01-03 13:17:24,608 [__main__] [INFO] :: ----------------------------------------------------------------------------------------------------
2025-01-03 13:17:33,757 [__main__] [INFO] :: Received message: 지금 가도 돼
2025-01-03 13:17:33,783 [__main__] [INFO] :: Intent ID: 47
2025-01-03 13:17:33,827 [__main__] [INFO] :: Response: 죄송합니다, 요청하신 정보를 바로 확인하기 어려워요.
2025-01-03 13:17:33,827 [__main__] [INFO] :: Processing Time: 0.0698 seconds
2025-01-03 13:17:33,827 [__main__] [INFO] :: ----------------------------------------------------------------------------------------------------
2025-01-03 13:18:04,982 [__main__] [INFO] :: Received message: 반반 메뉴에는 뭐가 있어
2025-01-03 13:18:05,010 [__main__] [INFO] :: Intent ID: 2
2025-01-03 13:18:05,053 [__main__] [INFO] :: Response: 자세한 메뉴 사진과 정보가 적혀있는 QR 주문링크를 전송해드렸어요. 스마트폰으로 편하게 확인해 보세요!
2025-01-03 13:18:05,053 [__main__] [INFO] :: Processing Time: 0.0710 seconds
2025-01-03 13:18:05,053 [__main__] [INFO] :: ----------------------------------------------------------------------------------------------------
2025-01-03 13:18:17,671 [__main__] [INFO] :: Received message: 지하철 타고 가려면 어떻게 해야 돼
2025-01-03 13:18:17,700 [__main__] [INFO] :: Intent ID: 28
2025-01-03 13:18:17,743 [__main__] [INFO] :: Response: 더 정확히 안내드리기 위해 지도 링크를 보내드렸습니다.
2025-01-03 13:18:17,743 [__main__] [INFO] :: Processing Time: 0.0717 seconds
2025-01-03 13:18:17,743 [__main__] [INFO] :: ----------------------------------------------------------------------------------------------------
2025-01-03 14:34:14,252 [__main__] [INFO] :: Received message: 뭐 뭐 팔아
2025-01-03 14:34:14,276 [__main__] [INFO] :: Intent ID: 0
2025-01-03 14:34:14,322 [__main__] [INFO] :: Response: 저희 매장에는 면류, 반반메뉴, 밥류, 사이드, 세트메뉴, 주류, 튀김류의 메뉴 종류들이 있어요.
2025-01-03 14:34:14,322 [__main__] [INFO] :: Processing Time: 0.0696 seconds
2025-01-03 14:34:14,322 [__main__] [INFO] :: ----------------------------------------------------------------------------------------------------
2025-01-03 14:34:27,061 [__main__] [INFO] :: Received message: 연휴는 뭐 뭐 팔아
2025-01-03 14:34:27,082 [__main__] [INFO] :: Intent ID: 9
2025-01-03 14:34:27,127 [__main__] [INFO] :: Response: 저희 매장에서 15주년행사 짬뽕 메뉴는 한정 판매 중인 메뉴입니다.
2025-01-03 14:34:27,127 [__main__] [INFO] :: Processing Time: 0.0664 seconds
2025-01-03 14:34:27,127 [__main__] [INFO] :: ----------------------------------------------------------------------------------------------------
2025-01-03 14:34:38,291 [__main__] [INFO] :: Received message: 면류에서는 뭐 뭐 팔아
2025-01-03 14:34:38,312 [__main__] [INFO] :: Intent ID: 2
2025-01-03 14:34:38,352 [__main__] [INFO] :: Response: 자세한 메뉴 사진과 정보가 적혀있는 QR 주문링크를 전송해드렸어요. 스마트폰으로 편하게 확인해 보세요!
2025-01-03 14:34:38,352 [__main__] [INFO] :: Processing Time: 0.0621 seconds
2025-01-03 14:34:38,353 [__main__] [INFO] :: ----------------------------------------------------------------------------------------------------
2025-01-03 14:34:50,170 [__main__] [INFO] :: Received message: 짬뽕 얼마야
2025-01-03 14:34:50,194 [__main__] [INFO] :: Intent ID: 1
2025-01-03 14:34:50,266 [__main__] [INFO] :: Response: 짬뽕의 가격은 7800원이에요. 더 자세한 내용은 문자로 발송된 메뉴판을 참고해주세요!
2025-01-03 14:34:50,266 [__main__] [INFO] :: Processing Time: 0.0962 seconds
2025-01-03 14:34:50,266 [__main__] [INFO] :: ----------------------------------------------------------------------------------------------------
2025-01-03 14:35:02,094 [__main__] [INFO] :: Received message: 제일 잘 팔리는 메뉴가 뭐야
2025-01-03 14:35:02,119 [__main__] [INFO] :: Intent ID: 3
2025-01-03 14:35:02,164 [__main__] [INFO] :: Response: 요즘 행사 탕짜면 메뉴가 가장 인기 있는 메뉴입니다.
2025-01-03 14:35:02,164 [__main__] [INFO] :: Processing Time: 0.0704 seconds
2025-01-03 14:35:02,164 [__main__] [INFO] :: ----------------------------------------------------------------------------------------------------
2025-01-03 14:35:10,988 [__main__] [INFO] :: Received message: 대표 메뉴가 뭐야
2025-01-03 14:35:11,012 [__main__] [INFO] :: Intent ID: 5
2025-01-03 14:35:11,056 [__main__] [INFO] :: Response: 저희 매장의 대표 메뉴는 볶음짬뽕이고, 이는 대표 메뉴로 인기 있어요.
2025-01-03 14:35:11,056 [__main__] [INFO] :: Processing Time: 0.0688 seconds
2025-01-03 14:35:11,056 [__main__] [INFO] :: ----------------------------------------------------------------------------------------------------
2025-01-03 14:35:21,266 [__main__] [INFO] :: Received message: 할인하는 메뉴는 뭐야
2025-01-03 14:35:21,286 [__main__] [INFO] :: Intent ID: 6
2025-01-03 14:35:21,331 [__main__] [INFO] :: Response: 현재 할인 중인 메뉴는 1인세트입니다.
2025-01-03 14:35:21,331 [__main__] [INFO] :: Processing Time: 0.0652 seconds
2025-01-03 14:35:21,331 [__main__] [INFO] :: ----------------------------------------------------------------------------------------------------
2025-01-03 14:35:29,715 [__main__] [INFO] :: Received message: 매운 메뉴는 뭐 있어
2025-01-03 14:35:29,740 [__main__] [INFO] :: Intent ID: 10
2025-01-03 14:35:29,784 [__main__] [INFO] :: Response: 매운맛을 좋아하신다면 탕짬면 메뉴를 추천드려요!
2025-01-03 14:35:29,784 [__main__] [INFO] :: Processing Time: 0.0697 seconds
2025-01-03 14:35:29,784 [__main__] [INFO] :: ----------------------------------------------------------------------------------------------------
2025-01-03 14:35:39,977 [__main__] [INFO] :: Received message: 테이프로도 있어
2025-01-03 14:35:40,001 [__main__] [INFO] :: Intent ID: 2
2025-01-03 14:35:40,041 [__main__] [INFO] :: Response: 자세한 메뉴 사진과 정보가 적혀있는 QR 주문링크를 전송해드렸어요. 스마트폰으로 편하게 확인해 보세요!
2025-01-03 14:35:40,041 [__main__] [INFO] :: Processing Time: 0.0642 seconds
2025-01-03 14:35:40,041 [__main__] [INFO] :: ----------------------------------------------------------------------------------------------------
2025-01-03 14:35:53,390 [__main__] [INFO] :: Received message: 매장에서 주문은 어떻게 해
2025-01-03 14:35:53,412 [__main__] [INFO] :: Intent ID: 11
2025-01-03 14:35:53,456 [__main__] [INFO] :: Response: 매장에서 포스, 키오스크, 테이블오더를 통해 주문하실 수 있습니다.
2025-01-03 14:35:53,456 [__main__] [INFO] :: Processing Time: 0.0663 seconds
2025-01-03 14:35:53,456 [__main__] [INFO] :: ----------------------------------------------------------------------------------------------------
2025-01-03 14:36:02,477 [__main__] [INFO] :: Received message: 배달도 가능해
2025-01-03 14:36:02,498 [__main__] [INFO] :: Intent ID: 12
2025-01-03 14:36:02,543 [__main__] [INFO] :: Response: 주문하신 상품은 매장방문, 포장, 배달 방식으로 전달됩니다.
2025-01-03 14:36:02,543 [__main__] [INFO] :: Processing Time: 0.0661 seconds
2025-01-03 14:36:02,543 [__main__] [INFO] :: ----------------------------------------------------------------------------------------------------
2025-01-03 14:36:11,964 [__main__] [INFO] :: Received message: 배달료는 얼마야
2025-01-03 14:36:11,986 [__main__] [INFO] :: Intent ID: 23
2025-01-03 14:36:12,031 [__main__] [INFO] :: Response: 저희 매장의 배달비는 최소 1500원이며, 최소 주문 금액은 9900원입니다.
2025-01-03 14:36:12,031 [__main__] [INFO] :: Processing Time: 0.0664 seconds
2025-01-03 14:36:12,031 [__main__] [INFO] :: ----------------------------------------------------------------------------------------------------
2025-01-03 14:36:22,349 [__main__] [INFO] :: Received message: 카드 결제 가능해
2025-01-03 14:36:22,370 [__main__] [INFO] :: Intent ID: 14
2025-01-03 14:36:22,440 [__main__] [INFO] :: Response: 저희 매장에서는 신용카드 결제 방식으로 계산이 가능합니다.
2025-01-03 14:36:22,440 [__main__] [INFO] :: Processing Time: 0.0911 seconds
2025-01-03 14:36:22,440 [__main__] [INFO] :: ----------------------------------------------------------------------------------------------------
2025-01-03 14:36:31,861 [__main__] [INFO] :: Received message: 결제 가능한 수단 뭐 뭐 있어
2025-01-03 14:36:31,885 [__main__] [INFO] :: Intent ID: 13
2025-01-03 14:36:31,930 [__main__] [INFO] :: Response: 저희 매장은 신용카드, 현금, 모바일상품권, 간편결제 방식으로 결제가 가능하며, 간편 결제로는 네이버페이를 지원합니다.
2025-01-03 14:36:31,930 [__main__] [INFO] :: Processing Time: 0.0693 seconds
2025-01-03 14:36:31,930 [__main__] [INFO] :: ----------------------------------------------------------------------------------------------------
2025-01-03 14:36:45,992 [__main__] [INFO] :: Received message: 카카오페이는 안 돼
2025-01-03 14:36:46,014 [__main__] [INFO] :: Intent ID: 14
2025-01-03 14:36:46,083 [__main__] [INFO] :: Response: 저희 매장에서는 카카오페이는 결제 방식으로 계산이 불가능합니다.
2025-01-03 14:36:46,084 [__main__] [INFO] :: Processing Time: 0.0914 seconds
2025-01-03 14:36:46,084 [__main__] [INFO] :: ----------------------------------------------------------------------------------------------------
2025-01-03 14:36:55,266 [__main__] [INFO] :: Received message: 몇 시까지 영업해
2025-01-03 14:36:55,287 [__main__] [INFO] :: Intent ID: 16
2025-01-03 14:36:55,332 [__main__] [INFO] :: Response: 저희 매장은 11시부터 20시30분까지 영업합니다. 자세한 문의는 언제든 물어보세요.
2025-01-03 14:36:55,332 [__main__] [INFO] :: Processing Time: 0.0665 seconds
2025-01-03 14:36:55,332 [__main__] [INFO] :: ----------------------------------------------------------------------------------------------------
2025-01-03 14:37:06,460 [__main__] [INFO] :: Received message: 브레이크 타임은 언젠데
2025-01-03 14:37:06,482 [__main__] [INFO] :: Intent ID: 17
2025-01-03 14:37:06,527 [__main__] [INFO] :: Response: 저희 매장은 14시부터 16시30분까지 브레이크 타임입니다.
2025-01-03 14:37:06,527 [__main__] [INFO] :: Processing Time: 0.0679 seconds
2025-01-03 14:37:06,527 [__main__] [INFO] :: ----------------------------------------------------------------------------------------------------
2025-01-03 14:37:15,514 [__main__] [INFO] :: Received message: 토요일에도 영업해
2025-01-03 14:37:15,538 [__main__] [INFO] :: Intent ID: 21
2025-01-03 14:37:15,608 [__main__] [INFO] :: Response: 저희 매장은 토요일에 영업 합니다. 11시부터 20시 30분까지 방문하실 수 있어요.
2025-01-03 14:37:15,609 [__main__] [INFO] :: Processing Time: 0.0948 seconds
2025-01-03 14:37:15,609 [__main__] [INFO] :: ----------------------------------------------------------------------------------------------------
2025-01-03 14:37:26,023 [__main__] [INFO] :: Received message: 휴무일은 언제야
2025-01-03 14:37:26,046 [__main__] [INFO] :: Intent ID: 18
2025-01-03 14:37:26,091 [__main__] [INFO] :: Response: 저희 매장의 휴무일은 매주 화요일이며, 영업일은 매주 수요일부터 월요일입니다.
2025-01-03 14:37:26,091 [__main__] [INFO] :: Processing Time: 0.0680 seconds
2025-01-03 14:37:26,091 [__main__] [INFO] :: ----------------------------------------------------------------------------------------------------
2025-01-03 14:37:36,548 [__main__] [INFO] :: Received message: 그럼 화요일에는 영업 안 하는 거야
2025-01-03 14:37:36,570 [__main__] [INFO] :: Intent ID: 21
2025-01-03 14:37:36,640 [__main__] [INFO] :: Response: 저희 매장은 화요일에 영업 안합니다. 수요일에서 월요일 11시부터 20시 30분까지 방문하실 수 있어요.
2025-01-03 14:37:36,640 [__main__] [INFO] :: Processing Time: 0.0924 seconds
2025-01-03 14:37:36,640 [__main__] [INFO] :: ----------------------------------------------------------------------------------------------------
2025-01-03 14:37:50,040 [__main__] [INFO] :: Received message: 배달 가능한 지역은 어디야
2025-01-03 14:37:50,065 [__main__] [INFO] :: Intent ID: 22
2025-01-03 14:37:50,109 [__main__] [INFO] :: Response: 반경 1.5키로미터 이내 지역에서 배달이 가능합니다.
2025-01-03 14:37:50,109 [__main__] [INFO] :: Processing Time: 0.0697 seconds
2025-01-03 14:37:50,109 [__main__] [INFO] :: ----------------------------------------------------------------------------------------------------
2025-01-03 14:37:58,349 [__main__] [INFO] :: Received message: 주소가 어떻게 되는데
2025-01-03 14:37:58,372 [__main__] [INFO] :: Intent ID: 27
2025-01-03 14:37:58,417 [__main__] [INFO] :: Response: 저희 매장 주소는 경기 구리시 검배로6번길 27입니다. 참고하시라고 지도 링크를 보내드릴게요.
2025-01-03 14:37:58,417 [__main__] [INFO] :: Processing Time: 0.0676 seconds
2025-01-03 14:37:58,417 [__main__] [INFO] :: ----------------------------------------------------------------------------------------------------
2025-01-03 14:38:11,507 [__main__] [INFO] :: Received message: 지하철 타고 가려면 어떻게 해야 돼
2025-01-03 14:38:11,533 [__main__] [INFO] :: Intent ID: 28
2025-01-03 14:38:11,573 [__main__] [INFO] :: Response: 더 정확히 안내드리기 위해 지도 링크를 보내드렸습니다.
2025-01-03 14:38:11,573 [__main__] [INFO] :: Processing Time: 0.0664 seconds
2025-01-03 14:38:11,573 [__main__] [INFO] :: ----------------------------------------------------------------------------------------------------
2025-01-03 14:38:21,475 [__main__] [INFO] :: Received message: 지금 가면 바로 먹을 수 있어
2025-01-03 14:38:21,498 [__main__] [INFO] :: Intent ID: 25
2025-01-03 14:38:21,543 [__main__] [INFO] :: Response: 현재 4개의 테이블이 비어 있어요. 바로 이용하실 수 있습니다.
2025-01-03 14:38:21,543 [__main__] [INFO] :: Processing Time: 0.0685 seconds
2025-01-03 14:38:21,543 [__main__] [INFO] :: ----------------------------------------------------------------------------------------------------
2025-01-03 14:38:32,154 [__main__] [INFO] :: Received message: 테이블이 총 몇 개 있어
2025-01-03 14:38:32,177 [__main__] [INFO] :: Intent ID: 30
2025-01-03 14:38:32,222 [__main__] [INFO] :: Response: 저희 매장은 총 9개의 테이블이 있으며, 최대 36명까지 수용 가능합니다.
2025-01-03 14:38:32,222 [__main__] [INFO] :: Processing Time: 0.0678 seconds
2025-01-03 14:38:32,222 [__main__] [INFO] :: ----------------------------------------------------------------------------------------------------
2025-01-03 14:38:42,932 [__main__] [INFO] :: Received message: 룸도 있어
2025-01-03 14:38:42,956 [__main__] [INFO] :: Intent ID: 32
2025-01-03 14:38:43,001 [__main__] [INFO] :: Response: 저희 매장에는 특별 좌석으로 룸 6개와 야외 좌석 3개가 준비되어 있습니다.
2025-01-03 14:38:43,001 [__main__] [INFO] :: Processing Time: 0.0693 seconds
2025-01-03 14:38:43,001 [__main__] [INFO] :: ----------------------------------------------------------------------------------------------------
2025-01-03 14:38:54,465 [__main__] [INFO] :: Received message: 멤버십 혜택은 뭐 있어
2025-01-03 14:38:54,487 [__main__] [INFO] :: Intent ID: 35
2025-01-03 14:38:54,526 [__main__] [INFO] :: Response: 멤버십 가입 시 포인트 적립과 쿠폰 혜택을 받을 수 있습니다.
2025-01-03 14:38:54,526 [__main__] [INFO] :: Processing Time: 0.0620 seconds
2025-01-03 14:38:54,527 [__main__] [INFO] :: ----------------------------------------------------------------------------------------------------
2025-01-03 14:39:03,312 [__main__] [INFO] :: Received message: 포인트 적립은 어떻게 하는 거야
2025-01-03 14:39:03,335 [__main__] [INFO] :: Intent ID: 36
2025-01-03 14:39:03,379 [__main__] [INFO] :: Response: 구매 금액의 4%가 포인트로 적립됩니다.
2025-01-03 14:39:03,379 [__main__] [INFO] :: Processing Time: 0.0680 seconds
2025-01-03 14:39:03,380 [__main__] [INFO] :: ----------------------------------------------------------------------------------------------------
2025-01-03 14:39:11,142 [__main__] [INFO] :: Received message: 포인트 사용은 어떻게 해
2025-01-03 14:39:11,165 [__main__] [INFO] :: Intent ID: 37
2025-01-03 14:39:11,209 [__main__] [INFO] :: Response: 저희 매장에서는 1000점 이상의 포인트를 사용할 수 있습니다.
2025-01-03 14:39:11,209 [__main__] [INFO] :: Processing Time: 0.0673 seconds
2025-01-03 14:39:11,209 [__main__] [INFO] :: ----------------------------------------------------------------------------------------------------
2025-01-03 14:39:19,793 [__main__] [INFO] :: Received message: 쿠폰도 줘
2025-01-03 14:39:19,817 [__main__] [INFO] :: Intent ID: 38
2025-01-03 14:39:19,862 [__main__] [INFO] :: Response: 스탬프 10개 적립 시 할인쿠폰을 발급받으실 수 있습니다.
2025-01-03 14:39:19,862 [__main__] [INFO] :: Processing Time: 0.0691 seconds
2025-01-03 14:39:19,862 [__main__] [INFO] :: ----------------------------------------------------------------------------------------------------
2025-01-03 14:39:28,822 [__main__] [INFO] :: Received message: 할인 쿠폰은 얼마나 할인해 주는데
2025-01-03 14:39:28,845 [__main__] [INFO] :: Intent ID: 39
2025-01-03 14:39:28,890 [__main__] [INFO] :: Response: 9000원 이상 구매 시 쿠폰을 사용할 수 있으며, 쿠폰은 현금처럼 사용 가능합니다.
2025-01-03 14:39:28,890 [__main__] [INFO] :: Processing Time: 0.0682 seconds
2025-01-03 14:39:28,890 [__main__] [INFO] :: ----------------------------------------------------------------------------------------------------
2025-01-03 14:39:42,875 [__main__] [INFO] :: Received message: 고마워
2025-01-03 14:39:42,903 [__main__] [INFO] :: Intent ID: 45
2025-01-03 14:39:42,943 [__main__] [INFO] :: Response: 이용해 주셔서 감사합니다. 추가 문의가 있으면 언제든 연락주세요.
2025-01-03 14:39:42,943 [__main__] [INFO] :: Processing Time: 0.0687 seconds
2025-01-03 14:39:42,944 [__main__] [INFO] :: ----------------------------------------------------------------------------------------------------
2025-01-03 14:39:52,584 [__main__] [INFO] :: Received message: 내일 날씨는 어때
2025-01-03 14:39:52,608 [__main__] [INFO] :: Intent ID: 47
2025-01-03 14:39:52,649 [__main__] [INFO] :: Response: 죄송합니다, 요청하신 정보를 바로 확인하기 어려워요.
2025-01-03 14:39:52,649 [__main__] [INFO] :: Processing Time: 0.0646 seconds
2025-01-03 14:39:52,649 [__main__] [INFO] :: ----------------------------------------------------------------------------------------------------
2025-01-03 14:40:01,558 [__main__] [INFO] :: Received message: 장원영은 키가 몇이야
2025-01-03 14:40:01,582 [__main__] [INFO] :: Intent ID: 2
2025-01-03 14:40:01,622 [__main__] [INFO] :: Response: 자세한 메뉴 사진과 정보가 적혀있는 QR 주문링크를 전송해드렸어요. 스마트폰으로 편하게 확인해 보세요!
2025-01-03 14:40:01,622 [__main__] [INFO] :: Processing Time: 0.0636 seconds
2025-01-03 14:40:01,622 [__main__] [INFO] :: ----------------------------------------------------------------------------------------------------
2025-01-03 14:40:18,143 [__main__] [INFO] :: Received message: 올해가 몇 년도야
2025-01-03 14:40:18,169 [__main__] [INFO] :: Intent ID: 17
2025-01-03 14:40:18,214 [__main__] [INFO] :: Response: 저희 매장은 14시부터 16시30분까지 브레이크 타임입니다.
2025-01-03 14:40:18,214 [__main__] [INFO] :: Processing Time: 0.0707 seconds
2025-01-03 14:40:18,214 [__main__] [INFO] :: ----------------------------------------------------------------------------------------------------
2025-01-03 14:40:32,150 [__main__] [INFO] :: Received message: 대표님 이름이 뭐야
2025-01-03 14:40:32,174 [__main__] [INFO] :: Intent ID: 5
2025-01-03 14:40:32,218 [__main__] [INFO] :: Response: 저희 매장의 대표 메뉴는 볶음짬뽕이고, 이는 대표 메뉴로 인기 있어요.
2025-01-03 14:40:32,218 [__main__] [INFO] :: Processing Time: 0.0686 seconds
2025-01-03 14:40:32,218 [__main__] [INFO] :: ----------------------------------------------------------------------------------------------------
2025-01-03 14:40:49,032 [__main__] [INFO] :: Received message: 이제 끊을게 고마워
2025-01-03 14:40:49,056 [__main__] [INFO] :: Intent ID: 45
2025-01-03 14:40:49,099 [__main__] [INFO] :: Response: 이용해 주셔서 감사합니다. 추가 문의가 있으면 언제든 연락주세요.
2025-01-03 14:40:49,099 [__main__] [INFO] :: Processing Time: 0.0667 seconds
2025-01-03 14:40:49,099 [__main__] [INFO] :: ----------------------------------------------------------------------------------------------------
2025-01-03 14:40:59,859 [__main__] [INFO] :: Received message: 안녕
2025-01-03 14:40:59,884 [__main__] [INFO] :: Intent ID: 46
2025-01-03 14:40:59,929 [__main__] [INFO] :: Response: 안녕하세요! 홍콩반점입니다. 어떤 문의를 도와드릴까요?
2025-01-03 14:40:59,929 [__main__] [INFO] :: Processing Time: 0.0709 seconds
2025-01-03 14:40:59,929 [__main__] [INFO] :: ----------------------------------------------------------------------------------------------------
2025-01-03 14:41:14,121 [__main__] [INFO] :: Received message: 네 명이서 갈 건데 예약 가능해
2025-01-03 14:41:14,145 [__main__] [INFO] :: Intent ID: 44
2025-01-03 14:41:14,186 [__main__] [INFO] :: Response: 확인 후 다시 연락드리겠습니다.
2025-01-03 14:41:14,186 [__main__] [INFO] :: Processing Time: 0.0656 seconds
2025-01-03 14:41:14,186 [__main__] [INFO] :: ----------------------------------------------------------------------------------------------------
2025-01-03 14:41:22,018 [__main__] [INFO] :: Received message: 지금 가면 바로 먹을 수 있어
2025-01-03 14:41:22,039 [__main__] [INFO] :: Intent ID: 25
2025-01-03 14:41:22,083 [__main__] [INFO] :: Response: 현재 4개의 테이블이 비어 있어요. 바로 이용하실 수 있습니다.
2025-01-03 14:41:22,083 [__main__] [INFO] :: Processing Time: 0.0661 seconds
2025-01-03 14:41:22,083 [__main__] [INFO] :: ----------------------------------------------------------------------------------------------------
2025-01-03 14:41:30,870 [__main__] [INFO] :: Received message: 인기 많은 거 뭐야
2025-01-03 14:41:30,894 [__main__] [INFO] :: Intent ID: 3
2025-01-03 14:41:30,938 [__main__] [INFO] :: Response: 요즘 쟁반짜장 메뉴가 가장 인기 있는 메뉴입니다.
2025-01-03 14:41:30,938 [__main__] [INFO] :: Processing Time: 0.0686 seconds
2025-01-03 14:41:30,938 [__main__] [INFO] :: ----------------------------------------------------------------------------------------------------
2025-01-03 14:41:38,541 [__main__] [INFO] :: Received message: 탕수육은 얼마야
2025-01-03 14:41:38,563 [__main__] [INFO] :: Intent ID: 1
2025-01-03 14:41:38,634 [__main__] [INFO] :: Response: 탕수육의 가격은 18800원이에요. 더 자세한 내용은 문자로 발송된 메뉴판을 참고해주세요!
2025-01-03 14:41:38,634 [__main__] [INFO] :: Processing Time: 0.0930 seconds
2025-01-03 14:41:38,634 [__main__] [INFO] :: ----------------------------------------------------------------------------------------------------
2025-01-03 14:41:50,559 [__main__] [INFO] :: Received message: 짬뽕은 얼마야
2025-01-03 14:41:50,583 [__main__] [INFO] :: Intent ID: 1
2025-01-03 14:41:50,654 [__main__] [INFO] :: Response: 짬뽕의 가격은 7800원이에요. 더 자세한 내용은 문자로 발송된 메뉴판을 참고해주세요!
2025-01-03 14:41:50,654 [__main__] [INFO] :: Processing Time: 0.0958 seconds
2025-01-03 14:41:50,654 [__main__] [INFO] :: ----------------------------------------------------------------------------------------------------
2025-01-03 14:42:02,084 [__main__] [INFO] :: Received message: 메뉴 좀 추천해 줘 봐
2025-01-03 14:42:02,110 [__main__] [INFO] :: Intent ID: 4
2025-01-03 14:42:02,161 [__main__] [INFO] :: Response: 개인적으로 고추짬뽕 메뉴를 추천 드립니다.
2025-01-03 14:42:02,161 [__main__] [INFO] :: Processing Time: 0.0774 seconds
2025-01-03 14:42:02,161 [__main__] [INFO] :: ----------------------------------------------------------------------------------------------------
2025-01-03 14:42:10,716 [__main__] [INFO] :: Received message: 또 매운 메뉴 있어
2025-01-03 14:42:10,739 [__main__] [INFO] :: Intent ID: 10
2025-01-03 14:42:10,784 [__main__] [INFO] :: Response: 매운맛을 좋아하신다면 볶음짬뽕 메뉴를 추천드려요!
2025-01-03 14:42:10,785 [__main__] [INFO] :: Processing Time: 0.0688 seconds
2025-01-03 14:42:10,785 [__main__] [INFO] :: ----------------------------------------------------------------------------------------------------
2025-01-03 14:42:19,825 [__main__] [INFO] :: Received message: 가서 주문은 어떻게 해
2025-01-03 14:42:19,847 [__main__] [INFO] :: Intent ID: 11
2025-01-03 14:42:20,005 [__main__] [INFO] :: Response: 매장에서 포스, 키오스크, 테이블오더를 통해 주문하실 수 있습니다.
2025-01-03 14:42:20,005 [__main__] [INFO] :: Processing Time: 0.1806 seconds
2025-01-03 14:42:20,005 [__main__] [INFO] :: ----------------------------------------------------------------------------------------------------
2025-01-03 14:42:29,030 [__main__] [INFO] :: Received message: 배달도 가능해
2025-01-03 14:42:29,052 [__main__] [INFO] :: Intent ID: 12
2025-01-03 14:42:29,096 [__main__] [INFO] :: Response: 주문하신 상품은 매장방문, 포장, 배달 방식으로 전달됩니다.
2025-01-03 14:42:29,096 [__main__] [INFO] :: Processing Time: 0.0666 seconds
2025-01-03 14:42:29,096 [__main__] [INFO] :: ----------------------------------------------------------------------------------------------------
2025-01-03 14:42:40,295 [__main__] [INFO] :: Received message: 카드 결제 가능해
2025-01-03 14:42:40,317 [__main__] [INFO] :: Intent ID: 14
2025-01-03 14:42:40,387 [__main__] [INFO] :: Response: 저희 매장에서는 신용카드 결제 방식으로 계산이 가능합니다.
2025-01-03 14:42:40,387 [__main__] [INFO] :: Processing Time: 0.0927 seconds
2025-01-03 14:42:40,387 [__main__] [INFO] :: ----------------------------------------------------------------------------------------------------
2025-01-03 14:42:50,276 [__main__] [INFO] :: Received message: 결제 수단은 뭐 뭐 가능한데
2025-01-03 14:42:50,298 [__main__] [INFO] :: Intent ID: 13
2025-01-03 14:42:50,343 [__main__] [INFO] :: Response: 저희 매장은 신용카드, 현금, 모바일상품권, 간편결제 방식으로 결제가 가능하며, 간편 결제로는 네이버페이를 지원합니다.
2025-01-03 14:42:50,343 [__main__] [INFO] :: Processing Time: 0.0670 seconds
2025-01-03 14:42:50,343 [__main__] [INFO] :: ----------------------------------------------------------------------------------------------------
2025-01-03 14:43:04,518 [__main__] [INFO] :: Received message: 카카오페이는 안 돼
2025-01-03 14:43:04,539 [__main__] [INFO] :: Intent ID: 14
2025-01-03 14:43:04,610 [__main__] [INFO] :: Response: 저희 매장에서는 카카오페이는 결제 방식으로 계산이 불가능합니다.
2025-01-03 14:43:04,610 [__main__] [INFO] :: Processing Time: 0.0917 seconds
2025-01-03 14:43:04,610 [__main__] [INFO] :: ----------------------------------------------------------------------------------------------------
2025-01-03 14:43:17,060 [__main__] [INFO] :: Received message: 언제까지 영업해
2025-01-03 14:43:17,082 [__main__] [INFO] :: Intent ID: 16
2025-01-03 14:43:17,128 [__main__] [INFO] :: Response: 저희 매장은 11시부터 20시30분까지 영업합니다. 자세한 문의는 언제든 물어보세요.
2025-01-03 14:43:17,128 [__main__] [INFO] :: Processing Time: 0.0682 seconds
2025-01-03 14:43:17,128 [__main__] [INFO] :: ----------------------------------------------------------------------------------------------------
2025-01-03 14:43:28,238 [__main__] [INFO] :: Received message: 브레이크 타임은 언젠데
2025-01-03 14:43:28,259 [__main__] [INFO] :: Intent ID: 17
2025-01-03 14:43:28,304 [__main__] [INFO] :: Response: 저희 매장은 14시부터 16시30분까지 브레이크 타임입니다.
2025-01-03 14:43:28,304 [__main__] [INFO] :: Processing Time: 0.0659 seconds
2025-01-03 14:43:28,304 [__main__] [INFO] :: ----------------------------------------------------------------------------------------------------
2025-01-03 14:43:40,803 [__main__] [INFO] :: Received message: 수요일에 영업해
2025-01-03 14:43:40,824 [__main__] [INFO] :: Intent ID: 21
2025-01-03 14:43:40,893 [__main__] [INFO] :: Response: 저희 매장은 수요일에 영업 합니다. 11시부터 20시 30분까지 방문하실 수 있어요.
2025-01-03 14:43:40,893 [__main__] [INFO] :: Processing Time: 0.0903 seconds
2025-01-03 14:43:40,893 [__main__] [INFO] :: ----------------------------------------------------------------------------------------------------
2025-01-03 14:43:51,253 [__main__] [INFO] :: Received message: 휴무일은 언젠데
2025-01-03 14:43:51,275 [__main__] [INFO] :: Intent ID: 18
2025-01-03 14:43:51,320 [__main__] [INFO] :: Response: 저희 매장의 휴무일은 매주 화요일이며, 영업일은 매주 수요일부터 월요일입니다.
2025-01-03 14:43:51,320 [__main__] [INFO] :: Processing Time: 0.0673 seconds
2025-01-03 14:43:51,320 [__main__] [INFO] :: ----------------------------------------------------------------------------------------------------
2025-01-03 14:44:01,564 [__main__] [INFO] :: Received message: 그럼 화요일은 영어 말하는 거야
2025-01-03 14:44:01,589 [__main__] [INFO] :: Intent ID: 21
2025-01-03 14:44:01,658 [__main__] [INFO] :: Response: 저희 매장은 화요일에 영업 안합니다. 수요일에서 월요일 11시부터 20시 30분까지 방문하실 수 있어요.
2025-01-03 14:44:01,658 [__main__] [INFO] :: Processing Time: 0.0945 seconds
2025-01-03 14:44:01,658 [__main__] [INFO] :: ----------------------------------------------------------------------------------------------------
2025-01-03 14:44:14,854 [__main__] [INFO] :: Received message: 신사동인데 배달 가능해
2025-01-03 14:44:14,875 [__main__] [INFO] :: Intent ID: 22
2025-01-03 14:44:14,919 [__main__] [INFO] :: Response: 반경 1.5키로미터 이내 지역에서 배달이 가능합니다.
2025-01-03 14:44:14,919 [__main__] [INFO] :: Processing Time: 0.0653 seconds
2025-01-03 14:44:14,919 [__main__] [INFO] :: ----------------------------------------------------------------------------------------------------
2025-01-03 14:44:22,842 [__main__] [INFO] :: Received message: 주소가 어디 있는데
2025-01-03 14:44:22,866 [__main__] [INFO] :: Intent ID: 27
2025-01-03 14:44:22,910 [__main__] [INFO] :: Response: 저희 매장 주소는 경기 구리시 검배로6번길 27입니다. 참고하시라고 지도 링크를 보내드릴게요.
2025-01-03 14:44:22,910 [__main__] [INFO] :: Processing Time: 0.0684 seconds
2025-01-03 14:44:22,910 [__main__] [INFO] :: ----------------------------------------------------------------------------------------------------
2025-01-03 14:44:34,997 [__main__] [INFO] :: Received message: 배달료는 얼마야
2025-01-03 14:44:35,022 [__main__] [INFO] :: Intent ID: 23
2025-01-03 14:44:35,067 [__main__] [INFO] :: Response: 저희 매장의 배달비는 최소 1500원이며, 최소 주문 금액은 9900원입니다.
2025-01-03 14:44:35,067 [__main__] [INFO] :: Processing Time: 0.0696 seconds
2025-01-03 14:44:35,067 [__main__] [INFO] :: ----------------------------------------------------------------------------------------------------
2025-01-03 14:44:46,255 [__main__] [INFO] :: Received message: 지금 가면 먹을 수 있어
2025-01-03 14:44:46,278 [__main__] [INFO] :: Intent ID: 25
2025-01-03 14:44:46,322 [__main__] [INFO] :: Response: 현재 4개의 테이블이 비어 있어요. 바로 이용하실 수 있습니다.
2025-01-03 14:44:46,323 [__main__] [INFO] :: Processing Time: 0.0682 seconds
2025-01-03 14:44:46,323 [__main__] [INFO] :: ----------------------------------------------------------------------------------------------------
2025-01-03 14:44:55,975 [__main__] [INFO] :: Received message: 테이블이 총 몇 개인데
2025-01-03 14:44:56,000 [__main__] [INFO] :: Intent ID: 30
2025-01-03 14:44:56,046 [__main__] [INFO] :: Response: 저희 매장은 총 9개의 테이블이 있으며, 최대 36명까지 수용 가능합니다.
2025-01-03 14:44:56,046 [__main__] [INFO] :: Processing Time: 0.0716 seconds
2025-01-03 14:44:56,047 [__main__] [INFO] :: ----------------------------------------------------------------------------------------------------
2025-01-03 14:45:07,336 [__main__] [INFO] :: Received message: 지하철 타고 갈 수 있어
2025-01-03 14:45:07,360 [__main__] [INFO] :: Intent ID: 28
2025-01-03 14:45:07,401 [__main__] [INFO] :: Response: 더 정확히 안내드리기 위해 지도 링크를 보내드렸습니다.
2025-01-03 14:45:07,401 [__main__] [INFO] :: Processing Time: 0.0660 seconds
2025-01-03 14:45:07,401 [__main__] [INFO] :: ----------------------------------------------------------------------------------------------------
2025-01-03 14:45:17,336 [__main__] [INFO] :: Received message: 룸도 있어
2025-01-03 14:45:17,359 [__main__] [INFO] :: Intent ID: 32
2025-01-03 14:45:17,404 [__main__] [INFO] :: Response: 저희 매장에는 특별 좌석으로 룸 6개와 야외 좌석 3개가 준비되어 있습니다.
2025-01-03 14:45:17,404 [__main__] [INFO] :: Processing Time: 0.0688 seconds
2025-01-03 14:45:17,404 [__main__] [INFO] :: ----------------------------------------------------------------------------------------------------
2025-01-03 14:45:28,670 [__main__] [INFO] :: Received message: 멤버십도 있어
2025-01-03 14:45:28,691 [__main__] [INFO] :: Intent ID: 40
2025-01-03 14:45:28,725 [__main__] [INFO] :: Response: 멤버십, 포인트 및 쿠폰 관련 문의는 확인 후 다시 안내드리겠습니다.
2025-01-03 14:45:28,725 [__main__] [INFO] :: Processing Time: 0.0555 seconds
2025-01-03 14:45:28,725 [__main__] [INFO] :: ----------------------------------------------------------------------------------------------------
2025-01-03 14:45:38,714 [__main__] [INFO] :: Received message: 포인트 적립해 줘
2025-01-03 14:45:38,738 [__main__] [INFO] :: Intent ID: 36
2025-01-03 14:45:38,783 [__main__] [INFO] :: Response: 구매 금액의 4%가 포인트로 적립됩니다.
2025-01-03 14:45:38,783 [__main__] [INFO] :: Processing Time: 0.0690 seconds
2025-01-03 14:45:38,783 [__main__] [INFO] :: ----------------------------------------------------------------------------------------------------
2025-01-03 14:45:47,484 [__main__] [INFO] :: Received message: 포인트는 얼마부터 쓸 수 있는데
2025-01-03 14:45:47,507 [__main__] [INFO] :: Intent ID: 37
2025-01-03 14:45:47,552 [__main__] [INFO] :: Response: 저희 매장에서는 1000점 이상의 포인트를 사용할 수 있습니다.
2025-01-03 14:45:47,552 [__main__] [INFO] :: Processing Time: 0.0677 seconds
2025-01-03 14:45:47,552 [__main__] [INFO] :: ----------------------------------------------------------------------------------------------------
2025-01-03 14:45:55,883 [__main__] [INFO] :: Received message: 쿠폰도 줘
2025-01-03 14:45:55,906 [__main__] [INFO] :: Intent ID: 38
2025-01-03 14:45:55,952 [__main__] [INFO] :: Response: 스탬프 10개 적립 시 할인쿠폰을 발급받으실 수 있습니다.
2025-01-03 14:45:55,952 [__main__] [INFO] :: Processing Time: 0.0687 seconds
2025-01-03 14:45:55,952 [__main__] [INFO] :: ----------------------------------------------------------------------------------------------------
2025-01-03 14:46:05,222 [__main__] [INFO] :: Received message: 지금 진행 중인 이벤트 있어
2025-01-03 14:46:05,246 [__main__] [INFO] :: Intent ID: 41
2025-01-03 14:46:05,290 [__main__] [INFO] :: Response: 현재 진행 중인 이벤트는 볶음짬뽕 할인입니다. 스마트주문 앱에서 더 자세히 확인하세요.
2025-01-03 14:46:05,290 [__main__] [INFO] :: Processing Time: 0.0677 seconds
2025-01-03 14:46:05,290 [__main__] [INFO] :: ----------------------------------------------------------------------------------------------------
2025-01-03 14:46:16,036 [__main__] [INFO] :: Received message: 고마워
2025-01-03 14:46:16,058 [__main__] [INFO] :: Intent ID: 45
2025-01-03 14:46:16,098 [__main__] [INFO] :: Response: 이용해 주셔서 감사합니다. 추가 문의가 있으면 언제든 연락주세요.
2025-01-03 14:46:16,098 [__main__] [INFO] :: Processing Time: 0.0623 seconds
2025-01-03 14:46:16,098 [__main__] [INFO] :: ----------------------------------------------------------------------------------------------------
2025-01-03 14:48:48,775 [__main__] [INFO] :: Received message: 짜장면 얼마야
2025-01-03 14:48:48,798 [__main__] [INFO] :: Intent ID: 1
2025-01-03 14:48:48,870 [__main__] [INFO] :: Response: 짜장의 가격은 6500원이에요. 더 자세한 내용은 문자로 발송된 메뉴판을 참고해주세요!
2025-01-03 14:48:48,870 [__main__] [INFO] :: Processing Time: 0.0951 seconds
2025-01-03 14:48:48,870 [__main__] [INFO] :: ----------------------------------------------------------------------------------------------------
2025-01-03 14:48:59,404 [__main__] [INFO] :: Received message: 뭐 뭐 팔아
2025-01-03 14:48:59,430 [__main__] [INFO] :: Intent ID: 0
2025-01-03 14:48:59,475 [__main__] [INFO] :: Response: 저희 매장에는 면류, 반반메뉴, 밥류, 사이드, 세트메뉴, 주류, 튀김류의 메뉴 종류들이 있어요.
2025-01-03 14:48:59,475 [__main__] [INFO] :: Processing Time: 0.0714 seconds
2025-01-03 14:48:59,475 [__main__] [INFO] :: ----------------------------------------------------------------------------------------------------
2025-01-03 14:49:12,321 [__main__] [INFO] :: Received message: 박 종류는 뭐 뭐 있는데
2025-01-03 14:49:12,343 [__main__] [INFO] :: Intent ID: 2
2025-01-03 14:49:12,382 [__main__] [INFO] :: Response: 자세한 메뉴 사진과 정보가 적혀있는 QR 주문링크를 전송해드렸어요. 스마트폰으로 편하게 확인해 보세요!
2025-01-03 14:49:12,382 [__main__] [INFO] :: Processing Time: 0.0620 seconds
2025-01-03 14:49:12,383 [__main__] [INFO] :: ----------------------------------------------------------------------------------------------------
2025-01-03 14:49:23,983 [__main__] [INFO] :: Received message: 짬뽕 얼마야
2025-01-03 14:49:24,003 [__main__] [INFO] :: Intent ID: 1
2025-01-03 14:49:24,078 [__main__] [INFO] :: Response: 짬뽕의 가격은 7800원이에요. 더 자세한 내용은 문자로 발송된 메뉴판을 참고해주세요!
2025-01-03 14:49:24,078 [__main__] [INFO] :: Processing Time: 0.0957 seconds
2025-01-03 14:49:24,078 [__main__] [INFO] :: ----------------------------------------------------------------------------------------------------
2025-01-03 14:49:35,380 [__main__] [INFO] :: Received message: 대표 메뉴가 뭐야
2025-01-03 14:49:35,406 [__main__] [INFO] :: Intent ID: 5
2025-01-03 14:49:35,451 [__main__] [INFO] :: Response: 저희 매장의 대표 메뉴는 냉짬뽕이고, 이는 대표 메뉴로 인기 있어요.
2025-01-03 14:49:35,451 [__main__] [INFO] :: Processing Time: 0.0717 seconds
2025-01-03 14:49:35,451 [__main__] [INFO] :: ----------------------------------------------------------------------------------------------------
2025-01-03 14:49:46,290 [__main__] [INFO] :: Received message: 할인 메뉴는 뭐 있어
2025-01-03 14:49:46,314 [__main__] [INFO] :: Intent ID: 6
2025-01-03 14:49:46,359 [__main__] [INFO] :: Response: 현재 할인 중인 메뉴는 1인세트입니다.
2025-01-03 14:49:46,359 [__main__] [INFO] :: Processing Time: 0.0691 seconds
2025-01-03 14:49:46,359 [__main__] [INFO] :: ----------------------------------------------------------------------------------------------------
2025-01-03 14:49:55,456 [__main__] [INFO] :: Received message: 매운 거는 뭐 뭐 팔아
2025-01-03 14:49:55,478 [__main__] [INFO] :: Intent ID: 10
2025-01-03 14:49:55,523 [__main__] [INFO] :: Response: 매운맛을 좋아하신다면 고추짬뽕 메뉴를 추천드려요!
2025-01-03 14:49:55,524 [__main__] [INFO] :: Processing Time: 0.0677 seconds
2025-01-03 14:49:55,524 [__main__] [INFO] :: ----------------------------------------------------------------------------------------------------
2025-01-03 14:50:04,676 [__main__] [INFO] :: Received message: 가서 주문은 어떻게 해
2025-01-03 14:50:04,696 [__main__] [INFO] :: Intent ID: 11
2025-01-03 14:50:04,740 [__main__] [INFO] :: Response: 매장에서 포스, 키오스크, 테이블오더를 통해 주문하실 수 있습니다.
2025-01-03 14:50:04,740 [__main__] [INFO] :: Processing Time: 0.0649 seconds
2025-01-03 14:50:04,740 [__main__] [INFO] :: ----------------------------------------------------------------------------------------------------
2025-01-03 14:50:14,568 [__main__] [INFO] :: Received message: 테이블 오더가 있는 거야
2025-01-03 14:50:14,593 [__main__] [INFO] :: Intent ID: 11
2025-01-03 14:50:14,637 [__main__] [INFO] :: Response: 매장에서 포스, 키오스크, 테이블오더를 통해 주문하실 수 있습니다.
2025-01-03 14:50:14,637 [__main__] [INFO] :: Processing Time: 0.0699 seconds
2025-01-03 14:50:14,637 [__main__] [INFO] :: ----------------------------------------------------------------------------------------------------
2025-01-03 14:50:24,075 [__main__] [INFO] :: Received message: 배달도 가능해
2025-01-03 14:50:24,098 [__main__] [INFO] :: Intent ID: 12
2025-01-03 14:50:24,142 [__main__] [INFO] :: Response: 주문하신 상품은 매장방문, 포장, 배달 방식으로 전달됩니다.
2025-01-03 14:50:24,142 [__main__] [INFO] :: Processing Time: 0.0673 seconds
2025-01-03 14:50:24,142 [__main__] [INFO] :: ----------------------------------------------------------------------------------------------------
2025-01-03 14:50:33,485 [__main__] [INFO] :: Received message: 배달료는 얼만데
2025-01-03 14:50:33,508 [__main__] [INFO] :: Intent ID: 23
2025-01-03 14:50:33,553 [__main__] [INFO] :: Response: 저희 매장의 배달비는 최소 1500원이며, 최소 주문 금액은 9900원입니다.
2025-01-03 14:50:33,553 [__main__] [INFO] :: Processing Time: 0.0685 seconds
2025-01-03 14:50:33,553 [__main__] [INFO] :: ----------------------------------------------------------------------------------------------------
2025-01-03 14:50:43,427 [__main__] [INFO] :: Received message: 카드 결제 가능해
2025-01-03 14:50:43,450 [__main__] [INFO] :: Intent ID: 14
2025-01-03 14:50:43,518 [__main__] [INFO] :: Response: 저희 매장에서는 신용카드 결제 방식으로 계산이 가능합니다.
2025-01-03 14:50:43,519 [__main__] [INFO] :: Processing Time: 0.0922 seconds
2025-01-03 14:50:43,519 [__main__] [INFO] :: ----------------------------------------------------------------------------------------------------
2025-01-03 14:50:52,805 [__main__] [INFO] :: Received message: 결제 가능한 방법 다 알려 줘
2025-01-03 14:50:52,830 [__main__] [INFO] :: Intent ID: 13
2025-01-03 14:50:52,875 [__main__] [INFO] :: Response: 저희 매장은 신용카드, 현금, 모바일상품권, 간편결제 방식으로 결제가 가능하며, 간편 결제로는 네이버페이를 지원합니다.
2025-01-03 14:50:52,875 [__main__] [INFO] :: Processing Time: 0.0703 seconds
2025-01-03 14:50:52,875 [__main__] [INFO] :: ----------------------------------------------------------------------------------------------------
2025-01-03 14:51:07,610 [__main__] [INFO] :: Received message: 카카오페이는 안 되는 거야
2025-01-03 14:51:07,631 [__main__] [INFO] :: Intent ID: 14
2025-01-03 14:51:07,701 [__main__] [INFO] :: Response: 저희 매장에서는 카카오페이는 결제 방식으로 계산이 불가능합니다.
2025-01-03 14:51:07,701 [__main__] [INFO] :: Processing Time: 0.0913 seconds
2025-01-03 14:51:07,701 [__main__] [INFO] :: ----------------------------------------------------------------------------------------------------
2025-01-03 14:51:18,698 [__main__] [INFO] :: Received message: 몇 시까지 영업해
2025-01-03 14:51:18,725 [__main__] [INFO] :: Intent ID: 16
2025-01-03 14:51:18,770 [__main__] [INFO] :: Response: 저희 매장은 11시부터 20시30분까지 영업합니다. 자세한 문의는 언제든 물어보세요.
2025-01-03 14:51:18,770 [__main__] [INFO] :: Processing Time: 0.0713 seconds
2025-01-03 14:51:18,770 [__main__] [INFO] :: ----------------------------------------------------------------------------------------------------
2025-01-03 14:51:29,652 [__main__] [INFO] :: Received message: 브레이크 타임은 언제야
2025-01-03 14:51:29,674 [__main__] [INFO] :: Intent ID: 17
2025-01-03 14:51:29,719 [__main__] [INFO] :: Response: 저희 매장은 14시부터 16시30분까지 브레이크 타임입니다.
2025-01-03 14:51:29,719 [__main__] [INFO] :: Processing Time: 0.0671 seconds
2025-01-03 14:51:29,719 [__main__] [INFO] :: ----------------------------------------------------------------------------------------------------
2025-01-03 14:51:38,661 [__main__] [INFO] :: Received message: 수요일에 영업해
2025-01-03 14:51:38,686 [__main__] [INFO] :: Intent ID: 21
2025-01-03 14:51:38,756 [__main__] [INFO] :: Response: 저희 매장은 수요일에 영업 합니다. 11시부터 20시 30분까지 방문하실 수 있어요.
2025-01-03 14:51:38,756 [__main__] [INFO] :: Processing Time: 0.0946 seconds
2025-01-03 14:51:38,756 [__main__] [INFO] :: ----------------------------------------------------------------------------------------------------
2025-01-03 14:51:49,475 [__main__] [INFO] :: Received message: 휴무일이 언젠데
2025-01-03 14:51:49,503 [__main__] [INFO] :: Intent ID: 18
2025-01-03 14:51:49,548 [__main__] [INFO] :: Response: 저희 매장의 휴무일은 매주 화요일이며, 영업일은 매주 수요일부터 월요일입니다.
2025-01-03 14:51:49,548 [__main__] [INFO] :: Processing Time: 0.0729 seconds
2025-01-03 14:51:49,548 [__main__] [INFO] :: ----------------------------------------------------------------------------------------------------
2025-01-03 14:51:59,412 [__main__] [INFO] :: Received message: 화요일에는 영업 안 하는 거야
2025-01-03 14:51:59,435 [__main__] [INFO] :: Intent ID: 21
2025-01-03 14:51:59,505 [__main__] [INFO] :: Response: 저희 매장은 화요일에 영업 안합니다. 수요일에서 월요일 11시부터 20시 30분까지 방문하실 수 있어요.
2025-01-03 14:51:59,505 [__main__] [INFO] :: Processing Time: 0.0932 seconds
2025-01-03 14:51:59,505 [__main__] [INFO] :: ----------------------------------------------------------------------------------------------------
2025-01-03 14:52:13,186 [__main__] [INFO] :: Received message: 배달 어디 어디 가능해
2025-01-03 14:52:13,210 [__main__] [INFO] :: Intent ID: 22
2025-01-03 14:52:13,343 [__main__] [INFO] :: Response: 반경 1.5키로미터 이내 지역에서 배달이 가능합니다.
2025-01-03 14:52:13,343 [__main__] [INFO] :: Processing Time: 0.1572 seconds
2025-01-03 14:52:13,344 [__main__] [INFO] :: ----------------------------------------------------------------------------------------------------
2025-01-03 14:52:21,451 [__main__] [INFO] :: Received message: 주소가 어떻게 되는데
2025-01-03 14:52:21,474 [__main__] [INFO] :: Intent ID: 27
2025-01-03 14:52:21,518 [__main__] [INFO] :: Response: 저희 매장 주소는 경기 구리시 검배로6번길 27입니다. 참고하시라고 지도 링크를 보내드릴게요.
2025-01-03 14:52:21,518 [__main__] [INFO] :: Processing Time: 0.0676 seconds
2025-01-03 14:52:21,518 [__main__] [INFO] :: ----------------------------------------------------------------------------------------------------
2025-01-03 14:52:33,846 [__main__] [INFO] :: Received message: 지하철 타고 가려면 어떻게 해
2025-01-03 14:52:33,870 [__main__] [INFO] :: Intent ID: 28
2025-01-03 14:52:33,910 [__main__] [INFO] :: Response: 더 정확히 안내드리기 위해 지도 링크를 보내드렸습니다.
2025-01-03 14:52:33,910 [__main__] [INFO] :: Processing Time: 0.0639 seconds
2025-01-03 14:52:33,910 [__main__] [INFO] :: ----------------------------------------------------------------------------------------------------
2025-01-03 14:52:43,056 [__main__] [INFO] :: Received message: 지금 가면 바로 먹을 수 있어
2025-01-03 14:52:43,079 [__main__] [INFO] :: Intent ID: 25
2025-01-03 14:52:43,123 [__main__] [INFO] :: Response: 현재 4개의 테이블이 비어 있어요. 바로 이용하실 수 있습니다.
2025-01-03 14:52:43,124 [__main__] [INFO] :: Processing Time: 0.0676 seconds
2025-01-03 14:52:43,124 [__main__] [INFO] :: ----------------------------------------------------------------------------------------------------
2025-01-03 14:52:52,272 [__main__] [INFO] :: Received message: 테이블이 총 몇 개 있는데
2025-01-03 14:52:52,298 [__main__] [INFO] :: Intent ID: 30
2025-01-03 14:52:52,343 [__main__] [INFO] :: Response: 저희 매장은 총 9개의 테이블이 있으며, 최대 36명까지 수용 가능합니다.
2025-01-03 14:52:52,343 [__main__] [INFO] :: Processing Time: 0.0709 seconds
2025-01-03 14:52:52,343 [__main__] [INFO] :: ----------------------------------------------------------------------------------------------------
2025-01-03 14:53:02,769 [__main__] [INFO] :: Received message: 룸도 있어
2025-01-03 14:53:02,791 [__main__] [INFO] :: Intent ID: 32
2025-01-03 14:53:02,836 [__main__] [INFO] :: Response: 저희 매장에는 특별 좌석으로 룸 6개와 야외 좌석 3개가 준비되어 있습니다.
2025-01-03 14:53:02,836 [__main__] [INFO] :: Processing Time: 0.0673 seconds
2025-01-03 14:53:02,836 [__main__] [INFO] :: ----------------------------------------------------------------------------------------------------
2025-01-03 14:53:14,330 [__main__] [INFO] :: Received message: 멤버십 혜택도 있어
2025-01-03 14:53:14,350 [__main__] [INFO] :: Intent ID: 40
2025-01-03 14:53:14,390 [__main__] [INFO] :: Response: 멤버십, 포인트 및 쿠폰 관련 문의는 확인 후 다시 안내드리겠습니다.
2025-01-03 14:53:14,390 [__main__] [INFO] :: Processing Time: 0.0604 seconds
2025-01-03 14:53:14,390 [__main__] [INFO] :: ----------------------------------------------------------------------------------------------------
2025-01-03 14:53:23,986 [__main__] [INFO] :: Received message: 포인트도 적립해 줘
2025-01-03 14:53:24,007 [__main__] [INFO] :: Intent ID: 36
2025-01-03 14:53:24,052 [__main__] [INFO] :: Response: 구매 금액의 4%가 포인트로 적립됩니다.
2025-01-03 14:53:24,052 [__main__] [INFO] :: Processing Time: 0.0662 seconds
2025-01-03 14:53:24,052 [__main__] [INFO] :: ----------------------------------------------------------------------------------------------------
2025-01-03 14:53:32,698 [__main__] [INFO] :: Received message: 포인트는 몇 점부터 쓸 수 있는데
2025-01-03 14:53:32,718 [__main__] [INFO] :: Intent ID: 37
2025-01-03 14:53:32,762 [__main__] [INFO] :: Response: 저희 매장에서는 1000점 이상의 포인트를 사용할 수 있습니다.
2025-01-03 14:53:32,762 [__main__] [INFO] :: Processing Time: 0.0649 seconds
2025-01-03 14:53:32,762 [__main__] [INFO] :: ----------------------------------------------------------------------------------------------------
2025-01-03 14:53:41,417 [__main__] [INFO] :: Received message: 식사하면 쿠폰도 줘
2025-01-03 14:53:41,438 [__main__] [INFO] :: Intent ID: 38
2025-01-03 14:53:41,482 [__main__] [INFO] :: Response: 스탬프 10개 적립 시 할인쿠폰을 발급받으실 수 있습니다.
2025-01-03 14:53:41,483 [__main__] [INFO] :: Processing Time: 0.0662 seconds
2025-01-03 14:53:41,483 [__main__] [INFO] :: ----------------------------------------------------------------------------------------------------
2025-01-03 14:53:52,299 [__main__] [INFO] :: Received message: 지금 하고 있는 이벤트 뭐 있어
2025-01-03 14:53:52,320 [__main__] [INFO] :: Intent ID: 41
2025-01-03 14:53:52,364 [__main__] [INFO] :: Response: 현재 진행 중인 이벤트는 볶음짬뽕 할인입니다. 스마트주문 앱에서 더 자세히 확인하세요.
2025-01-03 14:53:52,364 [__main__] [INFO] :: Processing Time: 0.0654 seconds
2025-01-03 14:53:52,364 [__main__] [INFO] :: ----------------------------------------------------------------------------------------------------
2025-01-03 14:54:03,312 [__main__] [INFO] :: Received message: 고마워
2025-01-03 14:54:03,332 [__main__] [INFO] :: Intent ID: 45
2025-01-03 14:54:03,373 [__main__] [INFO] :: Response: 이용해 주셔서 감사합니다. 추가 문의가 있으면 언제든 연락주세요.
2025-01-03 14:54:03,373 [__main__] [INFO] :: Processing Time: 0.0605 seconds
2025-01-03 14:54:03,373 [__main__] [INFO] :: ----------------------------------------------------------------------------------------------------
2025-01-03 14:54:09,709 [__main__] [INFO] :: Received message: 이용해 주셔서 감사합니다
2025-01-03 14:54:09,731 [__main__] [INFO] :: Intent ID: 45
2025-01-03 14:54:09,773 [__main__] [INFO] :: Response: 이용해 주셔서 감사합니다. 추가 문의가 있으면 언제든 연락주세요.
2025-01-03 14:54:09,773 [__main__] [INFO] :: Processing Time: 0.0645 seconds
2025-01-03 14:54:09,773 [__main__] [INFO] :: ----------------------------------------------------------------------------------------------------
2025-01-03 14:54:16,115 [__main__] [INFO] :: Received message: 서 감사합니다 추가 문의가 있으면 언제든 연락 주세요
2025-01-03 14:54:16,139 [__main__] [INFO] :: Intent ID: 44
2025-01-03 14:54:16,180 [__main__] [INFO] :: Response: 확인 후 다시 연락드리겠습니다.
2025-01-03 14:54:16,180 [__main__] [INFO] :: Processing Time: 0.0648 seconds
2025-01-03 14:54:16,180 [__main__] [INFO] :: ----------------------------------------------------------------------------------------------------
2025-01-03 14:54:20,012 [__main__] [INFO] :: Received message: 확인 후 다시 연락드리겠습니다
2025-01-03 14:54:20,036 [__main__] [INFO] :: Intent ID: 44
2025-01-03 14:54:20,076 [__main__] [INFO] :: Response: 확인 후 다시 연락드리겠습니다.
2025-01-03 14:54:20,076 [__main__] [INFO] :: Processing Time: 0.0646 seconds
2025-01-03 14:54:20,076 [__main__] [INFO] :: ----------------------------------------------------------------------------------------------------
2025-01-03 14:56:18,583 [__main__] [INFO] :: Received message: 짜장면 얼마야
2025-01-03 14:56:18,606 [__main__] [INFO] :: Intent ID: 1
2025-01-03 14:56:18,682 [__main__] [INFO] :: Response: 짜장의 가격은 6500원이에요. 더 자세한 내용은 문자로 발송된 메뉴판을 참고해주세요!
2025-01-03 14:56:18,682 [__main__] [INFO] :: Processing Time: 0.0990 seconds
2025-01-03 14:56:18,682 [__main__] [INFO] :: ----------------------------------------------------------------------------------------------------
2025-01-03 14:56:31,230 [__main__] [INFO] :: Received message: 메뉴 뭐 뭐 있어
2025-01-03 14:56:31,252 [__main__] [INFO] :: Intent ID: 0
2025-01-03 14:56:31,296 [__main__] [INFO] :: Response: 저희 매장에는 면류, 반반메뉴, 밥류, 사이드, 세트메뉴, 주류, 튀김류의 메뉴 종류들이 있어요.
2025-01-03 14:56:31,296 [__main__] [INFO] :: Processing Time: 0.0665 seconds
2025-01-03 14:56:31,296 [__main__] [INFO] :: ----------------------------------------------------------------------------------------------------
2025-01-03 14:56:44,415 [__main__] [INFO] :: Received message: 박 종류는 뭐 뭐 팔아
2025-01-03 14:56:44,444 [__main__] [INFO] :: Intent ID: 2
2025-01-03 14:56:44,483 [__main__] [INFO] :: Response: 자세한 메뉴 사진과 정보가 적혀있는 QR 주문링크를 전송해드렸어요. 스마트폰으로 편하게 확인해 보세요!
2025-01-03 14:56:44,484 [__main__] [INFO] :: Processing Time: 0.0691 seconds
2025-01-03 14:56:44,484 [__main__] [INFO] :: ----------------------------------------------------------------------------------------------------
2025-01-03 14:56:57,036 [__main__] [INFO] :: Received message: 메뉴 좀 추천해 줘 봐
2025-01-03 14:56:57,058 [__main__] [INFO] :: Intent ID: 4
2025-01-03 14:56:57,112 [__main__] [INFO] :: Response: 개인적으로 굴짬뽕 메뉴를 추천 드립니다.
2025-01-03 14:56:57,112 [__main__] [INFO] :: Processing Time: 0.0764 seconds
2025-01-03 14:56:57,112 [__main__] [INFO] :: ----------------------------------------------------------------------------------------------------
2025-01-03 14:57:04,964 [__main__] [INFO] :: Received message: 대표 메뉴가 뭐야
2025-01-03 14:57:04,990 [__main__] [INFO] :: Intent ID: 5
2025-01-03 14:57:05,036 [__main__] [INFO] :: Response: 저희 매장의 대표 메뉴는 백짬뽕이고, 이는 대표 메뉴로 인기 있어요.
2025-01-03 14:57:05,037 [__main__] [INFO] :: Processing Time: 0.0729 seconds
2025-01-03 14:57:05,037 [__main__] [INFO] :: ----------------------------------------------------------------------------------------------------
