2025-01-03 10:15:24,038 [__main__] [INFO] :: *** 10h-15m-24s START ***
2025-01-03 10:15:24,038 [__main__] [INFO] :: *** PID: 3612138 ***
2025-01-03 10:15:38,627 [__main__] [INFO] :: Received message: 원플러스 메뉴 있어
2025-01-03 10:15:38,653 [__main__] [INFO] :: Intent ID: 7
2025-01-03 10:15:38,777 [__main__] [INFO] :: Response: 현재 1+1 메뉴로 짜장면 1+1을 제공 중이에요.
2025-01-03 10:15:38,778 [__main__] [INFO] :: Processing Time: 0.1510 seconds
2025-01-03 10:15:38,778 [__main__] [INFO] :: ----------------------------------------------------------------------------------------------------
2025-01-03 10:15:46,939 [__main__] [INFO] :: Received message: 신메뉴 뭐야
2025-01-03 10:15:46,965 [__main__] [INFO] :: Intent ID: 8
2025-01-03 10:15:47,014 [__main__] [INFO] :: Response: 이번에 새로 나온 신메뉴는 유린기입니다.
2025-01-03 10:15:47,014 [__main__] [INFO] :: Processing Time: 0.0754 seconds
2025-01-03 10:15:47,014 [__main__] [INFO] :: ----------------------------------------------------------------------------------------------------
2025-01-03 10:15:54,914 [__main__] [INFO] :: Received message: 새로운 메뉴 알려 줄래
2025-01-03 10:15:54,939 [__main__] [INFO] :: Intent ID: 8
2025-01-03 10:15:54,986 [__main__] [INFO] :: Response: 이번에 새로 나온 신메뉴는 유린기입니다.
2025-01-03 10:15:54,986 [__main__] [INFO] :: Processing Time: 0.0729 seconds
2025-01-03 10:15:54,986 [__main__] [INFO] :: ----------------------------------------------------------------------------------------------------
2025-01-03 10:16:04,998 [__main__] [INFO] :: Received message: 한정판매 메뉴 있어
2025-01-03 10:16:05,023 [__main__] [INFO] :: Intent ID: 9
2025-01-03 10:16:05,070 [__main__] [INFO] :: Response: 저희 매장에서 15주년행사 짜장면 메뉴는 한정 판매 중인 메뉴입니다.
2025-01-03 10:16:05,070 [__main__] [INFO] :: Processing Time: 0.0719 seconds
2025-01-03 10:16:05,070 [__main__] [INFO] :: ----------------------------------------------------------------------------------------------------
2025-01-03 10:16:15,711 [__main__] [INFO] :: Received message: 한정 메뉴 있니
2025-01-03 10:16:15,736 [__main__] [INFO] :: Intent ID: 9
2025-01-03 10:16:15,784 [__main__] [INFO] :: Response: 저희 매장에서 15주년행사 짬뽕 메뉴는 한정 판매 중인 메뉴입니다.
2025-01-03 10:16:15,784 [__main__] [INFO] :: Processing Time: 0.0729 seconds
2025-01-03 10:16:15,784 [__main__] [INFO] :: ----------------------------------------------------------------------------------------------------
2025-01-03 10:16:26,800 [__main__] [INFO] :: Received message: 지금만 먹을 수 있는 메뉴 있어
2025-01-03 10:16:26,828 [__main__] [INFO] :: Intent ID: 9
2025-01-03 10:16:26,876 [__main__] [INFO] :: Response: 저희 매장에서 15주년행사 짬뽕 메뉴는 한정 판매 중인 메뉴입니다.
2025-01-03 10:16:26,876 [__main__] [INFO] :: Processing Time: 0.0763 seconds
2025-01-03 10:16:26,876 [__main__] [INFO] :: ----------------------------------------------------------------------------------------------------
2025-01-03 10:16:39,148 [__main__] [INFO] :: Received message: 동절기만 먹을 수 있는 메뉴 있니
2025-01-03 10:16:39,174 [__main__] [INFO] :: Intent ID: 9
2025-01-03 10:16:39,222 [__main__] [INFO] :: Response: 저희 매장에서 15주년행사 짬뽕 메뉴는 한정 판매 중인 메뉴입니다.
2025-01-03 10:16:39,222 [__main__] [INFO] :: Processing Time: 0.0745 seconds
2025-01-03 10:16:39,222 [__main__] [INFO] :: ----------------------------------------------------------------------------------------------------
2025-01-03 10:16:50,029 [__main__] [INFO] :: Received message: 좀 기간에만 먹을 수 있는 메뉴 있니
2025-01-03 10:16:50,058 [__main__] [INFO] :: Intent ID: 9
2025-01-03 10:16:50,106 [__main__] [INFO] :: Response: 저희 매장에서 15주년행사 짬뽕 메뉴는 한정 판매 중인 메뉴입니다.
2025-01-03 10:16:50,106 [__main__] [INFO] :: Processing Time: 0.0776 seconds
2025-01-03 10:16:50,106 [__main__] [INFO] :: ----------------------------------------------------------------------------------------------------
2025-01-03 10:16:59,569 [__main__] [INFO] :: Received message: 매운 메뉴 뭐 있어
2025-01-03 10:16:59,594 [__main__] [INFO] :: Intent ID: 10
2025-01-03 10:16:59,642 [__main__] [INFO] :: Response: 매운맛을 좋아하신다면 탕짬면 메뉴를 추천드려요!
2025-01-03 10:16:59,643 [__main__] [INFO] :: Processing Time: 0.0743 seconds
2025-01-03 10:16:59,643 [__main__] [INFO] :: ----------------------------------------------------------------------------------------------------
2025-01-03 10:17:09,429 [__main__] [INFO] :: Received message: 매장에서 어떻게 주문해
2025-01-03 10:17:09,453 [__main__] [INFO] :: Intent ID: 11
2025-01-03 10:17:09,499 [__main__] [INFO] :: Response: 매장에서 포스, 키오스크, 테이블오더를 통해 주문하실 수 있습니다.
2025-01-03 10:17:09,500 [__main__] [INFO] :: Processing Time: 0.0712 seconds
2025-01-03 10:17:09,500 [__main__] [INFO] :: ----------------------------------------------------------------------------------------------------
2025-01-03 10:17:19,673 [__main__] [INFO] :: Received message: 휴스크 쯤 가능하지
2025-01-03 10:17:19,699 [__main__] [INFO] :: Intent ID: 14
2025-01-03 10:17:19,778 [__main__] [INFO] :: Response: 저희 매장에서는 휴스크 휴스크 결제 방식으로 계산이 불가능합니다.
2025-01-03 10:17:19,778 [__main__] [INFO] :: Processing Time: 0.1056 seconds
2025-01-03 10:17:19,778 [__main__] [INFO] :: ----------------------------------------------------------------------------------------------------
2025-01-03 10:17:29,648 [__main__] [INFO] :: Received message: 키오스크 계산 가능하지
2025-01-03 10:17:29,675 [__main__] [INFO] :: Intent ID: 11
2025-01-03 10:17:29,723 [__main__] [INFO] :: Response: 매장에서 포스, 키오스크, 테이블오더를 통해 주문하실 수 있습니다.
2025-01-03 10:17:29,723 [__main__] [INFO] :: Processing Time: 0.0750 seconds
2025-01-03 10:17:29,723 [__main__] [INFO] :: ----------------------------------------------------------------------------------------------------
2025-01-03 10:18:26,856 [__main__] [INFO] :: Received message: 포장 돼
2025-01-03 10:18:26,882 [__main__] [INFO] :: Intent ID: 12
2025-01-03 10:18:26,929 [__main__] [INFO] :: Response: 주문하신 상품은 매장방문, 포장, 배달 방식으로 전달됩니다.
2025-01-03 10:18:26,930 [__main__] [INFO] :: Processing Time: 0.0741 seconds
2025-01-03 10:18:26,930 [__main__] [INFO] :: ----------------------------------------------------------------------------------------------------
2025-01-03 10:18:36,608 [__main__] [INFO] :: Received message: 매장에서 먹을 수 있지
2025-01-03 10:18:36,634 [__main__] [INFO] :: Intent ID: 12
2025-01-03 10:18:36,682 [__main__] [INFO] :: Response: 주문하신 상품은 매장방문, 포장, 배달 방식으로 전달됩니다.
2025-01-03 10:18:36,682 [__main__] [INFO] :: Processing Time: 0.0749 seconds
2025-01-03 10:18:36,682 [__main__] [INFO] :: ----------------------------------------------------------------------------------------------------
2025-01-03 10:18:45,970 [__main__] [INFO] :: Received message: 배달은 가능하고
2025-01-03 10:18:45,997 [__main__] [INFO] :: Intent ID: 12
2025-01-03 10:18:46,045 [__main__] [INFO] :: Response: 주문하신 상품은 매장방문, 포장, 배달 방식으로 전달됩니다.
2025-01-03 10:18:46,045 [__main__] [INFO] :: Processing Time: 0.0748 seconds
2025-01-03 10:18:46,045 [__main__] [INFO] :: ----------------------------------------------------------------------------------------------------
2025-01-03 10:18:57,283 [__main__] [INFO] :: Received message: 결제 수사 뭐 있어
2025-01-03 10:18:57,310 [__main__] [INFO] :: Intent ID: 15
2025-01-03 10:18:57,353 [__main__] [INFO] :: Response: 결제 관련 문의는 확인 후 다시 연락드릴게요.
2025-01-03 10:18:57,353 [__main__] [INFO] :: Processing Time: 0.0697 seconds
2025-01-03 10:18:57,353 [__main__] [INFO] :: ----------------------------------------------------------------------------------------------------
2025-01-03 10:19:06,164 [__main__] [INFO] :: Received message: 결제 수단 뭐 있어
2025-01-03 10:19:06,187 [__main__] [INFO] :: Intent ID: 13
2025-01-03 10:19:06,236 [__main__] [INFO] :: Response: 저희 매장은 신용카드, 현금, 모바일상품권, 간편결제 방식으로 결제가 가능하며, 간편 결제로는 네이버페이를 지원합니다.
2025-01-03 10:19:06,236 [__main__] [INFO] :: Processing Time: 0.0718 seconds
2025-01-03 10:19:06,236 [__main__] [INFO] :: ----------------------------------------------------------------------------------------------------
2025-01-03 10:19:21,728 [__main__] [INFO] :: Received message: 카드 결제 가능해
2025-01-03 10:19:21,755 [__main__] [INFO] :: Intent ID: 14
2025-01-03 10:19:21,834 [__main__] [INFO] :: Response: 저희 매장에서는 카드 결제 방식으로 계산이 가능합니다.
2025-01-03 10:19:21,834 [__main__] [INFO] :: Processing Time: 0.1061 seconds
2025-01-03 10:19:21,834 [__main__] [INFO] :: ----------------------------------------------------------------------------------------------------
