2025-01-03 16:11:02,848 [__main__] [INFO] :: *** 16h-11m-02s START ***
2025-01-03 16:11:02,848 [__main__] [INFO] :: *** PID: 3700471 ***
2025-01-03 16:18:38,845 [__main__] [INFO] :: Received message: 메뉴 뭐 뭐 있어
2025-01-03 16:18:38,875 [__main__] [INFO] :: Intent ID: 0
2025-01-03 16:18:38,995 [__main__] [INFO] :: Response: 저희 매장에는 면류, 반반메뉴, 밥류, 사이드, 세트메뉴, 주류, 튀김류의 메뉴 종류들이 있어요.
2025-01-03 16:18:38,996 [__main__] [INFO] :: Processing Time: 0.1508 seconds
2025-01-03 16:18:38,996 [__main__] [INFO] :: ----------------------------------------------------------------------------------------------------
2025-01-03 16:18:52,107 [__main__] [INFO] :: Received message: 박 종류는 어떤게 있어
2025-01-03 16:18:52,131 [__main__] [INFO] :: Intent ID: 2
2025-01-03 16:18:52,172 [__main__] [INFO] :: Response: 자세한 메뉴 사진과 정보가 적혀있는 QR 주문링크를 전송해드렸어요. 스마트폰으로 편하게 확인해 보세요!
2025-01-03 16:18:52,172 [__main__] [INFO] :: Processing Time: 0.0653 seconds
2025-01-03 16:18:52,172 [__main__] [INFO] :: ----------------------------------------------------------------------------------------------------
2025-01-03 16:19:04,021 [__main__] [INFO] :: Received message: 짬뽕 얼마야
2025-01-03 16:19:04,044 [__main__] [INFO] :: Intent ID: 1
2025-01-03 16:19:04,116 [__main__] [INFO] :: Response: 짬뽕의 가격은 7800원이에요. 더 자세한 내용은 문자로 발송된 메뉴판을 참고해주세요!
2025-01-03 16:19:04,116 [__main__] [INFO] :: Processing Time: 0.0961 seconds
2025-01-03 16:19:04,116 [__main__] [INFO] :: ----------------------------------------------------------------------------------------------------
2025-01-03 16:19:15,392 [__main__] [INFO] :: Received message: 메뉴 좀 추천해 줘 봐
2025-01-03 16:19:15,416 [__main__] [INFO] :: Intent ID: 4
2025-01-03 16:19:15,462 [__main__] [INFO] :: Response: 개인적으로 고추짬뽕 메뉴를 추천 드립니다.
2025-01-03 16:19:15,462 [__main__] [INFO] :: Processing Time: 0.0697 seconds
2025-01-03 16:19:15,462 [__main__] [INFO] :: ----------------------------------------------------------------------------------------------------
2025-01-03 16:19:23,820 [__main__] [INFO] :: Received message: 대표 메뉴가 뭐야
2025-01-03 16:19:23,843 [__main__] [INFO] :: Intent ID: 5
2025-01-03 16:19:23,889 [__main__] [INFO] :: Response: 저희 매장의 대표 메뉴는 냉짬뽕이고, 이는 대표 메뉴로 인기 있어요.
2025-01-03 16:19:23,889 [__main__] [INFO] :: Processing Time: 0.0690 seconds
2025-01-03 16:19:23,889 [__main__] [INFO] :: ----------------------------------------------------------------------------------------------------
2025-01-03 16:19:35,793 [__main__] [INFO] :: Received message: 가서 주문할 때 어떤 방식으로 가능해
2025-01-03 16:19:35,818 [__main__] [INFO] :: Intent ID: 11
2025-01-03 16:19:35,862 [__main__] [INFO] :: Response: 매장에서 포스, 키오스크, 테이블오더를 통해 주문하실 수 있습니다.
2025-01-03 16:19:35,862 [__main__] [INFO] :: Processing Time: 0.0699 seconds
2025-01-03 16:19:35,862 [__main__] [INFO] :: ----------------------------------------------------------------------------------------------------
2025-01-03 16:19:45,077 [__main__] [INFO] :: Received message: 배달도 가능해
2025-01-03 16:19:45,098 [__main__] [INFO] :: Intent ID: 12
2025-01-03 16:19:45,137 [__main__] [INFO] :: Response: 주문하신 상품은 매장방문, 포장, 배달 방식으로 전달됩니다.
2025-01-03 16:19:45,137 [__main__] [INFO] :: Processing Time: 0.0608 seconds
2025-01-03 16:19:45,137 [__main__] [INFO] :: ----------------------------------------------------------------------------------------------------
2025-01-03 16:19:54,272 [__main__] [INFO] :: Received message: 배달료는 얼마야
2025-01-03 16:19:54,294 [__main__] [INFO] :: Intent ID: 23
2025-01-03 16:19:54,339 [__main__] [INFO] :: Response: 저희 매장의 배달비는 최소 1500원이며, 최소 주문 금액은 9900원입니다.
2025-01-03 16:19:54,339 [__main__] [INFO] :: Processing Time: 0.0672 seconds
2025-01-03 16:19:54,340 [__main__] [INFO] :: ----------------------------------------------------------------------------------------------------
2025-01-03 16:20:04,394 [__main__] [INFO] :: Received message: 카드 결제 가능해
2025-01-03 16:20:04,419 [__main__] [INFO] :: Intent ID: 14
2025-01-03 16:20:04,489 [__main__] [INFO] :: Response: 저희 매장에서는 신용카드 결제 방식으로 계산이 가능합니다.
2025-01-03 16:20:04,489 [__main__] [INFO] :: Processing Time: 0.0950 seconds
2025-01-03 16:20:04,489 [__main__] [INFO] :: ----------------------------------------------------------------------------------------------------
2025-01-03 16:20:13,821 [__main__] [INFO] :: Received message: 결제 수단 다 알려 줘 봐
2025-01-03 16:20:13,842 [__main__] [INFO] :: Intent ID: 13
2025-01-03 16:20:13,888 [__main__] [INFO] :: Response: 저희 매장은 신용카드, 현금, 모바일상품권, 간편결제 방식으로 결제가 가능하며, 간편 결제로는 네이버페이를 지원합니다.
2025-01-03 16:20:13,888 [__main__] [INFO] :: Processing Time: 0.0671 seconds
2025-01-03 16:20:13,888 [__main__] [INFO] :: ----------------------------------------------------------------------------------------------------
2025-01-03 16:20:27,784 [__main__] [INFO] :: Received message: 카카오페이는 안 돼
2025-01-03 16:20:27,806 [__main__] [INFO] :: Intent ID: 14
2025-01-03 16:20:27,876 [__main__] [INFO] :: Response: 저희 매장에서는 카카오페이는 결제 방식으로 계산이 불가능합니다.
2025-01-03 16:20:27,876 [__main__] [INFO] :: Processing Time: 0.0924 seconds
2025-01-03 16:20:27,876 [__main__] [INFO] :: ----------------------------------------------------------------------------------------------------
2025-01-03 16:20:37,077 [__main__] [INFO] :: Received message: 몇 시까지 영업해
2025-01-03 16:20:37,099 [__main__] [INFO] :: Intent ID: 16
2025-01-03 16:20:37,143 [__main__] [INFO] :: Response: 저희 매장은 11시부터 20시30분까지 영업합니다. 자세한 문의는 언제든 물어보세요.
2025-01-03 16:20:37,144 [__main__] [INFO] :: Processing Time: 0.0666 seconds
2025-01-03 16:20:37,144 [__main__] [INFO] :: ----------------------------------------------------------------------------------------------------
2025-01-03 16:20:47,971 [__main__] [INFO] :: Received message: 브레이크 타임은 언제야
2025-01-03 16:20:47,995 [__main__] [INFO] :: Intent ID: 17
2025-01-03 16:20:48,040 [__main__] [INFO] :: Response: 저희 매장은 14시부터 16시30분까지 브레이크 타임입니다.
2025-01-03 16:20:48,040 [__main__] [INFO] :: Processing Time: 0.0693 seconds
2025-01-03 16:20:48,040 [__main__] [INFO] :: ----------------------------------------------------------------------------------------------------
2025-01-03 16:20:56,773 [__main__] [INFO] :: Received message: 휴무일은 언제야
2025-01-03 16:20:56,797 [__main__] [INFO] :: Intent ID: 18
2025-01-03 16:20:56,842 [__main__] [INFO] :: Response: 저희 매장의 휴무일은 매주 화요일이며, 영업일은 매주 수요일부터 월요일입니다.
2025-01-03 16:20:56,842 [__main__] [INFO] :: Processing Time: 0.0694 seconds
2025-01-03 16:20:56,842 [__main__] [INFO] :: ----------------------------------------------------------------------------------------------------
2025-01-03 16:21:06,754 [__main__] [INFO] :: Received message: 화요일은 영업 안 하는 거야
2025-01-03 16:21:06,775 [__main__] [INFO] :: Intent ID: 21
2025-01-03 16:21:06,846 [__main__] [INFO] :: Response: 저희 매장은 화요일에 영업 안합니다. 수요일에서 월요일 11시부터 20시 30분까지 방문하실 수 있어요.
2025-01-03 16:21:06,846 [__main__] [INFO] :: Processing Time: 0.0919 seconds
2025-01-03 16:21:06,846 [__main__] [INFO] :: ----------------------------------------------------------------------------------------------------
2025-01-03 16:21:18,752 [__main__] [INFO] :: Received message: 목요일엔 영업해
2025-01-03 16:21:18,776 [__main__] [INFO] :: Intent ID: 21
2025-01-03 16:21:18,847 [__main__] [INFO] :: Response: 저희 매장은 목요일에 영업 합니다. 11시부터 20시 30분까지 방문하실 수 있어요.
2025-01-03 16:21:18,847 [__main__] [INFO] :: Processing Time: 0.0959 seconds
2025-01-03 16:21:18,847 [__main__] [INFO] :: ----------------------------------------------------------------------------------------------------
2025-01-03 16:21:31,802 [__main__] [INFO] :: Received message: 배달은 어디 어디 가능해
2025-01-03 16:21:31,823 [__main__] [INFO] :: Intent ID: 22
2025-01-03 16:21:31,868 [__main__] [INFO] :: Response: 반경 1.5키로미터 이내 지역에서 배달이 가능합니다.
2025-01-03 16:21:31,868 [__main__] [INFO] :: Processing Time: 0.0662 seconds
2025-01-03 16:21:31,868 [__main__] [INFO] :: ----------------------------------------------------------------------------------------------------
2025-01-03 16:21:40,979 [__main__] [INFO] :: Received message: 주소가 어떻게 되는데
2025-01-03 16:21:41,003 [__main__] [INFO] :: Intent ID: 27
2025-01-03 16:21:41,048 [__main__] [INFO] :: Response: 저희 매장 주소는 경기 구리시 검배로6번길 27입니다. 참고하시라고 지도 링크를 보내드릴게요.
2025-01-03 16:21:41,048 [__main__] [INFO] :: Processing Time: 0.0688 seconds
2025-01-03 16:21:41,048 [__main__] [INFO] :: ----------------------------------------------------------------------------------------------------
2025-01-03 16:21:53,873 [__main__] [INFO] :: Received message: 지금 가면 바로 먹을 수 있어
2025-01-03 16:21:53,898 [__main__] [INFO] :: Intent ID: 25
2025-01-03 16:21:53,943 [__main__] [INFO] :: Response: 현재 4개의 테이블이 비어 있어요. 바로 이용하실 수 있습니다.
2025-01-03 16:21:53,944 [__main__] [INFO] :: Processing Time: 0.0706 seconds
2025-01-03 16:21:53,944 [__main__] [INFO] :: ----------------------------------------------------------------------------------------------------
2025-01-03 16:22:03,508 [__main__] [INFO] :: Received message: 테이블이 총 몇 개인데
2025-01-03 16:22:03,532 [__main__] [INFO] :: Intent ID: 30
2025-01-03 16:22:03,578 [__main__] [INFO] :: Response: 저희 매장은 총 9개의 테이블이 있으며, 최대 36명까지 수용 가능합니다.
2025-01-03 16:22:03,578 [__main__] [INFO] :: Processing Time: 0.0698 seconds
2025-01-03 16:22:03,578 [__main__] [INFO] :: ----------------------------------------------------------------------------------------------------
2025-01-03 16:22:14,203 [__main__] [INFO] :: Received message: 지하철 타고 가려면 어떻게 해야 돼
2025-01-03 16:22:14,223 [__main__] [INFO] :: Intent ID: 28
2025-01-03 16:22:14,263 [__main__] [INFO] :: Response: 더 정확히 안내드리기 위해 지도 링크를 보내드렸습니다.
2025-01-03 16:22:14,263 [__main__] [INFO] :: Processing Time: 0.0608 seconds
2025-01-03 16:22:14,263 [__main__] [INFO] :: ----------------------------------------------------------------------------------------------------
2025-01-03 16:22:23,134 [__main__] [INFO] :: Received message: 룸 좌석도 있어
2025-01-03 16:22:23,159 [__main__] [INFO] :: Intent ID: 32
2025-01-03 16:22:23,207 [__main__] [INFO] :: Response: 저희 매장에는 특별 좌석으로 룸 6개와 야외 좌석 3개가 준비되어 있습니다.
2025-01-03 16:22:23,207 [__main__] [INFO] :: Processing Time: 0.0730 seconds
2025-01-03 16:22:23,207 [__main__] [INFO] :: ----------------------------------------------------------------------------------------------------
2025-01-03 16:22:33,406 [__main__] [INFO] :: Received message: 포인트도 적립해 줘
2025-01-03 16:22:33,429 [__main__] [INFO] :: Intent ID: 36
2025-01-03 16:22:33,474 [__main__] [INFO] :: Response: 구매 금액의 4%가 포인트로 적립됩니다.
2025-01-03 16:22:33,474 [__main__] [INFO] :: Processing Time: 0.0679 seconds
2025-01-03 16:22:33,474 [__main__] [INFO] :: ----------------------------------------------------------------------------------------------------
2025-01-03 16:22:41,386 [__main__] [INFO] :: Received message: 포인트는 몇 점부터 쓸 수 있어
2025-01-03 16:22:41,406 [__main__] [INFO] :: Intent ID: 37
2025-01-03 16:22:41,450 [__main__] [INFO] :: Response: 저희 매장에서는 1000점 이상의 포인트를 사용할 수 있습니다.
2025-01-03 16:22:41,451 [__main__] [INFO] :: Processing Time: 0.0650 seconds
2025-01-03 16:22:41,451 [__main__] [INFO] :: ----------------------------------------------------------------------------------------------------
2025-01-03 16:22:50,785 [__main__] [INFO] :: Received message: 지금 진행 중에 이벤트 있어
2025-01-03 16:22:50,810 [__main__] [INFO] :: Intent ID: 41
2025-01-03 16:22:50,854 [__main__] [INFO] :: Response: 현재 진행 중인 이벤트는 볶음짬뽕 할인입니다. 스마트주문 앱에서 더 자세히 확인하세요.
2025-01-03 16:22:50,854 [__main__] [INFO] :: Processing Time: 0.0683 seconds
2025-01-03 16:22:50,854 [__main__] [INFO] :: ----------------------------------------------------------------------------------------------------
2025-01-03 16:23:01,665 [__main__] [INFO] :: Received message: 응
2025-01-03 16:23:01,685 [__main__] [INFO] :: Intent ID: 47
2025-01-03 16:23:01,725 [__main__] [INFO] :: Response: 죄송합니다, 요청하신 정보를 바로 확인하기 어려워요.
2025-01-03 16:23:01,725 [__main__] [INFO] :: Processing Time: 0.0604 seconds
2025-01-03 16:23:01,725 [__main__] [INFO] :: ----------------------------------------------------------------------------------------------------
2025-01-03 16:23:10,153 [__main__] [INFO] :: Received message: 고맙다고
2025-01-03 16:23:10,176 [__main__] [INFO] :: Intent ID: 45
2025-01-03 16:23:10,215 [__main__] [INFO] :: Response: 이용해 주셔서 감사합니다. 추가 문의가 있으면 언제든 연락주세요.
2025-01-03 16:23:10,215 [__main__] [INFO] :: Processing Time: 0.0624 seconds
2025-01-03 16:23:10,215 [__main__] [INFO] :: ----------------------------------------------------------------------------------------------------
2025-01-03 16:30:30,346 [__main__] [INFO] :: Received message: 뭐 뭐 팔아
2025-01-03 16:30:30,369 [__main__] [INFO] :: Intent ID: 0
2025-01-03 16:30:30,414 [__main__] [INFO] :: Response: 저희 매장에는 면류, 반반메뉴, 밥류, 사이드, 세트메뉴, 주류, 튀김류의 메뉴 종류들이 있어요.
2025-01-03 16:30:30,414 [__main__] [INFO] :: Processing Time: 0.0683 seconds
2025-01-03 16:30:30,414 [__main__] [INFO] :: ----------------------------------------------------------------------------------------------------
2025-01-03 16:30:43,222 [__main__] [INFO] :: Received message: 밥 종류는 뭐 뭐 있어
2025-01-03 16:30:43,245 [__main__] [INFO] :: Intent ID: 2
2025-01-03 16:30:43,285 [__main__] [INFO] :: Response: 자세한 메뉴 사진과 정보가 적혀있는 QR 주문링크를 전송해드렸어요. 스마트폰으로 편하게 확인해 보세요!
2025-01-03 16:30:43,286 [__main__] [INFO] :: Processing Time: 0.0635 seconds
2025-01-03 16:30:43,286 [__main__] [INFO] :: ----------------------------------------------------------------------------------------------------
2025-01-03 16:30:55,026 [__main__] [INFO] :: Received message: 몇 시에 문 열어
2025-01-03 16:30:55,046 [__main__] [INFO] :: Intent ID: 16
2025-01-03 16:30:55,092 [__main__] [INFO] :: Response: 저희 매장은 11시부터 20시30분까지 영업합니다. 자세한 문의는 언제든 물어보세요.
2025-01-03 16:30:55,092 [__main__] [INFO] :: Processing Time: 0.0665 seconds
2025-01-03 16:30:55,092 [__main__] [INFO] :: ----------------------------------------------------------------------------------------------------
2025-01-03 16:31:10,395 [__main__] [INFO] :: Received message: 예약은 할 수 있어
2025-01-03 16:31:10,418 [__main__] [INFO] :: Intent ID: 44
2025-01-03 16:31:10,459 [__main__] [INFO] :: Response: 확인 후 다시 연락드리겠습니다.
2025-01-03 16:31:10,459 [__main__] [INFO] :: Processing Time: 0.0646 seconds
2025-01-03 16:31:10,459 [__main__] [INFO] :: ----------------------------------------------------------------------------------------------------
2025-01-03 16:31:22,822 [__main__] [INFO] :: Received message: 인기 메뉴가 뭐야
2025-01-03 16:31:22,843 [__main__] [INFO] :: Intent ID: 3
2025-01-03 16:31:23,050 [__main__] [INFO] :: Response: 요즘 행사 탕짜면 메뉴가 가장 인기 있는 메뉴입니다.
2025-01-03 16:31:23,050 [__main__] [INFO] :: Processing Time: 0.2290 seconds
2025-01-03 16:31:23,050 [__main__] [INFO] :: ----------------------------------------------------------------------------------------------------
2025-01-03 16:31:33,233 [__main__] [INFO] :: Received message: 결제는 뭐 뭐로 가능해
2025-01-03 16:31:33,257 [__main__] [INFO] :: Intent ID: 13
2025-01-03 16:31:33,303 [__main__] [INFO] :: Response: 저희 매장은 신용카드, 현금, 모바일상품권, 간편결제 방식으로 결제가 가능하며, 간편 결제로는 네이버페이를 지원합니다.
2025-01-03 16:31:33,303 [__main__] [INFO] :: Processing Time: 0.0701 seconds
2025-01-03 16:31:33,303 [__main__] [INFO] :: ----------------------------------------------------------------------------------------------------
2025-01-03 16:31:46,449 [__main__] [INFO] :: Received message: 배달 주문도 가능해
2025-01-03 16:31:46,473 [__main__] [INFO] :: Intent ID: 12
2025-01-03 16:31:46,517 [__main__] [INFO] :: Response: 주문하신 상품은 매장방문, 포장, 배달 방식으로 전달됩니다.
2025-01-03 16:31:46,517 [__main__] [INFO] :: Processing Time: 0.0680 seconds
2025-01-03 16:31:46,517 [__main__] [INFO] :: ----------------------------------------------------------------------------------------------------
2025-01-03 16:31:55,753 [__main__] [INFO] :: Received message: 배달비는 얼마야
2025-01-03 16:31:55,777 [__main__] [INFO] :: Intent ID: 23
2025-01-03 16:31:55,821 [__main__] [INFO] :: Response: 저희 매장의 배달비는 최소 1500원이며, 최소 주문 금액은 9900원입니다.
2025-01-03 16:31:55,822 [__main__] [INFO] :: Processing Time: 0.0686 seconds
2025-01-03 16:31:55,822 [__main__] [INFO] :: ----------------------------------------------------------------------------------------------------
2025-01-03 16:32:10,449 [__main__] [INFO] :: Received message: 주차가 가능해
2025-01-03 16:32:10,470 [__main__] [INFO] :: Intent ID: 44
2025-01-03 16:32:10,511 [__main__] [INFO] :: Response: 확인 후 다시 연락드리겠습니다.
2025-01-03 16:32:10,511 [__main__] [INFO] :: Processing Time: 0.0621 seconds
2025-01-03 16:32:10,511 [__main__] [INFO] :: ----------------------------------------------------------------------------------------------------
2025-01-03 16:32:18,063 [__main__] [INFO] :: Received message: 주소를 알려 줄 수 있어
2025-01-03 16:32:18,090 [__main__] [INFO] :: Intent ID: 27
2025-01-03 16:32:18,138 [__main__] [INFO] :: Response: 저희 매장 주소는 경기 구리시 검배로6번길 27입니다. 참고하시라고 지도 링크를 보내드릴게요.
2025-01-03 16:32:18,139 [__main__] [INFO] :: Processing Time: 0.0754 seconds
2025-01-03 16:32:18,139 [__main__] [INFO] :: ----------------------------------------------------------------------------------------------------
2025-01-03 16:32:31,363 [__main__] [INFO] :: Received message: 지하철 타고 갈 수 있어
2025-01-03 16:32:31,402 [__main__] [INFO] :: Intent ID: 28
2025-01-03 16:32:31,442 [__main__] [INFO] :: Response: 더 정확히 안내드리기 위해 지도 링크를 보내드렸습니다.
2025-01-03 16:32:31,442 [__main__] [INFO] :: Processing Time: 0.0792 seconds
2025-01-03 16:32:31,443 [__main__] [INFO] :: ----------------------------------------------------------------------------------------------------
2025-01-03 16:32:41,956 [__main__] [INFO] :: Received message: 브레이크 타임 어떻게 되지
2025-01-03 16:32:41,981 [__main__] [INFO] :: Intent ID: 17
2025-01-03 16:32:42,026 [__main__] [INFO] :: Response: 저희 매장은 14시부터 16시30분까지 브레이크 타임입니다.
2025-01-03 16:32:42,026 [__main__] [INFO] :: Processing Time: 0.0706 seconds
2025-01-03 16:32:42,026 [__main__] [INFO] :: ----------------------------------------------------------------------------------------------------
2025-01-03 16:32:50,243 [__main__] [INFO] :: Received message: 지금 매장이 열었어
2025-01-03 16:32:50,269 [__main__] [INFO] :: Intent ID: 16
2025-01-03 16:32:50,314 [__main__] [INFO] :: Response: 저희 매장은 11시부터 20시30분까지 영업합니다. 자세한 문의는 언제든 물어보세요.
2025-01-03 16:32:50,314 [__main__] [INFO] :: Processing Time: 0.0705 seconds
2025-01-03 16:32:50,314 [__main__] [INFO] :: ----------------------------------------------------------------------------------------------------
2025-01-03 16:33:01,454 [__main__] [INFO] :: Received message: 휴무일이 언제야
2025-01-03 16:33:01,478 [__main__] [INFO] :: Intent ID: 18
2025-01-03 16:33:01,522 [__main__] [INFO] :: Response: 저희 매장의 휴무일은 매주 화요일이며, 영업일은 매주 수요일부터 월요일입니다.
2025-01-03 16:33:01,522 [__main__] [INFO] :: Processing Time: 0.0685 seconds
2025-01-03 16:33:01,523 [__main__] [INFO] :: ----------------------------------------------------------------------------------------------------
2025-01-03 16:33:18,149 [__main__] [INFO] :: Received message: 메뉴판 보내 줄 수 있어
2025-01-03 16:33:18,170 [__main__] [INFO] :: Intent ID: 0
2025-01-03 16:33:18,216 [__main__] [INFO] :: Response: 저희 매장에는 면류, 반반메뉴, 밥류, 사이드, 세트메뉴, 주류, 튀김류의 메뉴 종류들이 있어요.
2025-01-03 16:33:18,216 [__main__] [INFO] :: Processing Time: 0.0673 seconds
2025-01-03 16:33:18,216 [__main__] [INFO] :: ----------------------------------------------------------------------------------------------------
2025-01-03 16:33:32,566 [__main__] [INFO] :: Received message: 면류는 가격이 얼마야
2025-01-03 16:33:32,589 [__main__] [INFO] :: Intent ID: 1
2025-01-03 16:33:32,666 [__main__] [INFO] :: Response: 해당 메뉴는 판매하고 있지 않습니다. 다른 메뉴를 선택해주세요.
2025-01-03 16:33:42,246 [__main__] [INFO] :: Received message: 면류에는 무슨 메뉴가 있어
2025-01-03 16:33:42,271 [__main__] [INFO] :: Intent ID: 2
2025-01-03 16:33:42,311 [__main__] [INFO] :: Response: 자세한 메뉴 사진과 정보가 적혀있는 QR 주문링크를 전송해드렸어요. 스마트폰으로 편하게 확인해 보세요!
2025-01-03 16:33:42,311 [__main__] [INFO] :: Processing Time: 0.0653 seconds
2025-01-03 16:33:42,311 [__main__] [INFO] :: ----------------------------------------------------------------------------------------------------
2025-01-03 16:33:53,560 [__main__] [INFO] :: Received message: 짬뽕 얼마야
2025-01-03 16:33:53,585 [__main__] [INFO] :: Intent ID: 1
2025-01-03 16:33:53,657 [__main__] [INFO] :: Response: 짬뽕의 가격은 7800원이에요. 더 자세한 내용은 문자로 발송된 메뉴판을 참고해주세요!
2025-01-03 16:33:53,657 [__main__] [INFO] :: Processing Time: 0.0969 seconds
2025-01-03 16:33:53,657 [__main__] [INFO] :: ----------------------------------------------------------------------------------------------------
2025-01-03 16:34:04,053 [__main__] [INFO] :: Received message: 볶음밥은 얼마야
2025-01-03 16:34:04,078 [__main__] [INFO] :: Intent ID: 1
2025-01-03 16:34:04,154 [__main__] [INFO] :: Response: 볶음짬뽕의 가격은 9000원이에요. 더 자세한 내용은 문자로 발송된 메뉴판을 참고해주세요!
2025-01-03 16:34:04,154 [__main__] [INFO] :: Processing Time: 0.1016 seconds
2025-01-03 16:34:04,154 [__main__] [INFO] :: ----------------------------------------------------------------------------------------------------
2025-01-03 16:34:21,150 [__main__] [INFO] :: Received message: 백짬뽕 팔아
2025-01-03 16:34:21,172 [__main__] [INFO] :: Intent ID: 1
2025-01-03 16:34:21,243 [__main__] [INFO] :: Response: 백짬뽕의 가격은 8900원이에요. 더 자세한 내용은 문자로 발송된 메뉴판을 참고해주세요!
2025-01-03 16:34:21,244 [__main__] [INFO] :: Processing Time: 0.0937 seconds
2025-01-03 16:34:21,244 [__main__] [INFO] :: ----------------------------------------------------------------------------------------------------
2025-01-03 16:34:32,564 [__main__] [INFO] :: Received message: 요즘 제일 잘 팔리는게 뭐야
2025-01-03 16:34:32,585 [__main__] [INFO] :: Intent ID: 3
2025-01-03 16:34:32,630 [__main__] [INFO] :: Response: 요즘 쟁반짜장 메뉴가 가장 인기 있는 메뉴입니다.
2025-01-03 16:34:32,630 [__main__] [INFO] :: Processing Time: 0.0669 seconds
2025-01-03 16:34:32,630 [__main__] [INFO] :: ----------------------------------------------------------------------------------------------------
2025-01-03 20:27:44,572 [__main__] [INFO] :: Received message: 뭐 뭐 팔아
2025-01-03 20:27:44,601 [__main__] [INFO] :: Intent ID: 0
2025-01-03 20:27:44,653 [__main__] [INFO] :: Response: 저희 매장에는 면류, 반반메뉴, 밥류, 사이드, 세트메뉴, 주류, 튀김류의 메뉴 종류들이 있어요.
2025-01-03 20:27:44,654 [__main__] [INFO] :: Processing Time: 0.0823 seconds
2025-01-03 20:27:44,654 [__main__] [INFO] :: ----------------------------------------------------------------------------------------------------
2025-01-03 20:27:56,583 [__main__] [INFO] :: Received message: 짬뽕 얼마야
2025-01-03 20:27:56,610 [__main__] [INFO] :: Intent ID: 1
2025-01-03 20:27:56,693 [__main__] [INFO] :: Response: 짬뽕의 가격은 7800원이에요. 더 자세한 내용은 문자로 발송된 메뉴판을 참고해주세요!
2025-01-03 20:27:56,693 [__main__] [INFO] :: Processing Time: 0.1099 seconds
2025-01-03 20:27:56,693 [__main__] [INFO] :: ----------------------------------------------------------------------------------------------------
2025-01-03 20:28:08,388 [__main__] [INFO] :: Received message: 지금 가면 바로 먹을 수 있어
2025-01-03 20:28:08,417 [__main__] [INFO] :: Intent ID: 25
2025-01-03 20:28:08,465 [__main__] [INFO] :: Response: 현재 4개의 테이블이 비어 있어요. 바로 이용하실 수 있습니다.
2025-01-03 20:28:08,465 [__main__] [INFO] :: Processing Time: 0.0771 seconds
2025-01-03 20:28:08,465 [__main__] [INFO] :: ----------------------------------------------------------------------------------------------------
2025-01-03 20:28:16,771 [__main__] [INFO] :: Received message: 몇 시까지 영업해
2025-01-03 20:28:16,796 [__main__] [INFO] :: Intent ID: 16
2025-01-03 20:28:16,845 [__main__] [INFO] :: Response: 저희 매장은 11시부터 20시30분까지 영업합니다. 자세한 문의는 언제든 물어보세요.
2025-01-03 20:28:16,845 [__main__] [INFO] :: Processing Time: 0.0745 seconds
2025-01-03 20:28:16,845 [__main__] [INFO] :: ----------------------------------------------------------------------------------------------------
2025-01-03 20:28:27,622 [__main__] [INFO] :: Received message: 휴무일 언제야
2025-01-03 20:28:27,649 [__main__] [INFO] :: Intent ID: 18
2025-01-03 20:28:27,698 [__main__] [INFO] :: Response: 저희 매장의 휴무일은 매주 화요일이며, 영업일은 매주 수요일부터 월요일입니다.
2025-01-03 20:28:27,698 [__main__] [INFO] :: Processing Time: 0.0759 seconds
2025-01-03 20:28:27,698 [__main__] [INFO] :: ----------------------------------------------------------------------------------------------------
2025-01-03 20:28:37,217 [__main__] [INFO] :: Received message: 카드 결제 가능해
2025-01-03 20:28:37,244 [__main__] [INFO] :: Intent ID: 14
2025-01-03 20:28:37,322 [__main__] [INFO] :: Response: 저희 매장에서는 신용카드 결제 방식으로 계산이 가능합니다.
2025-01-03 20:28:37,322 [__main__] [INFO] :: Processing Time: 0.1051 seconds
2025-01-03 20:28:37,322 [__main__] [INFO] :: ----------------------------------------------------------------------------------------------------
2025-01-03 20:28:46,022 [__main__] [INFO] :: Received message: 아기 의자 있나요
2025-01-03 20:28:46,049 [__main__] [INFO] :: Intent ID: 44
2025-01-03 20:28:46,093 [__main__] [INFO] :: Response: 확인 후 다시 연락드리겠습니다.
2025-01-03 20:28:46,093 [__main__] [INFO] :: Processing Time: 0.0710 seconds
2025-01-03 20:28:46,093 [__main__] [INFO] :: ----------------------------------------------------------------------------------------------------
2025-01-03 20:28:51,966 [__main__] [INFO] :: Received message: 룸 있나요
2025-01-03 20:28:51,991 [__main__] [INFO] :: Intent ID: 32
2025-01-03 20:28:52,039 [__main__] [INFO] :: Response: 저희 매장에는 특별 좌석으로 룸 6개와 야외 좌석 3개가 준비되어 있습니다.
2025-01-03 20:28:52,039 [__main__] [INFO] :: Processing Time: 0.0733 seconds
2025-01-03 20:28:52,039 [__main__] [INFO] :: ----------------------------------------------------------------------------------------------------
2025-01-03 20:29:02,781 [__main__] [INFO] :: Received message: 아기가 먹을 만한 메뉴 뭐 있나요
2025-01-03 20:29:02,807 [__main__] [INFO] :: Intent ID: 44
2025-01-03 20:29:02,849 [__main__] [INFO] :: Response: 확인 후 다시 연락드리겠습니다.
2025-01-03 20:29:02,849 [__main__] [INFO] :: Processing Time: 0.0682 seconds
2025-01-03 20:29:02,849 [__main__] [INFO] :: ----------------------------------------------------------------------------------------------------
