2025-01-13 08:56:06,276 [__main__] [INFO] :: *** 08h-56m-06s START ***
2025-01-13 08:56:06,276 [__main__] [INFO] :: *** PID: 353651 ***
2025-01-13 08:56:15,704 [__main__] [INFO] :: Received message: 인기메뉴 뭐 있어?
2025-01-13 08:56:15,751 [__main__] [INFO] :: Intent ID: 3
2025-01-13 08:56:15,894 [__main__] [INFO] :: Response: 요즘 쟁반짜장, 행사 탕짜면 메뉴가 가장 인기 있는 메뉴입니다.
2025-01-13 08:56:15,894 [__main__] [INFO] :: Processing Time: 0.1903 seconds
2025-01-13 08:56:15,894 [__main__] [INFO] :: ----------------------------------------------------------------------------------------------------
2025-01-13 08:56:24,942 [__main__] [INFO] :: Received message: 대표메뉴 뭐 있어?
2025-01-13 08:56:24,972 [__main__] [INFO] :: Intent ID: 5
2025-01-13 08:56:25,016 [__main__] [INFO] :: Response: 저희 매장의 대표 메뉴는 백짬뽕, 볶음짬뽕, 냉짬뽕이고, 이는 대표 메뉴로 인기 있어요.
2025-01-13 08:56:25,016 [__main__] [INFO] :: Processing Time: 0.0741 seconds
2025-01-13 08:56:25,016 [__main__] [INFO] :: ----------------------------------------------------------------------------------------------------
2025-01-13 08:56:35,173 [__main__] [INFO] :: Received message: 한정메뉴 뭐 있어?
2025-01-13 08:56:35,189 [__main__] [INFO] :: Intent ID: 9
2025-01-13 08:56:35,226 [__main__] [INFO] :: Response: 저희 매장에서 15주년행사 짜장면, 15주년행사 짬뽕 메뉴는 한정 판매 중인 메뉴입니다.
2025-01-13 08:56:35,226 [__main__] [INFO] :: Processing Time: 0.0536 seconds
2025-01-13 08:56:35,226 [__main__] [INFO] :: ----------------------------------------------------------------------------------------------------
2025-01-13 08:56:45,170 [__main__] [INFO] :: Received message: 이벤트 메뉴 뭐 있어?
2025-01-13 08:56:45,196 [__main__] [INFO] :: Intent ID: 6
2025-01-13 08:56:45,279 [__main__] [INFO] :: Response: 현재 할인 중인 메뉴는 15주년행사 짬뽕, 2인세트, 15주년행사 짜장면입니다.
2025-01-13 08:56:45,280 [__main__] [INFO] :: Processing Time: 0.1095 seconds
2025-01-13 08:56:45,280 [__main__] [INFO] :: ----------------------------------------------------------------------------------------------------
2025-01-13 08:56:53,686 [__main__] [INFO] :: Received message: 이벤트 메뉴 뭐 있어?
2025-01-13 08:56:53,711 [__main__] [INFO] :: Intent ID: 6
2025-01-13 08:56:53,788 [__main__] [INFO] :: Response: 현재 할인 중인 메뉴는 3인세트, 1인세트, 15주년행사 짬뽕입니다.
2025-01-13 08:56:53,789 [__main__] [INFO] :: Processing Time: 0.1031 seconds
2025-01-13 08:56:53,789 [__main__] [INFO] :: ----------------------------------------------------------------------------------------------------
2025-01-13 08:57:04,654 [__main__] [INFO] :: Received message: 매운 메뉴 뭐 있어?
2025-01-13 08:57:04,674 [__main__] [INFO] :: Intent ID: 10
2025-01-13 08:57:04,750 [__main__] [INFO] :: Response: 매운맛을 좋아하신다면 탕짬면, 고추짬뽕, 볶음짬뽕 메뉴를 추천드려요!
2025-01-13 08:57:04,750 [__main__] [INFO] :: Processing Time: 0.0967 seconds
2025-01-13 08:57:04,750 [__main__] [INFO] :: ----------------------------------------------------------------------------------------------------
2025-01-13 08:57:13,839 [__main__] [INFO] :: Received message: 원플러스원 메뉴 뭐 있어?
2025-01-13 08:57:13,865 [__main__] [INFO] :: Intent ID: 7
2025-01-13 08:57:13,942 [__main__] [INFO] :: Response: 현재 1+1 메뉴로 군만두 1+1, 짜장면 1+1을 제공 중이에요.
2025-01-13 08:57:13,942 [__main__] [INFO] :: Processing Time: 0.1032 seconds
2025-01-13 08:57:13,942 [__main__] [INFO] :: ----------------------------------------------------------------------------------------------------
2025-01-13 08:57:24,555 [__main__] [INFO] :: Received message: 추천 메뉴 뭐 있어?
2025-01-13 08:57:24,572 [__main__] [INFO] :: Intent ID: 4
2025-01-13 08:57:24,611 [__main__] [INFO] :: Response: 개인적으로 굴짬뽕, 고추짬뽕, 고추짜장 메뉴를 추천 드립니다.
2025-01-13 08:57:24,611 [__main__] [INFO] :: Processing Time: 0.0557 seconds
2025-01-13 08:57:24,611 [__main__] [INFO] :: ----------------------------------------------------------------------------------------------------
2025-01-13 08:57:25,807 [__main__] [INFO] :: Received message: 추천 메뉴 뭐 있어?
2025-01-13 08:57:25,823 [__main__] [INFO] :: Intent ID: 4
2025-01-13 08:57:25,862 [__main__] [INFO] :: Response: 개인적으로 굴짬뽕, 고추짜장, 고추짬뽕 메뉴를 추천 드립니다.
2025-01-13 08:57:25,862 [__main__] [INFO] :: Processing Time: 0.0555 seconds
2025-01-13 08:57:25,863 [__main__] [INFO] :: ----------------------------------------------------------------------------------------------------
2025-01-13 08:57:26,966 [__main__] [INFO] :: Received message: 추천 메뉴 뭐 있어?
2025-01-13 08:57:26,985 [__main__] [INFO] :: Intent ID: 4
2025-01-13 08:57:27,036 [__main__] [INFO] :: Response: 개인적으로 고추짬뽕, 고추짜장, 굴짬뽕 메뉴를 추천 드립니다.
2025-01-13 08:57:27,036 [__main__] [INFO] :: Processing Time: 0.0703 seconds
2025-01-13 08:57:27,036 [__main__] [INFO] :: ----------------------------------------------------------------------------------------------------
2025-01-13 08:57:38,008 [__main__] [INFO] :: Received message: 새로운 메뉴 뭐 있어?
2025-01-13 08:57:38,038 [__main__] [INFO] :: Intent ID: 8
2025-01-13 08:57:38,125 [__main__] [INFO] :: Response: 이번에 새로 나온 신메뉴는 팔보채, 유린기입니다.
2025-01-13 08:57:38,126 [__main__] [INFO] :: Processing Time: 0.1183 seconds
2025-01-13 08:57:38,126 [__main__] [INFO] :: ----------------------------------------------------------------------------------------------------
2025-01-13 08:57:39,683 [__main__] [INFO] :: Received message: 새로운 메뉴 뭐 있어?
2025-01-13 08:57:39,710 [__main__] [INFO] :: Intent ID: 8
2025-01-13 08:57:39,787 [__main__] [INFO] :: Response: 이번에 새로 나온 신메뉴는 팔보채, 유린기입니다.
2025-01-13 08:57:39,788 [__main__] [INFO] :: Processing Time: 0.1043 seconds
2025-01-13 08:57:39,788 [__main__] [INFO] :: ----------------------------------------------------------------------------------------------------
2025-01-13 08:58:16,534 [__main__] [INFO] :: Received message: 새로운 메뉴 뭐 있어?
2025-01-13 08:58:16,566 [__main__] [INFO] :: Intent ID: 8
2025-01-13 08:58:16,603 [__main__] [INFO] :: Response: 이번에 새로 나온 신메뉴는 팔보채, 유린기입니다.
2025-01-13 08:58:16,603 [__main__] [INFO] :: Processing Time: 0.0697 seconds
2025-01-13 08:58:16,603 [__main__] [INFO] :: ----------------------------------------------------------------------------------------------------
