2025-01-13 08:14:44,871 [__main__] [INFO] :: *** 08h-14m-44s START ***
2025-01-13 08:14:44,871 [__main__] [INFO] :: *** PID: 339456 ***
2025-01-13 08:14:56,161 [__main__] [INFO] :: Received message: 인기메뉴 뭐 있어?
2025-01-13 08:14:56,236 [__main__] [INFO] :: Intent ID: 3
2025-01-13 08:14:56,472 [__main__] [INFO] :: Response: 요즘 쟁반짜장 메뉴가 가장 인기 있는 메뉴입니다.
2025-01-13 08:14:56,472 [__main__] [INFO] :: Processing Time: 0.3118 seconds
2025-01-13 08:14:56,472 [__main__] [INFO] :: ----------------------------------------------------------------------------------------------------
2025-01-13 08:14:58,343 [__main__] [INFO] :: Received message: 인기메뉴 뭐 있어?
2025-01-13 08:14:58,371 [__main__] [INFO] :: Intent ID: 3
2025-01-13 08:14:58,450 [__main__] [INFO] :: Response: 요즘 쟁반짜장 메뉴가 가장 인기 있는 메뉴입니다.
2025-01-13 08:14:58,450 [__main__] [INFO] :: Processing Time: 0.1075 seconds
2025-01-13 08:14:58,450 [__main__] [INFO] :: ----------------------------------------------------------------------------------------------------
2025-01-13 08:15:00,103 [__main__] [INFO] :: Received message: 인기메뉴 뭐 있어?
2025-01-13 08:15:00,135 [__main__] [INFO] :: Intent ID: 3
2025-01-13 08:15:00,214 [__main__] [INFO] :: Response: 요즘 쟁반짜장 메뉴가 가장 인기 있는 메뉴입니다.
2025-01-13 08:15:00,214 [__main__] [INFO] :: Processing Time: 0.1118 seconds
2025-01-13 08:15:00,214 [__main__] [INFO] :: ----------------------------------------------------------------------------------------------------
2025-01-13 08:16:14,615 [__main__] [INFO] :: Received message: 인기메뉴 뭐 있어?
2025-01-13 08:16:14,647 [__main__] [INFO] :: Intent ID: 3
2025-01-13 08:16:14,682 [__main__] [INFO] :: Response: 요즘 쟁반짜장 메뉴가 가장 인기 있는 메뉴입니다.
2025-01-13 08:16:14,682 [__main__] [INFO] :: Processing Time: 0.0672 seconds
2025-01-13 08:16:14,682 [__main__] [INFO] :: ----------------------------------------------------------------------------------------------------
