2025-01-13 08:17:37,604 [__main__] [INFO] :: *** 08h-17m-37s START ***
2025-01-13 08:17:37,605 [__main__] [INFO] :: *** PID: 340783 ***
2025-01-13 08:17:47,527 [__main__] [INFO] :: Received message: 인기메뉴 뭐 있어?
2025-01-13 08:17:47,594 [__main__] [INFO] :: Intent ID: 3
2025-01-13 08:17:47,808 [__main__] [INFO] :: Response: 요즘 쟁반짜장 메뉴가 가장 인기 있는 메뉴입니다.
2025-01-13 08:17:47,808 [__main__] [INFO] :: Processing Time: 0.2807 seconds
2025-01-13 08:17:47,808 [__main__] [INFO] :: ----------------------------------------------------------------------------------------------------
2025-01-13 08:17:50,408 [__main__] [INFO] :: Received message: 인기메뉴 뭐 있어?
2025-01-13 08:17:50,425 [__main__] [INFO] :: Intent ID: 3
2025-01-13 08:17:50,460 [__main__] [INFO] :: Response: 요즘 쟁반짜장 메뉴가 가장 인기 있는 메뉴입니다.
2025-01-13 08:17:50,460 [__main__] [INFO] :: Processing Time: 0.0530 seconds
2025-01-13 08:17:50,461 [__main__] [INFO] :: ----------------------------------------------------------------------------------------------------
2025-01-13 08:17:52,433 [__main__] [INFO] :: Received message: 인기메뉴 뭐 있어?
2025-01-13 08:17:52,449 [__main__] [INFO] :: Intent ID: 3
2025-01-13 08:17:52,485 [__main__] [INFO] :: Response: 요즘 쟁반짜장 메뉴가 가장 인기 있는 메뉴입니다.
2025-01-13 08:17:52,486 [__main__] [INFO] :: Processing Time: 0.0525 seconds
2025-01-13 08:17:52,486 [__main__] [INFO] :: ----------------------------------------------------------------------------------------------------
2025-01-13 08:17:53,604 [__main__] [INFO] :: Received message: 인기메뉴 뭐 있어?
2025-01-13 08:17:53,621 [__main__] [INFO] :: Intent ID: 3
2025-01-13 08:17:53,662 [__main__] [INFO] :: Response: 요즘 쟁반짜장 메뉴가 가장 인기 있는 메뉴입니다.
2025-01-13 08:17:53,662 [__main__] [INFO] :: Processing Time: 0.0579 seconds
2025-01-13 08:17:53,662 [__main__] [INFO] :: ----------------------------------------------------------------------------------------------------
