2025-01-13 08:13:11,059 [__main__] [INFO] :: *** 08h-13m-11s START ***
2025-01-13 08:13:11,059 [__main__] [INFO] :: *** PID: 337731 ***
2025-01-13 08:13:22,957 [__main__] [INFO] :: Received message: 인기메뉴 뭐 있어?
2025-01-13 08:13:22,997 [__main__] [INFO] :: Intent ID: 3
2025-01-13 08:13:23,119 [__main__] [INFO] :: Response: 요즘 고기짬뽕 메뉴가 가장 없음 있는 메뉴입니다.
2025-01-13 08:13:23,119 [__main__] [INFO] :: Processing Time: 0.1627 seconds
2025-01-13 08:13:23,119 [__main__] [INFO] :: ----------------------------------------------------------------------------------------------------
2025-01-13 08:13:25,400 [__main__] [INFO] :: Received message: 인기메뉴 뭐 있어?
2025-01-13 08:13:25,416 [__main__] [INFO] :: Intent ID: 3
2025-01-13 08:13:25,450 [__main__] [INFO] :: Response: 요즘 고기짬뽕밥 메뉴가 가장 없음 있는 메뉴입니다.
2025-01-13 08:13:25,450 [__main__] [INFO] :: Processing Time: 0.0502 seconds
2025-01-13 08:13:25,450 [__main__] [INFO] :: ----------------------------------------------------------------------------------------------------
2025-01-13 08:13:41,709 [__main__] [INFO] :: Received message: 인기메뉴 뭐 있어?
2025-01-13 08:13:41,743 [__main__] [INFO] :: Intent ID: 3
2025-01-13 08:13:41,825 [__main__] [INFO] :: Response: 요즘 짜장면 1+1 메뉴가 가장 없음 있는 메뉴입니다.
2025-01-13 08:13:41,826 [__main__] [INFO] :: Processing Time: 0.1169 seconds
2025-01-13 08:13:41,826 [__main__] [INFO] :: ----------------------------------------------------------------------------------------------------
2025-01-13 08:13:45,131 [__main__] [INFO] :: Received message: 인기메뉴 뭐 있어?
2025-01-13 08:13:45,148 [__main__] [INFO] :: Intent ID: 3
2025-01-13 08:13:45,185 [__main__] [INFO] :: Response: 요즘 15주년행사 짜장면 메뉴가 가장 없음 있는 메뉴입니다.
2025-01-13 08:13:45,185 [__main__] [INFO] :: Processing Time: 0.0539 seconds
2025-01-13 08:13:45,185 [__main__] [INFO] :: ----------------------------------------------------------------------------------------------------
