2025-01-13 12:24:48,540 [__main__] [INFO] :: *** 12h-24m-48s START ***
2025-01-13 12:24:48,540 [__main__] [INFO] :: *** PID: 409113 ***
2025-01-13 12:25:44,636 [__main__] [INFO] :: Received message: 새로운 메뉴 뭐 있어?
2025-01-13 12:25:44,722 [__main__] [INFO] :: Intent ID: 8
2025-01-13 12:25:44,936 [__main__] [INFO] :: Response: 이번에 새로 나온 신메뉴는 유린기, 팔보채입니다.
2025-01-13 12:25:44,936 [__main__] [INFO] :: Processing Time: 0.3005 seconds
2025-01-13 12:25:44,936 [__main__] [INFO] :: ----------------------------------------------------------------------------------------------------
2025-01-13 12:26:10,006 [__main__] [INFO] :: Received message: 10분 내로 배달 돼?
2025-01-13 12:26:10,040 [__main__] [INFO] :: Intent ID: 24
2025-01-13 12:26:10,099 [__main__] [INFO] :: Response: 배달 관련 문의는 확인 후 다시 연락드리겠습니다.
2025-01-13 12:26:10,099 [__main__] [INFO] :: Processing Time: 0.0933 seconds
2025-01-13 12:26:10,099 [__main__] [INFO] :: ----------------------------------------------------------------------------------------------------
2025-01-13 12:26:15,735 [__main__] [INFO] :: Received message: 30분 내로 배달 돼?
2025-01-13 12:26:15,754 [__main__] [INFO] :: Intent ID: 24
2025-01-13 12:26:15,795 [__main__] [INFO] :: Response: 배달 관련 문의는 확인 후 다시 연락드리겠습니다.
2025-01-13 12:26:15,796 [__main__] [INFO] :: Processing Time: 0.0604 seconds
2025-01-13 12:26:15,796 [__main__] [INFO] :: ----------------------------------------------------------------------------------------------------
2025-01-13 12:26:34,988 [__main__] [INFO] :: Received message: 배달 요청할 때 안되는거 있어?
2025-01-13 12:26:35,034 [__main__] [INFO] :: Intent ID: 24
2025-01-13 12:26:35,094 [__main__] [INFO] :: Response: 배달 관련 문의는 확인 후 다시 연락드리겠습니다.
2025-01-13 12:26:35,094 [__main__] [INFO] :: Processing Time: 0.1070 seconds
2025-01-13 12:26:35,095 [__main__] [INFO] :: ----------------------------------------------------------------------------------------------------
2025-01-13 12:26:57,304 [__main__] [INFO] :: Received message: 오토바이로 배달 돼?
2025-01-13 12:26:57,340 [__main__] [INFO] :: Intent ID: 12
2025-01-13 12:26:57,472 [__main__] [INFO] :: Response: 주문하신 상품은 매장방문, 포장, 배달 방식으로 전달됩니다.
2025-01-13 12:26:57,472 [__main__] [INFO] :: Processing Time: 0.1675 seconds
2025-01-13 12:26:57,472 [__main__] [INFO] :: ----------------------------------------------------------------------------------------------------
2025-01-13 12:27:13,141 [__main__] [INFO] :: Received message: 배달시 주의 사항 있어?
2025-01-13 12:27:13,167 [__main__] [INFO] :: Intent ID: 24
2025-01-13 12:27:13,266 [__main__] [INFO] :: Response: 배달 관련 문의는 확인 후 다시 연락드리겠습니다.
2025-01-13 12:27:13,266 [__main__] [INFO] :: Processing Time: 0.1245 seconds
2025-01-13 12:27:13,266 [__main__] [INFO] :: ----------------------------------------------------------------------------------------------------
2025-01-13 12:27:34,208 [__main__] [INFO] :: Received message: 인기메뉴 뭐 있어?
2025-01-13 12:27:34,244 [__main__] [INFO] :: Intent ID: 3
2025-01-13 12:27:34,320 [__main__] [INFO] :: Response: 요즘 쟁반짜장, 행사 탕짜면 메뉴가 가장 인기 있는 메뉴입니다.
2025-01-13 12:27:34,320 [__main__] [INFO] :: Processing Time: 0.1129 seconds
2025-01-13 12:27:34,320 [__main__] [INFO] :: ----------------------------------------------------------------------------------------------------
2025-01-13 12:27:48,691 [__main__] [INFO] :: Received message: 매운메뉴 뭐 있어?
2025-01-13 12:27:48,714 [__main__] [INFO] :: Intent ID: 10
2025-01-13 12:27:48,774 [__main__] [INFO] :: Response: 매운맛을 좋아하신다면 볶음짬뽕, 고추짬뽕, 탕짬면 메뉴를 추천드려요!
2025-01-13 12:27:48,774 [__main__] [INFO] :: Processing Time: 0.0833 seconds
2025-01-13 12:27:48,774 [__main__] [INFO] :: ----------------------------------------------------------------------------------------------------
2025-01-13 12:53:09,035 [__main__] [INFO] :: Received message: 인기 상품이 뭐야
2025-01-13 12:53:09,076 [__main__] [INFO] :: Intent ID: 3
2025-01-13 12:53:09,117 [__main__] [INFO] :: Response: 요즘 쟁반짜장, 행사 탕짜면 메뉴가 가장 인기 있는 메뉴입니다.
2025-01-13 12:53:09,117 [__main__] [INFO] :: Processing Time: 0.0823 seconds
2025-01-13 12:53:09,117 [__main__] [INFO] :: ----------------------------------------------------------------------------------------------------
2025-01-13 12:53:25,548 [__main__] [INFO] :: Received message: 배달 어떻게 해
2025-01-13 12:53:25,576 [__main__] [INFO] :: Intent ID: 12
2025-01-13 12:53:25,655 [__main__] [INFO] :: Response: 주문하신 상품은 매장방문, 포장, 배달 방식으로 전달됩니다.
2025-01-13 12:53:25,655 [__main__] [INFO] :: Processing Time: 0.1069 seconds
2025-01-13 12:53:25,655 [__main__] [INFO] :: ----------------------------------------------------------------------------------------------------
2025-01-13 12:53:50,749 [__main__] [INFO] :: Received message: 표 상품
2025-01-13 12:53:50,781 [__main__] [INFO] :: Intent ID: 2
2025-01-13 12:53:50,810 [__main__] [INFO] :: Response: 자세한 메뉴 사진과 정보가 적혀있는 QR 주문링크를 전송해드렸어요. 스마트폰으로 편하게 확인해 보세요!
2025-01-13 12:53:50,810 [__main__] [INFO] :: Processing Time: 0.0615 seconds
2025-01-13 12:53:50,810 [__main__] [INFO] :: ----------------------------------------------------------------------------------------------------
2025-01-13 12:54:03,748 [__main__] [INFO] :: Received message: 매운맛 상품 알려 줘
2025-01-13 12:54:03,778 [__main__] [INFO] :: Intent ID: 10
2025-01-13 12:54:03,857 [__main__] [INFO] :: Response: 매운맛을 좋아하신다면 고추짬뽕, 볶음짬뽕, 탕짬면 메뉴를 추천드려요!
2025-01-13 12:54:03,857 [__main__] [INFO] :: Processing Time: 0.1095 seconds
2025-01-13 12:54:03,857 [__main__] [INFO] :: ----------------------------------------------------------------------------------------------------
2025-01-13 12:54:15,451 [__main__] [INFO] :: Received message: 원 플러스 원 메뉴
2025-01-13 12:54:15,475 [__main__] [INFO] :: Intent ID: 7
2025-01-13 12:54:15,557 [__main__] [INFO] :: Response: 현재 1+1 메뉴로 짜장면 1+1, 군만두 1+1을 제공 중이에요.
2025-01-13 12:54:15,558 [__main__] [INFO] :: Processing Time: 0.1064 seconds
2025-01-13 12:54:15,558 [__main__] [INFO] :: ----------------------------------------------------------------------------------------------------
2025-01-14 13:37:37,636 [__main__] [INFO] :: Received message: 메뉴 뭐 있어
2025-01-14 13:37:37,681 [__main__] [INFO] :: Intent ID: 0
2025-01-14 13:37:37,720 [__main__] [INFO] :: Response: 저희 매장에는 면류, 반반메뉴, 밥류, 사이드, 세트메뉴, 주류, 튀김류의 메뉴 종류들이 있어요.
2025-01-14 13:37:37,720 [__main__] [INFO] :: Processing Time: 0.0844 seconds
2025-01-14 13:37:37,720 [__main__] [INFO] :: ----------------------------------------------------------------------------------------------------
2025-01-14 13:37:51,380 [__main__] [INFO] :: Received message: 배달 시 주의 사항이 있을까
2025-01-14 13:37:51,402 [__main__] [INFO] :: Intent ID: 24
2025-01-14 13:37:51,445 [__main__] [INFO] :: Response: 배달 관련 문의는 확인 후 다시 연락드리겠습니다.
2025-01-14 13:37:51,445 [__main__] [INFO] :: Processing Time: 0.0650 seconds
2025-01-14 13:37:51,445 [__main__] [INFO] :: ----------------------------------------------------------------------------------------------------
2025-01-14 13:38:00,087 [__main__] [INFO] :: Received message: 포인트 어떻게 써
2025-01-14 13:38:00,110 [__main__] [INFO] :: Intent ID: 39
2025-01-14 13:38:00,164 [__main__] [INFO] :: Response: 9000원 이상 구매 시 쿠폰을 사용할 수 있으며, 쿠폰은 현금처럼 사용 가능합니다.
2025-01-14 13:38:00,164 [__main__] [INFO] :: Processing Time: 0.0771 seconds
2025-01-14 13:38:00,164 [__main__] [INFO] :: ----------------------------------------------------------------------------------------------------
2025-01-14 13:38:12,997 [__main__] [INFO] :: Received message: 포인트는 어떻게 써야 돼
2025-01-14 13:38:13,019 [__main__] [INFO] :: Intent ID: 37
2025-01-14 13:38:13,073 [__main__] [INFO] :: Response: 저희 매장에서는 1000점 이상의 포인트를 사용할 수 있습니다.
2025-01-14 13:38:13,073 [__main__] [INFO] :: Processing Time: 0.0763 seconds
2025-01-14 13:38:13,073 [__main__] [INFO] :: ----------------------------------------------------------------------------------------------------
2025-01-16 10:52:48,075 [__main__] [INFO] :: Received message: 메뉴 뭐 있어
2025-01-16 10:52:48,112 [__main__] [INFO] :: Intent ID: 0
2025-01-16 10:52:48,166 [__main__] [INFO] :: Response: 저희 매장에는 면류, 반반메뉴, 밥류, 사이드, 세트메뉴, 주류, 튀김류의 메뉴 종류들이 있어요.
2025-01-16 10:52:48,166 [__main__] [INFO] :: Processing Time: 0.0920 seconds
2025-01-16 10:52:48,166 [__main__] [INFO] :: ----------------------------------------------------------------------------------------------------
2025-01-16 10:53:21,554 [__main__] [INFO] :: Received message: 아 배달 주의 사항 있어
2025-01-16 10:53:21,594 [__main__] [INFO] :: Intent ID: 24
2025-01-16 10:53:21,630 [__main__] [INFO] :: Response: 배달 관련 문의는 확인 후 다시 연락드리겠습니다.
2025-01-16 10:53:21,630 [__main__] [INFO] :: Processing Time: 0.0761 seconds
2025-01-16 10:53:21,630 [__main__] [INFO] :: ----------------------------------------------------------------------------------------------------
2025-01-16 10:58:54,830 [__main__] [INFO] :: Received message: 애니 뭐 있어
2025-01-16 10:58:54,865 [__main__] [INFO] :: Intent ID: 47
2025-01-16 10:58:54,894 [__main__] [INFO] :: Response: 죄송합니다, 요청하신 정보를 바로 확인하기 어려워요.
2025-01-16 10:58:54,894 [__main__] [INFO] :: Processing Time: 0.0635 seconds
2025-01-16 10:58:54,894 [__main__] [INFO] :: ----------------------------------------------------------------------------------------------------
2025-01-16 10:59:04,973 [__main__] [INFO] :: Received message: 메뉴 뭐 있어
2025-01-16 10:59:04,990 [__main__] [INFO] :: Intent ID: 0
2025-01-16 10:59:05,027 [__main__] [INFO] :: Response: 저희 매장에는 면류, 반반메뉴, 밥류, 사이드, 세트메뉴, 주류, 튀김류의 메뉴 종류들이 있어요.
2025-01-16 10:59:05,027 [__main__] [INFO] :: Processing Time: 0.0540 seconds
2025-01-16 10:59:05,027 [__main__] [INFO] :: ----------------------------------------------------------------------------------------------------
2025-01-16 10:59:34,858 [__main__] [INFO] :: Received message: 배달 가능해
2025-01-16 10:59:34,894 [__main__] [INFO] :: Intent ID: 12
2025-01-16 10:59:34,929 [__main__] [INFO] :: Response: 주문하신 상품은 매장방문, 포장, 배달 방식으로 전달됩니다.
2025-01-16 10:59:34,929 [__main__] [INFO] :: Processing Time: 0.0705 seconds
2025-01-16 10:59:34,929 [__main__] [INFO] :: ----------------------------------------------------------------------------------------------------
2025-01-16 11:11:45,050 [__main__] [INFO] :: Received message: 메뉴 뭐 있어
2025-01-16 11:11:45,089 [__main__] [INFO] :: Intent ID: 0
2025-01-16 11:11:45,143 [__main__] [INFO] :: Response: 저희 매장에는 면류, 반반메뉴, 밥류, 사이드, 세트메뉴, 주류, 튀김류의 메뉴 종류들이 있어요.
2025-01-16 11:11:45,143 [__main__] [INFO] :: Processing Time: 0.0933 seconds
2025-01-16 11:11:45,143 [__main__] [INFO] :: ----------------------------------------------------------------------------------------------------
2025-01-16 11:12:17,160 [__main__] [INFO] :: Received message: 메뉴 뭐 있어
2025-01-16 11:12:17,199 [__main__] [INFO] :: Intent ID: 0
2025-01-16 11:12:17,252 [__main__] [INFO] :: Response: 저희 매장에는 면류, 반반메뉴, 밥류, 사이드, 세트메뉴, 주류, 튀김류의 메뉴 종류들이 있어요.
2025-01-16 11:12:17,253 [__main__] [INFO] :: Processing Time: 0.0927 seconds
2025-01-16 11:12:17,253 [__main__] [INFO] :: ----------------------------------------------------------------------------------------------------
2025-01-16 11:12:29,778 [__main__] [INFO] :: Received message: 메뉴 뭐 있어
2025-01-16 11:12:29,801 [__main__] [INFO] :: Intent ID: 0
2025-01-16 11:12:29,855 [__main__] [INFO] :: Response: 저희 매장에는 면류, 반반메뉴, 밥류, 사이드, 세트메뉴, 주류, 튀김류의 메뉴 종류들이 있어요.
2025-01-16 11:12:29,855 [__main__] [INFO] :: Processing Time: 0.0765 seconds
2025-01-16 11:12:29,855 [__main__] [INFO] :: ----------------------------------------------------------------------------------------------------
2025-01-16 11:23:35,168 [__main__] [INFO] :: Received message: 내리고 있어
2025-01-16 11:23:35,204 [__main__] [INFO] :: Intent ID: 6
2025-01-16 11:23:35,240 [__main__] [INFO] :: Response: 현재 할인 중인 메뉴는 2인세트, 1인세트, 15주년행사 짬뽕입니다.
2025-01-16 11:23:35,240 [__main__] [INFO] :: Processing Time: 0.0720 seconds
2025-01-16 11:23:35,240 [__main__] [INFO] :: ----------------------------------------------------------------------------------------------------
2025-01-16 11:23:44,424 [__main__] [INFO] :: Received message: 메뉴 뭐 있어
2025-01-16 11:23:44,444 [__main__] [INFO] :: Intent ID: 0
2025-01-16 11:23:44,482 [__main__] [INFO] :: Response: 저희 매장에는 면류, 반반메뉴, 밥류, 사이드, 세트메뉴, 주류, 튀김류의 메뉴 종류들이 있어요.
2025-01-16 11:23:44,482 [__main__] [INFO] :: Processing Time: 0.0574 seconds
2025-01-16 11:23:44,482 [__main__] [INFO] :: ----------------------------------------------------------------------------------------------------
2025-01-16 11:24:12,233 [__main__] [INFO] :: Received message: 메뉴 뭐 있어
2025-01-16 11:24:12,272 [__main__] [INFO] :: Intent ID: 0
2025-01-16 11:24:12,325 [__main__] [INFO] :: Response: 저희 매장에는 면류, 반반메뉴, 밥류, 사이드, 세트메뉴, 주류, 튀김류의 메뉴 종류들이 있어요.
2025-01-16 11:24:12,325 [__main__] [INFO] :: Processing Time: 0.0926 seconds
2025-01-16 11:24:12,326 [__main__] [INFO] :: ----------------------------------------------------------------------------------------------------
2025-01-16 11:38:40,282 [__main__] [INFO] :: Received message: 거기 주소가 어떻게 돼
2025-01-16 11:38:40,314 [__main__] [INFO] :: Intent ID: 27
2025-01-16 11:38:40,362 [__main__] [INFO] :: Response: 저희 매장 주소는 경기 구리시 검배로6번길 27입니다. 참고하시라고 지도 링크를 보내드릴게요.
2025-01-16 11:38:40,362 [__main__] [INFO] :: Processing Time: 0.0799 seconds
2025-01-16 11:38:40,362 [__main__] [INFO] :: ----------------------------------------------------------------------------------------------------
2025-01-16 11:39:15,217 [__main__] [INFO] :: Received message: 가장 맛있는게 뭐야
2025-01-16 11:39:15,255 [__main__] [INFO] :: Intent ID: 4
2025-01-16 11:39:15,300 [__main__] [INFO] :: Response: 개인적으로 굴짬뽕, 고추짜장, 고추짬뽕 메뉴를 추천 드립니다.
2025-01-16 11:39:15,300 [__main__] [INFO] :: Processing Time: 0.0834 seconds
2025-01-16 11:39:15,300 [__main__] [INFO] :: ----------------------------------------------------------------------------------------------------
2025-01-21 09:27:01,582 [__main__] [INFO] :: Received message: 피자가 먹고 싶어
2025-01-21 09:27:01,620 [__main__] [INFO] :: Intent ID: 1
2025-01-21 09:27:01,692 [__main__] [INFO] :: Response: 해당 메뉴는 판매하고 있지 않습니다. 다른 메뉴를 선택해주세요.
2025-01-21 09:27:11,815 [__main__] [INFO] :: Received message: 제일 가까운 짜장면집 찾아 줘
2025-01-21 09:27:11,840 [__main__] [INFO] :: Intent ID: 1
2025-01-21 09:27:11,919 [__main__] [INFO] :: Response: 짜장밥의 가격은 8500원이에요. 더 자세한 내용은 문자로 발송된 메뉴판을 참고해주세요!
2025-01-21 09:27:11,919 [__main__] [INFO] :: Processing Time: 0.1044 seconds
2025-01-21 09:27:11,920 [__main__] [INFO] :: ----------------------------------------------------------------------------------------------------
2025-01-21 09:30:00,282 [__main__] [INFO] :: Received message: 오늘의 추천 메뉴 좀 알려 줘
2025-01-21 09:30:00,314 [__main__] [INFO] :: Intent ID: 4
2025-01-21 09:30:00,368 [__main__] [INFO] :: Response: 개인적으로 고추짬뽕, 굴짬뽕, 고추짜장 메뉴를 추천 드립니다.
2025-01-21 09:30:00,368 [__main__] [INFO] :: Processing Time: 0.0869 seconds
2025-01-21 09:30:00,368 [__main__] [INFO] :: ----------------------------------------------------------------------------------------------------
2025-01-21 09:30:21,898 [__main__] [INFO] :: Received message: 중국 열정의 어이가 없는 거 알려 줘
2025-01-21 09:30:21,930 [__main__] [INFO] :: Intent ID: 42
2025-01-21 09:30:21,967 [__main__] [INFO] :: Response: 현재 진행 중인 이벤트에 대한 자세한 정보는 스마트 주문 앱에서 확인할 수 있습니다. 앱 설치 링크를 전송해드렸으니 참고해주세요.
2025-01-21 09:30:21,967 [__main__] [INFO] :: Processing Time: 0.0689 seconds
2025-01-21 09:30:21,967 [__main__] [INFO] :: ----------------------------------------------------------------------------------------------------
2025-01-21 09:33:19,231 [__main__] [INFO] :: Received message: 따뜻하게 한잔 부탁해요
2025-01-21 09:33:19,270 [__main__] [INFO] :: Intent ID: 45
2025-01-21 09:33:19,313 [__main__] [INFO] :: Response: 이용해 주셔서 감사합니다. 추가 문의가 있으면 언제든 연락주세요.
2025-01-21 09:33:19,314 [__main__] [INFO] :: Processing Time: 0.0828 seconds
2025-01-21 09:33:19,314 [__main__] [INFO] :: ----------------------------------------------------------------------------------------------------
2025-01-21 09:43:19,514 [__main__] [INFO] :: Received message: 네 별이 뭐야
2025-01-21 09:43:19,555 [__main__] [INFO] :: Intent ID: 47
2025-01-21 09:43:19,593 [__main__] [INFO] :: Response: 죄송합니다, 요청하신 정보를 바로 확인하기 어려워요.
2025-01-21 09:43:19,593 [__main__] [INFO] :: Processing Time: 0.0792 seconds
2025-01-21 09:43:19,593 [__main__] [INFO] :: ----------------------------------------------------------------------------------------------------
2025-01-21 09:44:37,228 [__main__] [INFO] :: Received message: 네네
2025-01-21 09:44:37,262 [__main__] [INFO] :: Intent ID: 46
2025-01-21 09:44:37,298 [__main__] [INFO] :: Response: 안녕하세요! 홍콩반점입니다. 어떤 문의를 도와드릴까요?
2025-01-21 09:44:37,298 [__main__] [INFO] :: Processing Time: 0.0707 seconds
2025-01-21 09:44:37,298 [__main__] [INFO] :: ----------------------------------------------------------------------------------------------------
2025-01-21 09:45:02,489 [__main__] [INFO] :: Received message: 긴급하게 급하게
2025-01-21 09:45:02,528 [__main__] [INFO] :: Intent ID: 20
2025-01-21 09:45:02,571 [__main__] [INFO] :: Response: 영업시간에 대한 자세한 문의는 확인 후 다시 연락드리겠습니다.
2025-01-21 09:45:02,571 [__main__] [INFO] :: Processing Time: 0.0819 seconds
2025-01-21 09:45:02,571 [__main__] [INFO] :: ----------------------------------------------------------------------------------------------------
2025-01-21 09:47:27,076 [__main__] [INFO] :: Received message: 안녕하세요
2025-01-21 09:47:27,109 [__main__] [INFO] :: Intent ID: 46
2025-01-21 09:47:27,153 [__main__] [INFO] :: Response: 안녕하세요! 홍콩반점입니다. 어떤 문의를 도와드릴까요?
2025-01-21 09:47:27,153 [__main__] [INFO] :: Processing Time: 0.0766 seconds
2025-01-21 09:47:27,153 [__main__] [INFO] :: ----------------------------------------------------------------------------------------------------
2025-01-21 10:20:55,732 [__main__] [INFO] :: Received message: 짜장면 얼마야
2025-01-21 10:20:55,772 [__main__] [INFO] :: Intent ID: 1
2025-01-21 10:20:55,857 [__main__] [INFO] :: Response: 짜장의 가격은 6500원이에요. 더 자세한 내용은 문자로 발송된 메뉴판을 참고해주세요!
2025-01-21 10:20:55,857 [__main__] [INFO] :: Processing Time: 0.1256 seconds
2025-01-21 10:20:55,858 [__main__] [INFO] :: ----------------------------------------------------------------------------------------------------
2025-01-21 10:21:07,891 [__main__] [INFO] :: Received message: 카카오페이로 결제 가능해
2025-01-21 10:21:07,913 [__main__] [INFO] :: Intent ID: 14
2025-01-21 10:21:07,997 [__main__] [INFO] :: Response: 저희 매장에서는 카카오페이로 결제 방식으로 계산이 불가능합니다.
2025-01-21 10:21:07,997 [__main__] [INFO] :: Processing Time: 0.1065 seconds
2025-01-21 10:21:07,997 [__main__] [INFO] :: ----------------------------------------------------------------------------------------------------
2025-01-21 10:21:18,495 [__main__] [INFO] :: Received message: 결제 가능한 방법 다 알려 줘
2025-01-21 10:21:23,629 [__main__] [INFO] :: Received message: 결제 수당 가능한 거 다 알려 줘
2025-01-21 10:21:40,133 [__main__] [INFO] :: Received message: 결제 수당 가능한 거 다 알려 줘
2025-01-21 10:21:44,695 [__main__] [INFO] :: Intent ID: 13
2025-01-21 10:21:44,759 [__main__] [INFO] :: Response: 저희 매장은 신용카드, 현금, 모바일상품권, 간편결제 방식으로 결제가 가능하며, 간편 결제로는 네이버페이를 지원합니다.
2025-01-21 10:21:44,760 [__main__] [INFO] :: Processing Time: 26.2648 seconds
2025-01-21 10:21:44,760 [__main__] [INFO] :: ----------------------------------------------------------------------------------------------------
2025-01-21 10:21:44,782 [__main__] [INFO] :: Intent ID: 36
2025-01-21 10:21:44,783 [__main__] [INFO] :: Intent ID: 36
2025-01-21 10:21:45,048 [__main__] [INFO] :: Response: 구매 금액의 4%가 포인트로 적립됩니다.
2025-01-21 10:21:45,054 [__main__] [INFO] :: Processing Time: 21.4247 seconds
2025-01-21 10:21:45,054 [__main__] [INFO] :: Response: 구매 금액의 4%가 포인트로 적립됩니다.
2025-01-21 10:21:45,054 [__main__] [INFO] :: ----------------------------------------------------------------------------------------------------
2025-01-21 10:21:45,055 [__main__] [INFO] :: Processing Time: 4.9217 seconds
2025-01-21 10:21:45,056 [__main__] [INFO] :: ----------------------------------------------------------------------------------------------------
2025-01-21 10:22:00,041 [__main__] [INFO] :: Received message: 결제는 뭐 먹으러 가능해
2025-01-21 10:22:00,063 [__main__] [INFO] :: Intent ID: 13
2025-01-21 10:22:00,117 [__main__] [INFO] :: Response: 저희 매장은 신용카드, 현금, 모바일상품권, 간편결제 방식으로 결제가 가능하며, 간편 결제로는 네이버페이를 지원합니다.
2025-01-21 10:22:00,117 [__main__] [INFO] :: Processing Time: 0.0763 seconds
2025-01-21 10:22:00,118 [__main__] [INFO] :: ----------------------------------------------------------------------------------------------------
2025-01-21 10:22:14,666 [__main__] [INFO] :: Received message: 지금 가면 바로 먹을 수 있어
2025-01-21 10:22:14,688 [__main__] [INFO] :: Intent ID: 25
2025-01-21 10:22:14,734 [__main__] [INFO] :: Response: 현재 4개의 테이블이 비어 있어요. 바로 이용하실 수 있습니다.
2025-01-21 10:22:14,735 [__main__] [INFO] :: Processing Time: 0.0686 seconds
2025-01-21 10:22:14,735 [__main__] [INFO] :: ----------------------------------------------------------------------------------------------------
2025-01-21 10:22:23,264 [__main__] [INFO] :: Received message: 화요일 날 영업해
2025-01-21 10:22:23,286 [__main__] [INFO] :: Intent ID: 21
2025-01-21 10:22:23,371 [__main__] [INFO] :: Response: 저희 매장은 화요일에 영업 안합니다. 수요일에서 월요일 11시부터 20시 30분까지 방문하실 수 있어요.
2025-01-21 10:22:23,371 [__main__] [INFO] :: Processing Time: 0.1069 seconds
2025-01-21 10:22:23,371 [__main__] [INFO] :: ----------------------------------------------------------------------------------------------------
2025-01-21 10:22:35,589 [__main__] [INFO] :: Received message: 토요일에는 몇 시까지 해
2025-01-21 10:22:35,612 [__main__] [INFO] :: Intent ID: 21
2025-01-21 10:22:35,672 [__main__] [INFO] :: Response: 저희 매장은 토요일에 영업 합니다. 11시부터 20시 30분까지 방문하실 수 있어요.
2025-01-21 10:22:35,672 [__main__] [INFO] :: Processing Time: 0.0825 seconds
2025-01-21 10:22:35,672 [__main__] [INFO] :: ----------------------------------------------------------------------------------------------------
2025-01-21 10:29:01,059 [__main__] [INFO] :: Received message: 주문이 너무 안 좋
2025-01-21 10:29:01,105 [__main__] [INFO] :: Intent ID: 24
2025-01-21 10:29:01,142 [__main__] [INFO] :: Response: 배달 관련 문의는 확인 후 다시 연락드리겠습니다.
2025-01-21 10:29:01,142 [__main__] [INFO] :: Processing Time: 0.0830 seconds
2025-01-21 10:29:01,142 [__main__] [INFO] :: ----------------------------------------------------------------------------------------------------
2025-01-22 12:58:19,468 [__main__] [INFO] :: Received message: 전주
2025-01-22 12:58:19,508 [__main__] [INFO] :: Intent ID: 1
2025-01-22 12:58:19,595 [__main__] [INFO] :: Response: 해당 메뉴는 판매하고 있지 않습니다. 다른 메뉴를 선택해주세요.
2025-01-22 13:23:08,073 [__main__] [INFO] :: Received message: 나 짜장면 먹고 싶어 짜장면 집 좀 알려 줘
2025-01-22 13:23:08,112 [__main__] [INFO] :: Intent ID: 2
2025-01-22 13:23:08,156 [__main__] [INFO] :: Response: 자세한 메뉴 사진과 정보가 적혀있는 QR 주문링크를 전송해드렸어요. 스마트폰으로 편하게 확인해 보세요!
2025-01-22 13:23:08,156 [__main__] [INFO] :: Processing Time: 0.0836 seconds
2025-01-22 13:23:08,156 [__main__] [INFO] :: ----------------------------------------------------------------------------------------------------
2025-01-22 13:23:34,805 [__main__] [INFO] :: Received message: 근데 이걸로 되면은 굳이 전화를 연동해서 하려고 그럴까가 지금 미신으로 근데 일단 이게 인제 지금이 회사에 대한 특고에 대한 솔루션이니까 이렇게 제공한 건데 만약에 이게 만약에
2025-01-22 13:23:34,856 [__main__] [INFO] :: Intent ID: 44
2025-01-22 13:23:34,900 [__main__] [INFO] :: Response: 확인 후 다시 연락드리겠습니다.
2025-01-22 13:23:34,900 [__main__] [INFO] :: Processing Time: 0.0950 seconds
2025-01-22 13:23:34,900 [__main__] [INFO] :: ----------------------------------------------------------------------------------------------------
2025-01-22 13:23:48,571 [__main__] [INFO] :: Received message: 뭐 음식점이라면은 석유나 음식점이라면은 걔네가 웹이 없다면 전화로 해야 되니까 그래서 그런 걸 수도 있을 것 같기도 하고
2025-01-22 13:23:48,593 [__main__] [INFO] :: Intent ID: 44
2025-01-22 13:23:48,634 [__main__] [INFO] :: Response: 확인 후 다시 연락드리겠습니다.
2025-01-22 13:23:48,634 [__main__] [INFO] :: Processing Time: 0.0629 seconds
2025-01-22 13:23:48,634 [__main__] [INFO] :: ----------------------------------------------------------------------------------------------------
2025-01-22 13:24:27,503 [__main__] [INFO] :: Received message: 그러면 이제 뭔가 얘가 뭐 비품이라서 소리를 내 주겠죠 아니면 비품세를 못 나게 하면은 우리가 음성 프로포멘트로 비품 B 소리가 나면 말씀해 주십시오 하고 그다음 음성 프롬프트에 비품 넣고 그 다음에 말을 하면은
2025-01-22 13:24:27,543 [__main__] [INFO] :: Intent ID: 44
2025-01-22 13:24:27,585 [__main__] [INFO] :: Response: 확인 후 다시 연락드리겠습니다.
2025-01-22 13:24:27,585 [__main__] [INFO] :: Processing Time: 0.0827 seconds
2025-01-22 13:24:27,586 [__main__] [INFO] :: ----------------------------------------------------------------------------------------------------
2025-01-22 13:24:34,717 [__main__] [INFO] :: Received message: 응답이 있는 건들은 다시
2025-01-22 13:24:34,744 [__main__] [INFO] :: Intent ID: 43
2025-01-22 13:24:34,788 [__main__] [INFO] :: Response: 이벤트 관련 문의는 확인 후 다시 연락드리겠습니다.
2025-01-22 13:24:34,788 [__main__] [INFO] :: Processing Time: 0.0719 seconds
2025-01-22 13:24:34,789 [__main__] [INFO] :: ----------------------------------------------------------------------------------------------------
2025-01-22 13:42:52,759 [__main__] [INFO] :: Received message: 좀 알려 줘
2025-01-22 13:42:52,805 [__main__] [INFO] :: Intent ID: 0
2025-01-22 13:42:52,856 [__main__] [INFO] :: Response: 저희 매장에는 면류, 반반메뉴, 밥류, 사이드, 세트메뉴, 주류, 튀김류의 메뉴 종류들이 있어요.
2025-01-22 13:42:52,856 [__main__] [INFO] :: Processing Time: 0.0964 seconds
2025-01-22 13:42:52,856 [__main__] [INFO] :: ----------------------------------------------------------------------------------------------------
2025-01-23 17:37:38,931 [__main__] [INFO] :: Received message: 먹고 싶어 추천 좀 해 줘
2025-01-23 17:37:38,963 [__main__] [INFO] :: Intent ID: 4
2025-01-23 17:37:39,016 [__main__] [INFO] :: Response: 개인적으로 굴짬뽕, 고추짜장, 고추짬뽕 메뉴를 추천 드립니다.
2025-01-23 17:37:39,017 [__main__] [INFO] :: Processing Time: 0.0856 seconds
2025-01-23 17:37:39,017 [__main__] [INFO] :: ----------------------------------------------------------------------------------------------------
2025-01-23 17:38:56,704 [__main__] [INFO] :: Received message: 앞당에다가 렉스를 붙이고 간단한 의도만 렉세다 놓은 다음에 그 의도가 없으면은 콜백으로 해 가지고 얘한테 바로 다이렉트로 꽂아 주는 거죠 그럼 얘가 의도 분석을 해서
2025-01-23 17:38:56,753 [__main__] [INFO] :: Intent ID: 15
2025-01-23 17:38:56,782 [__main__] [INFO] :: Response: 결제 관련 문의는 확인 후 다시 연락드릴게요.
2025-01-23 17:38:56,782 [__main__] [INFO] :: Processing Time: 0.0779 seconds
2025-01-23 17:38:56,782 [__main__] [INFO] :: ----------------------------------------------------------------------------------------------------
2025-01-23 17:39:34,508 [__main__] [INFO] :: Received message: 아마존 커넥터고 렉스하고 람다 거쳐서 이쪽 볼트 하나 솔루션 거쳐서 화자가 대답을 할 텍스트로 남겨 주면은 그 람다 연동해서 아마존 커넥에 있는 그 폴리 연동해서 일단
2025-01-23 17:39:34,540 [__main__] [INFO] :: Intent ID: 44
2025-01-23 17:39:34,584 [__main__] [INFO] :: Response: 확인 후 다시 연락드리겠습니다.
2025-01-23 17:39:34,584 [__main__] [INFO] :: Processing Time: 0.0758 seconds
2025-01-23 17:39:34,584 [__main__] [INFO] :: ----------------------------------------------------------------------------------------------------
2025-01-23 17:39:55,950 [__main__] [INFO] :: Received message: 아마존 폴리 서비스를 이용해서 붙여서
2025-01-23 17:39:55,982 [__main__] [INFO] :: Intent ID: 44
2025-01-23 17:39:56,013 [__main__] [INFO] :: Response: 확인 후 다시 연락드리겠습니다.
2025-01-23 17:39:56,014 [__main__] [INFO] :: Processing Time: 0.0635 seconds
2025-01-23 17:39:56,014 [__main__] [INFO] :: ----------------------------------------------------------------------------------------------------
2025-01-23 17:40:20,093 [__main__] [INFO] :: Received message: 동적 설정을 가지고 내가 갖고 오는 계좌를 받아서 그냥 100개만 해 주면 되는 구성하고 일단은 표시를 구성하려고 하거든요 현진 님하고 여쭤볼게요
2025-01-23 17:40:20,132 [__main__] [INFO] :: Intent ID: 15
2025-01-23 17:40:20,165 [__main__] [INFO] :: Response: 결제 관련 문의는 확인 후 다시 연락드릴게요.
2025-01-23 17:40:20,165 [__main__] [INFO] :: Processing Time: 0.0717 seconds
2025-01-23 17:40:20,165 [__main__] [INFO] :: ----------------------------------------------------------------------------------------------------
2025-01-23 17:40:44,281 [__main__] [INFO] :: Received message: 일단 우리가 콜백 형태로서 그때 그냥
2025-01-23 17:40:44,321 [__main__] [INFO] :: Intent ID: 15
2025-01-23 17:40:44,365 [__main__] [INFO] :: Response: 결제 관련 문의는 확인 후 다시 연락드릴게요.
2025-01-23 17:40:44,365 [__main__] [INFO] :: Processing Time: 0.0844 seconds
2025-01-23 17:40:44,366 [__main__] [INFO] :: ----------------------------------------------------------------------------------------------------
2025-01-23 17:41:07,534 [__main__] [INFO] :: Received message: 콜밴으로 뺀다고 했잖아요 그럼 그 음성을 지금 베드락이 연기해서이어서 오늘 다 달아서 그걸 바로 해 주는 그런 내용으로 일단 말씀해 주셨잖아요
2025-01-23 17:41:07,567 [__main__] [INFO] :: Intent ID: 43
2025-01-23 17:41:07,598 [__main__] [INFO] :: Response: 이벤트 관련 문의는 확인 후 다시 연락드리겠습니다.
2025-01-23 17:41:07,599 [__main__] [INFO] :: Processing Time: 0.0644 seconds
2025-01-23 17:41:07,599 [__main__] [INFO] :: ----------------------------------------------------------------------------------------------------
2025-01-23 17:41:19,275 [__main__] [INFO] :: Received message: 그 솔루션 안에서
2025-01-23 17:41:19,295 [__main__] [INFO] :: Intent ID: 40
2025-01-23 17:41:19,326 [__main__] [INFO] :: Response: 멤버십, 포인트 및 쿠폰 관련 문의는 확인 후 다시 안내드리겠습니다.
2025-01-23 17:41:19,326 [__main__] [INFO] :: Processing Time: 0.0511 seconds
2025-01-23 17:41:19,326 [__main__] [INFO] :: ----------------------------------------------------------------------------------------------------
2025-01-23 17:41:23,077 [__main__] [INFO] :: Received message: 파악을 했을 때 내보내 중에 모양새로
2025-01-23 17:41:23,097 [__main__] [INFO] :: Intent ID: 16
2025-01-23 17:41:23,136 [__main__] [INFO] :: Response: 저희 매장은 11시부터 20시30분까지 영업합니다. 자세한 문의는 언제든 물어보세요.
2025-01-23 17:41:23,136 [__main__] [INFO] :: Processing Time: 0.0591 seconds
2025-01-23 17:41:23,136 [__main__] [INFO] :: ----------------------------------------------------------------------------------------------------
2025-01-23 17:41:29,970 [__main__] [INFO] :: Received message: 그러니까 얘네가 수정해야 되는 부분들은
2025-01-23 17:41:29,989 [__main__] [INFO] :: Intent ID: 2
2025-01-23 17:41:30,209 [__main__] [INFO] :: Response: 자세한 메뉴 사진과 정보가 적혀있는 QR 주문링크를 전송해드렸어요. 스마트폰으로 편하게 확인해 보세요!
2025-01-23 17:41:30,210 [__main__] [INFO] :: Processing Time: 0.2392 seconds
2025-01-23 17:41:30,210 [__main__] [INFO] :: ----------------------------------------------------------------------------------------------------
2025-01-23 17:42:00,895 [__main__] [INFO] :: Received message: 말씀하셨던게 이제 렉스 기반으로 해서 그 뭐냐 의도하고 q&a에 대한 내용들을 시켜서 법률 등등 그 기준으로 해서 명확한 의도를 분석해서 바라는 내용을 그때 보여 줬잖아요
2025-01-23 17:42:00,934 [__main__] [INFO] :: Intent ID: 2
2025-01-23 17:42:00,977 [__main__] [INFO] :: Response: 자세한 메뉴 사진과 정보가 적혀있는 QR 주문링크를 전송해드렸어요. 스마트폰으로 편하게 확인해 보세요!
2025-01-23 17:42:00,977 [__main__] [INFO] :: Processing Time: 0.0823 seconds
2025-01-23 17:42:00,977 [__main__] [INFO] :: ----------------------------------------------------------------------------------------------------
2025-01-23 17:42:11,386 [__main__] [INFO] :: Received message: 그 부분을 글씨 붙여서 보장비 엔진이 버전 앞에 있다고 하니까 그 부분을 다시 한번 붙여서 테스트해 보면 좋겠다라고 일단은 고객한테 일단 설명을 드렸고
2025-01-23 17:42:11,408 [__main__] [INFO] :: Intent ID: 15
2025-01-23 17:42:11,450 [__main__] [INFO] :: Response: 결제 관련 문의는 확인 후 다시 연락드릴게요.
2025-01-23 17:42:11,450 [__main__] [INFO] :: Processing Time: 0.0643 seconds
2025-01-23 17:42:11,450 [__main__] [INFO] :: ----------------------------------------------------------------------------------------------------
2025-01-23 17:42:16,069 [__main__] [INFO] :: Received message: 우리가 이제
2025-01-23 17:42:16,091 [__main__] [INFO] :: Intent ID: 47
2025-01-23 17:42:16,134 [__main__] [INFO] :: Response: 죄송합니다, 요청하신 정보를 바로 확인하기 어려워요.
2025-01-23 17:42:16,134 [__main__] [INFO] :: Processing Time: 0.0653 seconds
2025-01-23 17:42:16,134 [__main__] [INFO] :: ----------------------------------------------------------------------------------------------------
2025-01-23 17:42:21,884 [__main__] [INFO] :: Received message: 앞당 렉스턴까지 아마존 커넥트 기반으로 일단은
2025-01-23 17:42:21,906 [__main__] [INFO] :: Intent ID: 44
2025-01-23 17:42:21,944 [__main__] [INFO] :: Response: 확인 후 다시 연락드리겠습니다.
2025-01-23 17:42:21,944 [__main__] [INFO] :: Processing Time: 0.0599 seconds
2025-01-23 17:42:21,944 [__main__] [INFO] :: ----------------------------------------------------------------------------------------------------
2025-01-23 17:42:24,475 [__main__] [INFO] :: Received message: 시나리로 간단하게 구성해 주고
2025-01-23 17:42:24,495 [__main__] [INFO] :: Intent ID: 2
2025-01-23 17:42:24,526 [__main__] [INFO] :: Response: 자세한 메뉴 사진과 정보가 적혀있는 QR 주문링크를 전송해드렸어요. 스마트폰으로 편하게 확인해 보세요!
2025-01-23 17:42:24,526 [__main__] [INFO] :: Processing Time: 0.0510 seconds
2025-01-23 17:42:24,526 [__main__] [INFO] :: ----------------------------------------------------------------------------------------------------
2025-01-23 17:42:43,281 [__main__] [INFO] :: Received message: 렉스에 대한 내용들은 이제 그들도 이제 한번 테스트해 봤으니까 아니까 그 부분에 대한 인터페이스도 일단 해 봤대 아마존 커넥터 연결해서 그런지 아마존 커넥트하고 연결
2025-01-23 17:42:43,320 [__main__] [INFO] :: Intent ID: 44
2025-01-23 17:42:43,354 [__main__] [INFO] :: Response: 확인 후 다시 연락드리겠습니다.
2025-01-23 17:42:43,354 [__main__] [INFO] :: Processing Time: 0.0732 seconds
2025-01-23 17:42:43,354 [__main__] [INFO] :: ----------------------------------------------------------------------------------------------------
2025-01-23 17:42:50,868 [__main__] [INFO] :: Received message: 지금 현재이 솔루션에 붙인 거고 그거
2025-01-23 17:42:50,888 [__main__] [INFO] :: Intent ID: 5
2025-01-23 17:42:50,925 [__main__] [INFO] :: Response: 저희 매장의 대표 메뉴는 백짬뽕, 볶음짬뽕, 냉짬뽕이고, 이는 대표 메뉴로 인기 있어요.
2025-01-23 17:42:50,925 [__main__] [INFO] :: Processing Time: 0.0572 seconds
2025-01-23 17:42:50,925 [__main__] [INFO] :: ----------------------------------------------------------------------------------------------------
2025-01-23 17:42:55,669 [__main__] [INFO] :: Received message: 어차피 걔네가
2025-01-23 17:42:55,688 [__main__] [INFO] :: Intent ID: 47
2025-01-23 17:42:55,718 [__main__] [INFO] :: Response: 죄송합니다, 요청하신 정보를 바로 확인하기 어려워요.
2025-01-23 17:42:55,719 [__main__] [INFO] :: Processing Time: 0.0493 seconds
2025-01-23 17:42:55,719 [__main__] [INFO] :: ----------------------------------------------------------------------------------------------------
2025-01-23 17:43:01,270 [__main__] [INFO] :: Received message: 데이터를 받아서 그러니까 음성을 텍스트로
2025-01-23 17:43:01,290 [__main__] [INFO] :: Intent ID: 44
2025-01-23 17:43:01,322 [__main__] [INFO] :: Response: 확인 후 다시 연락드리겠습니다.
2025-01-23 17:43:01,322 [__main__] [INFO] :: Processing Time: 0.0513 seconds
2025-01-23 17:43:01,322 [__main__] [INFO] :: ----------------------------------------------------------------------------------------------------
2025-01-23 17:43:22,091 [__main__] [INFO] :: Received message: 변환시키고 찾아서 오는 것까지 그 옆에 폴리를 뱉어 드린 것까지 다 돼 있으니까 저희는 아마존에서 받고 거기서 입력된 음성을 stt로 변환한 데이터 그 텍스트만 던져 주기만 하면 끝이거든요 그래서 이제 창의 님이랑 저랑 말씀을
2025-01-23 17:43:22,130 [__main__] [INFO] :: Intent ID: 44
2025-01-23 17:43:22,173 [__main__] [INFO] :: Response: 확인 후 다시 연락드리겠습니다.
2025-01-23 17:43:22,174 [__main__] [INFO] :: Processing Time: 0.0827 seconds
2025-01-23 17:43:22,174 [__main__] [INFO] :: ----------------------------------------------------------------------------------------------------
2025-01-23 17:44:03,977 [__main__] [INFO] :: Received message: 주고받고 그 주고받고 하는 처리를 그 결과값을 받는 건
2025-01-23 17:44:04,015 [__main__] [INFO] :: Intent ID: 15
2025-01-23 17:44:04,046 [__main__] [INFO] :: Response: 결제 관련 문의는 확인 후 다시 연락드릴게요.
2025-01-23 17:44:04,046 [__main__] [INFO] :: Processing Time: 0.0694 seconds
2025-01-23 17:44:04,046 [__main__] [INFO] :: ----------------------------------------------------------------------------------------------------
2025-01-23 17:44:23,089 [__main__] [INFO] :: Received message: 어떡하냐 그러니까 우리가 말을 해서 받았잖아요 거트가 다른 거 같은데 화면 보니까 계속 얘기하면 또 물어볼 수도 있는 거거든요 대화 형태로 그
2025-01-23 17:44:23,126 [__main__] [INFO] :: Intent ID: 44
2025-01-23 17:44:23,158 [__main__] [INFO] :: Response: 확인 후 다시 연락드리겠습니다.
2025-01-23 17:44:23,159 [__main__] [INFO] :: Processing Time: 0.0694 seconds
2025-01-23 17:44:23,159 [__main__] [INFO] :: ----------------------------------------------------------------------------------------------------
2025-01-23 17:44:27,789 [__main__] [INFO] :: Received message: 화면 그 베이스가 깔려 있어야 되거든요
2025-01-23 17:44:27,809 [__main__] [INFO] :: Intent ID: 2
2025-01-23 17:44:27,841 [__main__] [INFO] :: Response: 자세한 메뉴 사진과 정보가 적혀있는 QR 주문링크를 전송해드렸어요. 스마트폰으로 편하게 확인해 보세요!
2025-01-23 17:44:27,841 [__main__] [INFO] :: Processing Time: 0.0519 seconds
2025-01-23 17:44:27,841 [__main__] [INFO] :: ----------------------------------------------------------------------------------------------------
2025-01-23 17:44:37,773 [__main__] [INFO] :: Received message: 그거는
2025-01-23 17:44:37,795 [__main__] [INFO] :: Intent ID: 47
2025-01-23 17:44:37,838 [__main__] [INFO] :: Response: 죄송합니다, 요청하신 정보를 바로 확인하기 어려워요.
2025-01-23 17:44:37,838 [__main__] [INFO] :: Processing Time: 0.0655 seconds
2025-01-23 17:44:37,838 [__main__] [INFO] :: ----------------------------------------------------------------------------------------------------
2025-01-23 17:44:46,469 [__main__] [INFO] :: Received message: 보이스톡 얘가 이거를
2025-01-23 17:44:46,491 [__main__] [INFO] :: Intent ID: 14
2025-01-23 17:44:46,576 [__main__] [INFO] :: Response: 저희 매장에서는 보이스톡 보이스톡 결제 방식으로 계산이 불가능합니다.
2025-01-23 17:44:46,576 [__main__] [INFO] :: Processing Time: 0.1069 seconds
2025-01-23 17:44:46,576 [__main__] [INFO] :: ----------------------------------------------------------------------------------------------------
2025-01-23 17:44:49,570 [__main__] [INFO] :: Received message: 컨택
2025-01-23 17:44:49,590 [__main__] [INFO] :: Intent ID: 12
2025-01-23 17:44:49,629 [__main__] [INFO] :: Response: 주문하신 상품은 매장방문, 포장, 배달 방식으로 전달됩니다.
2025-01-23 17:44:49,629 [__main__] [INFO] :: Processing Time: 0.0596 seconds
2025-01-23 17:44:49,629 [__main__] [INFO] :: ----------------------------------------------------------------------------------------------------
2025-01-23 17:45:00,884 [__main__] [INFO] :: Received message: 떨궈 가지고 얘를 지금 고객사 주면
2025-01-23 17:45:00,904 [__main__] [INFO] :: Intent ID: 12
2025-01-23 17:45:00,942 [__main__] [INFO] :: Response: 주문하신 상품은 매장방문, 포장, 배달 방식으로 전달됩니다.
2025-01-23 17:45:00,942 [__main__] [INFO] :: Processing Time: 0.0583 seconds
2025-01-23 17:45:00,942 [__main__] [INFO] :: ----------------------------------------------------------------------------------------------------
2025-01-23 17:45:12,869 [__main__] [INFO] :: Received message: 어쩌고저쩌고 해서
2025-01-23 17:45:12,891 [__main__] [INFO] :: Intent ID: 47
2025-01-23 17:45:12,934 [__main__] [INFO] :: Response: 죄송합니다, 요청하신 정보를 바로 확인하기 어려워요.
2025-01-23 17:45:12,934 [__main__] [INFO] :: Processing Time: 0.0654 seconds
2025-01-23 17:45:12,934 [__main__] [INFO] :: ----------------------------------------------------------------------------------------------------
2025-01-23 17:45:15,675 [__main__] [INFO] :: Received message: 부터는 이제
2025-01-23 17:45:15,695 [__main__] [INFO] :: Intent ID: 47
2025-01-23 17:45:15,726 [__main__] [INFO] :: Response: 죄송합니다, 요청하신 정보를 바로 확인하기 어려워요.
2025-01-23 17:45:15,726 [__main__] [INFO] :: Processing Time: 0.0508 seconds
2025-01-23 17:45:15,726 [__main__] [INFO] :: ----------------------------------------------------------------------------------------------------
2025-01-23 17:45:24,004 [__main__] [INFO] :: Received message: 얘한테 그냥 써 주면 얘가 여기서 그냥 폴리 알아서 내장되어 있는 거죠
2025-01-23 17:45:24,026 [__main__] [INFO] :: Intent ID: 2
2025-01-23 17:45:24,064 [__main__] [INFO] :: Response: 자세한 메뉴 사진과 정보가 적혀있는 QR 주문링크를 전송해드렸어요. 스마트폰으로 편하게 확인해 보세요!
2025-01-23 17:45:24,064 [__main__] [INFO] :: Processing Time: 0.0598 seconds
2025-01-23 17:45:24,064 [__main__] [INFO] :: ----------------------------------------------------------------------------------------------------
2025-01-23 17:45:46,604 [__main__] [INFO] :: Received message: 심플하게 풀 수 있다면 굳이 렉스가 안 들어가도 됩니다 답변해 주고 끝나잖아요 한번 해 그래서 저희는 저걸로 생각했었고 저게 그러니까 계속 뭔가 질문이 이어지고 유지가 된다고 하면 저걸로는 조금 힘들죠 만약에 저게 아니 그
2025-01-23 17:45:46,638 [__main__] [INFO] :: Intent ID: 44
2025-01-23 17:45:46,680 [__main__] [INFO] :: Response: 확인 후 다시 연락드리겠습니다.
2025-01-23 17:45:46,681 [__main__] [INFO] :: Processing Time: 0.0765 seconds
2025-01-23 17:45:46,681 [__main__] [INFO] :: ----------------------------------------------------------------------------------------------------
2025-01-23 17:46:21,733 [__main__] [INFO] :: Received message: 되게끔 할 수는 있을 것 같은데 연속적으로 된다고 하면은 콜이 연결이 돼 있는 상태
2025-01-23 17:46:21,776 [__main__] [INFO] :: Intent ID: 44
2025-01-23 17:46:21,815 [__main__] [INFO] :: Response: 확인 후 다시 연락드리겠습니다.
2025-01-23 17:46:21,815 [__main__] [INFO] :: Processing Time: 0.0818 seconds
2025-01-23 17:46:21,815 [__main__] [INFO] :: ----------------------------------------------------------------------------------------------------
2025-01-23 17:46:52,819 [__main__] [INFO] :: Received message: 그거를 주는데 여기서 특정 단어 그러니까 뭐 종료하시겠습니까에 대한 그런 것들이 어떤 그 시그널이 있으면 거기서 그 종료 블록을 넣어 놓고 그냥 끝내는 거고 아니면 계속
2025-01-23 17:46:52,856 [__main__] [INFO] :: Intent ID: 20
2025-01-23 17:46:52,886 [__main__] [INFO] :: Response: 영업시간에 대한 자세한 문의는 확인 후 다시 연락드리겠습니다.
2025-01-23 17:46:52,887 [__main__] [INFO] :: Processing Time: 0.0676 seconds
2025-01-23 17:46:52,887 [__main__] [INFO] :: ----------------------------------------------------------------------------------------------------
2025-01-23 17:48:08,374 [__main__] [INFO] :: Received message: 람다 붙이는 건들은 이미 렉스에다 붙이는 인터페이스를 해 봤다고 하니까 아 그럼 좋다 그러면 그거 보셔서 일단은 계산을 해 보자라고 해서 여기 단까지는 우리가 구성해 주고 여기 땅은 이제 고객사가 하는 그런 아레나의 기준으로 해서 일단은 QC 작성하려고 하
2025-01-23 17:48:08,425 [__main__] [INFO] :: Intent ID: 44
2025-01-23 17:48:08,456 [__main__] [INFO] :: Response: 확인 후 다시 연락드리겠습니다.
2025-01-23 17:48:08,456 [__main__] [INFO] :: Processing Time: 0.0818 seconds
2025-01-23 17:48:08,456 [__main__] [INFO] :: ----------------------------------------------------------------------------------------------------
2025-01-23 17:48:53,638 [__main__] [INFO] :: Received message: 직원을 받아서 poc 할 때 하기 전에 이제 요런 요런 부분에 대한 내용이 있다 할 때 한번 송부해 주고 그러면은 자기들이 일단은 뭔가 붙일 때이 부분을 도움을 줬으면 좋겠다라고 하면은 그것이 참여해주는 그런 것들 미팅 때 nc로서는 안 갔죠 왔는데 그 뭐냐
2025-01-23 17:48:53,678 [__main__] [INFO] :: Intent ID: 44
2025-01-23 17:48:53,722 [__main__] [INFO] :: Response: 확인 후 다시 연락드리겠습니다.
2025-01-23 17:48:53,722 [__main__] [INFO] :: Processing Time: 0.0840 seconds
2025-01-23 17:48:53,722 [__main__] [INFO] :: ----------------------------------------------------------------------------------------------------
2025-01-23 17:49:28,527 [__main__] [INFO] :: Received message: 그래서 이제 나는 poc를 이제 그런 모양새로 만들라고 하는 거지
2025-01-23 17:49:28,559 [__main__] [INFO] :: Intent ID: 33
2025-01-23 17:49:28,603 [__main__] [INFO] :: Response: 시설 관련 문의는 확인 후 다시 연락드리겠습니다.
2025-01-23 17:49:28,603 [__main__] [INFO] :: Processing Time: 0.0761 seconds
2025-01-23 17:49:28,603 [__main__] [INFO] :: ----------------------------------------------------------------------------------------------------
2025-01-23 17:49:53,399 [__main__] [INFO] :: Received message: 그런 절차들은 이제 plc도
2025-01-23 17:49:53,437 [__main__] [INFO] :: Intent ID: 11
2025-01-23 17:49:53,491 [__main__] [INFO] :: Response: 매장에서 포스, 키오스크, 테이블오더를 통해 주문하실 수 있습니다.
2025-01-23 17:49:53,491 [__main__] [INFO] :: Processing Time: 0.0923 seconds
2025-01-23 17:49:53,491 [__main__] [INFO] :: ----------------------------------------------------------------------------------------------------
2025-01-23 17:50:16,925 [__main__] [INFO] :: Received message: 무슨 가이드만 해 줘야 될 내용이 아닌 거 같아서 내가 표시 얘기를 꺼냈고
2025-01-23 17:50:16,964 [__main__] [INFO] :: Intent ID: 0
2025-01-23 17:50:17,018 [__main__] [INFO] :: Response: 저희 매장에는 면류, 반반메뉴, 밥류, 사이드, 세트메뉴, 주류, 튀김류의 메뉴 종류들이 있어요.
2025-01-23 17:50:17,018 [__main__] [INFO] :: Processing Time: 0.0926 seconds
2025-01-23 17:50:17,018 [__main__] [INFO] :: ----------------------------------------------------------------------------------------------------
2025-01-23 17:50:36,570 [__main__] [INFO] :: Received message: 3월에 일단은
2025-01-23 17:50:36,609 [__main__] [INFO] :: Intent ID: 19
2025-01-23 17:50:36,663 [__main__] [INFO] :: Response: 네, 운영합니다. 영업 시간은 11시부터 20시30분까지입니다.
2025-01-23 17:50:36,663 [__main__] [INFO] :: Processing Time: 0.0935 seconds
2025-01-23 17:50:36,663 [__main__] [INFO] :: ----------------------------------------------------------------------------------------------------
2025-01-23 17:50:53,104 [__main__] [INFO] :: Received message: 제일 빨리 고생했다는 마음이 딱 이거만 꽃밖에는 없는 거 같더라고 뭐 번호 발급이라든지 이런 분들 하면은
2025-01-23 17:50:53,128 [__main__] [INFO] :: Intent ID: 44
2025-01-23 17:50:53,171 [__main__] [INFO] :: Response: 확인 후 다시 연락드리겠습니다.
2025-01-23 17:50:53,172 [__main__] [INFO] :: Processing Time: 0.0678 seconds
2025-01-23 17:50:53,172 [__main__] [INFO] :: ----------------------------------------------------------------------------------------------------
2025-01-23 17:51:00,537 [__main__] [INFO] :: Received message: 있도록 우리가 또 가야 될 또 해 줘야 되는 부분
2025-01-23 17:51:00,560 [__main__] [INFO] :: Intent ID: 47
2025-01-23 17:51:00,604 [__main__] [INFO] :: Response: 죄송합니다, 요청하신 정보를 바로 확인하기 어려워요.
2025-01-23 17:51:00,604 [__main__] [INFO] :: Processing Time: 0.0666 seconds
2025-01-23 17:51:00,604 [__main__] [INFO] :: ----------------------------------------------------------------------------------------------------
2025-01-23 17:51:25,554 [__main__] [INFO] :: Received message: 은영님은 제가 말씀드려 줘야 될까요 아니면 어떨까요
2025-01-23 17:51:25,593 [__main__] [INFO] :: Intent ID: 44
2025-01-23 17:51:25,628 [__main__] [INFO] :: Response: 확인 후 다시 연락드리겠습니다.
2025-01-23 17:51:25,629 [__main__] [INFO] :: Processing Time: 0.0747 seconds
2025-01-23 17:51:25,629 [__main__] [INFO] :: ----------------------------------------------------------------------------------------------------
2025-01-23 17:52:14,136 [__main__] [INFO] :: Received message: 아 이거 또 하나 근데 만약에
2025-01-23 17:52:14,168 [__main__] [INFO] :: Intent ID: 47
2025-01-23 17:52:14,212 [__main__] [INFO] :: Response: 죄송합니다, 요청하신 정보를 바로 확인하기 어려워요.
2025-01-23 17:52:14,212 [__main__] [INFO] :: Processing Time: 0.0762 seconds
2025-01-23 17:52:14,212 [__main__] [INFO] :: ----------------------------------------------------------------------------------------------------
2025-01-23 17:53:01,904 [__main__] [INFO] :: Received message: 어떤 거를 걔네들 아웃 뭐냐 뭐 콜백하는 형태로 보내 줄지에 대한 내용들은 구체화된 거 없는데 일단은 추천을 한다면 내가 그냥 기존에 근무했던
2025-01-23 17:53:01,943 [__main__] [INFO] :: Intent ID: 20
2025-01-23 17:53:01,979 [__main__] [INFO] :: Response: 영업시간에 대한 자세한 문의는 확인 후 다시 연락드리겠습니다.
2025-01-23 17:53:01,979 [__main__] [INFO] :: Processing Time: 0.0743 seconds
2025-01-23 17:53:01,979 [__main__] [INFO] :: ----------------------------------------------------------------------------------------------------
2025-01-23 17:53:07,341 [__main__] [INFO] :: Received message: LG 쪽 그걸로 했을 때 밀어 넣어 버리려고
2025-01-23 17:53:07,364 [__main__] [INFO] :: Intent ID: 44
2025-01-23 17:53:07,403 [__main__] [INFO] :: Response: 확인 후 다시 연락드리겠습니다.
2025-01-23 17:53:07,403 [__main__] [INFO] :: Processing Time: 0.0617 seconds
2025-01-23 17:53:07,403 [__main__] [INFO] :: ----------------------------------------------------------------------------------------------------
2025-01-23 17:53:31,786 [__main__] [INFO] :: Received message: 그런 구성으로 일단은 모양새를 만들어 보면 어떨까 싶어서 그럼 거기다가 리눅스 깔아서 일단 에이전트 모델만 깔면은 아 지인님하고 얘기했던 것처럼 깔면은 거기 답변을 해당 db에다가 꽂아 두면은 거기서 이제 바로 sns로 sns를 보내거나 아니면은 알림톡 있으면 알림톡으로 보내는데 알림톡은
2025-01-23 17:53:31,828 [__main__] [INFO] :: Intent ID: 44
2025-01-23 17:53:31,872 [__main__] [INFO] :: Response: 확인 후 다시 연락드리겠습니다.
2025-01-23 17:53:31,872 [__main__] [INFO] :: Processing Time: 0.0861 seconds
2025-01-23 17:53:31,872 [__main__] [INFO] :: ----------------------------------------------------------------------------------------------------
2025-01-23 17:53:44,041 [__main__] [INFO] :: Received message: 기흥역 메시지에서 쓰는게 없었고 아 근데 창의님 그때 sk브로드밴드에서도 알림톡이 있었었나요 그때
2025-01-23 17:53:44,064 [__main__] [INFO] :: Intent ID: 44
2025-01-23 17:53:44,108 [__main__] [INFO] :: Response: 확인 후 다시 연락드리겠습니다.
2025-01-23 17:53:44,108 [__main__] [INFO] :: Processing Time: 0.0670 seconds
2025-01-23 17:53:44,108 [__main__] [INFO] :: ----------------------------------------------------------------------------------------------------
2025-01-23 17:53:56,458 [__main__] [INFO] :: Received message: 그때 tlk인가 그쪽에서 걔네들 sk브로드밴드
2025-01-23 17:53:56,480 [__main__] [INFO] :: Intent ID: 44
2025-01-23 17:53:56,523 [__main__] [INFO] :: Response: 확인 후 다시 연락드리겠습니다.
2025-01-23 17:53:56,524 [__main__] [INFO] :: Processing Time: 0.0658 seconds
2025-01-23 17:53:56,524 [__main__] [INFO] :: ----------------------------------------------------------------------------------------------------
