2024-12-20 02:53:24,375 [__main__] [INFO] :: *** 02h-53m-24s START ***
2024-12-20 02:53:24,375 [__main__] [INFO] :: *** PID: 2639932 ***
2024-12-20 02:53:33,209 [__main__] [INFO] :: Received message: 네이버 페이 있어?
2024-12-20 02:53:34,387 [__main__] [INFO] :: Intent ID: 6
2024-12-20 02:53:34,501 [__main__] [INFO] :: Response: 저희 매장에서 할인하는 이벤트 메뉴는 {INDI_TYPE_NM3} 메뉴에요.
2024-12-20 02:53:34,502 [__main__] [INFO] :: Processing Time: 1.2926 seconds
2024-12-20 02:53:34,502 [__main__] [INFO] :: ----------------------------------------------------------------------------------------------------
2024-12-20 02:53:58,643 [__main__] [INFO] :: Received message: 카드 결제 가능해?
2024-12-20 02:53:58,670 [__main__] [INFO] :: Intent ID: 6
2024-12-20 02:53:58,710 [__main__] [INFO] :: Response: 저희 매장에서 할인하는 이벤트 메뉴는 {INDI_TYPE_NM3} 메뉴에요.
2024-12-20 02:53:58,710 [__main__] [INFO] :: Processing Time: 0.0669 seconds
2024-12-20 02:53:58,710 [__main__] [INFO] :: ----------------------------------------------------------------------------------------------------
2024-12-20 02:54:02,036 [__main__] [INFO] :: Received message: 카드 결제 가능해?
2024-12-20 02:54:02,064 [__main__] [INFO] :: Intent ID: 6
2024-12-20 02:54:02,103 [__main__] [INFO] :: Response: 저희 매장에서 할인하는 이벤트 메뉴는 {INDI_TYPE_NM3} 메뉴에요.
2024-12-20 02:54:02,103 [__main__] [INFO] :: Processing Time: 0.0672 seconds
2024-12-20 02:54:02,103 [__main__] [INFO] :: ----------------------------------------------------------------------------------------------------
2024-12-20 02:54:12,753 [__main__] [INFO] :: Received message: 매뉴 뭐 있어?
2024-12-20 02:54:12,778 [__main__] [INFO] :: Intent ID: 0
2024-12-20 02:54:12,824 [__main__] [INFO] :: Response: 저희 매장에는 면류, 반반메뉴, 밥류, 사이드, 세트메뉴, 주류, 튀김류의 메뉴 종류들이 있어요.
2024-12-20 02:54:12,824 [__main__] [INFO] :: Processing Time: 0.0714 seconds
2024-12-20 02:54:12,824 [__main__] [INFO] :: ----------------------------------------------------------------------------------------------------
2024-12-20 02:54:20,715 [__main__] [INFO] :: Received message: 짜장면 있어?
2024-12-20 02:54:20,742 [__main__] [INFO] :: Intent ID: 1
2024-12-20 02:54:20,801 [__main__] [INFO] :: Response: 15주년행사 짜장면의 가격은 3900입니다. 더 자세한 내용은 문자로 발송해드린 메뉴판을 확인해주세요.
2024-12-20 02:54:20,801 [__main__] [INFO] :: Processing Time: 0.0865 seconds
2024-12-20 02:54:20,801 [__main__] [INFO] :: ----------------------------------------------------------------------------------------------------
2024-12-20 02:54:30,831 [__main__] [INFO] :: Received message: 짜장면 얼마야?
2024-12-20 02:54:30,860 [__main__] [INFO] :: Intent ID: 1
2024-12-20 02:54:30,918 [__main__] [INFO] :: Response: 15주년행사 짜장면의 가격은 3900입니다. 더 자세한 내용은 문자로 발송해드린 메뉴판을 확인해주세요.
2024-12-20 02:54:30,918 [__main__] [INFO] :: Processing Time: 0.0871 seconds
2024-12-20 02:54:30,918 [__main__] [INFO] :: ----------------------------------------------------------------------------------------------------
2024-12-20 02:54:47,212 [__main__] [INFO] :: Received message: 원플러스원 메뉴 뭐있어
2024-12-20 02:54:47,239 [__main__] [INFO] :: Intent ID: 0
2024-12-20 02:54:47,284 [__main__] [INFO] :: Response: 저희 매장에는 면류, 반반메뉴, 밥류, 사이드, 세트메뉴, 주류, 튀김류의 메뉴 종류들이 있어요.
2024-12-20 02:54:47,284 [__main__] [INFO] :: Processing Time: 0.0731 seconds
2024-12-20 02:54:47,285 [__main__] [INFO] :: ----------------------------------------------------------------------------------------------------
2024-12-20 03:00:49,331 [__main__] [INFO] :: Received message: 네이버 페이 있어?
2024-12-20 03:00:49,358 [__main__] [INFO] :: Intent ID: 6
2024-12-20 03:00:49,396 [__main__] [INFO] :: Response: 저희 매장에서 할인하는 이벤트 메뉴는 {INDI_TYPE_NM3} 메뉴에요.
2024-12-20 03:00:49,396 [__main__] [INFO] :: Processing Time: 0.0653 seconds
2024-12-20 03:00:49,396 [__main__] [INFO] :: ----------------------------------------------------------------------------------------------------
