2024-12-20 03:20:31,698 [__main__] [INFO] :: *** 03h-20m-31s START ***
2024-12-20 03:20:31,698 [__main__] [INFO] :: *** PID: 2655276 ***
2024-12-20 03:20:40,581 [__main__] [INFO] :: Received message: 백짬뽕 가격
2024-12-20 03:20:41,798 [__main__] [INFO] :: Intent ID: 1
2024-12-20 03:20:41,937 [__main__] [INFO] :: Response: 백짬뽕의 가격은 8900입니다. 더 자세한 내용은 문자로 발송해드린 메뉴판을 확인해주세요.
2024-12-20 03:20:41,937 [__main__] [INFO] :: Processing Time: 1.3561 seconds
2024-12-20 03:20:41,937 [__main__] [INFO] :: ----------------------------------------------------------------------------------------------------
2024-12-20 03:21:10,783 [__main__] [INFO] :: Received message: 1인 세트 메뉴 옵션 알려줘
2024-12-20 03:21:10,812 [__main__] [INFO] :: Intent ID: 0
2024-12-20 03:21:10,857 [__main__] [INFO] :: Response: 저희 매장에는 면류, 반반메뉴, 밥류, 사이드, 세트메뉴, 주류, 튀김류의 메뉴 종류들이 있어요.
2024-12-20 03:21:10,857 [__main__] [INFO] :: Processing Time: 0.0746 seconds
2024-12-20 03:21:10,857 [__main__] [INFO] :: ----------------------------------------------------------------------------------------------------
2024-12-20 03:21:15,815 [__main__] [INFO] :: Received message: 1인 세트 메뉴 옵션 알려줘
2024-12-20 03:21:15,842 [__main__] [INFO] :: Intent ID: 0
2024-12-20 03:21:15,887 [__main__] [INFO] :: Response: 저희 매장에는 면류, 반반메뉴, 밥류, 사이드, 세트메뉴, 주류, 튀김류의 메뉴 종류들이 있어요.
2024-12-20 03:21:15,887 [__main__] [INFO] :: Processing Time: 0.0724 seconds
2024-12-20 03:21:15,887 [__main__] [INFO] :: ----------------------------------------------------------------------------------------------------
2024-12-20 03:21:22,169 [__main__] [INFO] :: Received message: 1인 세트 메뉴 옵션 뭐있어
2024-12-20 03:21:22,195 [__main__] [INFO] :: Intent ID: 0
2024-12-20 03:21:22,239 [__main__] [INFO] :: Response: 저희 매장에는 면류, 반반메뉴, 밥류, 사이드, 세트메뉴, 주류, 튀김류의 메뉴 종류들이 있어요.
2024-12-20 03:21:22,239 [__main__] [INFO] :: Processing Time: 0.0700 seconds
2024-12-20 03:21:22,239 [__main__] [INFO] :: ----------------------------------------------------------------------------------------------------
2024-12-20 03:21:23,757 [__main__] [INFO] :: Received message: 1인 세트 메뉴 옵션 뭐있어
2024-12-20 03:21:23,783 [__main__] [INFO] :: Intent ID: 0
2024-12-20 03:21:23,827 [__main__] [INFO] :: Response: 저희 매장에는 면류, 반반메뉴, 밥류, 사이드, 세트메뉴, 주류, 튀김류의 메뉴 종류들이 있어요.
2024-12-20 03:21:23,827 [__main__] [INFO] :: Processing Time: 0.0695 seconds
2024-12-20 03:21:23,827 [__main__] [INFO] :: ----------------------------------------------------------------------------------------------------
