2024-12-20 03:11:16,189 [__main__] [INFO] :: *** 03h-11m-16s START ***
2024-12-20 03:11:16,189 [__main__] [INFO] :: *** PID: 2649969 ***
2024-12-20 03:11:36,600 [__main__] [INFO] :: Received message: 네이버 페이 있어?
2024-12-20 03:11:37,822 [__main__] [INFO] :: Intent ID: 6
2024-12-20 03:11:37,938 [__main__] [INFO] :: Response: 저희 매장에서 할인하는 이벤트 메뉴는 15주년행사 짬뽕 메뉴에요.
2024-12-20 03:11:37,938 [__main__] [INFO] :: Processing Time: 1.3379 seconds
2024-12-20 03:11:37,938 [__main__] [INFO] :: ----------------------------------------------------------------------------------------------------
2024-12-20 03:13:19,755 [__main__] [INFO] :: Received message: 네이버 페이 있어?
2024-12-20 03:13:19,782 [__main__] [INFO] :: Intent ID: 6
2024-12-20 03:13:19,827 [__main__] [INFO] :: Response: 저희 매장에서 할인하는 이벤트 메뉴는 15주년행사 짜장면 메뉴에요.
2024-12-20 03:13:19,827 [__main__] [INFO] :: Processing Time: 0.0719 seconds
2024-12-20 03:13:19,827 [__main__] [INFO] :: ----------------------------------------------------------------------------------------------------
2024-12-20 03:14:43,639 [__main__] [INFO] :: Received message: 메뉴 어떤 종류 있어?
2024-12-20 03:14:43,665 [__main__] [INFO] :: Intent ID: 0
2024-12-20 03:14:43,709 [__main__] [INFO] :: Response: 저희 매장에는 면류, 반반메뉴, 밥류, 사이드, 세트메뉴, 주류, 튀김류의 메뉴 종류들이 있어요.
2024-12-20 03:14:43,709 [__main__] [INFO] :: Processing Time: 0.0707 seconds
2024-12-20 03:14:43,709 [__main__] [INFO] :: ----------------------------------------------------------------------------------------------------
2024-12-20 03:14:57,233 [__main__] [INFO] :: Received message: 안녕
2024-12-20 03:14:57,260 [__main__] [INFO] :: Intent ID: 23
2024-12-20 03:14:57,304 [__main__] [INFO] :: Response: 저희 매장으로부터 반경 1.5키로미터 이내 지역에서 배달이 가능해요.
2024-12-20 03:14:57,304 [__main__] [INFO] :: Processing Time: 0.0712 seconds
2024-12-20 03:14:57,304 [__main__] [INFO] :: ----------------------------------------------------------------------------------------------------
2024-12-20 03:15:11,678 [__main__] [INFO] :: Received message: 안녕 너 누구야
2024-12-20 03:15:11,705 [__main__] [INFO] :: Intent ID: 23
2024-12-20 03:15:11,749 [__main__] [INFO] :: Response: 저희 매장으로부터 반경 1.5키로미터 이내 지역에서 배달이 가능해요.
2024-12-20 03:15:11,749 [__main__] [INFO] :: Processing Time: 0.0705 seconds
2024-12-20 03:15:11,749 [__main__] [INFO] :: ----------------------------------------------------------------------------------------------------
2024-12-20 03:15:28,132 [__main__] [INFO] :: Received message: 카테고리
2024-12-20 03:15:28,157 [__main__] [INFO] :: Intent ID: 0
2024-12-20 03:15:28,201 [__main__] [INFO] :: Response: 저희 매장에는 면류, 반반메뉴, 밥류, 사이드, 세트메뉴, 주류, 튀김류의 메뉴 종류들이 있어요.
2024-12-20 03:15:28,201 [__main__] [INFO] :: Processing Time: 0.0698 seconds
2024-12-20 03:15:28,202 [__main__] [INFO] :: ----------------------------------------------------------------------------------------------------
2024-12-20 03:15:43,992 [__main__] [INFO] :: Received message: 백짬뽕 가격
2024-12-20 03:15:44,018 [__main__] [INFO] :: Intent ID: 1
2024-12-20 03:15:44,078 [__main__] [INFO] :: Response: 백짬뽕의 가격은 8900입니다. 더 자세한 내용은 문자로 발송해드린 메뉴판을 확인해주세요.
2024-12-20 03:15:44,078 [__main__] [INFO] :: Processing Time: 0.0866 seconds
2024-12-20 03:15:44,078 [__main__] [INFO] :: ----------------------------------------------------------------------------------------------------
2024-12-20 03:15:58,860 [__main__] [INFO] :: Received message: 이벤트 메뉴 뭐 있어
2024-12-20 03:15:58,887 [__main__] [INFO] :: Intent ID: 3
2024-12-20 03:15:58,932 [__main__] [INFO] :: Response: 저희 매장에서는 쟁반짜장 메뉴가 인기 메뉴에요.
2024-12-20 03:15:58,932 [__main__] [INFO] :: Processing Time: 0.0723 seconds
2024-12-20 03:15:58,932 [__main__] [INFO] :: ----------------------------------------------------------------------------------------------------
2024-12-20 03:16:09,363 [__main__] [INFO] :: Received message: 할인 메뉴 뭐 있어
2024-12-20 03:16:09,389 [__main__] [INFO] :: Intent ID: 3
2024-12-20 03:16:09,434 [__main__] [INFO] :: Response: 저희 매장에서는 쟁반짜장 메뉴가 인기 메뉴에요.
2024-12-20 03:16:09,434 [__main__] [INFO] :: Processing Time: 0.0715 seconds
2024-12-20 03:16:09,434 [__main__] [INFO] :: ----------------------------------------------------------------------------------------------------
2024-12-20 03:16:16,223 [__main__] [INFO] :: Received message: 할인 이벤트 메뉴 뭐 있어
2024-12-20 03:16:16,249 [__main__] [INFO] :: Intent ID: 3
2024-12-20 03:16:16,295 [__main__] [INFO] :: Response: 저희 매장에서는 쟁반짜장 메뉴가 인기 메뉴에요.
2024-12-20 03:16:16,295 [__main__] [INFO] :: Processing Time: 0.0720 seconds
2024-12-20 03:16:16,295 [__main__] [INFO] :: ----------------------------------------------------------------------------------------------------
2024-12-20 03:16:50,274 [__main__] [INFO] :: Received message: 할인 이벤트 메뉴 뭐 있어
2024-12-20 03:16:50,301 [__main__] [INFO] :: Intent ID: 3
2024-12-20 03:16:50,345 [__main__] [INFO] :: Response: 저희 매장에서는 행사 탕짜면 메뉴가 인기 메뉴에요.
2024-12-20 03:16:50,345 [__main__] [INFO] :: Processing Time: 0.0706 seconds
2024-12-20 03:16:50,345 [__main__] [INFO] :: ----------------------------------------------------------------------------------------------------
2024-12-20 03:19:26,222 [__main__] [INFO] :: Received message: 백짬뽕 가격
2024-12-20 03:19:26,247 [__main__] [INFO] :: Intent ID: 1
2024-12-20 03:19:26,308 [__main__] [INFO] :: Response: 백짬뽕의 가격은 8900입니다. 더 자세한 내용은 문자로 발송해드린 메뉴판을 확인해주세요.
2024-12-20 03:19:26,308 [__main__] [INFO] :: Processing Time: 0.0861 seconds
2024-12-20 03:19:26,308 [__main__] [INFO] :: ----------------------------------------------------------------------------------------------------
2024-12-20 03:19:31,597 [__main__] [INFO] :: Received message: 백짬뽕 가격
2024-12-20 03:19:31,622 [__main__] [INFO] :: Intent ID: 1
2024-12-20 03:19:31,682 [__main__] [INFO] :: Response: 백짬뽕의 가격은 8900입니다. 더 자세한 내용은 문자로 발송해드린 메뉴판을 확인해주세요.
2024-12-20 03:19:31,682 [__main__] [INFO] :: Processing Time: 0.0856 seconds
2024-12-20 03:19:31,682 [__main__] [INFO] :: ----------------------------------------------------------------------------------------------------
