2024-12-20 04:05:26,094 [__main__] [INFO] :: *** 04h-05m-26s START ***
2024-12-20 04:05:26,094 [__main__] [INFO] :: *** PID: 2672633 ***
2024-12-20 04:05:54,899 [__main__] [INFO] :: Received message: 메뉴 뭐있어
2024-12-20 04:05:56,114 [__main__] [INFO] :: Intent ID: 0
2024-12-20 04:05:56,236 [__main__] [INFO] :: Response: 저희 매장에는 면류, 반반메뉴, 밥류, 사이드, 세트메뉴, 주류, 튀김류의 메뉴 종류들이 있어요.
2024-12-20 04:05:56,236 [__main__] [INFO] :: Processing Time: 1.3377 seconds
2024-12-20 04:05:56,236 [__main__] [INFO] :: ----------------------------------------------------------------------------------------------------
2024-12-20 04:08:01,861 [__main__] [INFO] :: Received message: 짜장면 있어?
2024-12-20 04:08:01,887 [__main__] [INFO] :: Intent ID: 1
2024-12-20 04:08:01,946 [__main__] [INFO] :: Response: 15주년행사 짜장면의 가격은 3900입니다. 더 자세한 내용은 문자로 발송해드린 메뉴판을 확인해주세요.
2024-12-20 04:08:01,946 [__main__] [INFO] :: Processing Time: 0.0859 seconds
2024-12-20 04:08:01,946 [__main__] [INFO] :: ----------------------------------------------------------------------------------------------------
2024-12-20 04:08:18,791 [__main__] [INFO] :: Received message: 네이버 페이 있어?
2024-12-20 04:08:18,818 [__main__] [INFO] :: Intent ID: 6
2024-12-20 04:08:18,863 [__main__] [INFO] :: Response: 저희 매장에서 할인하는 이벤트 메뉴는 15주년행사 짜장면 메뉴에요.
2024-12-20 04:08:18,863 [__main__] [INFO] :: Processing Time: 0.0719 seconds
2024-12-20 04:08:18,863 [__main__] [INFO] :: ----------------------------------------------------------------------------------------------------
2024-12-20 04:08:23,332 [__main__] [INFO] :: Received message: 네이버 페이 있어?
2024-12-20 04:08:23,357 [__main__] [INFO] :: Intent ID: 6
2024-12-20 04:08:23,401 [__main__] [INFO] :: Response: 저희 매장에서 할인하는 이벤트 메뉴는 15주년행사 짜장면 메뉴에요.
2024-12-20 04:08:23,401 [__main__] [INFO] :: Processing Time: 0.0697 seconds
2024-12-20 04:08:23,401 [__main__] [INFO] :: ----------------------------------------------------------------------------------------------------
2024-12-20 04:08:31,686 [__main__] [INFO] :: Received message: 결제 수단 뭐 있어?
2024-12-20 04:08:31,710 [__main__] [INFO] :: Intent ID: 5
2024-12-20 04:08:31,755 [__main__] [INFO] :: Response: 저희 매장에서는 볶음짬뽕 메뉴가 대표 메뉴에요.
2024-12-20 04:08:31,755 [__main__] [INFO] :: Processing Time: 0.0695 seconds
2024-12-20 04:08:31,755 [__main__] [INFO] :: ----------------------------------------------------------------------------------------------------
2024-12-20 04:08:50,980 [__main__] [INFO] :: Received message: 카드 결제 가능해?
2024-12-20 04:08:51,005 [__main__] [INFO] :: Intent ID: 6
2024-12-20 04:08:51,050 [__main__] [INFO] :: Response: 저희 매장에서 할인하는 이벤트 메뉴는 15주년행사 짬뽕 메뉴에요.
2024-12-20 04:08:51,050 [__main__] [INFO] :: Processing Time: 0.0703 seconds
2024-12-20 04:08:51,050 [__main__] [INFO] :: ----------------------------------------------------------------------------------------------------
2024-12-20 04:09:00,372 [__main__] [INFO] :: Received message: 네이버페이 결제 가능해?
2024-12-20 04:09:00,400 [__main__] [INFO] :: Intent ID: 6
2024-12-20 04:09:00,445 [__main__] [INFO] :: Response: 저희 매장에서 할인하는 이벤트 메뉴는 15주년행사 짜장면 메뉴에요.
2024-12-20 04:09:00,445 [__main__] [INFO] :: Processing Time: 0.0736 seconds
2024-12-20 04:09:00,445 [__main__] [INFO] :: ----------------------------------------------------------------------------------------------------
2024-12-20 04:10:19,691 [__main__] [INFO] :: Received message: 짜장면이 어떻게 구성되어 있나요?
2024-12-20 04:10:19,719 [__main__] [INFO] :: Intent ID: 1
2024-12-20 04:10:19,780 [__main__] [INFO] :: Response: 쟁반짜장의 가격은 16000입니다. 더 자세한 내용은 문자로 발송해드린 메뉴판을 확인해주세요.
2024-12-20 04:10:19,781 [__main__] [INFO] :: Processing Time: 0.0901 seconds
2024-12-20 04:10:19,781 [__main__] [INFO] :: ----------------------------------------------------------------------------------------------------
2024-12-20 04:10:31,526 [__main__] [INFO] :: Received message: 짜장면이 어떻게 구성되어 있나요?
2024-12-20 04:10:31,551 [__main__] [INFO] :: Intent ID: 1
2024-12-20 04:10:31,610 [__main__] [INFO] :: Response: 쟁반짜장의 가격은 16000입니다. 더 자세한 내용은 문자로 발송해드린 메뉴판을 확인해주세요.
2024-12-20 04:10:31,610 [__main__] [INFO] :: Processing Time: 0.0841 seconds
2024-12-20 04:10:31,610 [__main__] [INFO] :: ----------------------------------------------------------------------------------------------------
2024-12-20 04:10:46,713 [__main__] [INFO] :: Received message: 세트메뉴가 어떻게 구성되어 있나요?
2024-12-20 04:10:46,742 [__main__] [INFO] :: Intent ID: 3
2024-12-20 04:10:46,786 [__main__] [INFO] :: Response: 저희 매장에서는 쟁반짜장 메뉴가 인기 메뉴에요.
2024-12-20 04:10:46,786 [__main__] [INFO] :: Processing Time: 0.0729 seconds
2024-12-20 04:10:46,786 [__main__] [INFO] :: ----------------------------------------------------------------------------------------------------
2024-12-20 04:10:55,674 [__main__] [INFO] :: Received message: 세트메뉴가 어떻게 구성되어 있나요?
2024-12-20 04:10:55,699 [__main__] [INFO] :: Intent ID: 3
2024-12-20 04:10:55,744 [__main__] [INFO] :: Response: 저희 매장에서는 행사 탕짜면 메뉴가 인기 메뉴에요.
2024-12-20 04:10:55,744 [__main__] [INFO] :: Processing Time: 0.0697 seconds
2024-12-20 04:10:55,744 [__main__] [INFO] :: ----------------------------------------------------------------------------------------------------
2024-12-20 04:11:13,542 [__main__] [INFO] :: Received message: 옵션 뭐 있는지 궁금해요
2024-12-20 04:11:13,569 [__main__] [INFO] :: Intent ID: 0
2024-12-20 04:11:13,613 [__main__] [INFO] :: Response: 저희 매장에는 면류, 반반메뉴, 밥류, 사이드, 세트메뉴, 주류, 튀김류의 메뉴 종류들이 있어요.
2024-12-20 04:11:13,613 [__main__] [INFO] :: Processing Time: 0.0721 seconds
2024-12-20 04:11:13,613 [__main__] [INFO] :: ----------------------------------------------------------------------------------------------------
2024-12-20 04:11:22,989 [__main__] [INFO] :: Received message: 세트 메뉴 옵션 뭐 있는지 궁금해요
2024-12-20 04:11:23,013 [__main__] [INFO] :: Intent ID: 0
2024-12-20 04:11:23,058 [__main__] [INFO] :: Response: 저희 매장에는 면류, 반반메뉴, 밥류, 사이드, 세트메뉴, 주류, 튀김류의 메뉴 종류들이 있어요.
2024-12-20 04:11:23,058 [__main__] [INFO] :: Processing Time: 0.0697 seconds
2024-12-20 04:11:23,058 [__main__] [INFO] :: ----------------------------------------------------------------------------------------------------
2024-12-20 04:11:44,092 [__main__] [INFO] :: Received message: 탕수육 사이즈 뭐 있나요?
2024-12-20 04:11:44,118 [__main__] [INFO] :: Intent ID: 1
2024-12-20 04:11:44,177 [__main__] [INFO] :: Response: 탕수육의 가격은 18800입니다. 더 자세한 내용은 문자로 발송해드린 메뉴판을 확인해주세요.
2024-12-20 04:11:44,177 [__main__] [INFO] :: Processing Time: 0.0856 seconds
2024-12-20 04:11:44,177 [__main__] [INFO] :: ----------------------------------------------------------------------------------------------------
2024-12-20 04:12:00,034 [__main__] [INFO] :: Received message: 탕수육이 더 궁금해요
2024-12-20 04:12:00,059 [__main__] [INFO] :: Intent ID: 1
2024-12-20 04:12:00,119 [__main__] [INFO] :: Response: 쟁반짜장의 가격은 16000입니다. 더 자세한 내용은 문자로 발송해드린 메뉴판을 확인해주세요.
2024-12-20 04:12:00,119 [__main__] [INFO] :: Processing Time: 0.0852 seconds
2024-12-20 04:12:00,119 [__main__] [INFO] :: ----------------------------------------------------------------------------------------------------
2024-12-20 04:14:38,344 [__main__] [INFO] :: Received message: 가장 많이 팔리는 메뉴는 뭔가요?
2024-12-20 04:14:38,370 [__main__] [INFO] :: Intent ID: 2
2024-12-20 04:14:38,411 [__main__] [INFO] :: Response: 더 자세한 메뉴 정보 제공을 위해 QR URL 주소를 전송해드릴게요.
2024-12-20 04:14:38,411 [__main__] [INFO] :: Processing Time: 0.0678 seconds
2024-12-20 04:14:38,411 [__main__] [INFO] :: ----------------------------------------------------------------------------------------------------
2024-12-20 04:15:20,676 [__main__] [INFO] :: Received message: 짬뽕 얼마야?
2024-12-20 04:15:20,701 [__main__] [INFO] :: Intent ID: 1
2024-12-20 04:15:20,760 [__main__] [INFO] :: Response: 짬뽕의 가격은 7800입니다. 더 자세한 내용은 문자로 발송해드린 메뉴판을 확인해주세요.
2024-12-20 04:15:20,760 [__main__] [INFO] :: Processing Time: 0.0845 seconds
2024-12-20 04:15:20,760 [__main__] [INFO] :: ----------------------------------------------------------------------------------------------------
2024-12-20 04:15:34,997 [__main__] [INFO] :: Received message: 여럿이 찾는 메뉴 뭐 있어?
2024-12-20 04:15:35,024 [__main__] [INFO] :: Intent ID: 2
2024-12-20 04:15:35,064 [__main__] [INFO] :: Response: 더 자세한 메뉴 정보 제공을 위해 QR URL 주소를 전송해드릴게요.
2024-12-20 04:15:35,064 [__main__] [INFO] :: Processing Time: 0.0675 seconds
2024-12-20 04:15:35,064 [__main__] [INFO] :: ----------------------------------------------------------------------------------------------------
2024-12-20 04:15:47,880 [__main__] [INFO] :: Received message: 베스트셀러 메뉴는 어떤 건가요?
2024-12-20 04:15:47,904 [__main__] [INFO] :: Intent ID: 2
2024-12-20 04:15:47,944 [__main__] [INFO] :: Response: 더 자세한 메뉴 정보 제공을 위해 QR URL 주소를 전송해드릴게요.
2024-12-20 04:15:47,944 [__main__] [INFO] :: Processing Time: 0.0641 seconds
2024-12-20 04:15:47,944 [__main__] [INFO] :: ----------------------------------------------------------------------------------------------------
2024-12-20 04:16:13,287 [__main__] [INFO] :: Received message: 제일 잘나가는 메뉴가 뭐야?
2024-12-20 04:16:13,313 [__main__] [INFO] :: Intent ID: 2
2024-12-20 04:16:13,353 [__main__] [INFO] :: Response: 더 자세한 메뉴 정보 제공을 위해 QR URL 주소를 전송해드릴게요.
2024-12-20 04:16:13,353 [__main__] [INFO] :: Processing Time: 0.0659 seconds
2024-12-20 04:16:13,353 [__main__] [INFO] :: ----------------------------------------------------------------------------------------------------
2024-12-20 04:17:03,028 [__main__] [INFO] :: Received message: 판매량이 높은 메뉴는 뭔가요?
2024-12-20 04:17:03,057 [__main__] [INFO] :: Intent ID: 2
2024-12-20 04:17:03,098 [__main__] [INFO] :: Response: 더 자세한 메뉴 정보 제공을 위해 QR URL 주소를 전송해드릴게요.
2024-12-20 04:17:03,098 [__main__] [INFO] :: Processing Time: 0.0699 seconds
2024-12-20 04:17:03,098 [__main__] [INFO] :: ----------------------------------------------------------------------------------------------------
2024-12-20 04:17:12,254 [__main__] [INFO] :: Received message: 인기 메뉴 뭐야?
2024-12-20 04:17:12,280 [__main__] [INFO] :: Intent ID: 2
2024-12-20 04:17:12,320 [__main__] [INFO] :: Response: 더 자세한 메뉴 정보 제공을 위해 QR URL 주소를 전송해드릴게요.
2024-12-20 04:17:12,320 [__main__] [INFO] :: Processing Time: 0.0658 seconds
2024-12-20 04:17:12,320 [__main__] [INFO] :: ----------------------------------------------------------------------------------------------------
2024-12-20 04:17:45,950 [__main__] [INFO] :: Received message: 매장에서 가장 잘 팔리는 메뉴가 뭐야?
2024-12-20 04:17:45,971 [__main__] [INFO] :: Intent ID: 2
2024-12-20 04:17:46,008 [__main__] [INFO] :: Response: 더 자세한 메뉴 정보 제공을 위해 QR URL 주소를 전송해드릴게요.
2024-12-20 04:17:46,008 [__main__] [INFO] :: Processing Time: 0.0584 seconds
2024-12-20 04:17:46,008 [__main__] [INFO] :: ----------------------------------------------------------------------------------------------------
2024-12-20 04:17:57,859 [__main__] [INFO] :: Received message: 인기메뉴 알려줘
2024-12-20 04:17:57,883 [__main__] [INFO] :: Intent ID: 2
2024-12-20 04:17:57,923 [__main__] [INFO] :: Response: 더 자세한 메뉴 정보 제공을 위해 QR URL 주소를 전송해드릴게요.
2024-12-20 04:17:57,923 [__main__] [INFO] :: Processing Time: 0.0648 seconds
2024-12-20 04:17:57,923 [__main__] [INFO] :: ----------------------------------------------------------------------------------------------------
2024-12-20 04:18:01,901 [__main__] [INFO] :: Received message: 인기 메뉴 알려줘
2024-12-20 04:18:01,929 [__main__] [INFO] :: Intent ID: 2
2024-12-20 04:18:01,969 [__main__] [INFO] :: Response: 더 자세한 메뉴 정보 제공을 위해 QR URL 주소를 전송해드릴게요.
2024-12-20 04:18:01,969 [__main__] [INFO] :: Processing Time: 0.0690 seconds
2024-12-20 04:18:01,970 [__main__] [INFO] :: ----------------------------------------------------------------------------------------------------
2024-12-20 04:18:09,632 [__main__] [INFO] :: Received message: 인기 메뉴 뭐야?
2024-12-20 04:18:09,659 [__main__] [INFO] :: Intent ID: 2
2024-12-20 04:18:09,700 [__main__] [INFO] :: Response: 더 자세한 메뉴 정보 제공을 위해 QR URL 주소를 전송해드릴게요.
2024-12-20 04:18:09,700 [__main__] [INFO] :: Processing Time: 0.0682 seconds
2024-12-20 04:18:09,700 [__main__] [INFO] :: ----------------------------------------------------------------------------------------------------
2024-12-20 04:18:17,943 [__main__] [INFO] :: Received message: 인기 메뉴 말해줄래?
2024-12-20 04:18:17,970 [__main__] [INFO] :: Intent ID: 2
2024-12-20 04:18:18,009 [__main__] [INFO] :: Response: 더 자세한 메뉴 정보 제공을 위해 QR URL 주소를 전송해드릴게요.
2024-12-20 04:18:18,009 [__main__] [INFO] :: Processing Time: 0.0669 seconds
2024-12-20 04:18:18,009 [__main__] [INFO] :: ----------------------------------------------------------------------------------------------------
2024-12-20 04:18:40,249 [__main__] [INFO] :: Received message: 이곳의 시그니처 인기 메뉴는 무엇인가요?
2024-12-20 04:18:40,275 [__main__] [INFO] :: Intent ID: 2
2024-12-20 04:18:40,315 [__main__] [INFO] :: Response: 더 자세한 메뉴 정보 제공을 위해 QR URL 주소를 전송해드릴게요.
2024-12-20 04:18:40,315 [__main__] [INFO] :: Processing Time: 0.0659 seconds
2024-12-20 04:18:40,315 [__main__] [INFO] :: ----------------------------------------------------------------------------------------------------
2024-12-20 04:18:53,025 [__main__] [INFO] :: Received message: 메뉴 추천해줘
2024-12-20 04:18:53,051 [__main__] [INFO] :: Intent ID: 2
2024-12-20 04:18:53,091 [__main__] [INFO] :: Response: 더 자세한 메뉴 정보 제공을 위해 QR URL 주소를 전송해드릴게요.
2024-12-20 04:18:53,091 [__main__] [INFO] :: Processing Time: 0.0659 seconds
2024-12-20 04:18:53,091 [__main__] [INFO] :: ----------------------------------------------------------------------------------------------------
2024-12-20 04:19:09,810 [__main__] [INFO] :: Received message: 음식 중에 추천좀
2024-12-20 04:19:09,835 [__main__] [INFO] :: Intent ID: 0
2024-12-20 04:19:09,880 [__main__] [INFO] :: Response: 저희 매장에는 면류, 반반메뉴, 밥류, 사이드, 세트메뉴, 주류, 튀김류의 메뉴 종류들이 있어요.
2024-12-20 04:19:09,880 [__main__] [INFO] :: Processing Time: 0.0703 seconds
2024-12-20 04:19:09,880 [__main__] [INFO] :: ----------------------------------------------------------------------------------------------------
2024-12-20 04:19:20,979 [__main__] [INFO] :: Received message: 추천해줄래?
2024-12-20 04:19:21,003 [__main__] [INFO] :: Intent ID: 2
2024-12-20 04:19:21,044 [__main__] [INFO] :: Response: 더 자세한 메뉴 정보 제공을 위해 QR URL 주소를 전송해드릴게요.
2024-12-20 04:19:21,044 [__main__] [INFO] :: Processing Time: 0.0648 seconds
2024-12-20 04:19:21,044 [__main__] [INFO] :: ----------------------------------------------------------------------------------------------------
2024-12-20 04:19:36,196 [__main__] [INFO] :: Received message: 딱히 먹고 싶은거 없는데, 추천해주라
2024-12-20 04:19:36,222 [__main__] [INFO] :: Intent ID: 2
2024-12-20 04:19:36,261 [__main__] [INFO] :: Response: 더 자세한 메뉴 정보 제공을 위해 QR URL 주소를 전송해드릴게요.
2024-12-20 04:19:36,261 [__main__] [INFO] :: Processing Time: 0.0657 seconds
2024-12-20 04:19:36,261 [__main__] [INFO] :: ----------------------------------------------------------------------------------------------------
2024-12-20 04:19:47,282 [__main__] [INFO] :: Received message: 시그니처 메뉴 있어?
2024-12-20 04:19:47,306 [__main__] [INFO] :: Intent ID: 2
2024-12-20 04:19:47,346 [__main__] [INFO] :: Response: 더 자세한 메뉴 정보 제공을 위해 QR URL 주소를 전송해드릴게요.
2024-12-20 04:19:47,346 [__main__] [INFO] :: Processing Time: 0.0648 seconds
2024-12-20 04:19:47,346 [__main__] [INFO] :: ----------------------------------------------------------------------------------------------------
2024-12-20 04:19:57,359 [__main__] [INFO] :: Received message: 시그니처 있어?
2024-12-20 04:19:57,386 [__main__] [INFO] :: Intent ID: 23
2024-12-20 04:19:57,431 [__main__] [INFO] :: Response: 저희 매장으로부터 반경 1.5키로미터 이내 지역에서 배달이 가능해요.
2024-12-20 04:19:57,431 [__main__] [INFO] :: Processing Time: 0.0719 seconds
2024-12-20 04:19:57,431 [__main__] [INFO] :: ----------------------------------------------------------------------------------------------------
2024-12-20 04:20:10,660 [__main__] [INFO] :: Received message: 인기있는
2024-12-20 04:20:10,687 [__main__] [INFO] :: Intent ID: 2
2024-12-20 04:20:10,727 [__main__] [INFO] :: Response: 더 자세한 메뉴 정보 제공을 위해 QR URL 주소를 전송해드릴게요.
2024-12-20 04:20:10,728 [__main__] [INFO] :: Processing Time: 0.0678 seconds
2024-12-20 04:20:10,728 [__main__] [INFO] :: ----------------------------------------------------------------------------------------------------
2024-12-20 04:20:21,808 [__main__] [INFO] :: Received message: 가장 잘나가는
2024-12-20 04:20:21,834 [__main__] [INFO] :: Intent ID: 2
2024-12-20 04:20:21,873 [__main__] [INFO] :: Response: 더 자세한 메뉴 정보 제공을 위해 QR URL 주소를 전송해드릴게요.
2024-12-20 04:20:21,873 [__main__] [INFO] :: Processing Time: 0.0655 seconds
2024-12-20 04:20:21,874 [__main__] [INFO] :: ----------------------------------------------------------------------------------------------------
2024-12-20 04:20:32,727 [__main__] [INFO] :: Received message: 할인 메뉴 뭐 있어
2024-12-20 04:20:32,753 [__main__] [INFO] :: Intent ID: 3
2024-12-20 04:20:32,798 [__main__] [INFO] :: Response: 저희 매장에서는 행사 탕짜면 메뉴가 인기 메뉴에요.
2024-12-20 04:20:32,798 [__main__] [INFO] :: Processing Time: 0.0708 seconds
2024-12-20 04:20:32,798 [__main__] [INFO] :: ----------------------------------------------------------------------------------------------------
2024-12-20 04:20:40,131 [__main__] [INFO] :: Received message: 할인 메뉴 뭐 있어
2024-12-20 04:20:40,156 [__main__] [INFO] :: Intent ID: 3
2024-12-20 04:20:40,200 [__main__] [INFO] :: Response: 저희 매장에서는 쟁반짜장 메뉴가 인기 메뉴에요.
2024-12-20 04:20:40,201 [__main__] [INFO] :: Processing Time: 0.0702 seconds
2024-12-20 04:20:40,201 [__main__] [INFO] :: ----------------------------------------------------------------------------------------------------
2024-12-20 04:21:00,760 [__main__] [INFO] :: Received message: 이벤트 메뉴 알려줘
2024-12-20 04:21:00,785 [__main__] [INFO] :: Intent ID: 3
2024-12-20 04:21:00,830 [__main__] [INFO] :: Response: 저희 매장에서는 쟁반짜장 메뉴가 인기 메뉴에요.
2024-12-20 04:21:00,830 [__main__] [INFO] :: Processing Time: 0.0701 seconds
2024-12-20 04:21:00,830 [__main__] [INFO] :: ----------------------------------------------------------------------------------------------------
2024-12-20 04:21:02,892 [__main__] [INFO] :: Received message: 이벤트 메뉴 알려줘
2024-12-20 04:21:02,918 [__main__] [INFO] :: Intent ID: 3
2024-12-20 04:21:02,964 [__main__] [INFO] :: Response: 저희 매장에서는 쟁반짜장 메뉴가 인기 메뉴에요.
2024-12-20 04:21:02,964 [__main__] [INFO] :: Processing Time: 0.0725 seconds
2024-12-20 04:21:02,964 [__main__] [INFO] :: ----------------------------------------------------------------------------------------------------
2024-12-20 04:21:19,470 [__main__] [INFO] :: Received message: 1+1 메뉴 있나요?
2024-12-20 04:21:19,496 [__main__] [INFO] :: Intent ID: 1
2024-12-20 04:21:19,557 [__main__] [INFO] :: Response: 쟁반짜장의 가격은 16000입니다. 더 자세한 내용은 문자로 발송해드린 메뉴판을 확인해주세요.
2024-12-20 04:21:19,557 [__main__] [INFO] :: Processing Time: 0.0873 seconds
2024-12-20 04:21:19,557 [__main__] [INFO] :: ----------------------------------------------------------------------------------------------------
2024-12-20 04:21:29,832 [__main__] [INFO] :: Received message: 1+1 행사 있나요?
2024-12-20 04:21:29,857 [__main__] [INFO] :: Intent ID: 21
2024-12-20 04:21:29,896 [__main__] [INFO] :: Response: 해당 문의는 확인 후 전화하신 번호로 안내 드릴게요.
2024-12-20 04:21:29,897 [__main__] [INFO] :: Processing Time: 0.0650 seconds
2024-12-20 04:21:29,897 [__main__] [INFO] :: ----------------------------------------------------------------------------------------------------
2024-12-20 04:21:39,091 [__main__] [INFO] :: Received message: 원플러스원 행사 있나요?
2024-12-20 04:21:39,116 [__main__] [INFO] :: Intent ID: 6
2024-12-20 04:21:39,162 [__main__] [INFO] :: Response: 저희 매장에서 할인하는 이벤트 메뉴는 15주년행사 짬뽕 메뉴에요.
2024-12-20 04:21:39,162 [__main__] [INFO] :: Processing Time: 0.0711 seconds
2024-12-20 04:21:39,162 [__main__] [INFO] :: ----------------------------------------------------------------------------------------------------
2024-12-20 04:21:54,591 [__main__] [INFO] :: Received message: 원플러스원 행사 있나요?
2024-12-20 04:21:54,617 [__main__] [INFO] :: Intent ID: 6
2024-12-20 04:21:54,662 [__main__] [INFO] :: Response: 저희 매장에서 할인하는 이벤트 메뉴는 15주년행사 짬뽕 메뉴에요.
2024-12-20 04:21:54,662 [__main__] [INFO] :: Processing Time: 0.0715 seconds
2024-12-20 04:21:54,662 [__main__] [INFO] :: ----------------------------------------------------------------------------------------------------
2024-12-20 04:21:57,468 [__main__] [INFO] :: Received message: 원플러스원 행사 있나요?
2024-12-20 04:21:57,494 [__main__] [INFO] :: Intent ID: 6
2024-12-20 04:21:57,666 [__main__] [INFO] :: Response: 저희 매장에서 할인하는 이벤트 메뉴는 15주년행사 짬뽕 메뉴에요.
2024-12-20 04:21:57,666 [__main__] [INFO] :: Processing Time: 0.1976 seconds
2024-12-20 04:21:57,666 [__main__] [INFO] :: ----------------------------------------------------------------------------------------------------
2024-12-20 04:22:25,550 [__main__] [INFO] :: Received message: 이 가게에서만 파는거 있어?
2024-12-20 04:22:25,577 [__main__] [INFO] :: Intent ID: 2
2024-12-20 04:22:25,618 [__main__] [INFO] :: Response: 더 자세한 메뉴 정보 제공을 위해 QR URL 주소를 전송해드릴게요.
2024-12-20 04:22:25,618 [__main__] [INFO] :: Processing Time: 0.0680 seconds
2024-12-20 04:22:25,618 [__main__] [INFO] :: ----------------------------------------------------------------------------------------------------
2024-12-20 04:22:40,161 [__main__] [INFO] :: Received message: 너가 추천하는 메뉴 있어?
2024-12-20 04:22:40,189 [__main__] [INFO] :: Intent ID: 2
2024-12-20 04:22:40,227 [__main__] [INFO] :: Response: 더 자세한 메뉴 정보 제공을 위해 QR URL 주소를 전송해드릴게요.
2024-12-20 04:22:40,227 [__main__] [INFO] :: Processing Time: 0.0663 seconds
2024-12-20 04:22:40,228 [__main__] [INFO] :: ----------------------------------------------------------------------------------------------------
2024-12-20 04:22:53,013 [__main__] [INFO] :: Received message: 신메뉴 있어?
2024-12-20 04:22:53,038 [__main__] [INFO] :: Intent ID: 3
2024-12-20 04:22:53,083 [__main__] [INFO] :: Response: 저희 매장에서는 쟁반짜장 메뉴가 인기 메뉴에요.
2024-12-20 04:22:53,083 [__main__] [INFO] :: Processing Time: 0.0703 seconds
2024-12-20 04:22:53,083 [__main__] [INFO] :: ----------------------------------------------------------------------------------------------------
2024-12-20 04:23:04,473 [__main__] [INFO] :: Received message: 이번에 새로 나온 메뉴가 있어?
2024-12-20 04:23:04,501 [__main__] [INFO] :: Intent ID: 3
2024-12-20 04:23:04,549 [__main__] [INFO] :: Response: 저희 매장에서는 쟁반짜장 메뉴가 인기 메뉴에요.
2024-12-20 04:23:04,550 [__main__] [INFO] :: Processing Time: 0.0770 seconds
2024-12-20 04:23:04,550 [__main__] [INFO] :: ----------------------------------------------------------------------------------------------------
2024-12-20 04:23:21,955 [__main__] [INFO] :: Received message: 최신 메뉴 소개해줘
2024-12-20 04:23:21,979 [__main__] [INFO] :: Intent ID: 3
2024-12-20 04:23:22,024 [__main__] [INFO] :: Response: 저희 매장에서는 쟁반짜장 메뉴가 인기 메뉴에요.
2024-12-20 04:23:22,024 [__main__] [INFO] :: Processing Time: 0.0695 seconds
2024-12-20 04:23:22,024 [__main__] [INFO] :: ----------------------------------------------------------------------------------------------------
2024-12-20 04:23:31,451 [__main__] [INFO] :: Received message: 한정 메뉴 있나요?
2024-12-20 04:23:31,477 [__main__] [INFO] :: Intent ID: 3
2024-12-20 04:23:31,522 [__main__] [INFO] :: Response: 저희 매장에서는 행사 탕짜면 메뉴가 인기 메뉴에요.
2024-12-20 04:23:31,522 [__main__] [INFO] :: Processing Time: 0.0707 seconds
2024-12-20 04:23:31,522 [__main__] [INFO] :: ----------------------------------------------------------------------------------------------------
2024-12-20 04:23:36,801 [__main__] [INFO] :: Received message: 하절기 메뉴 있나요?
2024-12-20 04:23:36,827 [__main__] [INFO] :: Intent ID: 3
2024-12-20 04:23:36,871 [__main__] [INFO] :: Response: 저희 매장에서는 행사 탕짜면 메뉴가 인기 메뉴에요.
2024-12-20 04:23:36,872 [__main__] [INFO] :: Processing Time: 0.0710 seconds
2024-12-20 04:23:36,872 [__main__] [INFO] :: ----------------------------------------------------------------------------------------------------
2024-12-20 04:23:51,150 [__main__] [INFO] :: Received message: 외국인들에게 추천할 만한 한정 메뉴가 있나요?
2024-12-20 04:23:51,176 [__main__] [INFO] :: Intent ID: 3
2024-12-20 04:23:51,220 [__main__] [INFO] :: Response: 저희 매장에서는 행사 탕짜면 메뉴가 인기 메뉴에요.
2024-12-20 04:23:51,220 [__main__] [INFO] :: Processing Time: 0.0704 seconds
2024-12-20 04:23:51,220 [__main__] [INFO] :: ----------------------------------------------------------------------------------------------------
2024-12-20 04:23:59,256 [__main__] [INFO] :: Received message: 매운거 있나요?
2024-12-20 04:23:59,282 [__main__] [INFO] :: Intent ID: 1
2024-12-20 04:23:59,341 [__main__] [INFO] :: Response: 쟁반짜장의 가격은 16000입니다. 더 자세한 내용은 문자로 발송해드린 메뉴판을 확인해주세요.
2024-12-20 04:23:59,341 [__main__] [INFO] :: Processing Time: 0.0855 seconds
2024-12-20 04:23:59,342 [__main__] [INFO] :: ----------------------------------------------------------------------------------------------------
2024-12-20 04:24:06,833 [__main__] [INFO] :: Received message: 매운 메뉴 있나요?
2024-12-20 04:24:06,858 [__main__] [INFO] :: Intent ID: 1
2024-12-20 04:24:06,917 [__main__] [INFO] :: Response: 쟁반짜장의 가격은 16000입니다. 더 자세한 내용은 문자로 발송해드린 메뉴판을 확인해주세요.
2024-12-20 04:24:06,917 [__main__] [INFO] :: Processing Time: 0.0848 seconds
2024-12-20 04:24:06,917 [__main__] [INFO] :: ----------------------------------------------------------------------------------------------------
2024-12-20 04:24:22,630 [__main__] [INFO] :: Received message: 매운맛을 느낄 수 있는 메뉴 있나요?
2024-12-20 04:24:22,657 [__main__] [INFO] :: Intent ID: 2
2024-12-20 04:24:22,697 [__main__] [INFO] :: Response: 더 자세한 메뉴 정보 제공을 위해 QR URL 주소를 전송해드릴게요.
2024-12-20 04:24:22,697 [__main__] [INFO] :: Processing Time: 0.0665 seconds
2024-12-20 04:24:22,697 [__main__] [INFO] :: ----------------------------------------------------------------------------------------------------
2024-12-20 04:24:28,556 [__main__] [INFO] :: Received message: 매운맛을 느낄 수 있는 음식이 있나요?
2024-12-20 04:24:28,581 [__main__] [INFO] :: Intent ID: 0
2024-12-20 04:24:28,626 [__main__] [INFO] :: Response: 저희 매장에는 면류, 반반메뉴, 밥류, 사이드, 세트메뉴, 주류, 튀김류의 메뉴 종류들이 있어요.
2024-12-20 04:24:28,626 [__main__] [INFO] :: Processing Time: 0.0699 seconds
2024-12-20 04:24:28,626 [__main__] [INFO] :: ----------------------------------------------------------------------------------------------------
2024-12-20 04:25:15,680 [__main__] [INFO] :: Received message: 덮밥은 소스를 따로 줄 수 있나요?
2024-12-20 04:25:15,706 [__main__] [INFO] :: Intent ID: 1
2024-12-20 04:25:15,766 [__main__] [INFO] :: Response: 쟁반짜장의 가격은 16000입니다. 더 자세한 내용은 문자로 발송해드린 메뉴판을 확인해주세요.
2024-12-20 04:25:15,766 [__main__] [INFO] :: Processing Time: 0.0864 seconds
2024-12-20 04:25:15,766 [__main__] [INFO] :: ----------------------------------------------------------------------------------------------------
2024-12-20 04:25:30,796 [__main__] [INFO] :: Received message: 알려줘서 고마워요.
2024-12-20 04:25:30,821 [__main__] [INFO] :: Intent ID: 23
2024-12-20 04:25:30,866 [__main__] [INFO] :: Response: 저희 매장으로부터 반경 1.5키로미터 이내 지역에서 배달이 가능해요.
2024-12-20 04:25:30,866 [__main__] [INFO] :: Processing Time: 0.0700 seconds
2024-12-20 04:25:30,866 [__main__] [INFO] :: ----------------------------------------------------------------------------------------------------
2024-12-20 04:25:44,423 [__main__] [INFO] :: Received message: 정말 감사합니다.
2024-12-20 04:25:44,449 [__main__] [INFO] :: Intent ID: 23
2024-12-20 04:25:44,494 [__main__] [INFO] :: Response: 저희 매장으로부터 반경 1.5키로미터 이내 지역에서 배달이 가능해요.
2024-12-20 04:25:44,494 [__main__] [INFO] :: Processing Time: 0.0708 seconds
2024-12-20 04:25:44,494 [__main__] [INFO] :: ----------------------------------------------------------------------------------------------------
2024-12-20 04:25:57,402 [__main__] [INFO] :: Received message: 좋은 정보 알려줘서 고맙습니다
2024-12-20 04:25:57,428 [__main__] [INFO] :: Intent ID: 23
2024-12-20 04:25:57,472 [__main__] [INFO] :: Response: 저희 매장으로부터 반경 1.5키로미터 이내 지역에서 배달이 가능해요.
2024-12-20 04:25:57,472 [__main__] [INFO] :: Processing Time: 0.0699 seconds
2024-12-20 04:25:57,472 [__main__] [INFO] :: ----------------------------------------------------------------------------------------------------
2024-12-20 04:26:10,489 [__main__] [INFO] :: Received message: 말투도 친절해서 좋았어요. 고마워요.
2024-12-20 04:26:10,513 [__main__] [INFO] :: Intent ID: 23
2024-12-20 04:26:10,557 [__main__] [INFO] :: Response: 저희 매장으로부터 반경 1.5키로미터 이내 지역에서 배달이 가능해요.
2024-12-20 04:26:10,557 [__main__] [INFO] :: Processing Time: 0.0690 seconds
2024-12-20 04:26:10,557 [__main__] [INFO] :: ----------------------------------------------------------------------------------------------------
2024-12-20 04:27:33,644 [__main__] [INFO] :: Received message: 네가 짱이야, 고마워.
2024-12-20 04:27:33,671 [__main__] [INFO] :: Intent ID: 23
2024-12-20 04:27:33,715 [__main__] [INFO] :: Response: 저희 매장으로부터 반경 1.5키로미터 이내 지역에서 배달이 가능해요.
2024-12-20 04:27:33,716 [__main__] [INFO] :: Processing Time: 0.0714 seconds
2024-12-20 04:27:33,716 [__main__] [INFO] :: ----------------------------------------------------------------------------------------------------
2024-12-20 04:27:44,153 [__main__] [INFO] :: Received message: 만나서 반갑습니다.
2024-12-20 04:27:44,177 [__main__] [INFO] :: Intent ID: 23
2024-12-20 04:27:44,221 [__main__] [INFO] :: Response: 저희 매장으로부터 반경 1.5키로미터 이내 지역에서 배달이 가능해요.
2024-12-20 04:27:44,222 [__main__] [INFO] :: Processing Time: 0.0685 seconds
2024-12-20 04:27:44,222 [__main__] [INFO] :: ----------------------------------------------------------------------------------------------------
2024-12-20 04:28:02,429 [__main__] [INFO] :: Received message: 뭘 먹어야 하지?
2024-12-20 04:28:02,455 [__main__] [INFO] :: Intent ID: 0
2024-12-20 04:28:02,499 [__main__] [INFO] :: Response: 저희 매장에는 면류, 반반메뉴, 밥류, 사이드, 세트메뉴, 주류, 튀김류의 메뉴 종류들이 있어요.
2024-12-20 04:28:02,500 [__main__] [INFO] :: Processing Time: 0.0709 seconds
2024-12-20 04:28:02,500 [__main__] [INFO] :: ----------------------------------------------------------------------------------------------------
2024-12-20 04:28:14,212 [__main__] [INFO] :: Received message: 좀 더 알아봐야겠어.
2024-12-20 04:28:14,240 [__main__] [INFO] :: Intent ID: 23
2024-12-20 04:28:14,285 [__main__] [INFO] :: Response: 저희 매장으로부터 반경 1.5키로미터 이내 지역에서 배달이 가능해요.
2024-12-20 04:28:14,285 [__main__] [INFO] :: Processing Time: 0.0726 seconds
2024-12-20 04:28:14,285 [__main__] [INFO] :: ----------------------------------------------------------------------------------------------------
2024-12-20 04:28:44,104 [__main__] [INFO] :: Received message: 스마트주문 지원하나요?
2024-12-20 04:28:44,130 [__main__] [INFO] :: Intent ID: 6
2024-12-20 04:28:44,176 [__main__] [INFO] :: Response: 저희 매장에서 할인하는 이벤트 메뉴는 15주년행사 짬뽕 메뉴에요.
2024-12-20 04:28:44,176 [__main__] [INFO] :: Processing Time: 0.0714 seconds
2024-12-20 04:28:44,176 [__main__] [INFO] :: ----------------------------------------------------------------------------------------------------
2024-12-20 04:28:56,856 [__main__] [INFO] :: Received message: 직원에게 직접 주문하나요?
2024-12-20 04:28:56,882 [__main__] [INFO] :: Intent ID: 22
2024-12-20 04:28:56,942 [__main__] [INFO] :: Response: 저희 매장에서는 월요일에 영업안해요. 화요일에서 일요일 11시부터 20시 30분 사이에 방문해주세요.
2024-12-20 04:28:56,942 [__main__] [INFO] :: Processing Time: 0.0864 seconds
2024-12-20 04:28:56,942 [__main__] [INFO] :: ----------------------------------------------------------------------------------------------------
2024-12-20 04:29:20,494 [__main__] [INFO] :: Received message: 월요일에 영업해?
2024-12-20 04:29:20,518 [__main__] [INFO] :: Intent ID: 8
2024-12-20 04:29:20,563 [__main__] [INFO] :: Response: 저희 매장에서는 한정 메뉴는 15주년행사 짬뽕입니다.
2024-12-20 04:29:20,563 [__main__] [INFO] :: Processing Time: 0.0694 seconds
2024-12-20 04:29:20,563 [__main__] [INFO] :: ----------------------------------------------------------------------------------------------------
2024-12-20 04:29:25,212 [__main__] [INFO] :: Received message: 월요일에 영업해?
2024-12-20 04:29:25,237 [__main__] [INFO] :: Intent ID: 8
2024-12-20 04:29:25,281 [__main__] [INFO] :: Response: 저희 매장에서는 한정 메뉴는 15주년행사 짬뽕입니다.
2024-12-20 04:29:25,281 [__main__] [INFO] :: Processing Time: 0.0690 seconds
2024-12-20 04:29:25,281 [__main__] [INFO] :: ----------------------------------------------------------------------------------------------------
2024-12-20 04:29:38,074 [__main__] [INFO] :: Received message: 화요일에 문 열어?
2024-12-20 04:29:38,099 [__main__] [INFO] :: Intent ID: 8
2024-12-20 04:29:38,144 [__main__] [INFO] :: Response: 저희 매장에서는 한정 메뉴는 15주년행사 짜장면입니다.
2024-12-20 04:29:38,144 [__main__] [INFO] :: Processing Time: 0.0702 seconds
2024-12-20 04:29:38,144 [__main__] [INFO] :: ----------------------------------------------------------------------------------------------------
2024-12-20 04:29:51,813 [__main__] [INFO] :: Received message: 주말에 영업 하나요?
2024-12-20 04:29:51,841 [__main__] [INFO] :: Intent ID: 9
2024-12-20 04:29:51,887 [__main__] [ERROR] :: 응답 템플릿에 필요한 데이터가 누락되었습니다: 'INDI_TYPE_MN2'
2024-12-20 04:29:51,887 [__main__] [INFO] :: Response: 필요한 데이터가 부족하여 응답할 수 없습니다.
2024-12-20 04:29:51,887 [__main__] [INFO] :: Processing Time: 0.0744 seconds
2024-12-20 04:29:51,887 [__main__] [INFO] :: ----------------------------------------------------------------------------------------------------
2024-12-20 04:29:57,165 [__main__] [INFO] :: Received message: 주말에 영업 하나요?
2024-12-20 04:29:57,190 [__main__] [INFO] :: Intent ID: 9
2024-12-20 04:29:57,234 [__main__] [ERROR] :: 응답 템플릿에 필요한 데이터가 누락되었습니다: 'INDI_TYPE_MN2'
2024-12-20 04:29:57,234 [__main__] [INFO] :: Response: 필요한 데이터가 부족하여 응답할 수 없습니다.
2024-12-20 04:29:57,234 [__main__] [INFO] :: Processing Time: 0.0696 seconds
2024-12-20 04:29:57,234 [__main__] [INFO] :: ----------------------------------------------------------------------------------------------------
