2024-12-20 04:53:35,901 [__main__] [INFO] :: *** 04h-53m-35s START ***
2024-12-20 04:53:35,901 [__main__] [INFO] :: *** PID: 2689985 ***
2024-12-20 04:53:59,296 [__main__] [INFO] :: Received message: 잘나가는 메뉴 뭐야?
2024-12-20 04:54:00,469 [__main__] [INFO] :: Intent ID: 3
2024-12-20 04:54:00,563 [__main__] [INFO] :: Response: 저희 매장에서는 쟁반짜장 메뉴가 인기 메뉴에요.
2024-12-20 04:54:00,563 [__main__] [INFO] :: Processing Time: 1.2674 seconds
2024-12-20 04:54:00,563 [__main__] [INFO] :: ----------------------------------------------------------------------------------------------------
2024-12-20 04:54:14,333 [__main__] [INFO] :: Received message: 매장 어디야?
2024-12-20 04:54:14,359 [__main__] [INFO] :: Intent ID: 28
2024-12-20 04:54:14,403 [__main__] [INFO] :: Response: 저희 매장의 주소는 경기 구리시 검배로6번길 27 에요. 해당 문의를 돕고자 지도 URL 정보를 전송해드릴게요.
2024-12-20 04:54:14,403 [__main__] [INFO] :: Processing Time: 0.0703 seconds
2024-12-20 04:54:14,403 [__main__] [INFO] :: ----------------------------------------------------------------------------------------------------
2024-12-20 04:54:54,661 [__main__] [INFO] :: Received message: 메뉴 카테고리 알려줘
2024-12-20 04:54:54,687 [__main__] [INFO] :: Intent ID: 0
2024-12-20 04:54:54,733 [__main__] [INFO] :: Response: 저희 매장에는 면류, 반반메뉴, 밥류, 사이드, 세트메뉴, 주류, 튀김류의 메뉴 종류들이 있어요.
2024-12-20 04:54:54,733 [__main__] [INFO] :: Processing Time: 0.0720 seconds
2024-12-20 04:54:54,733 [__main__] [INFO] :: ----------------------------------------------------------------------------------------------------
2024-12-20 04:55:01,473 [__main__] [INFO] :: Received message: 메뉴 뭐있어?
2024-12-20 04:55:01,498 [__main__] [INFO] :: Intent ID: 4
2024-12-20 04:55:01,544 [__main__] [INFO] :: Response: 저희 매장에서는 고추짬뽕 메뉴를 추천 메뉴에요.
2024-12-20 04:55:01,544 [__main__] [INFO] :: Processing Time: 0.0707 seconds
2024-12-20 04:55:01,544 [__main__] [INFO] :: ----------------------------------------------------------------------------------------------------
