2024-12-20 04:30:28,131 [__main__] [INFO] :: *** 04h-30m-28s START ***
2024-12-20 04:30:28,132 [__main__] [INFO] :: *** PID: 2683075 ***
2024-12-20 04:30:38,076 [__main__] [INFO] :: Received message: 주말에 영업 하나요?
2024-12-20 04:30:39,280 [__main__] [INFO] :: Intent ID: 9
2024-12-20 04:30:39,376 [__main__] [INFO] :: Response: 저희 매장에서는 볶음짬뽕 메뉴는 매운맛 메뉴입니다.
2024-12-20 04:30:39,376 [__main__] [INFO] :: Processing Time: 1.3000 seconds
2024-12-20 04:30:39,376 [__main__] [INFO] :: ----------------------------------------------------------------------------------------------------
2024-12-20 04:30:42,888 [__main__] [INFO] :: Received message: 주말에 영업 하나요?
2024-12-20 04:30:42,915 [__main__] [INFO] :: Intent ID: 9
2024-12-20 04:30:42,959 [__main__] [INFO] :: Response: 저희 매장에서는 고추짬뽕 메뉴는 매운맛 메뉴입니다.
2024-12-20 04:30:42,960 [__main__] [INFO] :: Processing Time: 0.0715 seconds
2024-12-20 04:30:42,960 [__main__] [INFO] :: ----------------------------------------------------------------------------------------------------
2024-12-20 04:30:44,984 [__main__] [INFO] :: Received message: 주말에 영업 하나요?
2024-12-20 04:30:45,010 [__main__] [INFO] :: Intent ID: 9
2024-12-20 04:30:45,056 [__main__] [INFO] :: Response: 저희 매장에서는 고추짬뽕 메뉴는 매운맛 메뉴입니다.
2024-12-20 04:30:45,056 [__main__] [INFO] :: Processing Time: 0.0724 seconds
2024-12-20 04:30:45,056 [__main__] [INFO] :: ----------------------------------------------------------------------------------------------------
2024-12-20 04:30:46,341 [__main__] [INFO] :: Received message: 주말에 영업 하나요?
2024-12-20 04:30:46,366 [__main__] [INFO] :: Intent ID: 9
2024-12-20 04:30:46,411 [__main__] [INFO] :: Response: 저희 매장에서는 탕짬면 메뉴는 매운맛 메뉴입니다.
2024-12-20 04:30:46,411 [__main__] [INFO] :: Processing Time: 0.0703 seconds
2024-12-20 04:30:46,411 [__main__] [INFO] :: ----------------------------------------------------------------------------------------------------
2024-12-20 04:31:01,778 [__main__] [INFO] :: Received message: 집에 가서 먹으려는데 가능하죠?
2024-12-20 04:31:01,806 [__main__] [INFO] :: Intent ID: 4
2024-12-20 04:31:01,850 [__main__] [INFO] :: Response: 저희 매장에서는 굴짬뽕 메뉴를 추천 메뉴에요.
2024-12-20 04:31:01,851 [__main__] [INFO] :: Processing Time: 0.0723 seconds
2024-12-20 04:31:01,851 [__main__] [INFO] :: ----------------------------------------------------------------------------------------------------
2024-12-20 04:31:05,216 [__main__] [INFO] :: Received message: 집에 가서 먹으려는데 가능하죠?
2024-12-20 04:31:05,241 [__main__] [INFO] :: Intent ID: 4
2024-12-20 04:31:05,286 [__main__] [INFO] :: Response: 저희 매장에서는 고추짜장 메뉴를 추천 메뉴에요.
2024-12-20 04:31:05,286 [__main__] [INFO] :: Processing Time: 0.0702 seconds
2024-12-20 04:31:05,286 [__main__] [INFO] :: ----------------------------------------------------------------------------------------------------
2024-12-20 04:31:06,284 [__main__] [INFO] :: Received message: 집에 가서 먹으려는데 가능하죠?
2024-12-20 04:31:06,303 [__main__] [INFO] :: Intent ID: 4
2024-12-20 04:31:06,341 [__main__] [INFO] :: Response: 저희 매장에서는 고추짜장 메뉴를 추천 메뉴에요.
2024-12-20 04:31:06,341 [__main__] [INFO] :: Processing Time: 0.0568 seconds
2024-12-20 04:31:06,341 [__main__] [INFO] :: ----------------------------------------------------------------------------------------------------
2024-12-20 04:31:07,319 [__main__] [INFO] :: Received message: 집에 가서 먹으려는데 가능하죠?
2024-12-20 04:31:07,345 [__main__] [INFO] :: Intent ID: 4
2024-12-20 04:31:07,388 [__main__] [INFO] :: Response: 저희 매장에서는 고추짜장 메뉴를 추천 메뉴에요.
2024-12-20 04:31:07,389 [__main__] [INFO] :: Processing Time: 0.0698 seconds
2024-12-20 04:31:07,389 [__main__] [INFO] :: ----------------------------------------------------------------------------------------------------
2024-12-20 04:31:08,225 [__main__] [INFO] :: Received message: 집에 가서 먹으려는데 가능하죠?
2024-12-20 04:31:08,251 [__main__] [INFO] :: Intent ID: 4
2024-12-20 04:31:08,296 [__main__] [INFO] :: Response: 저희 매장에서는 굴짬뽕 메뉴를 추천 메뉴에요.
2024-12-20 04:31:08,297 [__main__] [INFO] :: Processing Time: 0.0716 seconds
2024-12-20 04:31:08,297 [__main__] [INFO] :: ----------------------------------------------------------------------------------------------------
2024-12-20 04:31:09,226 [__main__] [INFO] :: Received message: 집에 가서 먹으려는데 가능하죠?
2024-12-20 04:31:09,248 [__main__] [INFO] :: Intent ID: 4
2024-12-20 04:31:09,291 [__main__] [INFO] :: Response: 저희 매장에서는 굴짬뽕 메뉴를 추천 메뉴에요.
2024-12-20 04:31:09,291 [__main__] [INFO] :: Processing Time: 0.0656 seconds
2024-12-20 04:31:09,291 [__main__] [INFO] :: ----------------------------------------------------------------------------------------------------
2024-12-20 04:36:38,842 [__main__] [INFO] :: Received message: 제로페이 결제 가능한가요?
2024-12-20 04:36:38,868 [__main__] [INFO] :: Intent ID: 6
2024-12-20 04:36:38,913 [__main__] [INFO] :: Response: 저희 매장에서 할인하는 이벤트 메뉴는 15주년행사 짬뽕 메뉴에요.
2024-12-20 04:36:38,913 [__main__] [INFO] :: Processing Time: 0.0714 seconds
2024-12-20 04:36:38,913 [__main__] [INFO] :: ----------------------------------------------------------------------------------------------------
2024-12-20 04:37:06,906 [__main__] [INFO] :: Received message: 영업시간 알려줘
2024-12-20 04:37:06,931 [__main__] [INFO] :: Intent ID: 7
2024-12-20 04:37:06,976 [__main__] [INFO] :: Response: 저희 매장에서는 유린기 메뉴는 신메뉴 메뉴입니다.
2024-12-20 04:37:06,976 [__main__] [INFO] :: Processing Time: 0.0702 seconds
2024-12-20 04:37:06,976 [__main__] [INFO] :: ----------------------------------------------------------------------------------------------------
2024-12-20 04:37:12,662 [__main__] [INFO] :: Received message: 영업시간 알려줘
2024-12-20 04:37:12,688 [__main__] [INFO] :: Intent ID: 7
2024-12-20 04:37:12,733 [__main__] [INFO] :: Response: 저희 매장에서는 팔보채 메뉴는 신메뉴 메뉴입니다.
2024-12-20 04:37:12,734 [__main__] [INFO] :: Processing Time: 0.0721 seconds
2024-12-20 04:37:12,734 [__main__] [INFO] :: ----------------------------------------------------------------------------------------------------
2024-12-20 04:37:15,166 [__main__] [INFO] :: Received message: 영업시간 알려줘
2024-12-20 04:37:15,190 [__main__] [INFO] :: Intent ID: 7
2024-12-20 04:37:15,235 [__main__] [INFO] :: Response: 저희 매장에서는 유린기 메뉴는 신메뉴 메뉴입니다.
2024-12-20 04:37:15,236 [__main__] [INFO] :: Processing Time: 0.0699 seconds
2024-12-20 04:37:15,236 [__main__] [INFO] :: ----------------------------------------------------------------------------------------------------
2024-12-20 04:37:16,349 [__main__] [INFO] :: Received message: 영업시간 알려줘
2024-12-20 04:37:16,373 [__main__] [INFO] :: Intent ID: 7
2024-12-20 04:37:16,417 [__main__] [INFO] :: Response: 저희 매장에서는 팔보채 메뉴는 신메뉴 메뉴입니다.
2024-12-20 04:37:16,417 [__main__] [INFO] :: Processing Time: 0.0682 seconds
2024-12-20 04:37:16,418 [__main__] [INFO] :: ----------------------------------------------------------------------------------------------------
2024-12-20 04:37:17,424 [__main__] [INFO] :: Received message: 영업시간 알려줘
2024-12-20 04:37:17,449 [__main__] [INFO] :: Intent ID: 7
2024-12-20 04:37:17,493 [__main__] [INFO] :: Response: 저희 매장에서는 팔보채 메뉴는 신메뉴 메뉴입니다.
2024-12-20 04:37:17,493 [__main__] [INFO] :: Processing Time: 0.0698 seconds
2024-12-20 04:37:17,493 [__main__] [INFO] :: ----------------------------------------------------------------------------------------------------
2024-12-20 04:37:18,248 [__main__] [INFO] :: Received message: 영업시간 알려줘
2024-12-20 04:37:18,273 [__main__] [INFO] :: Intent ID: 7
2024-12-20 04:37:18,317 [__main__] [INFO] :: Response: 저희 매장에서는 팔보채 메뉴는 신메뉴 메뉴입니다.
2024-12-20 04:37:18,317 [__main__] [INFO] :: Processing Time: 0.0692 seconds
2024-12-20 04:37:18,317 [__main__] [INFO] :: ----------------------------------------------------------------------------------------------------
2024-12-20 04:38:06,404 [__main__] [INFO] :: Received message: 지역에서만 사용 가능한 페이도 되나요?
2024-12-20 04:38:06,430 [__main__] [INFO] :: Intent ID: 6
2024-12-20 04:38:06,476 [__main__] [INFO] :: Response: 저희 매장에서 할인하는 이벤트 메뉴는 15주년행사 짬뽕 메뉴에요.
2024-12-20 04:38:06,476 [__main__] [INFO] :: Processing Time: 0.0721 seconds
2024-12-20 04:38:06,476 [__main__] [INFO] :: ----------------------------------------------------------------------------------------------------
2024-12-20 04:39:19,816 [__main__] [INFO] :: Received message: 삼성페이 사용 가능한가요?
2024-12-20 04:39:19,843 [__main__] [INFO] :: Intent ID: 6
2024-12-20 04:39:19,889 [__main__] [INFO] :: Response: 저희 매장에서 할인하는 이벤트 메뉴는 15주년행사 짜장면 메뉴에요.
2024-12-20 04:39:19,889 [__main__] [INFO] :: Processing Time: 0.0732 seconds
2024-12-20 04:39:19,889 [__main__] [INFO] :: ----------------------------------------------------------------------------------------------------
2024-12-20 04:39:21,371 [__main__] [INFO] :: Received message: 삼성페이 사용 가능한가요?
2024-12-20 04:39:21,394 [__main__] [INFO] :: Intent ID: 6
2024-12-20 04:39:21,440 [__main__] [INFO] :: Response: 저희 매장에서 할인하는 이벤트 메뉴는 15주년행사 짬뽕 메뉴에요.
2024-12-20 04:39:21,440 [__main__] [INFO] :: Processing Time: 0.0693 seconds
2024-12-20 04:39:21,440 [__main__] [INFO] :: ----------------------------------------------------------------------------------------------------
2024-12-20 04:39:33,034 [__main__] [INFO] :: Received message: 알리페이 사용 가능한가요?
2024-12-20 04:39:33,059 [__main__] [INFO] :: Intent ID: 6
2024-12-20 04:39:33,104 [__main__] [INFO] :: Response: 저희 매장에서 할인하는 이벤트 메뉴는 15주년행사 짜장면 메뉴에요.
2024-12-20 04:39:33,104 [__main__] [INFO] :: Processing Time: 0.0701 seconds
2024-12-20 04:39:33,104 [__main__] [INFO] :: ----------------------------------------------------------------------------------------------------
2024-12-20 04:39:46,221 [__main__] [INFO] :: Received message: 기프티콘 쓸 수 있나요?
2024-12-20 04:39:46,246 [__main__] [INFO] :: Intent ID: 6
2024-12-20 04:39:46,291 [__main__] [INFO] :: Response: 저희 매장에서 할인하는 이벤트 메뉴는 15주년행사 짬뽕 메뉴에요.
2024-12-20 04:39:46,291 [__main__] [INFO] :: Processing Time: 0.0707 seconds
2024-12-20 04:39:46,291 [__main__] [INFO] :: ----------------------------------------------------------------------------------------------------
2024-12-20 04:39:47,066 [__main__] [INFO] :: Received message: 기프티콘 쓸 수 있나요?
2024-12-20 04:39:47,092 [__main__] [INFO] :: Intent ID: 6
2024-12-20 04:39:47,137 [__main__] [INFO] :: Response: 저희 매장에서 할인하는 이벤트 메뉴는 15주년행사 짬뽕 메뉴에요.
2024-12-20 04:39:47,137 [__main__] [INFO] :: Processing Time: 0.0710 seconds
2024-12-20 04:39:47,137 [__main__] [INFO] :: ----------------------------------------------------------------------------------------------------
2024-12-20 04:39:57,197 [__main__] [INFO] :: Received message: 결제 방식에 제한이 있나요?
2024-12-20 04:39:57,222 [__main__] [INFO] :: Intent ID: 5
2024-12-20 04:39:57,267 [__main__] [INFO] :: Response: 저희 매장에서는 백짬뽕 메뉴가 대표 메뉴에요.
2024-12-20 04:39:57,267 [__main__] [INFO] :: Processing Time: 0.0707 seconds
2024-12-20 04:39:57,267 [__main__] [INFO] :: ----------------------------------------------------------------------------------------------------
2024-12-20 04:40:01,358 [__main__] [INFO] :: Received message: 결제 방식에 제한이 있나요?
2024-12-20 04:40:01,382 [__main__] [INFO] :: Intent ID: 5
2024-12-20 04:40:01,428 [__main__] [INFO] :: Response: 저희 매장에서는 냉짬뽕 메뉴가 대표 메뉴에요.
2024-12-20 04:40:01,428 [__main__] [INFO] :: Processing Time: 0.0700 seconds
2024-12-20 04:40:01,428 [__main__] [INFO] :: ----------------------------------------------------------------------------------------------------
2024-12-20 04:40:32,881 [__main__] [INFO] :: Received message: 할부 가능한가요?
2024-12-20 04:40:32,906 [__main__] [INFO] :: Intent ID: 6
2024-12-20 04:40:32,953 [__main__] [INFO] :: Response: 저희 매장에서 할인하는 이벤트 메뉴는 15주년행사 짬뽕 메뉴에요.
2024-12-20 04:40:32,953 [__main__] [INFO] :: Processing Time: 0.0718 seconds
2024-12-20 04:40:32,953 [__main__] [INFO] :: ----------------------------------------------------------------------------------------------------
2024-12-20 04:40:44,590 [__main__] [INFO] :: Received message: 결제 이력을 어떻게 확인하나요?
2024-12-20 04:40:44,617 [__main__] [INFO] :: Intent ID: 5
2024-12-20 04:40:44,662 [__main__] [INFO] :: Response: 저희 매장에서는 볶음짬뽕 메뉴가 대표 메뉴에요.
2024-12-20 04:40:44,662 [__main__] [INFO] :: Processing Time: 0.0724 seconds
2024-12-20 04:40:44,662 [__main__] [INFO] :: ----------------------------------------------------------------------------------------------------
2024-12-20 04:41:00,348 [__main__] [INFO] :: Received message: 영업 시간이 어떻게 돼?
2024-12-20 04:41:00,375 [__main__] [INFO] :: Intent ID: 7
2024-12-20 04:41:00,421 [__main__] [INFO] :: Response: 저희 매장에서는 팔보채 메뉴는 신메뉴 메뉴입니다.
2024-12-20 04:41:00,421 [__main__] [INFO] :: Processing Time: 0.0734 seconds
2024-12-20 04:41:00,421 [__main__] [INFO] :: ----------------------------------------------------------------------------------------------------
2024-12-20 04:41:25,259 [__main__] [INFO] :: Received message: 브레이크 타임 있어?
2024-12-20 04:41:25,283 [__main__] [INFO] :: Intent ID: 9
2024-12-20 04:41:25,328 [__main__] [INFO] :: Response: 저희 매장에서는 고추짬뽕 메뉴는 매운맛 메뉴입니다.
2024-12-20 04:41:25,328 [__main__] [INFO] :: Processing Time: 0.0698 seconds
2024-12-20 04:41:25,328 [__main__] [INFO] :: ----------------------------------------------------------------------------------------------------
2024-12-20 04:41:45,653 [__main__] [INFO] :: Received message: 주말에 언제 영업해?
2024-12-20 04:41:45,679 [__main__] [INFO] :: Intent ID: 9
2024-12-20 04:41:45,725 [__main__] [INFO] :: Response: 저희 매장에서는 고추짬뽕 메뉴는 매운맛 메뉴입니다.
2024-12-20 04:41:45,726 [__main__] [INFO] :: Processing Time: 0.0729 seconds
2024-12-20 04:41:45,726 [__main__] [INFO] :: ----------------------------------------------------------------------------------------------------
2024-12-20 04:42:08,384 [__main__] [INFO] :: Received message: 최소 주문 금액 알려줘
2024-12-20 04:42:08,410 [__main__] [INFO] :: Intent ID: 11
2024-12-20 04:42:08,456 [__main__] [INFO] :: Response: 저희 매장에서는 매장방문, 포장, 배달 방식으로 주문이 가능해요.
2024-12-20 04:42:08,456 [__main__] [INFO] :: Processing Time: 0.0724 seconds
2024-12-20 04:42:08,456 [__main__] [INFO] :: ----------------------------------------------------------------------------------------------------
2024-12-20 04:42:38,918 [__main__] [INFO] :: Received message: 무료 배달 조건이 있나요?
2024-12-20 04:42:38,946 [__main__] [INFO] :: Intent ID: 11
2024-12-20 04:42:38,991 [__main__] [INFO] :: Response: 저희 매장에서는 매장방문, 포장, 배달 방식으로 주문이 가능해요.
2024-12-20 04:42:38,991 [__main__] [INFO] :: Processing Time: 0.0729 seconds
2024-12-20 04:42:38,991 [__main__] [INFO] :: ----------------------------------------------------------------------------------------------------
2024-12-20 04:42:47,718 [__main__] [INFO] :: Received message: 매장 위치를 알 수 있을까요?
2024-12-20 04:42:47,743 [__main__] [INFO] :: Intent ID: 15
2024-12-20 04:42:47,790 [__main__] [INFO] :: Response: 저희 매장의 영업시간은 {SALE_BGN_TM}부터 {SALE_END_TM}까지에요.
2024-12-20 04:42:47,790 [__main__] [INFO] :: Processing Time: 0.0723 seconds
2024-12-20 04:42:47,790 [__main__] [INFO] :: ----------------------------------------------------------------------------------------------------
2024-12-20 04:44:26,671 [__main__] [INFO] :: Received message: 매장 위치를 알 수 있을까요?
2024-12-20 04:44:26,698 [__main__] [INFO] :: Intent ID: 15
2024-12-20 04:44:26,744 [__main__] [INFO] :: Response: 저희 매장의 영업시간은 {SALE_BGN_TM}부터 {SALE_END_TM}까지에요.
2024-12-20 04:44:26,745 [__main__] [INFO] :: Processing Time: 0.0735 seconds
2024-12-20 04:44:26,745 [__main__] [INFO] :: ----------------------------------------------------------------------------------------------------
2024-12-20 04:45:37,601 [__main__] [INFO] :: Received message: 매장 위치를 알 수 있을까요?
2024-12-20 04:45:37,626 [__main__] [INFO] :: Intent ID: 15
2024-12-20 04:45:37,671 [__main__] [INFO] :: Response: 저희 매장의 영업시간은 {SALE_BGN_TM}부터 {SALE_END_TM}까지에요.
2024-12-20 04:45:37,672 [__main__] [INFO] :: Processing Time: 0.0713 seconds
2024-12-20 04:45:37,672 [__main__] [INFO] :: ----------------------------------------------------------------------------------------------------
2024-12-20 04:45:48,982 [__main__] [INFO] :: Received message: 상점 주소를 알고 싶어
2024-12-20 04:45:49,008 [__main__] [INFO] :: Intent ID: 15
2024-12-20 04:45:49,053 [__main__] [INFO] :: Response: 저희 매장의 영업시간은 {SALE_BGN_TM}부터 {SALE_END_TM}까지에요.
2024-12-20 04:45:49,053 [__main__] [INFO] :: Processing Time: 0.0713 seconds
2024-12-20 04:45:49,053 [__main__] [INFO] :: ----------------------------------------------------------------------------------------------------
2024-12-20 04:45:50,563 [__main__] [INFO] :: Received message: 상점 주소를 알고 싶어
2024-12-20 04:45:50,592 [__main__] [INFO] :: Intent ID: 15
2024-12-20 04:45:50,638 [__main__] [INFO] :: Response: 저희 매장의 영업시간은 {SALE_BGN_TM}부터 {SALE_END_TM}까지에요.
2024-12-20 04:45:50,638 [__main__] [INFO] :: Processing Time: 0.0752 seconds
2024-12-20 04:45:50,638 [__main__] [INFO] :: ----------------------------------------------------------------------------------------------------
2024-12-20 04:49:50,917 [__main__] [INFO] :: Received message: 매장은 어디에 있나요?
2024-12-20 04:49:50,945 [__main__] [INFO] :: Intent ID: 15
2024-12-20 04:49:50,991 [__main__] [INFO] :: Response: 저희 매장의 영업시간은 {SALE_BGN_TM}부터 {SALE_END_TM}까지에요.
2024-12-20 04:49:50,991 [__main__] [INFO] :: Processing Time: 0.0738 seconds
2024-12-20 04:49:50,991 [__main__] [INFO] :: ----------------------------------------------------------------------------------------------------
2024-12-20 04:50:02,185 [__main__] [INFO] :: Received message: 대기 중인 테이블 수를 알 수 있나요?
2024-12-20 04:50:02,211 [__main__] [INFO] :: Intent ID: 14
2024-12-20 04:50:02,251 [__main__] [INFO] :: Response: 해당 문의는 확인 후 전화하신 번호로 안내드릴게요.
2024-12-20 04:50:02,251 [__main__] [INFO] :: Processing Time: 0.0665 seconds
2024-12-20 04:50:02,251 [__main__] [INFO] :: ----------------------------------------------------------------------------------------------------
2024-12-20 04:51:19,032 [__main__] [INFO] :: Received message: 대기 중인 테이블 수를 알 수 있나요?
2024-12-20 04:51:19,061 [__main__] [INFO] :: Intent ID: 14
2024-12-20 04:51:19,102 [__main__] [INFO] :: Response: 해당 문의는 확인 후 전화하신 번호로 안내드릴게요.
2024-12-20 04:51:19,102 [__main__] [INFO] :: Processing Time: 0.0695 seconds
2024-12-20 04:51:19,102 [__main__] [INFO] :: ----------------------------------------------------------------------------------------------------
2024-12-20 04:51:34,125 [__main__] [INFO] :: Received message: 상점 주소를 알고 싶어
2024-12-20 04:51:34,149 [__main__] [INFO] :: Intent ID: 15
2024-12-20 04:51:34,194 [__main__] [INFO] :: Response: 저희 매장의 영업시간은 {SALE_BGN_TM}부터 {SALE_END_TM}까지에요.
2024-12-20 04:51:34,195 [__main__] [INFO] :: Processing Time: 0.0701 seconds
2024-12-20 04:51:34,195 [__main__] [INFO] :: ----------------------------------------------------------------------------------------------------
