2024-12-20 04:56:30,877 [__main__] [INFO] :: *** 04h-56m-30s START ***
2024-12-20 04:56:30,877 [__main__] [INFO] :: *** PID: 2691591 ***
2024-12-20 04:56:39,757 [__main__] [INFO] :: Received message: 탕수육 얼마야?
2024-12-20 04:56:40,937 [__main__] [INFO] :: Intent ID: 1
2024-12-20 04:56:41,040 [__main__] [INFO] :: Response: 탕수육의 가격은 18800원 입니다. 더 자세한 내용은 문자로 발송해드린 메뉴판을 확인해주세요.
2024-12-20 04:56:41,040 [__main__] [INFO] :: Processing Time: 1.2841 seconds
2024-12-20 04:56:41,041 [__main__] [INFO] :: ----------------------------------------------------------------------------------------------------
2024-12-20 04:56:55,245 [__main__] [INFO] :: Received message: 탕수육 있어?
2024-12-20 04:56:55,266 [__main__] [INFO] :: Intent ID: 1
2024-12-20 04:56:55,313 [__main__] [INFO] :: Response: 탕수육의 가격은 18800원 입니다. 더 자세한 내용은 문자로 발송해드린 메뉴판을 확인해주세요.
2024-12-20 04:56:55,314 [__main__] [INFO] :: Processing Time: 0.0688 seconds
2024-12-20 04:56:55,314 [__main__] [INFO] :: ----------------------------------------------------------------------------------------------------
2024-12-20 04:57:13,249 [__main__] [INFO] :: Received message: 세트 메뉴가 어떻게 구성 되어 있어?
2024-12-20 04:57:13,278 [__main__] [INFO] :: Intent ID: 0
2024-12-20 04:57:13,324 [__main__] [INFO] :: Response: 저희 매장에는 면류, 반반메뉴, 밥류, 사이드, 세트메뉴, 주류, 튀김류의 메뉴 종류들이 있어요.
2024-12-20 04:57:13,324 [__main__] [INFO] :: Processing Time: 0.0747 seconds
2024-12-20 04:57:13,324 [__main__] [INFO] :: ----------------------------------------------------------------------------------------------------
2024-12-20 04:57:24,156 [__main__] [INFO] :: Received message: 세트메뉴 자세히 알려줘
2024-12-20 04:57:24,185 [__main__] [INFO] :: Intent ID: 3
2024-12-20 04:57:24,228 [__main__] [INFO] :: Response: 저희 매장에서는 행사 탕짜면 메뉴가 인기 메뉴에요.
2024-12-20 04:57:24,229 [__main__] [INFO] :: Processing Time: 0.0727 seconds
2024-12-20 04:57:24,229 [__main__] [INFO] :: ----------------------------------------------------------------------------------------------------
2024-12-20 04:57:43,499 [__main__] [INFO] :: Received message: 인기 메뉴 뭐 있어?
2024-12-20 04:57:43,523 [__main__] [INFO] :: Intent ID: 2
2024-12-20 04:57:43,562 [__main__] [INFO] :: Response: 더 자세한 메뉴 정보 제공을 위해 QR URL 주소를 전송해드릴게요.
2024-12-20 04:57:43,562 [__main__] [INFO] :: Processing Time: 0.0633 seconds
2024-12-20 04:57:43,562 [__main__] [INFO] :: ----------------------------------------------------------------------------------------------------
2024-12-20 04:57:48,885 [__main__] [INFO] :: Received message: 인기 메뉴 뭐 있어?
2024-12-20 04:57:48,909 [__main__] [INFO] :: Intent ID: 2
2024-12-20 04:57:48,948 [__main__] [INFO] :: Response: 더 자세한 메뉴 정보 제공을 위해 QR URL 주소를 전송해드릴게요.
2024-12-20 04:57:48,948 [__main__] [INFO] :: Processing Time: 0.0630 seconds
2024-12-20 04:57:48,948 [__main__] [INFO] :: ----------------------------------------------------------------------------------------------------
2024-12-20 04:58:00,170 [__main__] [INFO] :: Received message: 가장 잘나가는 메뉴가 뭐야?
2024-12-20 04:58:00,198 [__main__] [INFO] :: Intent ID: 2
2024-12-20 04:58:00,238 [__main__] [INFO] :: Response: 더 자세한 메뉴 정보 제공을 위해 QR URL 주소를 전송해드릴게요.
2024-12-20 04:58:00,238 [__main__] [INFO] :: Processing Time: 0.0680 seconds
2024-12-20 04:58:00,238 [__main__] [INFO] :: ----------------------------------------------------------------------------------------------------
2024-12-20 04:58:26,200 [__main__] [INFO] :: Received message: 인기
2024-12-20 04:58:26,225 [__main__] [INFO] :: Intent ID: 2
2024-12-20 04:58:26,265 [__main__] [INFO] :: Response: 더 자세한 메뉴 정보 제공을 위해 QR URL 주소를 전송해드릴게요.
2024-12-20 04:58:26,265 [__main__] [INFO] :: Processing Time: 0.0651 seconds
2024-12-20 04:58:26,265 [__main__] [INFO] :: ----------------------------------------------------------------------------------------------------
2024-12-20 04:58:32,406 [__main__] [INFO] :: Received message: 인기메뉴 알려줘
2024-12-20 04:58:32,431 [__main__] [INFO] :: Intent ID: 2
2024-12-20 04:58:32,471 [__main__] [INFO] :: Response: 더 자세한 메뉴 정보 제공을 위해 QR URL 주소를 전송해드릴게요.
2024-12-20 04:58:32,471 [__main__] [INFO] :: Processing Time: 0.0652 seconds
2024-12-20 04:58:32,471 [__main__] [INFO] :: ----------------------------------------------------------------------------------------------------
2024-12-20 04:58:42,852 [__main__] [INFO] :: Received message: 제일 인기있는 메뉴 알려줘
2024-12-20 04:58:42,881 [__main__] [INFO] :: Intent ID: 2
2024-12-20 04:58:42,920 [__main__] [INFO] :: Response: 더 자세한 메뉴 정보 제공을 위해 QR URL 주소를 전송해드릴게요.
2024-12-20 04:58:42,920 [__main__] [INFO] :: Processing Time: 0.0684 seconds
2024-12-20 04:58:42,920 [__main__] [INFO] :: ----------------------------------------------------------------------------------------------------
2024-12-20 04:58:55,388 [__main__] [INFO] :: Received message: 추천
2024-12-20 04:58:55,414 [__main__] [INFO] :: Intent ID: 2
2024-12-20 04:58:55,454 [__main__] [INFO] :: Response: 더 자세한 메뉴 정보 제공을 위해 QR URL 주소를 전송해드릴게요.
2024-12-20 04:58:55,454 [__main__] [INFO] :: Processing Time: 0.0659 seconds
2024-12-20 04:58:55,454 [__main__] [INFO] :: ----------------------------------------------------------------------------------------------------
2024-12-20 04:58:57,151 [__main__] [INFO] :: Received message: 추천
2024-12-20 04:58:57,176 [__main__] [INFO] :: Intent ID: 2
2024-12-20 04:58:57,215 [__main__] [INFO] :: Response: 더 자세한 메뉴 정보 제공을 위해 QR URL 주소를 전송해드릴게요.
2024-12-20 04:58:57,216 [__main__] [INFO] :: Processing Time: 0.0649 seconds
2024-12-20 04:58:57,216 [__main__] [INFO] :: ----------------------------------------------------------------------------------------------------
2024-12-20 04:59:05,361 [__main__] [INFO] :: Received message: 메뉴 추천좀
2024-12-20 04:59:05,386 [__main__] [INFO] :: Intent ID: 2
2024-12-20 04:59:05,424 [__main__] [INFO] :: Response: 더 자세한 메뉴 정보 제공을 위해 QR URL 주소를 전송해드릴게요.
2024-12-20 04:59:05,424 [__main__] [INFO] :: Processing Time: 0.0641 seconds
2024-12-20 04:59:05,424 [__main__] [INFO] :: ----------------------------------------------------------------------------------------------------
2024-12-20 04:59:09,979 [__main__] [INFO] :: Received message: 메뉴 추천해줘
2024-12-20 04:59:10,004 [__main__] [INFO] :: Intent ID: 2
2024-12-20 04:59:10,044 [__main__] [INFO] :: Response: 더 자세한 메뉴 정보 제공을 위해 QR URL 주소를 전송해드릴게요.
2024-12-20 04:59:10,044 [__main__] [INFO] :: Processing Time: 0.0654 seconds
2024-12-20 04:59:10,044 [__main__] [INFO] :: ----------------------------------------------------------------------------------------------------
2024-12-20 04:59:21,836 [__main__] [INFO] :: Received message: 시그니처
2024-12-20 04:59:21,862 [__main__] [INFO] :: Intent ID: 23
2024-12-20 04:59:21,906 [__main__] [INFO] :: Response: 저희 매장으로부터 반경 1.5키로미터 이내 지역에서 배달이 가능해요.
2024-12-20 04:59:21,907 [__main__] [INFO] :: Processing Time: 0.0710 seconds
2024-12-20 04:59:21,907 [__main__] [INFO] :: ----------------------------------------------------------------------------------------------------
2024-12-20 04:59:27,678 [__main__] [INFO] :: Received message: 시그니처메뉴 있어?
2024-12-20 04:59:27,705 [__main__] [INFO] :: Intent ID: 2
2024-12-20 04:59:27,745 [__main__] [INFO] :: Response: 더 자세한 메뉴 정보 제공을 위해 QR URL 주소를 전송해드릴게요.
2024-12-20 04:59:27,745 [__main__] [INFO] :: Processing Time: 0.0674 seconds
2024-12-20 04:59:27,745 [__main__] [INFO] :: ----------------------------------------------------------------------------------------------------
2024-12-20 04:59:35,874 [__main__] [INFO] :: Received message: 매장의 시그니처메뉴 있어?
2024-12-20 04:59:35,900 [__main__] [INFO] :: Intent ID: 2
2024-12-20 04:59:35,939 [__main__] [INFO] :: Response: 더 자세한 메뉴 정보 제공을 위해 QR URL 주소를 전송해드릴게요.
2024-12-20 04:59:35,939 [__main__] [INFO] :: Processing Time: 0.0655 seconds
2024-12-20 04:59:35,939 [__main__] [INFO] :: ----------------------------------------------------------------------------------------------------
2024-12-20 04:59:48,402 [__main__] [INFO] :: Received message: 대표메뉴 알려줘
2024-12-20 04:59:48,427 [__main__] [INFO] :: Intent ID: 2
2024-12-20 04:59:48,467 [__main__] [INFO] :: Response: 더 자세한 메뉴 정보 제공을 위해 QR URL 주소를 전송해드릴게요.
2024-12-20 04:59:48,467 [__main__] [INFO] :: Processing Time: 0.0660 seconds
2024-12-20 04:59:48,467 [__main__] [INFO] :: ----------------------------------------------------------------------------------------------------
2024-12-20 05:00:08,153 [__main__] [INFO] :: Received message: 할인하는 메뉴 있어?
2024-12-20 05:00:08,178 [__main__] [INFO] :: Intent ID: 3
2024-12-20 05:00:08,222 [__main__] [INFO] :: Response: 저희 매장에서는 쟁반짜장 메뉴가 인기 메뉴에요.
2024-12-20 05:00:08,222 [__main__] [INFO] :: Processing Time: 0.0696 seconds
2024-12-20 05:00:08,222 [__main__] [INFO] :: ----------------------------------------------------------------------------------------------------
2024-12-20 05:00:15,513 [__main__] [INFO] :: Received message: 안녕
2024-12-20 05:00:15,538 [__main__] [INFO] :: Intent ID: 23
2024-12-20 05:00:15,582 [__main__] [INFO] :: Response: 저희 매장으로부터 반경 1.5키로미터 이내 지역에서 배달이 가능해요.
2024-12-20 05:00:15,582 [__main__] [INFO] :: Processing Time: 0.0691 seconds
2024-12-20 05:00:15,582 [__main__] [INFO] :: ----------------------------------------------------------------------------------------------------
