2024-12-20 05:14:15,007 [__main__] [INFO] :: *** 05h-14m-15s START ***
2024-12-20 05:14:15,007 [__main__] [INFO] :: *** PID: 2700725 ***
2024-12-20 05:14:22,192 [__main__] [INFO] :: Received message: 카카오페이 가능해?
2024-12-20 05:14:23,356 [__main__] [INFO] :: Intent ID: 13
2024-12-20 05:14:23,462 [__main__] [INFO] :: Response: 저희 매장에서는 카카오페이 결제 방식으로 불가능해요.
2024-12-20 05:14:23,462 [__main__] [INFO] :: Processing Time: 1.2701 seconds
2024-12-20 05:14:23,462 [__main__] [INFO] :: ----------------------------------------------------------------------------------------------------
2024-12-20 05:14:36,145 [__main__] [INFO] :: Received message: 네이바페이 가능해?
2024-12-20 05:14:36,166 [__main__] [INFO] :: Intent ID: 13
2024-12-20 05:14:36,213 [__main__] [INFO] :: Response: 저희 매장에서는 네이바페이 결제 방식으로 불가능해요.
2024-12-20 05:14:36,213 [__main__] [INFO] :: Processing Time: 0.0683 seconds
2024-12-20 05:14:36,214 [__main__] [INFO] :: ----------------------------------------------------------------------------------------------------
2024-12-20 05:14:42,862 [__main__] [INFO] :: Received message: 네이바 페이 가능해?
2024-12-20 05:14:42,884 [__main__] [INFO] :: Intent ID: 13
2024-12-20 05:14:42,940 [__main__] [INFO] :: Response: 저희 매장에서는 네이바 결제 방식으로 불가능해요.
2024-12-20 05:14:42,940 [__main__] [INFO] :: Processing Time: 0.0776 seconds
2024-12-20 05:14:42,940 [__main__] [INFO] :: ----------------------------------------------------------------------------------------------------
2024-12-20 05:14:53,565 [__main__] [INFO] :: Received message: 신용카드 가능해?
2024-12-20 05:14:53,591 [__main__] [INFO] :: Intent ID: 13
2024-12-20 05:14:53,651 [__main__] [INFO] :: Response: 저희 매장에서는 신용카드 결제 방식으로 가능해요.
2024-12-20 05:14:53,651 [__main__] [INFO] :: Processing Time: 0.0864 seconds
2024-12-20 05:14:53,652 [__main__] [INFO] :: ----------------------------------------------------------------------------------------------------
2024-12-20 05:15:05,314 [__main__] [INFO] :: Received message: 현금 결제 가능해?
2024-12-20 05:15:05,339 [__main__] [INFO] :: Intent ID: 13
2024-12-20 05:15:05,399 [__main__] [INFO] :: Response: 저희 매장에서는 현금 결제 방식으로 가능해요.
2024-12-20 05:15:05,399 [__main__] [INFO] :: Processing Time: 0.0850 seconds
2024-12-20 05:15:05,399 [__main__] [INFO] :: ----------------------------------------------------------------------------------------------------
2024-12-20 05:15:24,576 [__main__] [INFO] :: Received message: 결제 수단 뭐 있어?
2024-12-20 05:15:24,602 [__main__] [INFO] :: Intent ID: 12
2024-12-20 05:15:24,650 [__main__] [INFO] :: Response: 저희 매장에서는 신용카드, 현금, 모바일상품권, 간편결제 방식의 결제가 가능하며 간편결제로는 네이버페이 방식이 가능해요.
2024-12-20 05:15:24,650 [__main__] [INFO] :: Processing Time: 0.0739 seconds
2024-12-20 05:15:24,650 [__main__] [INFO] :: ----------------------------------------------------------------------------------------------------
2024-12-20 05:15:37,978 [__main__] [INFO] :: Received message: 영업 시간 알려줘
2024-12-20 05:15:38,003 [__main__] [INFO] :: Intent ID: 15
2024-12-20 05:15:38,049 [__main__] [INFO] :: Response: 저희 매장의 영업시간은 {SALE_BGN_TM}부터 {SALE_END_TM}까지에요.
2024-12-20 05:15:38,049 [__main__] [INFO] :: Processing Time: 0.0715 seconds
2024-12-20 05:15:38,049 [__main__] [INFO] :: ----------------------------------------------------------------------------------------------------
2024-12-20 05:15:53,890 [__main__] [INFO] :: Received message: 언제까지 영업해?
2024-12-20 05:15:53,916 [__main__] [INFO] :: Intent ID: 15
2024-12-20 05:15:53,961 [__main__] [INFO] :: Response: 저희 매장의 영업시간은 {SALE_BGN_TM}부터 {SALE_END_TM}까지에요.
2024-12-20 05:15:53,961 [__main__] [INFO] :: Processing Time: 0.0710 seconds
2024-12-20 05:15:53,961 [__main__] [INFO] :: ----------------------------------------------------------------------------------------------------
2024-12-20 05:17:24,806 [__main__] [INFO] :: Received message: 주말에 영업해?
2024-12-20 05:17:24,831 [__main__] [INFO] :: Intent ID: 20
2024-12-20 05:17:24,875 [__main__] [INFO] :: Response: 네, 운영합니다. 영업시간은 {SALE_BGN_YM}부터 {SALE_END_YM} 까지에요.
2024-12-20 05:17:24,875 [__main__] [INFO] :: Processing Time: 0.0693 seconds
2024-12-20 05:17:24,875 [__main__] [INFO] :: ----------------------------------------------------------------------------------------------------
2024-12-20 05:18:34,314 [__main__] [INFO] :: Received message: 야외에 좌석 있어?
2024-12-20 05:18:34,339 [__main__] [INFO] :: Intent ID: 32
2024-12-20 05:18:34,385 [__main__] [INFO] :: Response: 저희 매장에는 특별 좌석으로 룸 좌석 6개와 야외 좌석 3개를 제공하고 있어요.
2024-12-20 05:18:34,385 [__main__] [INFO] :: Processing Time: 0.0713 seconds
2024-12-20 05:18:34,386 [__main__] [INFO] :: ----------------------------------------------------------------------------------------------------
