2024-12-20 05:02:20,197 [__main__] [INFO] :: *** 05h-02m-20s START ***
2024-12-20 05:02:20,197 [__main__] [INFO] :: *** PID: 2694584 ***
2024-12-20 05:03:15,847 [__main__] [INFO] :: Received message: 인기메뉴 뭐 있어?
2024-12-20 05:03:17,097 [__main__] [INFO] :: Intent ID: 3
2024-12-20 05:03:17,196 [__main__] [INFO] :: Response: 저희 매장에서는 행사 탕짜면 메뉴가 인기 메뉴에요.
2024-12-20 05:03:17,197 [__main__] [INFO] :: Processing Time: 1.3495 seconds
2024-12-20 05:03:17,197 [__main__] [INFO] :: ----------------------------------------------------------------------------------------------------
2024-12-20 05:03:29,172 [__main__] [INFO] :: Received message: 추천메뉴 뭐 있어?
2024-12-20 05:03:29,200 [__main__] [INFO] :: Intent ID: 4
2024-12-20 05:03:29,246 [__main__] [INFO] :: Response: 저희 매장에서는 고추짜장 메뉴를 추천 해요.
2024-12-20 05:03:29,246 [__main__] [INFO] :: Processing Time: 0.0738 seconds
2024-12-20 05:03:29,246 [__main__] [INFO] :: ----------------------------------------------------------------------------------------------------
2024-12-20 05:04:03,314 [__main__] [INFO] :: Received message: 시그니처 메뉴 알려줘
2024-12-20 05:04:03,339 [__main__] [INFO] :: Intent ID: 5
2024-12-20 05:04:03,385 [__main__] [INFO] :: Response: 저희 매장에서는 백짬뽕 메뉴가 대표 메뉴에요.
2024-12-20 05:04:03,385 [__main__] [INFO] :: Processing Time: 0.0708 seconds
2024-12-20 05:04:03,385 [__main__] [INFO] :: ----------------------------------------------------------------------------------------------------
2024-12-20 05:04:22,338 [__main__] [INFO] :: Received message: 대표 메뉴 뭐 있어?
2024-12-20 05:04:22,363 [__main__] [INFO] :: Intent ID: 5
2024-12-20 05:04:22,409 [__main__] [INFO] :: Response: 저희 매장에서는 백짬뽕 메뉴가 대표 메뉴에요.
2024-12-20 05:04:22,409 [__main__] [INFO] :: Processing Time: 0.0714 seconds
2024-12-20 05:04:22,409 [__main__] [INFO] :: ----------------------------------------------------------------------------------------------------
2024-12-20 05:04:31,664 [__main__] [INFO] :: Received message: 메뉴 카테고리
2024-12-20 05:04:31,690 [__main__] [INFO] :: Intent ID: 0
2024-12-20 05:04:31,736 [__main__] [INFO] :: Response: 저희 매장에는 면류, 반반메뉴, 밥류, 사이드, 세트메뉴, 주류, 튀김류의 메뉴 종류들이 있어요.
2024-12-20 05:04:31,736 [__main__] [INFO] :: Processing Time: 0.0725 seconds
2024-12-20 05:04:31,736 [__main__] [INFO] :: ----------------------------------------------------------------------------------------------------
2024-12-20 05:04:38,084 [__main__] [INFO] :: Received message: 짜장면 얼마야?
2024-12-20 05:04:38,109 [__main__] [INFO] :: Intent ID: 1
2024-12-20 05:04:38,171 [__main__] [INFO] :: Response: 15주년행사 짜장면의 가격은 3900원 입니다. 더 자세한 내용은 문자로 발송해드린 메뉴판을 확인해주세요.
2024-12-20 05:04:38,171 [__main__] [INFO] :: Processing Time: 0.0869 seconds
2024-12-20 05:04:38,171 [__main__] [INFO] :: ----------------------------------------------------------------------------------------------------
2024-12-20 05:04:42,795 [__main__] [INFO] :: Received message: 볶음밥 얼마야?
2024-12-20 05:04:42,822 [__main__] [INFO] :: Intent ID: 1
2024-12-20 05:04:42,882 [__main__] [INFO] :: Response: 쟁반짜장의 가격은 16000원 입니다. 더 자세한 내용은 문자로 발송해드린 메뉴판을 확인해주세요.
2024-12-20 05:04:42,882 [__main__] [INFO] :: Processing Time: 0.0869 seconds
2024-12-20 05:04:42,882 [__main__] [INFO] :: ----------------------------------------------------------------------------------------------------
2024-12-20 05:04:49,951 [__main__] [INFO] :: Received message: 볶음밥 있어?
2024-12-20 05:04:49,975 [__main__] [INFO] :: Intent ID: 1
2024-12-20 05:04:50,034 [__main__] [INFO] :: Response: 쟁반짜장의 가격은 16000원 입니다. 더 자세한 내용은 문자로 발송해드린 메뉴판을 확인해주세요.
2024-12-20 05:04:50,035 [__main__] [INFO] :: Processing Time: 0.0841 seconds
2024-12-20 05:04:50,035 [__main__] [INFO] :: ----------------------------------------------------------------------------------------------------
2024-12-20 05:05:01,029 [__main__] [INFO] :: Received message: 세트메뉴 어떻게 구성되어 있어?
2024-12-20 05:05:01,061 [__main__] [INFO] :: Intent ID: 2
2024-12-20 05:05:01,102 [__main__] [INFO] :: Response: 더 자세한 메뉴 정보 제공을 위해 QR URL 주소를 전송해드릴게요.
2024-12-20 05:05:01,102 [__main__] [INFO] :: Processing Time: 0.0732 seconds
2024-12-20 05:05:01,102 [__main__] [INFO] :: ----------------------------------------------------------------------------------------------------
2024-12-20 05:05:05,283 [__main__] [INFO] :: Received message: 세트메뉴 어떻게 구성되어 있어?
2024-12-20 05:05:05,309 [__main__] [INFO] :: Intent ID: 2
2024-12-20 05:05:05,349 [__main__] [INFO] :: Response: 더 자세한 메뉴 정보 제공을 위해 QR URL 주소를 전송해드릴게요.
2024-12-20 05:05:05,350 [__main__] [INFO] :: Processing Time: 0.0667 seconds
2024-12-20 05:05:05,350 [__main__] [INFO] :: ----------------------------------------------------------------------------------------------------
2024-12-20 05:05:06,754 [__main__] [INFO] :: Received message: 세트메뉴 어떻게 구성되어 있어?
2024-12-20 05:05:06,778 [__main__] [INFO] :: Intent ID: 2
2024-12-20 05:05:06,818 [__main__] [INFO] :: Response: 더 자세한 메뉴 정보 제공을 위해 QR URL 주소를 전송해드릴게요.
2024-12-20 05:05:06,818 [__main__] [INFO] :: Processing Time: 0.0641 seconds
2024-12-20 05:05:06,818 [__main__] [INFO] :: ----------------------------------------------------------------------------------------------------
2024-12-20 05:05:16,981 [__main__] [INFO] :: Received message: 할인하는 메뉴 알려줘
2024-12-20 05:05:17,006 [__main__] [INFO] :: Intent ID: 6
2024-12-20 05:05:17,052 [__main__] [INFO] :: Response: 저희 매장에서 할인하는 이벤트 메뉴는 1인세트 메뉴에요.
2024-12-20 05:05:17,052 [__main__] [INFO] :: Processing Time: 0.0716 seconds
2024-12-20 05:05:17,052 [__main__] [INFO] :: ----------------------------------------------------------------------------------------------------
2024-12-20 05:05:41,239 [__main__] [INFO] :: Received message: 새로 나온 메뉴 알려줘
2024-12-20 05:05:41,265 [__main__] [INFO] :: Intent ID: 7
2024-12-20 05:05:41,311 [__main__] [INFO] :: Response: 저희 매장에서 유린기 메뉴는 신메뉴 입니다.
2024-12-20 05:05:41,311 [__main__] [INFO] :: Processing Time: 0.0722 seconds
2024-12-20 05:05:41,311 [__main__] [INFO] :: ----------------------------------------------------------------------------------------------------
2024-12-20 05:05:53,563 [__main__] [INFO] :: Received message: 원플러스원 메뉴 알려줘
2024-12-20 05:05:53,589 [__main__] [INFO] :: Intent ID: 33
2024-12-20 05:05:53,635 [__main__] [INFO] :: Response: 저희 매장에서 1+1 메뉴는 군만두 1+1 메뉴를 제공하고 있어요.
2024-12-20 05:05:53,635 [__main__] [INFO] :: Processing Time: 0.0731 seconds
2024-12-20 05:05:53,636 [__main__] [INFO] :: ----------------------------------------------------------------------------------------------------
2024-12-20 05:06:00,502 [__main__] [INFO] :: Received message: 1+1 메뉴 알려줘
2024-12-20 05:06:00,527 [__main__] [INFO] :: Intent ID: 33
2024-12-20 05:06:00,572 [__main__] [INFO] :: Response: 저희 매장에서 1+1 메뉴는 짜장면 1+1 메뉴를 제공하고 있어요.
2024-12-20 05:06:00,572 [__main__] [INFO] :: Processing Time: 0.0707 seconds
2024-12-20 05:06:00,572 [__main__] [INFO] :: ----------------------------------------------------------------------------------------------------
2024-12-20 05:06:05,598 [__main__] [INFO] :: Received message: 원플원 메뉴 알려줘
2024-12-20 05:06:05,625 [__main__] [INFO] :: Intent ID: 33
2024-12-20 05:06:05,672 [__main__] [INFO] :: Response: 저희 매장에서 1+1 메뉴는 짜장면 1+1 메뉴를 제공하고 있어요.
2024-12-20 05:06:05,672 [__main__] [INFO] :: Processing Time: 0.0740 seconds
2024-12-20 05:06:05,672 [__main__] [INFO] :: ----------------------------------------------------------------------------------------------------
2024-12-20 05:06:10,632 [__main__] [INFO] :: Received message: 더블 메뉴 알려줘
2024-12-20 05:06:10,657 [__main__] [INFO] :: Intent ID: 33
2024-12-20 05:06:10,703 [__main__] [INFO] :: Response: 저희 매장에서 1+1 메뉴는 군만두 1+1 메뉴를 제공하고 있어요.
2024-12-20 05:06:10,703 [__main__] [INFO] :: Processing Time: 0.0716 seconds
2024-12-20 05:06:10,703 [__main__] [INFO] :: ----------------------------------------------------------------------------------------------------
2024-12-20 05:06:13,927 [__main__] [INFO] :: Received message: 더블 메뉴 알려줘
2024-12-20 05:06:13,951 [__main__] [INFO] :: Intent ID: 33
2024-12-20 05:06:13,996 [__main__] [INFO] :: Response: 저희 매장에서 1+1 메뉴는 짜장면 1+1 메뉴를 제공하고 있어요.
2024-12-20 05:06:13,997 [__main__] [INFO] :: Processing Time: 0.0701 seconds
2024-12-20 05:06:13,997 [__main__] [INFO] :: ----------------------------------------------------------------------------------------------------
2024-12-20 05:06:21,450 [__main__] [INFO] :: Received message: 하나 더 주는 메뉴 알려줘
2024-12-20 05:06:21,476 [__main__] [INFO] :: Intent ID: 33
2024-12-20 05:06:21,522 [__main__] [INFO] :: Response: 저희 매장에서 1+1 메뉴는 짜장면 1+1 메뉴를 제공하고 있어요.
2024-12-20 05:06:21,522 [__main__] [INFO] :: Processing Time: 0.0719 seconds
2024-12-20 05:06:21,522 [__main__] [INFO] :: ----------------------------------------------------------------------------------------------------
2024-12-20 05:06:30,320 [__main__] [INFO] :: Received message: 겨울 한정 메뉴 알려줘
2024-12-20 05:06:30,345 [__main__] [INFO] :: Intent ID: 8
2024-12-20 05:06:30,390 [__main__] [INFO] :: Response: 저희 매장에서는 한정 메뉴는 15주년행사 짬뽕입니다.
2024-12-20 05:06:30,390 [__main__] [INFO] :: Processing Time: 0.0703 seconds
2024-12-20 05:06:30,390 [__main__] [INFO] :: ----------------------------------------------------------------------------------------------------
2024-12-20 05:06:52,793 [__main__] [INFO] :: Received message: 매콤한 음식 뭐 있어?
2024-12-20 05:06:52,819 [__main__] [INFO] :: Intent ID: 9
2024-12-20 05:06:52,864 [__main__] [INFO] :: Response: 저희 매장에서는 볶음짬뽕 메뉴는 매운맛 메뉴입니다.
2024-12-20 05:06:52,864 [__main__] [INFO] :: Processing Time: 0.0708 seconds
2024-12-20 05:06:52,864 [__main__] [INFO] :: ----------------------------------------------------------------------------------------------------
2024-12-20 05:07:00,343 [__main__] [INFO] :: Received message: 매운거 땡겨
2024-12-20 05:07:00,370 [__main__] [INFO] :: Intent ID: 9
2024-12-20 05:07:00,415 [__main__] [INFO] :: Response: 저희 매장에서는 고추짬뽕 메뉴는 매운맛 메뉴입니다.
2024-12-20 05:07:00,415 [__main__] [INFO] :: Processing Time: 0.0723 seconds
2024-12-20 05:07:00,415 [__main__] [INFO] :: ----------------------------------------------------------------------------------------------------
2024-12-20 05:07:10,483 [__main__] [INFO] :: Received message: 주문 어디서 해?
2024-12-20 05:07:10,510 [__main__] [INFO] :: Intent ID: 10
2024-12-20 05:07:10,556 [__main__] [INFO] :: Response: 저희 매장에서는 포스, 키오스크, 테이블오더로 주문 가능하세요.
2024-12-20 05:07:10,556 [__main__] [INFO] :: Processing Time: 0.0733 seconds
2024-12-20 05:07:10,556 [__main__] [INFO] :: ----------------------------------------------------------------------------------------------------
2024-12-20 05:07:25,563 [__main__] [INFO] :: Received message: 포장 가능해?
2024-12-20 05:07:25,588 [__main__] [INFO] :: Intent ID: 11
2024-12-20 05:07:25,634 [__main__] [INFO] :: Response: 저희 매장에서는 매장방문, 포장, 배달 방식으로 주문이 가능해요.
2024-12-20 05:07:25,634 [__main__] [INFO] :: Processing Time: 0.0714 seconds
2024-12-20 05:07:25,634 [__main__] [INFO] :: ----------------------------------------------------------------------------------------------------
2024-12-20 05:07:30,419 [__main__] [INFO] :: Received message: 배달 가능해?
2024-12-20 05:07:30,444 [__main__] [INFO] :: Intent ID: 11
2024-12-20 05:07:30,489 [__main__] [INFO] :: Response: 저희 매장에서는 매장방문, 포장, 배달 방식으로 주문이 가능해요.
2024-12-20 05:07:30,489 [__main__] [INFO] :: Processing Time: 0.0699 seconds
2024-12-20 05:07:30,489 [__main__] [INFO] :: ----------------------------------------------------------------------------------------------------
2024-12-20 05:07:36,032 [__main__] [INFO] :: Received message: 매장 주문 가능해?
2024-12-20 05:07:36,058 [__main__] [INFO] :: Intent ID: 10
2024-12-20 05:07:36,103 [__main__] [INFO] :: Response: 저희 매장에서는 포스, 키오스크, 테이블오더로 주문 가능하세요.
2024-12-20 05:07:36,103 [__main__] [INFO] :: Processing Time: 0.0715 seconds
2024-12-20 05:07:36,103 [__main__] [INFO] :: ----------------------------------------------------------------------------------------------------
2024-12-20 05:07:46,256 [__main__] [INFO] :: Received message: 먹고 가도 돼?
2024-12-20 05:07:46,281 [__main__] [INFO] :: Intent ID: 11
2024-12-20 05:07:46,326 [__main__] [INFO] :: Response: 저희 매장에서는 매장방문, 포장, 배달 방식으로 주문이 가능해요.
2024-12-20 05:07:46,326 [__main__] [INFO] :: Processing Time: 0.0699 seconds
2024-12-20 05:07:46,326 [__main__] [INFO] :: ----------------------------------------------------------------------------------------------------
2024-12-20 05:07:57,992 [__main__] [INFO] :: Received message: 네이버 페이 가능해?
2024-12-20 05:07:58,016 [__main__] [INFO] :: Intent ID: 13
2024-12-20 05:07:58,207 [__main__] [INFO] :: Response: 저희 매장에서는 네이버페이 결제 방식으로 가능해요.
2024-12-20 05:07:58,207 [__main__] [INFO] :: Processing Time: 0.2159 seconds
2024-12-20 05:07:58,207 [__main__] [INFO] :: ----------------------------------------------------------------------------------------------------
2024-12-20 05:08:07,667 [__main__] [INFO] :: Received message: 네이바 페이 가능해?
2024-12-20 05:08:07,693 [__main__] [INFO] :: Intent ID: 13
2024-12-20 05:08:07,752 [__main__] [INFO] :: Response: 저희 매장에서는 신용카드 결제 방식으로 불가능해요.
2024-12-20 05:08:07,752 [__main__] [INFO] :: Processing Time: 0.0852 seconds
2024-12-20 05:08:07,752 [__main__] [INFO] :: ----------------------------------------------------------------------------------------------------
2024-12-20 05:08:15,793 [__main__] [INFO] :: Received message: 카카오 페이 가능해?
2024-12-20 05:08:15,818 [__main__] [INFO] :: Intent ID: 13
2024-12-20 05:08:15,878 [__main__] [INFO] :: Response: 저희 매장에서는 신용카드 결제 방식으로 불가능해요.
2024-12-20 05:08:15,878 [__main__] [INFO] :: Processing Time: 0.0852 seconds
2024-12-20 05:08:15,878 [__main__] [INFO] :: ----------------------------------------------------------------------------------------------------
2024-12-20 05:08:23,873 [__main__] [INFO] :: Received message: 카카오페이 가능해?
2024-12-20 05:08:23,900 [__main__] [INFO] :: Intent ID: 13
2024-12-20 05:08:23,960 [__main__] [INFO] :: Response: 저희 매장에서는 신용카드 결제 방식으로 불가능해요.
2024-12-20 05:08:23,960 [__main__] [INFO] :: Processing Time: 0.0871 seconds
2024-12-20 05:08:23,960 [__main__] [INFO] :: ----------------------------------------------------------------------------------------------------
2024-12-20 05:08:36,414 [__main__] [INFO] :: Received message: 신용카드 가능해?
2024-12-20 05:08:36,438 [__main__] [INFO] :: Intent ID: 13
2024-12-20 05:08:36,498 [__main__] [INFO] :: Response: 저희 매장에서는 신용카드 결제 방식으로 가능해요.
2024-12-20 05:08:36,498 [__main__] [INFO] :: Processing Time: 0.0839 seconds
2024-12-20 05:08:36,498 [__main__] [INFO] :: ----------------------------------------------------------------------------------------------------
2024-12-20 05:09:07,423 [__main__] [INFO] :: Received message: 카카오페이 가능해?
2024-12-20 05:09:07,450 [__main__] [INFO] :: Intent ID: 13
2024-12-20 05:09:07,509 [__main__] [INFO] :: Response: 저희 매장에서는 신용카드 결제 방식으로 불가능해요.
2024-12-20 05:09:07,509 [__main__] [INFO] :: Processing Time: 0.0862 seconds
2024-12-20 05:09:07,509 [__main__] [INFO] :: ----------------------------------------------------------------------------------------------------
