2024-12-20 05:46:09,110 [__main__] [INFO] :: *** 05h-46m-09s START ***
2024-12-20 05:46:09,110 [__main__] [INFO] :: *** PID: 2717138 ***
2024-12-20 05:46:16,510 [__main__] [INFO] :: Received message: 멤버십 어떻게 가입해요?
2024-12-20 05:46:17,666 [__main__] [INFO] :: Intent ID: 34
2024-12-20 05:46:17,756 [__main__] [INFO] :: Response: 멤버십 서비스 가입은 스마트 주문 앱 또는 키오스크에서 가입 가능해요.
2024-12-20 05:46:17,756 [__main__] [INFO] :: Processing Time: 1.2456 seconds
2024-12-20 05:46:17,756 [__main__] [INFO] :: ----------------------------------------------------------------------------------------------------
2024-12-20 05:46:34,856 [__main__] [INFO] :: Received message: 멤버십 혜택 뭐 있어?
2024-12-20 05:46:34,883 [__main__] [INFO] :: Intent ID: 34
2024-12-20 05:46:34,924 [__main__] [INFO] :: Response: 멤버십 서비스 가입은 스마트 주문 앱 또는 키오스크에서 가입 가능해요.
2024-12-20 05:46:34,924 [__main__] [INFO] :: Processing Time: 0.0680 seconds
2024-12-20 05:46:34,924 [__main__] [INFO] :: ----------------------------------------------------------------------------------------------------
2024-12-20 05:46:43,770 [__main__] [INFO] :: Received message: 멤버십 가입시 혜택 뭐 있어?
2024-12-20 05:46:43,796 [__main__] [INFO] :: Intent ID: 34
2024-12-20 05:46:43,836 [__main__] [INFO] :: Response: 멤버십 서비스 가입은 스마트 주문 앱 또는 키오스크에서 가입 가능해요.
2024-12-20 05:46:43,836 [__main__] [INFO] :: Processing Time: 0.0665 seconds
2024-12-20 05:46:43,836 [__main__] [INFO] :: ----------------------------------------------------------------------------------------------------
2024-12-20 05:46:53,334 [__main__] [INFO] :: Received message: 회원가입시 혜택 뭐 있어?
2024-12-20 05:46:53,357 [__main__] [INFO] :: Intent ID: 34
2024-12-20 05:46:53,396 [__main__] [INFO] :: Response: 멤버십 서비스 가입은 스마트 주문 앱 또는 키오스크에서 가입 가능해요.
2024-12-20 05:46:53,396 [__main__] [INFO] :: Processing Time: 0.0622 seconds
2024-12-20 05:46:53,396 [__main__] [INFO] :: ----------------------------------------------------------------------------------------------------
2024-12-20 05:47:07,444 [__main__] [INFO] :: Received message: 멤버십 혜택
2024-12-20 05:47:07,467 [__main__] [INFO] :: Intent ID: 34
2024-12-20 05:47:07,505 [__main__] [INFO] :: Response: 멤버십 서비스 가입은 스마트 주문 앱 또는 키오스크에서 가입 가능해요.
2024-12-20 05:47:07,505 [__main__] [INFO] :: Processing Time: 0.0615 seconds
2024-12-20 05:47:07,505 [__main__] [INFO] :: ----------------------------------------------------------------------------------------------------
2024-12-20 05:47:16,789 [__main__] [INFO] :: Received message: 멤버십 어떻게 사용해?
2024-12-20 05:47:16,814 [__main__] [INFO] :: Intent ID: 34
2024-12-20 05:47:16,854 [__main__] [INFO] :: Response: 멤버십 서비스 가입은 스마트 주문 앱 또는 키오스크에서 가입 가능해요.
2024-12-20 05:47:16,855 [__main__] [INFO] :: Processing Time: 0.0662 seconds
2024-12-20 05:47:16,855 [__main__] [INFO] :: ----------------------------------------------------------------------------------------------------
2024-12-20 05:47:33,511 [__main__] [INFO] :: Received message: 포인트 적립 비율 알려줄래?
2024-12-20 05:47:33,538 [__main__] [INFO] :: Intent ID: 37
2024-12-20 05:47:33,584 [__main__] [INFO] :: Response: 저희 매장에서는 포인트 1000점 부터 사용 가능해요.
2024-12-20 05:47:33,584 [__main__] [INFO] :: Processing Time: 0.0724 seconds
2024-12-20 05:47:33,584 [__main__] [INFO] :: ----------------------------------------------------------------------------------------------------
2024-12-20 05:47:52,685 [__main__] [INFO] :: Received message: 포인트는 얼마나 적립돼?
2024-12-20 05:47:52,711 [__main__] [INFO] :: Intent ID: 37
2024-12-20 05:47:52,756 [__main__] [INFO] :: Response: 저희 매장에서는 포인트 1000점 부터 사용 가능해요.
2024-12-20 05:47:52,756 [__main__] [INFO] :: Processing Time: 0.0714 seconds
2024-12-20 05:47:52,756 [__main__] [INFO] :: ----------------------------------------------------------------------------------------------------
2024-12-20 05:48:23,436 [__main__] [INFO] :: Received message: 물품 구매시 포인트 얼마나 적립돼?
2024-12-20 05:48:23,465 [__main__] [INFO] :: Intent ID: 37
2024-12-20 05:48:23,511 [__main__] [INFO] :: Response: 저희 매장에서는 포인트 1000점 부터 사용 가능해요.
2024-12-20 05:48:23,511 [__main__] [INFO] :: Processing Time: 0.0745 seconds
2024-12-20 05:48:23,511 [__main__] [INFO] :: ----------------------------------------------------------------------------------------------------
2024-12-20 05:48:32,687 [__main__] [INFO] :: Received message: 포인트 적립율 알려줘
2024-12-20 05:48:32,712 [__main__] [INFO] :: Intent ID: 37
2024-12-20 05:48:32,757 [__main__] [INFO] :: Response: 저희 매장에서는 포인트 1000점 부터 사용 가능해요.
2024-12-20 05:48:32,757 [__main__] [INFO] :: Processing Time: 0.0707 seconds
2024-12-20 05:48:32,757 [__main__] [INFO] :: ----------------------------------------------------------------------------------------------------
2024-12-20 05:48:41,867 [__main__] [INFO] :: Received message: 포인트 얼마부터 사용 가능해?
2024-12-20 05:48:41,894 [__main__] [INFO] :: Intent ID: 37
2024-12-20 05:48:41,939 [__main__] [INFO] :: Response: 저희 매장에서는 포인트 1000점 부터 사용 가능해요.
2024-12-20 05:48:41,939 [__main__] [INFO] :: Processing Time: 0.0728 seconds
2024-12-20 05:48:41,939 [__main__] [INFO] :: ----------------------------------------------------------------------------------------------------
2024-12-20 05:49:17,803 [__main__] [INFO] :: Received message: 안녕
2024-12-20 05:49:17,829 [__main__] [INFO] :: Intent ID: 46
2024-12-20 05:49:17,870 [__main__] [INFO] :: Response: 안녕하세요. 문의사항 있으시면 말씀해주세요.
2024-12-20 05:49:17,870 [__main__] [INFO] :: Processing Time: 0.0675 seconds
2024-12-20 05:49:17,870 [__main__] [INFO] :: ----------------------------------------------------------------------------------------------------
2024-12-20 05:49:51,304 [__main__] [INFO] :: Received message: 너 누구임
2024-12-20 05:49:51,333 [__main__] [INFO] :: Intent ID: 47
2024-12-20 05:49:51,373 [__main__] [INFO] :: Response: 제가 답변 드릴 수 없는 문의입니다.
2024-12-20 05:49:51,373 [__main__] [INFO] :: Processing Time: 0.0691 seconds
2024-12-20 05:49:51,373 [__main__] [INFO] :: ----------------------------------------------------------------------------------------------------
2024-12-20 05:49:57,662 [__main__] [INFO] :: Received message: 아니 그건 아니고
2024-12-20 05:49:57,689 [__main__] [INFO] :: Intent ID: 47
2024-12-20 05:49:57,731 [__main__] [INFO] :: Response: 제가 답변 드릴 수 없는 문의입니다.
2024-12-20 05:49:57,731 [__main__] [INFO] :: Processing Time: 0.0685 seconds
2024-12-20 05:49:57,731 [__main__] [INFO] :: ----------------------------------------------------------------------------------------------------
2024-12-20 05:50:49,687 [__main__] [INFO] :: Received message: 쿠폰 받으려면 어떻게 해야해?
2024-12-20 05:50:49,713 [__main__] [INFO] :: Intent ID: 38
2024-12-20 05:50:49,758 [__main__] [INFO] :: Response: 저희 매장에서는 스템프 10개 적립시 할인쿠폰쿠폰을 발급해 주고 있어요.
2024-12-20 05:50:49,759 [__main__] [INFO] :: Processing Time: 0.0713 seconds
2024-12-20 05:50:49,759 [__main__] [INFO] :: ----------------------------------------------------------------------------------------------------
