2024-12-20 05:39:22,732 [__main__] [INFO] :: *** 05h-39m-22s START ***
2024-12-20 05:39:22,732 [__main__] [INFO] :: *** PID: 2712934 ***
2024-12-20 05:39:31,669 [__main__] [INFO] :: Received message: 매장 혼잡도가 실시간으로 업데이트 되나요?
2024-12-20 05:39:32,896 [__main__] [INFO] :: Intent ID: 27
2024-12-20 05:39:32,988 [__main__] [INFO] :: Response: 자세한 매장 이용 문의는 확인 후 전화하신 번호로 안내 드릴게요.
2024-12-20 05:39:32,988 [__main__] [INFO] :: Processing Time: 1.3200 seconds
2024-12-20 05:39:32,989 [__main__] [INFO] :: ----------------------------------------------------------------------------------------------------
2024-12-20 05:39:44,197 [__main__] [INFO] :: Received message: 매장 혼잡도가 실시간으로 업데이트 되나요?
2024-12-20 05:39:44,224 [__main__] [INFO] :: Intent ID: 27
2024-12-20 05:39:44,265 [__main__] [INFO] :: Response: 자세한 매장 이용 문의는 확인 후 전화하신 번호로 안내 드릴게요.
2024-12-20 05:39:44,265 [__main__] [INFO] :: Processing Time: 0.0684 seconds
2024-12-20 05:39:44,265 [__main__] [INFO] :: ----------------------------------------------------------------------------------------------------
2024-12-20 05:39:51,291 [__main__] [INFO] :: Received message: 매장 혼잡도가 실시간으로 업데이트 되나요?
2024-12-20 05:39:51,318 [__main__] [INFO] :: Intent ID: 27
2024-12-20 05:39:51,359 [__main__] [INFO] :: Response: 자세한 매장 이용 문의는 확인 후 전화하신 번호로 안내 드릴게요.
2024-12-20 05:39:51,359 [__main__] [INFO] :: Processing Time: 0.0682 seconds
2024-12-20 05:39:51,359 [__main__] [INFO] :: ----------------------------------------------------------------------------------------------------
2024-12-20 05:40:08,807 [__main__] [INFO] :: Received message: 매장 어디야
2024-12-20 05:40:08,834 [__main__] [INFO] :: Intent ID: 28
2024-12-20 05:40:08,881 [__main__] [INFO] :: Response: 저희 매장의 주소는 경기 구리시 검배로6번길 27 에요. 해당 문의를 돕고자 지도 URL 정보를 전송해드릴게요.
2024-12-20 05:40:08,881 [__main__] [INFO] :: Processing Time: 0.0747 seconds
2024-12-20 05:40:08,881 [__main__] [INFO] :: ----------------------------------------------------------------------------------------------------
2024-12-20 05:40:22,748 [__main__] [INFO] :: Received message: 매장의 도로명 주소 알려줄래?
2024-12-20 05:40:22,774 [__main__] [INFO] :: Intent ID: 28
2024-12-20 05:40:22,820 [__main__] [INFO] :: Response: 저희 매장의 주소는 경기 구리시 검배로6번길 27 에요. 해당 문의를 돕고자 지도 URL 정보를 전송해드릴게요.
2024-12-20 05:40:22,820 [__main__] [INFO] :: Processing Time: 0.0726 seconds
2024-12-20 05:40:22,820 [__main__] [INFO] :: ----------------------------------------------------------------------------------------------------
