2024-12-20 05:33:21,373 [__main__] [INFO] :: *** 05h-33m-21s START ***
2024-12-20 05:33:21,373 [__main__] [INFO] :: *** PID: 2709873 ***
2024-12-20 05:33:35,674 [__main__] [INFO] :: Received message: 최소주문금액 얼마야?
2024-12-20 05:33:36,870 [__main__] [INFO] :: Intent ID: 24
2024-12-20 05:33:36,971 [__main__] [INFO] :: Response: 저희 매장의 배달 팁은 최소 1500원이며, 최소 주문 금액은 9900원이에요.
2024-12-20 05:33:36,971 [__main__] [INFO] :: Processing Time: 1.2977 seconds
2024-12-20 05:33:36,971 [__main__] [INFO] :: ----------------------------------------------------------------------------------------------------
2024-12-20 05:33:45,497 [__main__] [INFO] :: Received message: 가톨릭대 배달 가능해?
2024-12-20 05:33:45,523 [__main__] [INFO] :: Intent ID: 25
2024-12-20 05:33:45,564 [__main__] [INFO] :: Response: 자세한 배달 관련 정보는 확인 후 전화하신 번호로 안내 드릴게요.
2024-12-20 05:33:45,564 [__main__] [INFO] :: Processing Time: 0.0677 seconds
2024-12-20 05:33:45,564 [__main__] [INFO] :: ----------------------------------------------------------------------------------------------------
2024-12-20 05:34:20,288 [__main__] [INFO] :: Received message: 지금 가면 얼마나 기다려야해?
2024-12-20 05:34:20,314 [__main__] [INFO] :: Intent ID: 26
2024-12-20 05:34:20,360 [__main__] [INFO] :: Response: 지금 바로 이용하실 수 있어요. 4개 비어있어요
2024-12-20 05:34:20,360 [__main__] [INFO] :: Processing Time: 0.0728 seconds
2024-12-20 05:34:20,360 [__main__] [INFO] :: ----------------------------------------------------------------------------------------------------
2024-12-20 05:34:41,273 [__main__] [INFO] :: Received message: 지금 가면 얼마나 기다려야해?
2024-12-20 05:34:41,299 [__main__] [INFO] :: Intent ID: 26
2024-12-20 05:34:41,345 [__main__] [INFO] :: Response: 지금 바로 이용하실 수 있어요. 4개 비어있어요
2024-12-20 05:34:41,345 [__main__] [INFO] :: Processing Time: 0.0720 seconds
2024-12-20 05:34:41,345 [__main__] [INFO] :: ----------------------------------------------------------------------------------------------------
2024-12-20 05:34:46,621 [__main__] [INFO] :: Received message: 지금 가면 얼마나 기다려야해?
2024-12-20 05:34:46,646 [__main__] [INFO] :: Intent ID: 26
2024-12-20 05:34:46,692 [__main__] [INFO] :: Response: 지금 바로 이용하실 수 있어요. 4개 비어있어요
2024-12-20 05:34:46,692 [__main__] [INFO] :: Processing Time: 0.0716 seconds
2024-12-20 05:34:46,692 [__main__] [INFO] :: ----------------------------------------------------------------------------------------------------
