2024-12-20 05:23:28,057 [__main__] [INFO] :: *** 05h-23m-28s START ***
2024-12-20 05:23:28,057 [__main__] [INFO] :: *** PID: 2705001 ***
2024-12-20 05:23:36,019 [__main__] [INFO] :: Received message: 영업 시간 자세히 알려줘
2024-12-20 05:23:37,137 [__main__] [INFO] :: Intent ID: 16
2024-12-20 05:23:37,231 [__main__] [INFO] :: Response: 저희 매장에서는 오픈 시간이 11시, 종료 시간이 20시30분입니다.
2024-12-20 05:23:37,231 [__main__] [INFO] :: Processing Time: 1.2123 seconds
2024-12-20 05:23:37,231 [__main__] [INFO] :: ----------------------------------------------------------------------------------------------------
2024-12-20 05:24:04,132 [__main__] [INFO] :: Received message: 매장에 브레이크 타임이 있니?
2024-12-20 05:24:04,157 [__main__] [INFO] :: Intent ID: 17
2024-12-20 05:24:04,201 [__main__] [INFO] :: Response: 저희 매장에서는 브레이크 타임이 14시부터 16시30분까지 입니다.
2024-12-20 05:24:04,201 [__main__] [INFO] :: Processing Time: 0.0700 seconds
2024-12-20 05:24:04,201 [__main__] [INFO] :: ----------------------------------------------------------------------------------------------------
2024-12-20 05:24:26,049 [__main__] [INFO] :: Received message: 브레이크 타임 몇시에 시작해?
2024-12-20 05:24:26,075 [__main__] [INFO] :: Intent ID: 18
2024-12-20 05:24:26,120 [__main__] [INFO] :: Response: 저희 매장에서 브레이크 타임은 14시에 시작해서 16시30분에 끝납니다.
2024-12-20 05:24:26,120 [__main__] [INFO] :: Processing Time: 0.0715 seconds
2024-12-20 05:24:26,120 [__main__] [INFO] :: ----------------------------------------------------------------------------------------------------
2024-12-20 05:24:41,537 [__main__] [INFO] :: Received message: 브레이크 타임 자세히 알려줘
2024-12-20 05:24:41,562 [__main__] [INFO] :: Intent ID: 17
2024-12-20 05:24:41,608 [__main__] [INFO] :: Response: 저희 매장에서는 브레이크 타임이 14시부터 16시30분까지 입니다.
2024-12-20 05:24:41,608 [__main__] [INFO] :: Processing Time: 0.0718 seconds
2024-12-20 05:24:41,609 [__main__] [INFO] :: ----------------------------------------------------------------------------------------------------
2024-12-20 05:24:52,097 [__main__] [INFO] :: Received message: 브레이크 타임 몇시에 시작하는지 자세히 알려줘
2024-12-20 05:24:52,124 [__main__] [INFO] :: Intent ID: 18
2024-12-20 05:24:52,170 [__main__] [INFO] :: Response: 저희 매장에서 브레이크 타임은 14시에 시작해서 16시30분에 끝납니다.
2024-12-20 05:24:52,170 [__main__] [INFO] :: Processing Time: 0.0730 seconds
2024-12-20 05:24:52,170 [__main__] [INFO] :: ----------------------------------------------------------------------------------------------------
2024-12-20 05:25:22,926 [__main__] [INFO] :: Received message: 가게 쉬는 날 있어?
2024-12-20 05:25:22,952 [__main__] [INFO] :: Intent ID: 19
2024-12-20 05:25:22,996 [__main__] [INFO] :: Response: 저희 매장의 휴일은 매주 화요일이에요.
2024-12-20 05:25:22,997 [__main__] [INFO] :: Processing Time: 0.0703 seconds
2024-12-20 05:25:22,997 [__main__] [INFO] :: ----------------------------------------------------------------------------------------------------
2024-12-20 05:25:32,098 [__main__] [INFO] :: Received message: 화요일 쉬어?
2024-12-20 05:25:32,123 [__main__] [INFO] :: Intent ID: 22
2024-12-20 05:25:32,183 [__main__] [INFO] :: Response: 저희 매장에서는 화요일에 영업해요. 11시부터 20시 30분 사이에 방문해주세요.
2024-12-20 05:25:32,183 [__main__] [INFO] :: Processing Time: 0.0852 seconds
2024-12-20 05:25:32,183 [__main__] [INFO] :: ----------------------------------------------------------------------------------------------------
2024-12-20 05:25:53,241 [__main__] [INFO] :: Received message: 월요일 쉬어?
2024-12-20 05:25:53,265 [__main__] [INFO] :: Intent ID: 22
2024-12-20 05:25:53,323 [__main__] [INFO] :: Response: 저희 매장에서는 월요일에 영업안해요. 화요일에서 일요일 11시부터 20시 30분 사이에 방문해주세요.
2024-12-20 05:25:53,324 [__main__] [INFO] :: Processing Time: 0.0823 seconds
2024-12-20 05:25:53,324 [__main__] [INFO] :: ----------------------------------------------------------------------------------------------------
2024-12-20 05:26:23,329 [__main__] [INFO] :: Received message: 수요일 쉬어?
2024-12-20 05:26:23,354 [__main__] [INFO] :: Intent ID: 22
2024-12-20 05:26:23,413 [__main__] [INFO] :: Response: 저희 매장에서는 수요일에 영업해요. 11시부터 20시 30분 사이에 방문해주세요.
2024-12-20 05:26:23,413 [__main__] [INFO] :: Processing Time: 0.0842 seconds
2024-12-20 05:26:23,413 [__main__] [INFO] :: ----------------------------------------------------------------------------------------------------
