2024-12-20 05:37:30,346 [__main__] [INFO] :: *** 05h-37m-30s START ***
2024-12-20 05:37:30,346 [__main__] [INFO] :: *** PID: 2711995 ***
2024-12-20 05:37:37,867 [__main__] [INFO] :: Received message: 지금 가면 얼마나 기다려야해?
2024-12-20 05:37:38,937 [__main__] [INFO] :: Intent ID: 26
2024-12-20 05:37:39,033 [__main__] [INFO] :: Response: 지금 바로 이용하실 수 있어요. 4개 비어있어요
2024-12-20 05:37:39,033 [__main__] [INFO] :: Processing Time: 1.1661 seconds
2024-12-20 05:37:39,033 [__main__] [INFO] :: ----------------------------------------------------------------------------------------------------
2024-12-20 05:37:42,510 [__main__] [INFO] :: Received message: 지금 가면 얼마나 기다려야해?
2024-12-20 05:37:42,532 [__main__] [INFO] :: Intent ID: 26
2024-12-20 05:37:42,578 [__main__] [INFO] :: Response: 지금 바로 이용하실 수 있어요. 4개 비어있어요
2024-12-20 05:37:42,578 [__main__] [INFO] :: Processing Time: 0.0679 seconds
2024-12-20 05:37:42,578 [__main__] [INFO] :: ----------------------------------------------------------------------------------------------------
2024-12-20 05:37:44,273 [__main__] [INFO] :: Received message: 지금 가면 얼마나 기다려야해?
2024-12-20 05:37:44,295 [__main__] [INFO] :: Intent ID: 26
2024-12-20 05:37:44,342 [__main__] [INFO] :: Response: 조금 기다리셔야 해요. 테이블 6개 모두 이용중이에요.
2024-12-20 05:37:44,342 [__main__] [INFO] :: Processing Time: 0.0693 seconds
2024-12-20 05:37:44,342 [__main__] [INFO] :: ----------------------------------------------------------------------------------------------------
2024-12-20 05:38:14,749 [__main__] [INFO] :: Received message: 매장 혼잡도가 실시간으로 업데이트 되나요?
2024-12-20 05:38:14,778 [__main__] [INFO] :: Intent ID: 27
2024-12-20 05:38:14,819 [__main__] [INFO] :: Response: 해당 문의는 확인 후 전화하신 번호로 안내 드릴게요.
2024-12-20 05:38:14,819 [__main__] [INFO] :: Processing Time: 0.0701 seconds
2024-12-20 05:38:14,819 [__main__] [INFO] :: ----------------------------------------------------------------------------------------------------
