2024-12-20 05:26:42,947 [__main__] [INFO] :: *** 05h-26m-42s START ***
2024-12-20 05:26:42,947 [__main__] [INFO] :: *** PID: 2706620 ***
2024-12-20 05:26:50,770 [__main__] [INFO] :: Received message: 수요일 쉬어?
2024-12-20 05:26:51,981 [__main__] [INFO] :: Intent ID: 22
2024-12-20 05:26:52,094 [__main__] [INFO] :: Response: 저희 매장은 수요일에 영업 해요. 11시부터 20시 30분 사이에 방문해주세요.
2024-12-20 05:26:52,094 [__main__] [INFO] :: Processing Time: 1.3247 seconds
2024-12-20 05:26:52,094 [__main__] [INFO] :: ----------------------------------------------------------------------------------------------------
2024-12-20 05:27:00,321 [__main__] [INFO] :: Received message: 목요일 쉬어?
2024-12-20 05:27:00,348 [__main__] [INFO] :: Intent ID: 22
2024-12-20 05:27:00,409 [__main__] [INFO] :: Response: 저희 매장은 목요일에 영업 해요. 11시부터 20시 30분 사이에 방문해주세요.
2024-12-20 05:27:00,409 [__main__] [INFO] :: Processing Time: 0.0881 seconds
2024-12-20 05:27:00,409 [__main__] [INFO] :: ----------------------------------------------------------------------------------------------------
2024-12-20 05:27:12,528 [__main__] [INFO] :: Received message: 금요일에 영업 안해?
2024-12-20 05:27:12,554 [__main__] [INFO] :: Intent ID: 22
2024-12-20 05:27:12,615 [__main__] [INFO] :: Response: 저희 매장은 월요일에 영업 안해요. 화요일에서 일요일 11시부터 20시 30분 사이에 방문해주세요.
2024-12-20 05:27:12,615 [__main__] [INFO] :: Processing Time: 0.0874 seconds
2024-12-20 05:27:12,615 [__main__] [INFO] :: ----------------------------------------------------------------------------------------------------
2024-12-20 05:27:50,956 [__main__] [INFO] :: Received message: 금요일에 영업 안해?
2024-12-20 05:27:50,982 [__main__] [INFO] :: Intent ID: 22
2024-12-20 05:27:51,042 [__main__] [INFO] :: Response: 저희 매장은 월요일에 영업 안해요. 화요일에서 일요일 11시부터 20시 30분 사이에 방문해주세요.
2024-12-20 05:27:51,042 [__main__] [INFO] :: Processing Time: 0.0869 seconds
2024-12-20 05:27:51,042 [__main__] [INFO] :: ----------------------------------------------------------------------------------------------------
2024-12-20 05:27:55,830 [__main__] [INFO] :: Received message: 금요일 영업 안해?
2024-12-20 05:27:55,855 [__main__] [INFO] :: Intent ID: 22
2024-12-20 05:27:55,915 [__main__] [INFO] :: Response: 저희 매장은 금요일에 영업 해요. 11시부터 20시 30분 사이에 방문해주세요.
2024-12-20 05:27:55,915 [__main__] [INFO] :: Processing Time: 0.0850 seconds
2024-12-20 05:27:55,915 [__main__] [INFO] :: ----------------------------------------------------------------------------------------------------
2024-12-20 05:28:15,764 [__main__] [INFO] :: Received message: 주말에 영업하나요?
2024-12-20 05:28:15,789 [__main__] [INFO] :: Intent ID: 20
2024-12-20 05:28:15,837 [__main__] [INFO] :: Response: 네, 운영합니다. 영업시간은 11시부터 20시30분 까지에요.
2024-12-20 05:28:15,837 [__main__] [INFO] :: Processing Time: 0.0738 seconds
2024-12-20 05:28:15,837 [__main__] [INFO] :: ----------------------------------------------------------------------------------------------------
2024-12-20 05:28:52,813 [__main__] [INFO] :: Received message: 평일에 영업해?
2024-12-20 05:28:52,841 [__main__] [INFO] :: Intent ID: 20
2024-12-20 05:28:52,887 [__main__] [INFO] :: Response: 네, 운영합니다. 영업시간은 11시부터 20시30분 까지에요.
2024-12-20 05:28:52,887 [__main__] [INFO] :: Processing Time: 0.0745 seconds
2024-12-20 05:28:52,887 [__main__] [INFO] :: ----------------------------------------------------------------------------------------------------
2024-12-20 05:29:44,753 [__main__] [INFO] :: Received message: 공휴일에 쉬는지 알려줘
2024-12-20 05:29:44,778 [__main__] [INFO] :: Intent ID: 20
2024-12-20 05:29:44,824 [__main__] [INFO] :: Response: 네, 운영합니다. 영업시간은 11시부터 20시30분 까지에요.
2024-12-20 05:29:44,824 [__main__] [INFO] :: Processing Time: 0.0718 seconds
2024-12-20 05:29:44,824 [__main__] [INFO] :: ----------------------------------------------------------------------------------------------------
2024-12-20 05:30:05,997 [__main__] [INFO] :: Received message: 휴무일이 실시간으로 업데이트 되나요?
2024-12-20 05:30:06,022 [__main__] [INFO] :: Intent ID: 21
2024-12-20 05:30:06,063 [__main__] [INFO] :: Response: 해당 문의는 확인 후 전화하신 번호로 안내 드릴게요.
2024-12-20 05:30:06,063 [__main__] [INFO] :: Processing Time: 0.0658 seconds
2024-12-20 05:30:06,063 [__main__] [INFO] :: ----------------------------------------------------------------------------------------------------
2024-12-20 05:30:24,391 [__main__] [INFO] :: Received message: 일요일 영업해?
2024-12-20 05:30:24,417 [__main__] [INFO] :: Intent ID: 22
2024-12-20 05:30:24,476 [__main__] [INFO] :: Response: 저희 매장은 일요일에 영업 해요. 11시부터 20시 30분 사이에 방문해주세요.
2024-12-20 05:30:24,476 [__main__] [INFO] :: Processing Time: 0.0853 seconds
2024-12-20 05:30:24,476 [__main__] [INFO] :: ----------------------------------------------------------------------------------------------------
2024-12-20 05:30:39,871 [__main__] [INFO] :: Received message: 배달비 얼마야?
2024-12-20 05:30:39,898 [__main__] [INFO] :: Intent ID: 24
2024-12-20 05:30:39,945 [__main__] [INFO] :: Response: 저희 매장의 배달 팁은 최소 1500원원이며, 최소 주문 금액은 9900원원이에요.
2024-12-20 05:30:39,945 [__main__] [INFO] :: Processing Time: 0.0743 seconds
2024-12-20 05:30:39,945 [__main__] [INFO] :: ----------------------------------------------------------------------------------------------------
2024-12-20 05:30:50,673 [__main__] [INFO] :: Received message: 가톨릭대 배달 가능해?
2024-12-20 05:30:50,698 [__main__] [INFO] :: Intent ID: 25
2024-12-20 05:30:50,739 [__main__] [INFO] :: Response: 해당 문의는 확인 후 전화하신 번호로 안내 드릴게요.
2024-12-20 05:30:50,740 [__main__] [INFO] :: Processing Time: 0.0671 seconds
2024-12-20 05:30:50,740 [__main__] [INFO] :: ----------------------------------------------------------------------------------------------------
2024-12-20 05:31:16,979 [__main__] [INFO] :: Received message: 최소주문금액 얼마야?
2024-12-20 05:31:17,004 [__main__] [INFO] :: Intent ID: 24
2024-12-20 05:31:17,050 [__main__] [INFO] :: Response: 저희 매장의 배달 팁은 최소 1500원원이며, 최소 주문 금액은 9900원원이에요.
2024-12-20 05:31:17,050 [__main__] [INFO] :: Processing Time: 0.0712 seconds
2024-12-20 05:31:17,050 [__main__] [INFO] :: ----------------------------------------------------------------------------------------------------
