2024-12-20 05:52:28,602 [__main__] [INFO] :: *** 05h-52m-28s START ***
2024-12-20 05:52:28,602 [__main__] [INFO] :: *** PID: 2720448 ***
2024-12-20 05:52:36,098 [__main__] [INFO] :: Received message: 쿠폰 중복 사용 가능해?
2024-12-20 05:52:37,284 [__main__] [INFO] :: Intent ID: 40
2024-12-20 05:52:37,376 [__main__] [INFO] :: Response: 멤버십 관련한 자세한 문의는 확인 후 전화하신 번호로 안내 드릴게요.
2024-12-20 05:52:37,377 [__main__] [INFO] :: Processing Time: 1.2790 seconds
2024-12-20 05:52:37,377 [__main__] [INFO] :: ----------------------------------------------------------------------------------------------------
2024-12-20 05:53:01,698 [__main__] [INFO] :: Received message: 진행중인 이벤트 알려줘
2024-12-20 05:53:01,723 [__main__] [INFO] :: Intent ID: 40
2024-12-20 05:53:01,762 [__main__] [INFO] :: Response: 멤버십 관련한 자세한 문의는 확인 후 전화하신 번호로 안내 드릴게요.
2024-12-20 05:53:01,762 [__main__] [INFO] :: Processing Time: 0.0641 seconds
2024-12-20 05:53:01,762 [__main__] [INFO] :: ----------------------------------------------------------------------------------------------------
2024-12-20 05:53:16,282 [__main__] [INFO] :: Received message: 현재 진행중인 이벤트 알려줘
2024-12-20 05:53:16,309 [__main__] [INFO] :: Intent ID: 40
2024-12-20 05:53:16,350 [__main__] [INFO] :: Response: 멤버십 관련한 자세한 문의는 확인 후 전화하신 번호로 안내 드릴게요.
2024-12-20 05:53:16,350 [__main__] [INFO] :: Processing Time: 0.0688 seconds
2024-12-20 05:53:16,350 [__main__] [INFO] :: ----------------------------------------------------------------------------------------------------
2024-12-20 05:53:29,700 [__main__] [INFO] :: Received message: 진행중인 이벤트 있나요?
2024-12-20 05:53:29,727 [__main__] [INFO] :: Intent ID: 40
2024-12-20 05:53:29,766 [__main__] [INFO] :: Response: 멤버십 관련한 자세한 문의는 확인 후 전화하신 번호로 안내 드릴게요.
2024-12-20 05:53:29,767 [__main__] [INFO] :: Processing Time: 0.0672 seconds
2024-12-20 05:53:29,767 [__main__] [INFO] :: ----------------------------------------------------------------------------------------------------
2024-12-20 05:53:35,845 [__main__] [INFO] :: Received message: 진행중인 이벤트
2024-12-20 05:53:35,871 [__main__] [INFO] :: Intent ID: 40
2024-12-20 05:53:35,913 [__main__] [INFO] :: Response: 멤버십 관련한 자세한 문의는 확인 후 전화하신 번호로 안내 드릴게요.
2024-12-20 05:53:35,913 [__main__] [INFO] :: Processing Time: 0.0675 seconds
2024-12-20 05:53:35,913 [__main__] [INFO] :: ----------------------------------------------------------------------------------------------------
2024-12-20 05:53:44,987 [__main__] [INFO] :: Received message: 할인 이벤트 중인거 알려줄래?
2024-12-20 05:53:45,013 [__main__] [INFO] :: Intent ID: 6
2024-12-20 05:53:45,060 [__main__] [INFO] :: Response: 저희 매장에서 할인하는 이벤트 메뉴는 15주년행사 짬뽕 메뉴에요.
2024-12-20 05:53:45,060 [__main__] [INFO] :: Processing Time: 0.0732 seconds
2024-12-20 05:53:45,060 [__main__] [INFO] :: ----------------------------------------------------------------------------------------------------
2024-12-20 05:54:19,458 [__main__] [INFO] :: Received message: 어떤 프로모션이 진행중인가요?
2024-12-20 05:54:19,483 [__main__] [INFO] :: Intent ID: 40
2024-12-20 05:54:19,524 [__main__] [INFO] :: Response: 멤버십 관련한 자세한 문의는 확인 후 전화하신 번호로 안내 드릴게요.
2024-12-20 05:54:19,524 [__main__] [INFO] :: Processing Time: 0.0655 seconds
2024-12-20 05:54:19,524 [__main__] [INFO] :: ----------------------------------------------------------------------------------------------------
2024-12-20 05:54:40,329 [__main__] [INFO] :: Received message: 현재 할인 이벤트가 있나요?
2024-12-20 05:54:40,355 [__main__] [INFO] :: Intent ID: 40
2024-12-20 05:54:40,396 [__main__] [INFO] :: Response: 멤버십 관련한 자세한 문의는 확인 후 전화하신 번호로 안내 드릴게요.
2024-12-20 05:54:40,396 [__main__] [INFO] :: Processing Time: 0.0671 seconds
2024-12-20 05:54:40,396 [__main__] [INFO] :: ----------------------------------------------------------------------------------------------------
2024-12-20 05:54:51,575 [__main__] [INFO] :: Received message: 이벤트 참여 방법을 알려주세요.
2024-12-20 05:54:51,599 [__main__] [INFO] :: Intent ID: 40
2024-12-20 05:54:51,640 [__main__] [INFO] :: Response: 멤버십 관련한 자세한 문의는 확인 후 전화하신 번호로 안내 드릴게요.
2024-12-20 05:54:51,640 [__main__] [INFO] :: Processing Time: 0.0652 seconds
2024-12-20 05:54:51,640 [__main__] [INFO] :: ----------------------------------------------------------------------------------------------------
2024-12-20 05:55:10,559 [__main__] [INFO] :: Received message: 이벤트에 대해 더 자세히 알려줘
2024-12-20 05:55:10,583 [__main__] [INFO] :: Intent ID: 43
2024-12-20 05:55:10,624 [__main__] [INFO] :: Response: 해당 문의는 확인 후 전화하신 번호로 안내 드릴게요.
2024-12-20 05:55:10,624 [__main__] [INFO] :: Processing Time: 0.0655 seconds
2024-12-20 05:55:10,624 [__main__] [INFO] :: ----------------------------------------------------------------------------------------------------
2024-12-20 05:55:37,683 [__main__] [INFO] :: Received message: 어린이 메뉴 있나요?
2024-12-20 05:55:37,708 [__main__] [INFO] :: Intent ID: 44
2024-12-20 05:55:37,749 [__main__] [INFO] :: Response: 해당 문의는 확인 후 전화하신 번호로 안내 드릴게요.
2024-12-20 05:55:37,749 [__main__] [INFO] :: Processing Time: 0.0663 seconds
2024-12-20 05:55:37,749 [__main__] [INFO] :: ----------------------------------------------------------------------------------------------------
2024-12-20 05:55:44,360 [__main__] [INFO] :: Received message: 주차장 있나요?
2024-12-20 05:55:44,385 [__main__] [INFO] :: Intent ID: 44
2024-12-20 05:55:44,425 [__main__] [INFO] :: Response: 해당 문의는 확인 후 전화하신 번호로 안내 드릴게요.
2024-12-20 05:55:44,425 [__main__] [INFO] :: Processing Time: 0.0658 seconds
2024-12-20 05:55:44,425 [__main__] [INFO] :: ----------------------------------------------------------------------------------------------------
2024-12-20 05:55:50,111 [__main__] [INFO] :: Received message: 주차 가능해?
2024-12-20 05:55:50,137 [__main__] [INFO] :: Intent ID: 44
2024-12-20 05:55:50,178 [__main__] [INFO] :: Response: 해당 문의는 확인 후 전화하신 번호로 안내 드릴게요.
2024-12-20 05:55:50,178 [__main__] [INFO] :: Processing Time: 0.0676 seconds
2024-12-20 05:55:50,178 [__main__] [INFO] :: ----------------------------------------------------------------------------------------------------
2024-12-20 05:55:59,352 [__main__] [INFO] :: Received message: 장애인 편의시설 있나요?
2024-12-20 05:55:59,378 [__main__] [INFO] :: Intent ID: 44
2024-12-20 05:55:59,419 [__main__] [INFO] :: Response: 해당 문의는 확인 후 전화하신 번호로 안내 드릴게요.
2024-12-20 05:55:59,420 [__main__] [INFO] :: Processing Time: 0.0674 seconds
2024-12-20 05:55:59,420 [__main__] [INFO] :: ----------------------------------------------------------------------------------------------------
2024-12-20 05:56:09,609 [__main__] [INFO] :: Received message: 유모차 이용 가능한가요?
2024-12-20 05:56:09,635 [__main__] [INFO] :: Intent ID: 44
2024-12-20 05:56:09,677 [__main__] [INFO] :: Response: 해당 문의는 확인 후 전화하신 번호로 안내 드릴게요.
2024-12-20 05:56:09,677 [__main__] [INFO] :: Processing Time: 0.0679 seconds
2024-12-20 05:56:09,677 [__main__] [INFO] :: ----------------------------------------------------------------------------------------------------
2024-12-20 05:56:25,434 [__main__] [INFO] :: Received message: 와이파이 비밀번호 알려줘
2024-12-20 05:56:25,460 [__main__] [INFO] :: Intent ID: 44
2024-12-20 05:56:25,501 [__main__] [INFO] :: Response: 해당 문의는 확인 후 전화하신 번호로 안내 드릴게요.
2024-12-20 05:56:25,501 [__main__] [INFO] :: Processing Time: 0.0680 seconds
2024-12-20 05:56:25,501 [__main__] [INFO] :: ----------------------------------------------------------------------------------------------------
2024-12-20 05:56:32,426 [__main__] [INFO] :: Received message: 와이파이 있어?
2024-12-20 05:56:32,450 [__main__] [INFO] :: Intent ID: 44
2024-12-20 05:56:32,491 [__main__] [INFO] :: Response: 해당 문의는 확인 후 전화하신 번호로 안내 드릴게요.
2024-12-20 05:56:32,491 [__main__] [INFO] :: Processing Time: 0.0656 seconds
2024-12-20 05:56:32,491 [__main__] [INFO] :: ----------------------------------------------------------------------------------------------------
2024-12-20 05:56:41,836 [__main__] [INFO] :: Received message: 화장실은 어디에 있어?
2024-12-20 05:56:41,862 [__main__] [INFO] :: Intent ID: 44
2024-12-20 05:56:41,904 [__main__] [INFO] :: Response: 해당 문의는 확인 후 전화하신 번호로 안내 드릴게요.
2024-12-20 05:56:41,904 [__main__] [INFO] :: Processing Time: 0.0684 seconds
2024-12-20 05:56:41,904 [__main__] [INFO] :: ----------------------------------------------------------------------------------------------------
2024-12-20 05:56:51,908 [__main__] [INFO] :: Received message: 화장실은 남녀 공용이야?
2024-12-20 05:56:51,932 [__main__] [INFO] :: Intent ID: 44
2024-12-20 05:56:51,973 [__main__] [INFO] :: Response: 해당 문의는 확인 후 전화하신 번호로 안내 드릴게요.
2024-12-20 05:56:51,974 [__main__] [INFO] :: Processing Time: 0.0658 seconds
2024-12-20 05:56:51,974 [__main__] [INFO] :: ----------------------------------------------------------------------------------------------------
2024-12-20 05:56:58,723 [__main__] [INFO] :: Received message: 예약 가능해?
2024-12-20 05:56:58,749 [__main__] [INFO] :: Intent ID: 44
2024-12-20 05:56:58,801 [__main__] [INFO] :: Response: 해당 문의는 확인 후 전화하신 번호로 안내 드릴게요.
2024-12-20 05:56:58,801 [__main__] [INFO] :: Processing Time: 0.0781 seconds
2024-12-20 05:56:58,801 [__main__] [INFO] :: ----------------------------------------------------------------------------------------------------
2024-12-20 05:57:06,125 [__main__] [INFO] :: Received message: 온라인 예약 가능해?
2024-12-20 05:57:06,150 [__main__] [INFO] :: Intent ID: 44
2024-12-20 05:57:06,190 [__main__] [INFO] :: Response: 해당 문의는 확인 후 전화하신 번호로 안내 드릴게요.
2024-12-20 05:57:06,190 [__main__] [INFO] :: Processing Time: 0.0659 seconds
2024-12-20 05:57:06,191 [__main__] [INFO] :: ----------------------------------------------------------------------------------------------------
2024-12-20 05:57:14,368 [__main__] [INFO] :: Received message: 예약 취소 돼?
2024-12-20 05:57:14,394 [__main__] [INFO] :: Intent ID: 44
2024-12-20 05:57:14,434 [__main__] [INFO] :: Response: 해당 문의는 확인 후 전화하신 번호로 안내 드릴게요.
2024-12-20 05:57:14,435 [__main__] [INFO] :: Processing Time: 0.0672 seconds
2024-12-20 05:57:14,435 [__main__] [INFO] :: ----------------------------------------------------------------------------------------------------
2024-12-20 05:57:18,525 [__main__] [INFO] :: Received message: 예약 변경 돼?
2024-12-20 05:57:18,551 [__main__] [INFO] :: Intent ID: 44
2024-12-20 05:57:18,592 [__main__] [INFO] :: Response: 해당 문의는 확인 후 전화하신 번호로 안내 드릴게요.
2024-12-20 05:57:18,592 [__main__] [INFO] :: Processing Time: 0.0669 seconds
2024-12-20 05:57:18,592 [__main__] [INFO] :: ----------------------------------------------------------------------------------------------------
2024-12-20 05:57:29,364 [__main__] [INFO] :: Received message: 충전기 대여 가능해?
2024-12-20 05:57:29,389 [__main__] [INFO] :: Intent ID: 44
2024-12-20 05:57:29,430 [__main__] [INFO] :: Response: 해당 문의는 확인 후 전화하신 번호로 안내 드릴게요.
2024-12-20 05:57:29,430 [__main__] [INFO] :: Processing Time: 0.0659 seconds
2024-12-20 05:57:29,430 [__main__] [INFO] :: ----------------------------------------------------------------------------------------------------
2024-12-20 05:57:38,467 [__main__] [INFO] :: Received message: 사장님 연결해줘
2024-12-20 05:57:38,491 [__main__] [INFO] :: Intent ID: 44
2024-12-20 05:57:38,532 [__main__] [INFO] :: Response: 해당 문의는 확인 후 전화하신 번호로 안내 드릴게요.
2024-12-20 05:57:38,532 [__main__] [INFO] :: Processing Time: 0.0651 seconds
2024-12-20 05:57:38,532 [__main__] [INFO] :: ----------------------------------------------------------------------------------------------------
2024-12-20 05:58:04,640 [__main__] [INFO] :: Received message: 관리자한테 전화할 수 있을까?
2024-12-20 05:58:04,667 [__main__] [INFO] :: Intent ID: 44
2024-12-20 05:58:04,708 [__main__] [INFO] :: Response: 해당 문의는 확인 후 전화하신 번호로 안내 드릴게요.
2024-12-20 05:58:04,708 [__main__] [INFO] :: Processing Time: 0.0685 seconds
2024-12-20 05:58:04,709 [__main__] [INFO] :: ----------------------------------------------------------------------------------------------------
