2024-12-20 05:31:35,039 [__main__] [INFO] :: *** 05h-31m-35s START ***
2024-12-20 05:31:35,039 [__main__] [INFO] :: *** PID: 2708875 ***
2024-12-20 05:31:52,551 [__main__] [INFO] :: Received message: 배달 가능해?
2024-12-20 05:31:53,733 [__main__] [INFO] :: Intent ID: 11
2024-12-20 05:31:53,857 [__main__] [INFO] :: Response: 저희 매장에서는 매장방문, 포장, 배달 방식으로 주문이 가능해요.
2024-12-20 05:31:53,858 [__main__] [INFO] :: Processing Time: 1.3068 seconds
2024-12-20 05:31:53,858 [__main__] [INFO] :: ----------------------------------------------------------------------------------------------------
2024-12-20 05:32:07,359 [__main__] [INFO] :: Received message: 어디까지 배달 돼?
2024-12-20 05:32:07,387 [__main__] [INFO] :: Intent ID: 23
2024-12-20 05:32:07,433 [__main__] [INFO] :: Response: 저희 매장으로부터 반경 1.5키로미터 이내 지역에서 배달이 가능해요.
2024-12-20 05:32:07,433 [__main__] [INFO] :: Processing Time: 0.0736 seconds
2024-12-20 05:32:07,433 [__main__] [INFO] :: ----------------------------------------------------------------------------------------------------
2024-12-20 05:32:23,070 [__main__] [INFO] :: Received message: 배달 어디까지 돼?
2024-12-20 05:32:23,095 [__main__] [INFO] :: Intent ID: 23
2024-12-20 05:32:23,141 [__main__] [INFO] :: Response: 저희 매장으로부터 반경 1.5키로미터 이내 지역에서 배달이 가능해요.
2024-12-20 05:32:23,141 [__main__] [INFO] :: Processing Time: 0.0712 seconds
2024-12-20 05:32:23,141 [__main__] [INFO] :: ----------------------------------------------------------------------------------------------------
2024-12-20 05:32:33,349 [__main__] [INFO] :: Received message: 신사동 배달 돼?
2024-12-20 05:32:33,374 [__main__] [INFO] :: Intent ID: 25
2024-12-20 05:32:33,415 [__main__] [INFO] :: Response: 해당 문의는 확인 후 전화하신 번호로 안내 드릴게요.
2024-12-20 05:32:33,415 [__main__] [INFO] :: Processing Time: 0.0659 seconds
2024-12-20 05:32:33,415 [__main__] [INFO] :: ----------------------------------------------------------------------------------------------------
