2024-12-20 07:15:35,662 [__main__] [INFO] :: *** 07h-15m-35s START ***
2024-12-20 07:15:35,662 [__main__] [INFO] :: *** PID: 2750218 ***
2024-12-20 07:16:28,964 [__main__] [INFO] :: Received message: 아니 그건 아니고
2024-12-20 07:16:30,148 [__main__] [INFO] :: Intent ID: 47
2024-12-20 07:16:30,239 [__main__] [INFO] :: Response: 제가 답변 드릴 수 없는 문의입니다.
2024-12-20 07:16:30,239 [__main__] [INFO] :: Processing Time: 1.2748 seconds
2024-12-20 07:16:30,239 [__main__] [INFO] :: ----------------------------------------------------------------------------------------------------
2024-12-20 07:17:07,037 [__main__] [INFO] :: Received message: 메뉴 뭐 있어
2024-12-20 07:17:07,062 [__main__] [INFO] :: Intent ID: 4
2024-12-20 07:17:07,109 [__main__] [INFO] :: Response: 저희 매장에서는 고추짬뽕 메뉴를 추천 해요.
2024-12-20 07:17:07,109 [__main__] [INFO] :: Processing Time: 0.0726 seconds
2024-12-20 07:17:07,109 [__main__] [INFO] :: ----------------------------------------------------------------------------------------------------
2024-12-20 07:18:06,076 [__main__] [INFO] :: Received message: ㅇ
2024-12-20 07:18:06,101 [__main__] [INFO] :: Intent ID: 47
2024-12-20 07:18:06,142 [__main__] [INFO] :: Response: 제가 답변 드릴 수 없는 문의입니다.
2024-12-20 07:18:06,142 [__main__] [INFO] :: Processing Time: 0.0667 seconds
2024-12-20 07:18:06,142 [__main__] [INFO] :: ----------------------------------------------------------------------------------------------------
2024-12-20 07:23:51,582 [__main__] [INFO] :: Received message: 안녕
2024-12-20 07:23:51,606 [__main__] [INFO] :: Intent ID: 46
2024-12-20 07:23:51,648 [__main__] [INFO] :: Response: 안녕하세요. 문의사항 있으시면 말씀해주세요.
2024-12-20 07:23:51,648 [__main__] [INFO] :: Processing Time: 0.0656 seconds
2024-12-20 07:23:51,648 [__main__] [INFO] :: ----------------------------------------------------------------------------------------------------
