2024-12-20 13:41:30,219 [__main__] [INFO] :: *** 13h-41m-30s START ***
2024-12-20 13:41:30,220 [__main__] [INFO] :: *** PID: 2854981 ***
2024-12-20 13:42:04,601 [__main__] [INFO] :: Received message: 테이블 현황 알려줘
2024-12-20 13:42:06,002 [__main__] [INFO] :: Intent ID: 26
2024-12-20 13:42:06,098 [__main__] [INFO] :: Response: 지금 바로 이용하실 수 있어요. 4개 비어있습니다.
2024-12-20 13:42:06,098 [__main__] [INFO] :: Processing Time: 1.4976 seconds
2024-12-20 13:42:06,098 [__main__] [INFO] :: ----------------------------------------------------------------------------------------------------
2024-12-20 13:42:14,223 [__main__] [INFO] :: Received message: 테이블 현황 알려줘
2024-12-20 13:42:14,251 [__main__] [INFO] :: Intent ID: 26
2024-12-20 13:42:14,299 [__main__] [INFO] :: Response: 지금 바로 이용하실 수 있어요. 4개 비어있습니다.
2024-12-20 13:42:14,299 [__main__] [INFO] :: Processing Time: 0.0756 seconds
2024-12-20 13:42:14,299 [__main__] [INFO] :: ----------------------------------------------------------------------------------------------------
2024-12-20 13:42:20,065 [__main__] [INFO] :: Received message: 테이블 현황 알려줘
2024-12-20 13:42:20,094 [__main__] [INFO] :: Intent ID: 26
2024-12-20 13:42:20,142 [__main__] [INFO] :: Response: 지금 바로 이용하실 수 있어요. 4개 비어있습니다.
2024-12-20 13:42:20,142 [__main__] [INFO] :: Processing Time: 0.0773 seconds
2024-12-20 13:42:20,142 [__main__] [INFO] :: ----------------------------------------------------------------------------------------------------
2024-12-20 13:43:02,667 [__main__] [INFO] :: Received message: 테이블 현황 알려줘
2024-12-20 13:43:02,695 [__main__] [INFO] :: Intent ID: 26
2024-12-20 13:43:02,742 [__main__] [INFO] :: Response: 지금 바로 이용하실 수 있어요. 4개 비어있습니다.
2024-12-20 13:43:02,742 [__main__] [INFO] :: Processing Time: 0.0750 seconds
2024-12-20 13:43:02,742 [__main__] [INFO] :: ----------------------------------------------------------------------------------------------------
2024-12-20 13:44:42,262 [__main__] [INFO] :: Received message: 테이블 현황 알려줘
2024-12-20 13:44:42,289 [__main__] [INFO] :: Intent ID: 26
2024-12-20 13:44:42,336 [__main__] [INFO] :: Response: 지금 바로 이용하실 수 있어요. 4개 비어있습니다.
2024-12-20 13:44:42,337 [__main__] [INFO] :: Processing Time: 0.0745 seconds
2024-12-20 13:44:42,337 [__main__] [INFO] :: ----------------------------------------------------------------------------------------------------
2024-12-20 14:03:08,418 [__main__] [INFO] :: Received message: 고추짬뽕 얼마야?
2024-12-20 14:03:08,443 [__main__] [INFO] :: Intent ID: 1
2024-12-20 14:03:08,506 [__main__] [INFO] :: Response: 고추짬뽕의 가격은 8900원 입니다. 더 자세한 내용은 문자로 발송해드린 메뉴판을 확인해주세요.
2024-12-20 14:03:08,507 [__main__] [INFO] :: Processing Time: 0.0888 seconds
2024-12-20 14:03:08,507 [__main__] [INFO] :: ----------------------------------------------------------------------------------------------------
2024-12-20 14:03:14,396 [__main__] [INFO] :: Received message: 고추짜장 얼마야?
2024-12-20 14:03:14,421 [__main__] [INFO] :: Intent ID: 1
2024-12-20 14:03:14,483 [__main__] [INFO] :: Response: 고추짜장의 가격은 8000원 입니다. 더 자세한 내용은 문자로 발송해드린 메뉴판을 확인해주세요.
2024-12-20 14:03:14,484 [__main__] [INFO] :: Processing Time: 0.0882 seconds
2024-12-20 14:03:14,484 [__main__] [INFO] :: ----------------------------------------------------------------------------------------------------
2024-12-20 14:03:44,166 [__main__] [INFO] :: Received message: 고추짜장 얼마야?
2024-12-20 14:03:44,194 [__main__] [INFO] :: Intent ID: 1
2024-12-20 14:03:44,259 [__main__] [INFO] :: Response: 고추짜장의 가격은 8000원 입니다. 더 자세한 내용은 문자로 발송해드린 메뉴판을 확인해주세요.
2024-12-20 14:03:44,259 [__main__] [INFO] :: Processing Time: 0.0934 seconds
2024-12-20 14:03:44,259 [__main__] [INFO] :: ----------------------------------------------------------------------------------------------------
2024-12-20 14:03:44,981 [__main__] [INFO] :: Received message: 고추짜장 얼마야?
2024-12-20 14:03:45,009 [__main__] [INFO] :: Intent ID: 1
2024-12-20 14:03:45,074 [__main__] [INFO] :: Response: 고추짜장의 가격은 8000원 입니다. 더 자세한 내용은 문자로 발송해드린 메뉴판을 확인해주세요.
2024-12-20 14:03:45,074 [__main__] [INFO] :: Processing Time: 0.0932 seconds
2024-12-20 14:03:45,074 [__main__] [INFO] :: ----------------------------------------------------------------------------------------------------
2024-12-20 14:03:45,682 [__main__] [INFO] :: Received message: 고추짜장 얼마야?
2024-12-20 14:03:45,707 [__main__] [INFO] :: Intent ID: 1
2024-12-20 14:03:45,769 [__main__] [INFO] :: Response: 고추짜장의 가격은 8000원 입니다. 더 자세한 내용은 문자로 발송해드린 메뉴판을 확인해주세요.
2024-12-20 14:03:45,769 [__main__] [INFO] :: Processing Time: 0.0880 seconds
2024-12-20 14:03:45,769 [__main__] [INFO] :: ----------------------------------------------------------------------------------------------------
2024-12-20 14:03:46,251 [__main__] [INFO] :: Received message: 고추짜장 얼마야?
2024-12-20 14:03:46,279 [__main__] [INFO] :: Intent ID: 1
2024-12-20 14:03:46,343 [__main__] [INFO] :: Response: 고추짜장의 가격은 8000원 입니다. 더 자세한 내용은 문자로 발송해드린 메뉴판을 확인해주세요.
2024-12-20 14:03:46,343 [__main__] [INFO] :: Processing Time: 0.0924 seconds
2024-12-20 14:03:46,343 [__main__] [INFO] :: ----------------------------------------------------------------------------------------------------
2024-12-20 14:03:46,819 [__main__] [INFO] :: Received message: 고추짜장 얼마야?
2024-12-20 14:03:46,849 [__main__] [INFO] :: Intent ID: 1
2024-12-20 14:03:46,913 [__main__] [INFO] :: Response: 고추짜장의 가격은 8000원 입니다. 더 자세한 내용은 문자로 발송해드린 메뉴판을 확인해주세요.
2024-12-20 14:03:46,913 [__main__] [INFO] :: Processing Time: 0.0940 seconds
2024-12-20 14:03:46,913 [__main__] [INFO] :: ----------------------------------------------------------------------------------------------------
2024-12-20 14:03:47,380 [__main__] [INFO] :: Received message: 고추짜장 얼마야?
2024-12-20 14:03:47,407 [__main__] [INFO] :: Intent ID: 1
2024-12-20 14:03:47,470 [__main__] [INFO] :: Response: 고추짜장의 가격은 8000원 입니다. 더 자세한 내용은 문자로 발송해드린 메뉴판을 확인해주세요.
2024-12-20 14:03:47,470 [__main__] [INFO] :: Processing Time: 0.0901 seconds
2024-12-20 14:03:47,470 [__main__] [INFO] :: ----------------------------------------------------------------------------------------------------
2024-12-20 14:03:47,954 [__main__] [INFO] :: Received message: 고추짜장 얼마야?
2024-12-20 14:03:47,983 [__main__] [INFO] :: Intent ID: 1
2024-12-20 14:03:48,046 [__main__] [INFO] :: Response: 고추짜장의 가격은 8000원 입니다. 더 자세한 내용은 문자로 발송해드린 메뉴판을 확인해주세요.
2024-12-20 14:03:48,046 [__main__] [INFO] :: Processing Time: 0.0924 seconds
2024-12-20 14:03:48,046 [__main__] [INFO] :: ----------------------------------------------------------------------------------------------------
2024-12-20 14:03:48,525 [__main__] [INFO] :: Received message: 고추짜장 얼마야?
2024-12-20 14:03:48,551 [__main__] [INFO] :: Intent ID: 1
2024-12-20 14:03:48,614 [__main__] [INFO] :: Response: 고추짜장의 가격은 8000원 입니다. 더 자세한 내용은 문자로 발송해드린 메뉴판을 확인해주세요.
2024-12-20 14:03:48,614 [__main__] [INFO] :: Processing Time: 0.0896 seconds
2024-12-20 14:03:48,614 [__main__] [INFO] :: ----------------------------------------------------------------------------------------------------
2024-12-20 14:03:49,048 [__main__] [INFO] :: Received message: 고추짜장 얼마야?
2024-12-20 14:03:49,077 [__main__] [INFO] :: Intent ID: 1
2024-12-20 14:03:49,140 [__main__] [INFO] :: Response: 고추짜장의 가격은 8000원 입니다. 더 자세한 내용은 문자로 발송해드린 메뉴판을 확인해주세요.
2024-12-20 14:03:49,140 [__main__] [INFO] :: Processing Time: 0.0926 seconds
2024-12-20 14:03:49,140 [__main__] [INFO] :: ----------------------------------------------------------------------------------------------------
2024-12-20 14:04:28,607 [__main__] [INFO] :: Received message: 탕수육이 있나요?
2024-12-20 14:04:28,635 [__main__] [INFO] :: Intent ID: 2
2024-12-20 14:04:28,677 [__main__] [INFO] :: Response: 더 자세한 메뉴 정보 제공을 위해 QR URL 주소를 전송해드릴게요.
2024-12-20 14:04:28,677 [__main__] [INFO] :: Processing Time: 0.0701 seconds
2024-12-20 14:04:28,677 [__main__] [INFO] :: ----------------------------------------------------------------------------------------------------
2024-12-20 14:04:30,314 [__main__] [INFO] :: Received message: 탕수육이 있나요?
2024-12-20 14:04:30,340 [__main__] [INFO] :: Intent ID: 2
2024-12-20 14:04:30,383 [__main__] [INFO] :: Response: 더 자세한 메뉴 정보 제공을 위해 QR URL 주소를 전송해드릴게요.
2024-12-20 14:04:30,383 [__main__] [INFO] :: Processing Time: 0.0693 seconds
2024-12-20 14:04:30,383 [__main__] [INFO] :: ----------------------------------------------------------------------------------------------------
2024-12-20 14:04:31,185 [__main__] [INFO] :: Received message: 탕수육이 있나요?
2024-12-20 14:04:31,211 [__main__] [INFO] :: Intent ID: 2
2024-12-20 14:04:31,253 [__main__] [INFO] :: Response: 더 자세한 메뉴 정보 제공을 위해 QR URL 주소를 전송해드릴게요.
2024-12-20 14:04:31,253 [__main__] [INFO] :: Processing Time: 0.0686 seconds
2024-12-20 14:04:31,253 [__main__] [INFO] :: ----------------------------------------------------------------------------------------------------
2024-12-20 14:04:43,492 [__main__] [INFO] :: Received message: 디저트 메뉴가 있나요?
2024-12-20 14:04:43,520 [__main__] [INFO] :: Intent ID: 4
2024-12-20 14:04:43,569 [__main__] [INFO] :: Response: 저희 매장에서는 고추짜장 메뉴를 추천 해요.
2024-12-20 14:04:43,569 [__main__] [INFO] :: Processing Time: 0.0772 seconds
2024-12-20 14:04:43,569 [__main__] [INFO] :: ----------------------------------------------------------------------------------------------------
2024-12-20 14:04:47,584 [__main__] [INFO] :: Received message: 디저트 메뉴가 있나요?
2024-12-20 14:04:47,620 [__main__] [INFO] :: Intent ID: 4
2024-12-20 14:04:47,669 [__main__] [INFO] :: Response: 저희 매장에서는 고추짜장 메뉴를 추천 해요.
2024-12-20 14:04:47,669 [__main__] [INFO] :: Processing Time: 0.0854 seconds
2024-12-20 14:04:47,669 [__main__] [INFO] :: ----------------------------------------------------------------------------------------------------
2024-12-20 14:04:50,191 [__main__] [INFO] :: Received message: 디저트 메뉴가 있나요?
2024-12-20 14:04:50,222 [__main__] [INFO] :: Intent ID: 4
2024-12-20 14:04:50,270 [__main__] [INFO] :: Response: 저희 매장에서는 굴짬뽕 메뉴를 추천 해요.
2024-12-20 14:04:50,270 [__main__] [INFO] :: Processing Time: 0.0794 seconds
2024-12-20 14:04:50,270 [__main__] [INFO] :: ----------------------------------------------------------------------------------------------------
2024-12-20 14:04:51,532 [__main__] [INFO] :: Received message: 디저트 메뉴가 있나요?
2024-12-20 14:04:51,560 [__main__] [INFO] :: Intent ID: 4
2024-12-20 14:04:51,609 [__main__] [INFO] :: Response: 저희 매장에서는 굴짬뽕 메뉴를 추천 해요.
2024-12-20 14:04:51,609 [__main__] [INFO] :: Processing Time: 0.0771 seconds
2024-12-20 14:04:51,609 [__main__] [INFO] :: ----------------------------------------------------------------------------------------------------
2024-12-20 14:04:53,281 [__main__] [INFO] :: Received message: 디저트 메뉴가 있나요?
2024-12-20 14:04:53,310 [__main__] [INFO] :: Intent ID: 4
2024-12-20 14:04:53,358 [__main__] [INFO] :: Response: 저희 매장에서는 고추짜장 메뉴를 추천 해요.
2024-12-20 14:04:53,358 [__main__] [INFO] :: Processing Time: 0.0778 seconds
2024-12-20 14:04:53,359 [__main__] [INFO] :: ----------------------------------------------------------------------------------------------------
2024-12-20 14:04:54,734 [__main__] [INFO] :: Received message: 디저트 메뉴가 있나요?
2024-12-20 14:04:54,763 [__main__] [INFO] :: Intent ID: 4
2024-12-20 14:04:54,810 [__main__] [INFO] :: Response: 저희 매장에서는 고추짜장 메뉴를 추천 해요.
2024-12-20 14:04:54,810 [__main__] [INFO] :: Processing Time: 0.0764 seconds
2024-12-20 14:04:54,810 [__main__] [INFO] :: ----------------------------------------------------------------------------------------------------
2024-12-20 14:04:56,017 [__main__] [INFO] :: Received message: 디저트 메뉴가 있나요?
2024-12-20 14:04:56,037 [__main__] [INFO] :: Intent ID: 4
2024-12-20 14:04:56,080 [__main__] [INFO] :: Response: 저희 매장에서는 고추짬뽕 메뉴를 추천 해요.
2024-12-20 14:04:56,081 [__main__] [INFO] :: Processing Time: 0.0634 seconds
2024-12-20 14:04:56,081 [__main__] [INFO] :: ----------------------------------------------------------------------------------------------------
2024-12-20 14:05:08,147 [__main__] [INFO] :: Received message: 고추짜장은 얼마야?
2024-12-20 14:05:08,173 [__main__] [INFO] :: Intent ID: 1
2024-12-20 14:05:08,235 [__main__] [INFO] :: Response: 쟁반짜장의 가격은 16000원 입니다. 더 자세한 내용은 문자로 발송해드린 메뉴판을 확인해주세요.
2024-12-20 14:05:08,235 [__main__] [INFO] :: Processing Time: 0.0880 seconds
2024-12-20 14:05:08,235 [__main__] [INFO] :: ----------------------------------------------------------------------------------------------------
2024-12-20 14:05:15,336 [__main__] [INFO] :: Received message: 고추짜장은 얼마야?
2024-12-20 14:05:15,363 [__main__] [INFO] :: Intent ID: 1
2024-12-20 14:05:15,427 [__main__] [INFO] :: Response: 쟁반짜장의 가격은 16000원 입니다. 더 자세한 내용은 문자로 발송해드린 메뉴판을 확인해주세요.
2024-12-20 14:05:15,427 [__main__] [INFO] :: Processing Time: 0.0914 seconds
2024-12-20 14:05:15,427 [__main__] [INFO] :: ----------------------------------------------------------------------------------------------------
2024-12-20 14:05:16,040 [__main__] [INFO] :: Received message: 고추짜장은 얼마야?
2024-12-20 14:05:16,068 [__main__] [INFO] :: Intent ID: 1
2024-12-20 14:05:16,131 [__main__] [INFO] :: Response: 쟁반짜장의 가격은 16000원 입니다. 더 자세한 내용은 문자로 발송해드린 메뉴판을 확인해주세요.
2024-12-20 14:05:16,131 [__main__] [INFO] :: Processing Time: 0.0909 seconds
2024-12-20 14:05:16,131 [__main__] [INFO] :: ----------------------------------------------------------------------------------------------------
2024-12-20 14:05:16,712 [__main__] [INFO] :: Received message: 고추짜장은 얼마야?
2024-12-20 14:05:16,740 [__main__] [INFO] :: Intent ID: 1
2024-12-20 14:05:16,962 [__main__] [INFO] :: Response: 쟁반짜장의 가격은 16000원 입니다. 더 자세한 내용은 문자로 발송해드린 메뉴판을 확인해주세요.
2024-12-20 14:05:16,962 [__main__] [INFO] :: Processing Time: 0.2500 seconds
2024-12-20 14:05:16,962 [__main__] [INFO] :: ----------------------------------------------------------------------------------------------------
2024-12-20 14:05:23,282 [__main__] [INFO] :: Received message: 고추짜장 얼마야?
2024-12-20 14:05:23,316 [__main__] [INFO] :: Intent ID: 1
2024-12-20 14:05:23,379 [__main__] [INFO] :: Response: 고추짜장의 가격은 8000원 입니다. 더 자세한 내용은 문자로 발송해드린 메뉴판을 확인해주세요.
2024-12-20 14:05:23,379 [__main__] [INFO] :: Processing Time: 0.0978 seconds
2024-12-20 14:05:23,379 [__main__] [INFO] :: ----------------------------------------------------------------------------------------------------
2024-12-20 14:05:23,996 [__main__] [INFO] :: Received message: 고추짜장 얼마야?
2024-12-20 14:05:24,021 [__main__] [INFO] :: Intent ID: 1
2024-12-20 14:05:24,083 [__main__] [INFO] :: Response: 고추짜장의 가격은 8000원 입니다. 더 자세한 내용은 문자로 발송해드린 메뉴판을 확인해주세요.
2024-12-20 14:05:24,083 [__main__] [INFO] :: Processing Time: 0.0876 seconds
2024-12-20 14:05:24,083 [__main__] [INFO] :: ----------------------------------------------------------------------------------------------------
2024-12-20 14:05:24,693 [__main__] [INFO] :: Received message: 고추짜장 얼마야?
2024-12-20 14:05:24,720 [__main__] [INFO] :: Intent ID: 1
2024-12-20 14:05:24,782 [__main__] [INFO] :: Response: 고추짜장의 가격은 8000원 입니다. 더 자세한 내용은 문자로 발송해드린 메뉴판을 확인해주세요.
2024-12-20 14:05:24,782 [__main__] [INFO] :: Processing Time: 0.0887 seconds
2024-12-20 14:05:24,782 [__main__] [INFO] :: ----------------------------------------------------------------------------------------------------
2024-12-20 14:06:34,045 [__main__] [INFO] :: Received message: 고추짜장 은 얼마야?
2024-12-20 14:06:34,072 [__main__] [INFO] :: Intent ID: 1
2024-12-20 14:06:34,136 [__main__] [INFO] :: Response: 고추짜장의 가격은 8000원 입니다. 더 자세한 내용은 문자로 발송해드린 메뉴판을 확인해주세요.
2024-12-20 14:06:34,136 [__main__] [INFO] :: Processing Time: 0.0915 seconds
2024-12-20 14:06:34,136 [__main__] [INFO] :: ----------------------------------------------------------------------------------------------------
2024-12-20 14:06:39,176 [__main__] [INFO] :: Received message: 고추짜장 은 얼마야?
2024-12-20 14:06:39,202 [__main__] [INFO] :: Intent ID: 1
2024-12-20 14:06:39,274 [__main__] [INFO] :: Response: 고추짜장의 가격은 8000원 입니다. 더 자세한 내용은 문자로 발송해드린 메뉴판을 확인해주세요.
2024-12-20 14:06:39,274 [__main__] [INFO] :: Processing Time: 0.0980 seconds
2024-12-20 14:06:39,274 [__main__] [INFO] :: ----------------------------------------------------------------------------------------------------
2024-12-20 14:06:40,079 [__main__] [INFO] :: Received message: 고추짜장 은 얼마야?
2024-12-20 14:06:40,105 [__main__] [INFO] :: Intent ID: 1
2024-12-20 14:06:40,168 [__main__] [INFO] :: Response: 고추짜장의 가격은 8000원 입니다. 더 자세한 내용은 문자로 발송해드린 메뉴판을 확인해주세요.
2024-12-20 14:06:40,169 [__main__] [INFO] :: Processing Time: 0.0895 seconds
2024-12-20 14:06:40,169 [__main__] [INFO] :: ----------------------------------------------------------------------------------------------------
2024-12-20 14:06:40,999 [__main__] [INFO] :: Received message: 고추짜장 은 얼마야?
2024-12-20 14:06:41,026 [__main__] [INFO] :: Intent ID: 1
2024-12-20 14:06:41,089 [__main__] [INFO] :: Response: 고추짜장의 가격은 8000원 입니다. 더 자세한 내용은 문자로 발송해드린 메뉴판을 확인해주세요.
2024-12-20 14:06:41,089 [__main__] [INFO] :: Processing Time: 0.0900 seconds
2024-12-20 14:06:41,089 [__main__] [INFO] :: ----------------------------------------------------------------------------------------------------
2024-12-20 14:06:45,033 [__main__] [INFO] :: Received message: 고추짜장은 얼마야?
2024-12-20 14:06:45,058 [__main__] [INFO] :: Intent ID: 1
2024-12-20 14:06:45,121 [__main__] [INFO] :: Response: 쟁반짜장의 가격은 16000원 입니다. 더 자세한 내용은 문자로 발송해드린 메뉴판을 확인해주세요.
2024-12-20 14:06:45,121 [__main__] [INFO] :: Processing Time: 0.0889 seconds
2024-12-20 14:06:45,122 [__main__] [INFO] :: ----------------------------------------------------------------------------------------------------
2024-12-20 14:06:45,942 [__main__] [INFO] :: Received message: 고추짜장은 얼마야?
2024-12-20 14:06:45,969 [__main__] [INFO] :: Intent ID: 1
2024-12-20 14:06:46,032 [__main__] [INFO] :: Response: 쟁반짜장의 가격은 16000원 입니다. 더 자세한 내용은 문자로 발송해드린 메뉴판을 확인해주세요.
2024-12-20 14:06:46,033 [__main__] [INFO] :: Processing Time: 0.0913 seconds
2024-12-20 14:06:46,033 [__main__] [INFO] :: ----------------------------------------------------------------------------------------------------
2024-12-20 14:06:46,952 [__main__] [INFO] :: Received message: 고추짜장은 얼마야?
2024-12-20 14:06:46,984 [__main__] [INFO] :: Intent ID: 1
2024-12-20 14:06:47,048 [__main__] [INFO] :: Response: 쟁반짜장의 가격은 16000원 입니다. 더 자세한 내용은 문자로 발송해드린 메뉴판을 확인해주세요.
2024-12-20 14:06:47,048 [__main__] [INFO] :: Processing Time: 0.0968 seconds
2024-12-20 14:06:47,048 [__main__] [INFO] :: ----------------------------------------------------------------------------------------------------
