2024-12-20 13:35:36,902 [__main__] [INFO] :: *** 13h-35m-36s START ***
2024-12-20 13:35:36,902 [__main__] [INFO] :: *** PID: 2849973 ***
2024-12-20 13:37:37,186 [__main__] [INFO] :: Received message: 테이블 현황 알려줘
2024-12-20 13:37:38,402 [__main__] [INFO] :: Intent ID: 26
2024-12-20 13:37:38,525 [__main__] [INFO] :: Response: 지금 바로 이용하실 수 있어요. 4개 비어있어요
2024-12-20 13:37:38,525 [__main__] [INFO] :: Processing Time: 1.3395 seconds
2024-12-20 13:37:38,525 [__main__] [INFO] :: ----------------------------------------------------------------------------------------------------
2024-12-20 13:37:44,318 [__main__] [INFO] :: Received message: 테이블 현황 알려줘
2024-12-20 13:37:44,343 [__main__] [INFO] :: Intent ID: 26
2024-12-20 13:37:44,389 [__main__] [INFO] :: Response: 지금 바로 이용하실 수 있어요. 4개 비어있어요
2024-12-20 13:37:44,389 [__main__] [INFO] :: Processing Time: 0.0713 seconds
2024-12-20 13:37:44,389 [__main__] [INFO] :: ----------------------------------------------------------------------------------------------------
2024-12-20 13:37:45,340 [__main__] [INFO] :: Received message: 테이블 현황 알려줘
2024-12-20 13:37:45,364 [__main__] [INFO] :: Intent ID: 26
2024-12-20 13:37:45,410 [__main__] [INFO] :: Response: 지금 바로 이용하실 수 있어요. 4개 비어있어요
2024-12-20 13:37:45,411 [__main__] [INFO] :: Processing Time: 0.0704 seconds
2024-12-20 13:37:45,411 [__main__] [INFO] :: ----------------------------------------------------------------------------------------------------
2024-12-20 13:37:46,134 [__main__] [INFO] :: Received message: 테이블 현황 알려줘
2024-12-20 13:37:46,158 [__main__] [INFO] :: Intent ID: 26
2024-12-20 13:37:46,203 [__main__] [INFO] :: Response: 지금 바로 이용하실 수 있어요. 4개 비어있어요
2024-12-20 13:37:46,204 [__main__] [INFO] :: Processing Time: 0.0700 seconds
2024-12-20 13:37:46,204 [__main__] [INFO] :: ----------------------------------------------------------------------------------------------------
2024-12-20 13:37:46,837 [__main__] [INFO] :: Received message: 테이블 현황 알려줘
2024-12-20 13:37:46,862 [__main__] [INFO] :: Intent ID: 26
2024-12-20 13:37:46,908 [__main__] [INFO] :: Response: 지금 바로 이용하실 수 있어요. 4개 비어있어요
2024-12-20 13:37:46,908 [__main__] [INFO] :: Processing Time: 0.0711 seconds
2024-12-20 13:37:46,908 [__main__] [INFO] :: ----------------------------------------------------------------------------------------------------
2024-12-20 13:37:47,540 [__main__] [INFO] :: Received message: 테이블 현황 알려줘
2024-12-20 13:37:47,565 [__main__] [INFO] :: Intent ID: 26
2024-12-20 13:37:47,611 [__main__] [INFO] :: Response: 지금 바로 이용하실 수 있어요. 4개 비어있어요
2024-12-20 13:37:47,611 [__main__] [INFO] :: Processing Time: 0.0711 seconds
2024-12-20 13:37:47,611 [__main__] [INFO] :: ----------------------------------------------------------------------------------------------------
2024-12-20 13:37:48,217 [__main__] [INFO] :: Received message: 테이블 현황 알려줘
2024-12-20 13:37:48,247 [__main__] [INFO] :: Intent ID: 26
2024-12-20 13:37:48,337 [__main__] [INFO] :: Response: 지금 바로 이용하실 수 있어요. 4개 비어있어요
2024-12-20 13:37:48,337 [__main__] [INFO] :: Processing Time: 0.1205 seconds
2024-12-20 13:37:48,337 [__main__] [INFO] :: ----------------------------------------------------------------------------------------------------
2024-12-20 13:37:48,959 [__main__] [INFO] :: Received message: 테이블 현황 알려줘
2024-12-20 13:37:48,984 [__main__] [INFO] :: Intent ID: 26
2024-12-20 13:37:49,030 [__main__] [INFO] :: Response: 지금 바로 이용하실 수 있어요. 4개 비어있어요
2024-12-20 13:37:49,030 [__main__] [INFO] :: Processing Time: 0.0712 seconds
2024-12-20 13:37:49,030 [__main__] [INFO] :: ----------------------------------------------------------------------------------------------------
2024-12-20 13:37:49,662 [__main__] [INFO] :: Received message: 테이블 현황 알려줘
2024-12-20 13:37:49,687 [__main__] [INFO] :: Intent ID: 26
2024-12-20 13:37:49,733 [__main__] [INFO] :: Response: 지금 바로 이용하실 수 있어요. 4개 비어있어요
2024-12-20 13:37:49,733 [__main__] [INFO] :: Processing Time: 0.0712 seconds
2024-12-20 13:37:49,733 [__main__] [INFO] :: ----------------------------------------------------------------------------------------------------
2024-12-20 13:37:50,361 [__main__] [INFO] :: Received message: 테이블 현황 알려줘
2024-12-20 13:37:50,386 [__main__] [INFO] :: Intent ID: 26
2024-12-20 13:37:50,431 [__main__] [INFO] :: Response: 지금 바로 이용하실 수 있어요. 4개 비어있어요
2024-12-20 13:37:50,432 [__main__] [INFO] :: Processing Time: 0.0706 seconds
2024-12-20 13:37:50,432 [__main__] [INFO] :: ----------------------------------------------------------------------------------------------------
2024-12-20 13:37:51,762 [__main__] [INFO] :: Received message: 테이블 현황 알려줘
2024-12-20 13:37:51,787 [__main__] [INFO] :: Intent ID: 26
2024-12-20 13:37:51,833 [__main__] [INFO] :: Response: 지금 바로 이용하실 수 있어요. 4개 비어있어요
2024-12-20 13:37:51,833 [__main__] [INFO] :: Processing Time: 0.0712 seconds
2024-12-20 13:37:51,833 [__main__] [INFO] :: ----------------------------------------------------------------------------------------------------
2024-12-20 13:37:52,543 [__main__] [INFO] :: Received message: 테이블 현황 알려줘
2024-12-20 13:37:52,566 [__main__] [INFO] :: Intent ID: 26
2024-12-20 13:37:52,612 [__main__] [INFO] :: Response: 지금 바로 이용하실 수 있어요. 4개 비어있어요
2024-12-20 13:37:52,612 [__main__] [INFO] :: Processing Time: 0.0695 seconds
2024-12-20 13:37:52,612 [__main__] [INFO] :: ----------------------------------------------------------------------------------------------------
2024-12-20 13:37:53,300 [__main__] [INFO] :: Received message: 테이블 현황 알려줘
2024-12-20 13:37:53,322 [__main__] [INFO] :: Intent ID: 26
2024-12-20 13:37:53,367 [__main__] [INFO] :: Response: 지금 바로 이용하실 수 있어요. 4개 비어있어요
2024-12-20 13:37:53,367 [__main__] [INFO] :: Processing Time: 0.0679 seconds
2024-12-20 13:37:53,367 [__main__] [INFO] :: ----------------------------------------------------------------------------------------------------
2024-12-20 13:37:53,952 [__main__] [INFO] :: Received message: 테이블 현황 알려줘
2024-12-20 13:37:53,978 [__main__] [INFO] :: Intent ID: 26
2024-12-20 13:37:54,023 [__main__] [INFO] :: Response: 지금 바로 이용하실 수 있어요. 4개 비어있어요
2024-12-20 13:37:54,023 [__main__] [INFO] :: Processing Time: 0.0716 seconds
2024-12-20 13:37:54,023 [__main__] [INFO] :: ----------------------------------------------------------------------------------------------------
2024-12-20 13:37:54,661 [__main__] [INFO] :: Received message: 테이블 현황 알려줘
2024-12-20 13:37:54,688 [__main__] [INFO] :: Intent ID: 26
2024-12-20 13:37:54,734 [__main__] [INFO] :: Response: 지금 바로 이용하실 수 있어요. 4개 비어있어요
2024-12-20 13:37:54,734 [__main__] [INFO] :: Processing Time: 0.0735 seconds
2024-12-20 13:37:54,734 [__main__] [INFO] :: ----------------------------------------------------------------------------------------------------
2024-12-20 13:37:55,339 [__main__] [INFO] :: Received message: 테이블 현황 알려줘
2024-12-20 13:37:55,363 [__main__] [INFO] :: Intent ID: 26
2024-12-20 13:37:55,408 [__main__] [INFO] :: Response: 지금 바로 이용하실 수 있어요. 4개 비어있어요
2024-12-20 13:37:55,408 [__main__] [INFO] :: Processing Time: 0.0688 seconds
2024-12-20 13:37:55,408 [__main__] [INFO] :: ----------------------------------------------------------------------------------------------------
2024-12-20 13:37:56,213 [__main__] [INFO] :: Received message: 테이블 현황 알려줘
2024-12-20 13:37:56,238 [__main__] [INFO] :: Intent ID: 26
2024-12-20 13:37:56,283 [__main__] [INFO] :: Response: 지금 바로 이용하실 수 있어요. 4개 비어있어요
2024-12-20 13:37:56,284 [__main__] [INFO] :: Processing Time: 0.0705 seconds
2024-12-20 13:37:56,284 [__main__] [INFO] :: ----------------------------------------------------------------------------------------------------
2024-12-20 13:37:57,069 [__main__] [INFO] :: Received message: 테이블 현황 알려줘
2024-12-20 13:37:57,099 [__main__] [INFO] :: Intent ID: 26
2024-12-20 13:37:57,145 [__main__] [INFO] :: Response: 지금 바로 이용하실 수 있어요. 4개 비어있어요
2024-12-20 13:37:57,145 [__main__] [INFO] :: Processing Time: 0.0765 seconds
2024-12-20 13:37:57,145 [__main__] [INFO] :: ----------------------------------------------------------------------------------------------------
