2024-12-20 15:32:28,971 [__main__] [INFO] :: *** 15h-32m-28s START ***
2024-12-20 15:32:28,971 [__main__] [INFO] :: *** PID: 2905004 ***
2024-12-20 15:32:55,746 [__main__] [INFO] :: Received message: 메뉴 뭐 있어
2024-12-20 15:32:56,707 [__main__] [INFO] :: Intent ID: 4
2024-12-20 15:32:56,809 [__main__] [INFO] :: Response: 저희 매장에서는 굴짬뽕 메뉴를 추천 해요.
2024-12-20 15:32:56,810 [__main__] [INFO] :: Processing Time: 1.0636 seconds
2024-12-20 15:32:56,810 [__main__] [INFO] :: ----------------------------------------------------------------------------------------------------
2024-12-20 15:33:33,816 [__main__] [INFO] :: Received message: 무슨 메뉴 판매해
2024-12-20 15:33:33,843 [__main__] [INFO] :: Intent ID: 0
2024-12-20 15:33:33,889 [__main__] [INFO] :: Response: 저희 매장에는 면류, 반반메뉴, 밥류, 사이드, 세트메뉴, 주류, 튀김류의 메뉴 종류들이 있어요.
2024-12-20 15:33:33,889 [__main__] [INFO] :: Processing Time: 0.0736 seconds
2024-12-20 15:33:33,889 [__main__] [INFO] :: ----------------------------------------------------------------------------------------------------
2024-12-20 15:33:45,612 [__main__] [INFO] :: Received message:  짜장면 얼마야
2024-12-20 15:33:45,638 [__main__] [INFO] :: Intent ID: 1
2024-12-20 15:33:45,698 [__main__] [INFO] :: Response: 15주년행사 짜장면의 가격은 3900원 입니다. 더 자세한 내용은 문자로 발송해드린 메뉴판을 확인해주세요.
2024-12-20 15:33:45,698 [__main__] [INFO] :: Processing Time: 0.0862 seconds
2024-12-20 15:33:45,699 [__main__] [INFO] :: ----------------------------------------------------------------------------------------------------
2024-12-20 15:33:59,320 [__main__] [INFO] :: Received message:  고추 짬뽕은 얼마야
2024-12-20 15:33:59,346 [__main__] [INFO] :: Intent ID: 1
2024-12-20 15:33:59,406 [__main__] [INFO] :: Response: 쟁반짜장의 가격은 16000원 입니다. 더 자세한 내용은 문자로 발송해드린 메뉴판을 확인해주세요.
2024-12-20 15:33:59,407 [__main__] [INFO] :: Processing Time: 0.0865 seconds
2024-12-20 15:33:59,407 [__main__] [INFO] :: ----------------------------------------------------------------------------------------------------
2024-12-20 15:34:10,708 [__main__] [INFO] :: Received message:  쟁반짜장은 얼마야
2024-12-20 15:34:10,733 [__main__] [INFO] :: Intent ID: 1
2024-12-20 15:34:10,793 [__main__] [INFO] :: Response: 쟁반짜장의 가격은 16000원 입니다. 더 자세한 내용은 문자로 발송해드린 메뉴판을 확인해주세요.
2024-12-20 15:34:10,793 [__main__] [INFO] :: Processing Time: 0.0858 seconds
2024-12-20 15:34:10,794 [__main__] [INFO] :: ----------------------------------------------------------------------------------------------------
2024-12-20 15:34:21,703 [__main__] [INFO] :: Received message:  주차 가능해
2024-12-20 15:34:21,730 [__main__] [INFO] :: Intent ID: 44
2024-12-20 15:34:21,770 [__main__] [INFO] :: Response: 해당 문의는 확인 후 전화하신 번호로 안내 드릴게요.
2024-12-20 15:34:21,770 [__main__] [INFO] :: Processing Time: 0.0670 seconds
2024-12-20 15:34:21,770 [__main__] [INFO] :: ----------------------------------------------------------------------------------------------------
2024-12-20 15:35:11,410 [__main__] [INFO] :: Received message: 무슨 메뉴 있어
2024-12-20 15:35:11,437 [__main__] [INFO] :: Intent ID: 4
2024-12-20 15:35:11,483 [__main__] [INFO] :: Response: 저희 매장에서는 고추짬뽕 메뉴를 추천 해요.
2024-12-20 15:35:11,484 [__main__] [INFO] :: Processing Time: 0.0740 seconds
2024-12-20 15:35:11,484 [__main__] [INFO] :: ----------------------------------------------------------------------------------------------------
2024-12-20 15:35:19,064 [__main__] [INFO] :: Received message:  좀 안내해 줄래
2024-12-20 15:35:19,090 [__main__] [INFO] :: Intent ID: 44
2024-12-20 15:35:19,131 [__main__] [INFO] :: Response: 해당 문의는 확인 후 전화하신 번호로 안내 드릴게요.
2024-12-20 15:35:19,131 [__main__] [INFO] :: Processing Time: 0.0668 seconds
2024-12-20 15:35:19,131 [__main__] [INFO] :: ----------------------------------------------------------------------------------------------------
2024-12-20 15:35:33,864 [__main__] [INFO] :: Received message:  고추짬뽕은 얼마야
2024-12-20 15:35:33,893 [__main__] [INFO] :: Intent ID: 1
2024-12-20 15:35:33,963 [__main__] [INFO] :: Response: 쟁반짜장의 가격은 16000원 입니다. 더 자세한 내용은 문자로 발송해드린 메뉴판을 확인해주세요.
2024-12-20 15:35:33,963 [__main__] [INFO] :: Processing Time: 0.0998 seconds
2024-12-20 15:35:33,963 [__main__] [INFO] :: ----------------------------------------------------------------------------------------------------
2024-12-20 15:35:45,073 [__main__] [INFO] :: Received message:  무슨 메뉴 있어
2024-12-20 15:35:45,100 [__main__] [INFO] :: Intent ID: 4
2024-12-20 15:35:45,146 [__main__] [INFO] :: Response: 저희 매장에서는 고추짬뽕 메뉴를 추천 해요.
2024-12-20 15:35:45,146 [__main__] [INFO] :: Processing Time: 0.0736 seconds
2024-12-20 15:35:45,146 [__main__] [INFO] :: ----------------------------------------------------------------------------------------------------
2024-12-20 15:35:51,876 [__main__] [INFO] :: Received message: 
2024-12-20 15:35:51,900 [__main__] [INFO] :: Intent ID: 47
2024-12-20 15:35:51,941 [__main__] [INFO] :: Response: 제가 답변 드릴 수 없는 문의입니다.
2024-12-20 15:35:51,941 [__main__] [INFO] :: Processing Time: 0.0658 seconds
2024-12-20 15:35:51,941 [__main__] [INFO] :: ----------------------------------------------------------------------------------------------------
2024-12-26 15:54:54,950 [__main__] [INFO] :: Received message: 메뉴 뭐 있어?
2024-12-26 15:54:54,978 [__main__] [INFO] :: Intent ID: 4
2024-12-26 15:54:55,032 [__main__] [INFO] :: Response: 저희 매장에서는 고추짬뽕 메뉴를 추천 해요.
2024-12-26 15:54:55,033 [__main__] [INFO] :: Processing Time: 0.0833 seconds
2024-12-26 15:54:55,033 [__main__] [INFO] :: ----------------------------------------------------------------------------------------------------
2024-12-26 15:55:24,961 [__main__] [INFO] :: Received message: 메뉴 뭐 있어?
2024-12-26 15:55:24,986 [__main__] [INFO] :: Intent ID: 4
2024-12-26 15:55:25,032 [__main__] [INFO] :: Response: 저희 매장에서는 고추짜장 메뉴를 추천 해요.
2024-12-26 15:55:25,032 [__main__] [INFO] :: Processing Time: 0.0710 seconds
2024-12-26 15:55:25,032 [__main__] [INFO] :: ----------------------------------------------------------------------------------------------------
2024-12-26 15:55:45,369 [__main__] [INFO] :: Received message: 짜장면 얼마야?
2024-12-26 15:55:45,397 [__main__] [INFO] :: Intent ID: 1
2024-12-26 15:55:45,459 [__main__] [INFO] :: Response: 15주년행사 짜장면의 가격은 3900원 입니다. 더 자세한 내용은 문자로 발송해드린 메뉴판을 확인해주세요.
2024-12-26 15:55:45,459 [__main__] [INFO] :: Processing Time: 0.0903 seconds
2024-12-26 15:55:45,459 [__main__] [INFO] :: ----------------------------------------------------------------------------------------------------
