2024-12-29 16:08:08,625 [__main__] [INFO] :: *** 16h-08m-08s START ***
2024-12-29 16:08:08,626 [__main__] [INFO] :: *** PID: 1846268 ***
2024-12-29 16:08:26,103 [__main__] [INFO] :: Received message: 멤버십 가입 하고 싶어
2024-12-29 16:08:27,337 [__main__] [INFO] :: Intent ID: 34
2024-12-29 16:08:27,458 [__main__] [INFO] :: Response: 저희 매장에는 멤버십 서비스가 있어요. 포인트 서비스나 쿠폰을 발급 받기 위해서는 스마트 주문 앱 또는 키오스크에서 가입이 필요해요.
2024-12-29 16:08:27,458 [__main__] [INFO] :: Processing Time: 1.3553 seconds
2024-12-29 16:08:27,458 [__main__] [INFO] :: ----------------------------------------------------------------------------------------------------
2024-12-29 16:08:40,664 [__main__] [INFO] :: Received message: 멤버십 혜택이 어떻게 돼?
2024-12-29 16:08:40,693 [__main__] [INFO] :: Intent ID: 35
2024-12-29 16:08:40,735 [__main__] [INFO] :: Response: 포인트 서비스나 쿠폰을 발급 받을 수 있어요.
2024-12-29 16:08:40,736 [__main__] [INFO] :: Processing Time: 0.0722 seconds
2024-12-29 16:08:40,736 [__main__] [INFO] :: ----------------------------------------------------------------------------------------------------
2024-12-29 16:08:53,304 [__main__] [INFO] :: Received message: 멤버십 가입시 혜택이 있어?
2024-12-29 16:08:53,331 [__main__] [INFO] :: Intent ID: 35
2024-12-29 16:08:53,373 [__main__] [INFO] :: Response: 포인트 서비스나 쿠폰을 발급 받을 수 있어요.
2024-12-29 16:08:53,373 [__main__] [INFO] :: Processing Time: 0.0695 seconds
2024-12-29 16:08:53,373 [__main__] [INFO] :: ----------------------------------------------------------------------------------------------------
2024-12-29 16:09:03,891 [__main__] [INFO] :: Received message: 탕수육은 얼마야?
2024-12-29 16:09:03,917 [__main__] [INFO] :: Intent ID: 1
2024-12-29 16:09:03,979 [__main__] [INFO] :: Response: 쟁반짜장의 가격은 16000원 입니다. 더 자세한 내용은 문자로 발송해드린 메뉴판을 확인해주세요.
2024-12-29 16:09:03,979 [__main__] [INFO] :: Processing Time: 0.0883 seconds
2024-12-29 16:09:03,979 [__main__] [INFO] :: ----------------------------------------------------------------------------------------------------
