2024-12-29 16:30:22,857 [__main__] [INFO] :: *** 16h-30m-22s START ***
2024-12-29 16:30:22,857 [__main__] [INFO] :: *** PID: 1854077 ***
2024-12-29 16:30:27,898 [__main__] [INFO] :: Received message: 탕수육은 얼마야?
2024-12-29 16:30:29,277 [__main__] [INFO] :: Intent ID: 1
2024-12-29 16:30:38,625 [__main__] [INFO] :: Response: 탕수육의 가격은 18800원 입니다. 더 자세한 내용은 문자로 발송해드린 메뉴판을 확인해주세요.
2024-12-29 16:30:38,626 [__main__] [INFO] :: Processing Time: 10.7287 seconds
2024-12-29 16:30:38,626 [__main__] [INFO] :: ----------------------------------------------------------------------------------------------------
2024-12-29 16:30:43,734 [__main__] [INFO] :: Received message: 탕수육은 얼마야?
2024-12-29 16:30:43,762 [__main__] [INFO] :: Intent ID: 1
2024-12-29 16:30:45,955 [__main__] [INFO] :: Response: 탕수육의 가격은 18800원 입니다. 더 자세한 내용은 문자로 발송해드린 메뉴판을 확인해주세요.
2024-12-29 16:30:45,956 [__main__] [INFO] :: Processing Time: 2.2215 seconds
2024-12-29 16:30:45,956 [__main__] [INFO] :: ----------------------------------------------------------------------------------------------------
2024-12-29 16:31:19,512 [__main__] [INFO] :: Received message: 월요일에 영업해?
2024-12-29 16:31:19,539 [__main__] [INFO] :: Intent ID: 21
2024-12-29 16:31:21,644 [__main__] [INFO] :: Response: 저희 매장은 월요일에 영업 해요. 11시부터 20시 30분 사이에 편하게 방문해주세요.
2024-12-29 16:31:21,644 [__main__] [INFO] :: Processing Time: 2.1319 seconds
2024-12-29 16:31:21,644 [__main__] [INFO] :: ----------------------------------------------------------------------------------------------------
2024-12-29 16:31:55,751 [__main__] [INFO] :: Received message: 카카오 페이 가능해?
2024-12-29 16:31:55,780 [__main__] [INFO] :: Intent ID: 14
2024-12-29 16:31:57,889 [__main__] [INFO] :: Response: 저희 매장에서는 카카오 결제 방식으로 가능해요.
2024-12-29 16:31:57,889 [__main__] [INFO] :: Processing Time: 2.1380 seconds
2024-12-29 16:31:57,889 [__main__] [INFO] :: ----------------------------------------------------------------------------------------------------
2024-12-29 16:32:15,413 [__main__] [INFO] :: Received message: 네이버 페이 가능해?
2024-12-29 16:32:15,445 [__main__] [INFO] :: Intent ID: 14
2024-12-29 16:32:17,524 [__main__] [INFO] :: Response: 저희 매장에서는 네이버 결제 방식으로 가능해요.
2024-12-29 16:32:17,524 [__main__] [INFO] :: Processing Time: 2.1114 seconds
2024-12-29 16:32:17,524 [__main__] [INFO] :: ----------------------------------------------------------------------------------------------------
2024-12-29 16:32:22,283 [__main__] [INFO] :: Received message: 네이버페이 가능해?
2024-12-29 16:32:22,309 [__main__] [INFO] :: Intent ID: 14
2024-12-29 16:32:24,535 [__main__] [INFO] :: Response: 저희 매장에서는 네이버페이 결제 방식으로 가능해요.
2024-12-29 16:32:24,535 [__main__] [INFO] :: Processing Time: 2.2526 seconds
2024-12-29 16:32:24,535 [__main__] [INFO] :: ----------------------------------------------------------------------------------------------------
2024-12-29 16:32:46,406 [__main__] [INFO] :: Received message: 말도안되는 페이 가능해?
2024-12-29 16:32:46,435 [__main__] [INFO] :: Intent ID: 13
2024-12-29 16:32:46,484 [__main__] [INFO] :: Response: 저희 매장에서는 신용카드, 현금, 모바일상품권, 간편결제 방식의 결제가 가능하며 간편결제로는 네이버페이 방식이 가능해요.
2024-12-29 16:32:46,484 [__main__] [INFO] :: Processing Time: 0.0781 seconds
2024-12-29 16:32:46,484 [__main__] [INFO] :: ----------------------------------------------------------------------------------------------------
2024-12-29 16:32:53,730 [__main__] [INFO] :: Received message: 말도안되는페이 가능해?
2024-12-29 16:32:53,759 [__main__] [INFO] :: Intent ID: 14
2024-12-29 16:32:55,815 [__main__] [INFO] :: Response: 저희 매장에서는 말도안되는페이 결제 방식으로 가능해요.
2024-12-29 16:32:55,815 [__main__] [INFO] :: Processing Time: 2.0854 seconds
2024-12-29 16:32:55,815 [__main__] [INFO] :: ----------------------------------------------------------------------------------------------------
