2024-12-29 16:38:35,405 [__main__] [INFO] :: *** 16h-38m-35s START ***
2024-12-29 16:38:35,405 [__main__] [INFO] :: *** PID: 1858882 ***
2024-12-29 16:38:43,018 [__main__] [INFO] :: Received message: 짬뽕은 얼마야?
2024-12-29 16:38:44,227 [__main__] [INFO] :: Intent ID: 1
2024-12-29 16:39:12,812 [__main__] [INFO] :: Response: 짬뽕의 가격은 7800원 입니다. 더 자세한 내용은 문자로 발송해드린 메뉴판을 확인해주세요.
2024-12-29 16:39:12,813 [__main__] [INFO] :: Processing Time: 29.7951 seconds
2024-12-29 16:39:12,813 [__main__] [INFO] :: ----------------------------------------------------------------------------------------------------
2024-12-29 16:39:22,844 [__main__] [INFO] :: Received message: 짬뽕 얼마야?
2024-12-29 16:39:22,873 [__main__] [INFO] :: Intent ID: 1
2024-12-29 16:39:28,090 [__main__] [INFO] :: Response: 짬뽕의 가격은 7800원 입니다. 더 자세한 내용은 문자로 발송해드린 메뉴판을 확인해주세요.
2024-12-29 16:39:28,091 [__main__] [INFO] :: Processing Time: 5.2470 seconds
2024-12-29 16:39:28,091 [__main__] [INFO] :: ----------------------------------------------------------------------------------------------------
2024-12-29 16:39:37,932 [__main__] [INFO] :: Received message: 짜장 얼마야?
2024-12-29 16:39:37,961 [__main__] [INFO] :: Intent ID: 1
2024-12-29 16:39:42,844 [__main__] [INFO] :: Response: 짜장의 가격은 6500원 입니다. 더 자세한 내용은 문자로 발송해드린 메뉴판을 확인해주세요.
2024-12-29 16:39:42,844 [__main__] [INFO] :: Processing Time: 4.9124 seconds
2024-12-29 16:39:42,844 [__main__] [INFO] :: ----------------------------------------------------------------------------------------------------
2024-12-29 16:39:53,568 [__main__] [INFO] :: Received message: 짜장면 얼마야?
2024-12-29 16:39:53,597 [__main__] [INFO] :: Intent ID: 1
2024-12-29 16:39:59,527 [__main__] [INFO] :: Response: 짜장의 가격은 6500원 입니다. 더 자세한 내용은 문자로 발송해드린 메뉴판을 확인해주세요.
2024-12-29 16:39:59,527 [__main__] [INFO] :: Processing Time: 5.9588 seconds
2024-12-29 16:39:59,527 [__main__] [INFO] :: ----------------------------------------------------------------------------------------------------
