2024-12-29 16:34:33,580 [__main__] [INFO] :: *** 16h-34m-33s START ***
2024-12-29 16:34:33,580 [__main__] [INFO] :: *** PID: 1856497 ***
2024-12-29 16:34:38,696 [__main__] [INFO] :: Received message: 짬뽕 얼마야?
2024-12-29 16:34:39,730 [__main__] [INFO] :: Intent ID: 1
2024-12-29 16:34:41,947 [__main__] [INFO] :: Response: 쟁반짜장의 가격은 16000원 입니다. 더 자세한 내용은 문자로 발송해드린 메뉴판을 확인해주세요.
2024-12-29 16:34:41,947 [__main__] [INFO] :: Processing Time: 3.2512 seconds
2024-12-29 16:34:41,947 [__main__] [INFO] :: ----------------------------------------------------------------------------------------------------
2024-12-29 16:35:24,045 [__main__] [INFO] :: Received message: 짬뽕은 얼마야?
2024-12-29 16:35:24,080 [__main__] [INFO] :: Intent ID: 1
2024-12-29 16:35:26,250 [__main__] [INFO] :: Response: 쟁반짜장의 가격은 16000원 입니다. 더 자세한 내용은 문자로 발송해드린 메뉴판을 확인해주세요.
2024-12-29 16:35:26,250 [__main__] [INFO] :: Processing Time: 2.2059 seconds
2024-12-29 16:35:26,250 [__main__] [INFO] :: ----------------------------------------------------------------------------------------------------
2024-12-29 16:35:33,043 [__main__] [INFO] :: Received message: 짜장면 얼마야?
2024-12-29 16:35:33,072 [__main__] [INFO] :: Intent ID: 1
2024-12-29 16:35:35,160 [__main__] [INFO] :: Response: 쟁반짜장의 가격은 16000원 입니다. 더 자세한 내용은 문자로 발송해드린 메뉴판을 확인해주세요.
2024-12-29 16:35:35,161 [__main__] [INFO] :: Processing Time: 2.1177 seconds
2024-12-29 16:35:35,161 [__main__] [INFO] :: ----------------------------------------------------------------------------------------------------
2024-12-29 16:35:41,745 [__main__] [INFO] :: Received message: 탕수육은 얼마야?
2024-12-29 16:35:41,774 [__main__] [INFO] :: Intent ID: 1
2024-12-29 16:35:43,916 [__main__] [INFO] :: Response: 탕수육의 가격은 18800원 입니다. 더 자세한 내용은 문자로 발송해드린 메뉴판을 확인해주세요.
2024-12-29 16:35:43,916 [__main__] [INFO] :: Processing Time: 2.1713 seconds
2024-12-29 16:35:43,917 [__main__] [INFO] :: ----------------------------------------------------------------------------------------------------
2024-12-29 16:36:01,154 [__main__] [INFO] :: Received message: 짬뽕은 얼마야?
2024-12-29 16:36:01,180 [__main__] [INFO] :: Intent ID: 1
2024-12-29 16:36:03,291 [__main__] [INFO] :: Response: 쟁반짜장의 가격은 16000원 입니다. 더 자세한 내용은 문자로 발송해드린 메뉴판을 확인해주세요.
2024-12-29 16:36:03,291 [__main__] [INFO] :: Processing Time: 2.1378 seconds
2024-12-29 16:36:03,291 [__main__] [INFO] :: ----------------------------------------------------------------------------------------------------
