2024-12-29 17:45:31,503 [__main__] [INFO] :: *** 17h-45m-31s START ***
2024-12-29 17:45:31,503 [__main__] [INFO] :: *** PID: 1875602 ***
2024-12-29 17:48:27,335 [__main__] [INFO] :: Received message: 괜히 뭐 있어
2024-12-29 17:48:28,434 [__main__] [INFO] :: Intent ID: 47
2024-12-29 17:48:28,541 [__main__] [INFO] :: Response: 현재 제가 말씀드리기는 어려운 요청이에요.
2024-12-29 17:48:28,541 [__main__] [INFO] :: Processing Time: 1.2065 seconds
2024-12-29 17:48:28,541 [__main__] [INFO] :: ----------------------------------------------------------------------------------------------------
2024-12-29 17:49:19,626 [__main__] [INFO] :: Received message: 메뉴 뭐 있어
2024-12-29 17:49:19,654 [__main__] [INFO] :: Intent ID: 0
2024-12-29 17:49:19,702 [__main__] [INFO] :: Response: 저희 매장에는 면류, 반반메뉴, 밥류, 사이드, 세트메뉴, 주류, 튀김류의 메뉴 종류들이 있어요.
2024-12-29 17:49:19,702 [__main__] [INFO] :: Processing Time: 0.0758 seconds
2024-12-29 17:49:19,702 [__main__] [INFO] :: ----------------------------------------------------------------------------------------------------
2024-12-29 17:51:05,318 [__main__] [INFO] :: Received message: 메뉴 뭐 있어
2024-12-29 17:51:05,344 [__main__] [INFO] :: Intent ID: 0
2024-12-29 17:51:05,391 [__main__] [INFO] :: Response: 저희 매장에는 면류, 반반메뉴, 밥류, 사이드, 세트메뉴, 주류, 튀김류의 메뉴 종류들이 있어요.
2024-12-29 17:51:05,391 [__main__] [INFO] :: Processing Time: 0.0734 seconds
2024-12-29 17:51:05,391 [__main__] [INFO] :: ----------------------------------------------------------------------------------------------------
2024-12-29 17:51:15,022 [__main__] [INFO] :: Received message: 집으로 이벤트 뭐 있어
2024-12-29 17:51:15,047 [__main__] [INFO] :: Intent ID: 43
2024-12-29 17:51:15,089 [__main__] [INFO] :: Response: 이벤트에 대한 구체적인 문의는 확인 후 전화하신 번호로 다시 연락드릴게요.
2024-12-29 17:51:15,089 [__main__] [INFO] :: Processing Time: 0.0666 seconds
2024-12-29 17:51:15,089 [__main__] [INFO] :: ----------------------------------------------------------------------------------------------------
2024-12-29 17:51:20,746 [__main__] [INFO] :: Received message: 뭐 있어
2024-12-29 17:51:20,774 [__main__] [INFO] :: Intent ID: 0
2024-12-29 17:51:20,820 [__main__] [INFO] :: Response: 저희 매장에는 면류, 반반메뉴, 밥류, 사이드, 세트메뉴, 주류, 튀김류의 메뉴 종류들이 있어요.
2024-12-29 17:51:20,820 [__main__] [INFO] :: Processing Time: 0.0736 seconds
2024-12-29 17:51:20,820 [__main__] [INFO] :: ----------------------------------------------------------------------------------------------------
2024-12-29 17:51:24,497 [__main__] [INFO] :: Received message: 이벤트 뭐 있어
2024-12-29 17:51:24,523 [__main__] [INFO] :: Intent ID: 41
2024-12-29 17:51:24,568 [__main__] [INFO] :: Response: 현재 저희 매장에서는 신메뉴 5% 할인 이벤트가 진행되고 있어요.
2024-12-29 17:51:24,568 [__main__] [INFO] :: Processing Time: 0.0711 seconds
2024-12-29 17:51:24,568 [__main__] [INFO] :: ----------------------------------------------------------------------------------------------------
2024-12-29 17:51:30,410 [__main__] [INFO] :: Received message: 근처에 뭐 있어
2024-12-29 17:51:30,436 [__main__] [INFO] :: Intent ID: 29
2024-12-29 17:51:30,477 [__main__] [INFO] :: Response: 지도에서 보시는게 더 정확하실 것 같아서 지도 링크를 전송해드렸어요.
2024-12-29 17:51:30,477 [__main__] [INFO] :: Processing Time: 0.0666 seconds
2024-12-29 17:51:30,477 [__main__] [INFO] :: ----------------------------------------------------------------------------------------------------
2024-12-29 17:51:38,452 [__main__] [INFO] :: Received message: 멤버십 가입 어떻게 해
2024-12-29 17:51:38,477 [__main__] [INFO] :: Intent ID: 34
2024-12-29 17:51:38,519 [__main__] [INFO] :: Response: 저희 매장에는 멤버십 서비스가 있어요. 포인트 서비스나 쿠폰을 발급 받기 위해서는 스마트 주문 앱 또는 키오스크에서 가입이 필요해요.
2024-12-29 17:51:38,519 [__main__] [INFO] :: Processing Time: 0.0672 seconds
2024-12-29 17:51:38,519 [__main__] [INFO] :: ----------------------------------------------------------------------------------------------------
2024-12-29 17:51:44,679 [__main__] [INFO] :: Received message: 연구실 혜택이 뭐야
2024-12-29 17:51:44,705 [__main__] [INFO] :: Intent ID: 35
2024-12-29 17:51:44,746 [__main__] [INFO] :: Response: 포인트 서비스나 쿠폰을 발급 받을 수 있어요.
2024-12-29 17:51:44,746 [__main__] [INFO] :: Processing Time: 0.0671 seconds
2024-12-29 17:51:44,746 [__main__] [INFO] :: ----------------------------------------------------------------------------------------------------
2024-12-29 17:51:48,342 [__main__] [INFO] :: Received message: 가입 세탁 있어
2024-12-29 17:51:48,367 [__main__] [INFO] :: Intent ID: 44
2024-12-29 17:51:48,407 [__main__] [INFO] :: Response: 해당 문의는 확인 후 전화하신 번호로 안내 드릴게요.
2024-12-29 17:51:48,407 [__main__] [INFO] :: Processing Time: 0.0651 seconds
2024-12-29 17:51:48,407 [__main__] [INFO] :: ----------------------------------------------------------------------------------------------------
2024-12-29 17:51:53,385 [__main__] [INFO] :: Received message: 가입 시 혜택이 있어
2024-12-29 17:51:53,411 [__main__] [INFO] :: Intent ID: 35
2024-12-29 17:51:53,451 [__main__] [INFO] :: Response: 포인트 서비스나 쿠폰을 발급 받을 수 있어요.
2024-12-29 17:51:53,451 [__main__] [INFO] :: Processing Time: 0.0669 seconds
2024-12-29 17:51:53,451 [__main__] [INFO] :: ----------------------------------------------------------------------------------------------------
2024-12-29 17:52:43,766 [__main__] [INFO] :: Received message: 짜장면 얼마야
2024-12-29 17:52:43,791 [__main__] [INFO] :: Intent ID: 1
2024-12-29 17:52:48,772 [__main__] [INFO] :: Response: 짜장의 가격은 6500원 입니다. 더 자세한 내용은 문자로 발송해드린 메뉴판을 확인해주세요.
2024-12-29 17:52:48,773 [__main__] [INFO] :: Processing Time: 5.0073 seconds
2024-12-29 17:52:48,773 [__main__] [INFO] :: ----------------------------------------------------------------------------------------------------
2024-12-29 17:52:54,865 [__main__] [INFO] :: Received message: 탕수육은 얼마야
2024-12-29 17:52:54,892 [__main__] [INFO] :: Intent ID: 1
2024-12-29 17:53:00,422 [__main__] [INFO] :: Response: 탕수육의 가격은 18800원 입니다. 더 자세한 내용은 문자로 발송해드린 메뉴판을 확인해주세요.
2024-12-29 17:53:00,422 [__main__] [INFO] :: Processing Time: 5.5575 seconds
2024-12-29 17:53:00,422 [__main__] [INFO] :: ----------------------------------------------------------------------------------------------------
2024-12-29 17:53:05,835 [__main__] [INFO] :: Received message: 월요일 영업해
2024-12-29 17:53:05,863 [__main__] [INFO] :: Intent ID: 21
2024-12-29 17:53:10,772 [__main__] [INFO] :: Response: 저희 매장은 월요일에 영업 해요. 11시부터 20시 30분 사이에 편하게 방문해주세요.
2024-12-29 17:53:10,772 [__main__] [INFO] :: Processing Time: 4.9379 seconds
2024-12-29 17:53:10,772 [__main__] [INFO] :: ----------------------------------------------------------------------------------------------------
2024-12-29 17:53:19,996 [__main__] [INFO] :: Received message: 월요일 영업해
2024-12-29 17:53:20,024 [__main__] [INFO] :: Intent ID: 21
2024-12-29 17:53:26,448 [__main__] [INFO] :: Response: 저희 매장은 월요일에 영업 해요. 11시부터 20시 30분 사이에 편하게 방문해주세요.
2024-12-29 17:53:26,449 [__main__] [INFO] :: Processing Time: 6.4527 seconds
2024-12-29 17:53:26,449 [__main__] [INFO] :: ----------------------------------------------------------------------------------------------------
2024-12-29 17:54:08,597 [__main__] [INFO] :: Received message: 월요일에 영업해
2024-12-29 17:54:08,627 [__main__] [INFO] :: Intent ID: 21
2024-12-29 17:54:13,536 [__main__] [INFO] :: Response: 저희 매장은 월요일에 영업 해요. 11시부터 20시 30분 사이에 편하게 방문해주세요.
2024-12-29 17:54:13,536 [__main__] [INFO] :: Processing Time: 4.9394 seconds
2024-12-29 17:54:13,536 [__main__] [INFO] :: ----------------------------------------------------------------------------------------------------
2024-12-29 17:54:21,729 [__main__] [INFO] :: Received message: 화요일에 영업해
2024-12-29 17:54:21,760 [__main__] [INFO] :: Intent ID: 21
2024-12-29 17:54:27,448 [__main__] [INFO] :: Response: 저희 매장은 화요일에 영업 안해요. 월요일 또는 수요일에서 일요일 11시부터 20시 30분 사이에 편하게 방문해주세요.
2024-12-29 17:54:27,448 [__main__] [INFO] :: Processing Time: 5.7188 seconds
2024-12-29 17:54:27,448 [__main__] [INFO] :: ----------------------------------------------------------------------------------------------------
2024-12-29 17:54:45,075 [__main__] [INFO] :: Received message: 메뉴 뭐 있어
2024-12-29 17:54:45,108 [__main__] [INFO] :: Intent ID: 0
2024-12-29 17:54:45,156 [__main__] [INFO] :: Response: 저희 매장에는 면류, 반반메뉴, 밥류, 사이드, 세트메뉴, 주류, 튀김류의 메뉴 종류들이 있어요.
2024-12-29 17:54:45,157 [__main__] [INFO] :: Processing Time: 0.0821 seconds
2024-12-29 17:54:45,157 [__main__] [INFO] :: ----------------------------------------------------------------------------------------------------
2024-12-29 17:54:59,034 [__main__] [INFO] :: Received message: 메뉴 뭐 있어
2024-12-29 17:54:59,060 [__main__] [INFO] :: Intent ID: 0
2024-12-29 17:54:59,107 [__main__] [INFO] :: Response: 저희 매장에는 면류, 반반메뉴, 밥류, 사이드, 세트메뉴, 주류, 튀김류의 메뉴 종류들이 있어요.
2024-12-29 17:54:59,107 [__main__] [INFO] :: Processing Time: 0.0735 seconds
2024-12-29 17:54:59,107 [__main__] [INFO] :: ----------------------------------------------------------------------------------------------------
2024-12-29 18:03:51,983 [__main__] [INFO] :: Received message: 짜장면 얼마야?
2024-12-29 18:03:52,010 [__main__] [INFO] :: Intent ID: 1
2024-12-29 18:03:57,218 [__main__] [INFO] :: Response: 짜장의 가격은 6500원 입니다. 더 자세한 내용은 문자로 발송해드린 메뉴판을 확인해주세요.
2024-12-29 18:03:57,219 [__main__] [INFO] :: Processing Time: 5.2357 seconds
2024-12-29 18:03:57,219 [__main__] [INFO] :: ----------------------------------------------------------------------------------------------------
2024-12-29 18:04:00,919 [__main__] [INFO] :: Received message: 뭐 팔아?
2024-12-29 18:04:00,942 [__main__] [INFO] :: Intent ID: 0
2024-12-29 18:04:00,990 [__main__] [INFO] :: Response: 저희 매장에는 면류, 반반메뉴, 밥류, 사이드, 세트메뉴, 주류, 튀김류의 메뉴 종류들이 있어요.
2024-12-29 18:04:00,990 [__main__] [INFO] :: Processing Time: 0.0709 seconds
2024-12-29 18:04:00,990 [__main__] [INFO] :: ----------------------------------------------------------------------------------------------------
2024-12-29 18:04:32,812 [__main__] [INFO] :: Received message: 커피 있어?
2024-12-29 18:04:32,841 [__main__] [INFO] :: Intent ID: 0
2024-12-29 18:04:32,888 [__main__] [INFO] :: Response: 저희 매장에는 면류, 반반메뉴, 밥류, 사이드, 세트메뉴, 주류, 튀김류의 메뉴 종류들이 있어요.
2024-12-29 18:04:32,888 [__main__] [INFO] :: Processing Time: 0.0765 seconds
2024-12-29 18:04:32,888 [__main__] [INFO] :: ----------------------------------------------------------------------------------------------------
2024-12-29 18:04:36,081 [__main__] [INFO] :: Received message: 커피 있어?
2024-12-29 18:04:36,109 [__main__] [INFO] :: Intent ID: 0
2024-12-29 18:04:36,156 [__main__] [INFO] :: Response: 저희 매장에는 면류, 반반메뉴, 밥류, 사이드, 세트메뉴, 주류, 튀김류의 메뉴 종류들이 있어요.
2024-12-29 18:04:36,156 [__main__] [INFO] :: Processing Time: 0.0747 seconds
2024-12-29 18:04:36,156 [__main__] [INFO] :: ----------------------------------------------------------------------------------------------------
2024-12-29 18:04:42,134 [__main__] [INFO] :: Received message: 짜장면 있어?
2024-12-29 18:04:42,161 [__main__] [INFO] :: Intent ID: 1
2024-12-29 18:04:48,163 [__main__] [INFO] :: Response: 짜장의 가격은 6500원 입니다. 더 자세한 내용은 문자로 발송해드린 메뉴판을 확인해주세요.
2024-12-29 18:04:48,163 [__main__] [INFO] :: Processing Time: 6.0289 seconds
2024-12-29 18:04:48,163 [__main__] [INFO] :: ----------------------------------------------------------------------------------------------------
2024-12-29 18:04:49,867 [__main__] [INFO] :: Received message: 커피 있어?
2024-12-29 18:04:49,897 [__main__] [INFO] :: Intent ID: 0
2024-12-29 18:04:49,948 [__main__] [INFO] :: Response: 저희 매장에는 면류, 반반메뉴, 밥류, 사이드, 세트메뉴, 주류, 튀김류의 메뉴 종류들이 있어요.
2024-12-29 18:04:49,948 [__main__] [INFO] :: Processing Time: 0.0815 seconds
2024-12-29 18:04:49,948 [__main__] [INFO] :: ----------------------------------------------------------------------------------------------------
2024-12-29 18:04:56,530 [__main__] [INFO] :: Received message: 커피 팔아?
2024-12-29 18:04:56,562 [__main__] [INFO] :: Intent ID: 0
2024-12-29 18:04:56,612 [__main__] [INFO] :: Response: 저희 매장에는 면류, 반반메뉴, 밥류, 사이드, 세트메뉴, 주류, 튀김류의 메뉴 종류들이 있어요.
2024-12-29 18:04:56,612 [__main__] [INFO] :: Processing Time: 0.0823 seconds
2024-12-29 18:04:56,612 [__main__] [INFO] :: ----------------------------------------------------------------------------------------------------
2024-12-29 18:05:04,056 [__main__] [INFO] :: Received message: 아메리카노 얼마야?
2024-12-29 18:05:04,084 [__main__] [INFO] :: Intent ID: 1
2024-12-29 18:05:09,230 [__main__] [INFO] :: Response: 암바사의 가격은 2000원 입니다. 더 자세한 내용은 문자로 발송해드린 메뉴판을 확인해주세요.
2024-12-29 18:05:09,230 [__main__] [INFO] :: Processing Time: 5.1741 seconds
2024-12-29 18:05:09,230 [__main__] [INFO] :: ----------------------------------------------------------------------------------------------------
2024-12-29 18:05:42,607 [__main__] [INFO] :: Received message: 맵기 조절이 가능한지 알 수 있나요?
2024-12-29 18:05:42,640 [__main__] [INFO] :: Intent ID: 2
2024-12-29 18:05:42,683 [__main__] [INFO] :: Response: 자세한 메뉴 사진과 정보가 적혀있는 QR 주문링크를 전송해드렸어요. 스마트폰으로 편하게 확인해 보세요!
2024-12-29 18:05:42,683 [__main__] [INFO] :: Processing Time: 0.0759 seconds
2024-12-29 18:05:42,683 [__main__] [INFO] :: ----------------------------------------------------------------------------------------------------
2024-12-29 18:06:14,839 [__main__] [INFO] :: Received message: 손님들중 가장 주문이 많은게 뭐에요?
2024-12-29 18:06:14,856 [__main__] [INFO] :: Intent ID: 3
2024-12-29 18:06:14,900 [__main__] [INFO] :: Response: 저희 매장에서는 쟁반짜장 메뉴가 인기 메뉴에요.
2024-12-29 18:06:14,900 [__main__] [INFO] :: Processing Time: 0.0606 seconds
2024-12-29 18:06:14,900 [__main__] [INFO] :: ----------------------------------------------------------------------------------------------------
2024-12-29 18:06:37,032 [__main__] [INFO] :: Received message: 시그니처 메뉴가 뭐야?
2024-12-29 18:06:37,054 [__main__] [INFO] :: Intent ID: 5
2024-12-29 18:06:37,101 [__main__] [INFO] :: Response: 저희 매장에서는 볶음짬뽕 메뉴가 대표 메뉴에요.
2024-12-29 18:06:37,101 [__main__] [INFO] :: Processing Time: 0.0689 seconds
2024-12-29 18:06:37,101 [__main__] [INFO] :: ----------------------------------------------------------------------------------------------------
2024-12-29 18:06:56,489 [__main__] [INFO] :: Received message: 무슨 요리 전문인가요?
2024-12-29 18:06:56,514 [__main__] [INFO] :: Intent ID: 0
2024-12-29 18:06:56,561 [__main__] [INFO] :: Response: 저희 매장에는 면류, 반반메뉴, 밥류, 사이드, 세트메뉴, 주류, 튀김류의 메뉴 종류들이 있어요.
2024-12-29 18:06:56,561 [__main__] [INFO] :: Processing Time: 0.0726 seconds
2024-12-29 18:06:56,561 [__main__] [INFO] :: ----------------------------------------------------------------------------------------------------
2024-12-29 18:07:20,355 [__main__] [INFO] :: Received message: 홀 식사 가능 할까요?
2024-12-29 18:07:20,381 [__main__] [INFO] :: Intent ID: 12
2024-12-29 18:07:20,428 [__main__] [INFO] :: Response: 저희 매장에서는 매장방문, 포장, 배달 방식으로 주문이 가능해요.
2024-12-29 18:07:20,428 [__main__] [INFO] :: Processing Time: 0.0731 seconds
2024-12-29 18:07:20,428 [__main__] [INFO] :: ----------------------------------------------------------------------------------------------------
2024-12-29 18:07:40,034 [__main__] [INFO] :: Received message: 계산은 어떤걸로 할수 있지?
2024-12-29 18:07:40,059 [__main__] [INFO] :: Intent ID: 13
2024-12-29 18:07:40,111 [__main__] [INFO] :: Response: 저희 매장에서는 신용카드, 현금, 모바일상품권, 간편결제 방식의 결제가 가능하며 간편결제로는 네이버페이 방식이 가능해요.
2024-12-29 18:07:40,112 [__main__] [INFO] :: Processing Time: 0.0776 seconds
2024-12-29 18:07:40,112 [__main__] [INFO] :: ----------------------------------------------------------------------------------------------------
2024-12-29 18:08:02,277 [__main__] [INFO] :: Received message: 현금 결제 되요?
2024-12-29 18:08:02,296 [__main__] [INFO] :: Intent ID: 14
2024-12-29 18:08:07,475 [__main__] [INFO] :: Response: 저희 매장에서는 현금 결제 방식으로 가능해요.
2024-12-29 18:08:07,476 [__main__] [INFO] :: Processing Time: 5.1993 seconds
2024-12-29 18:08:07,476 [__main__] [INFO] :: ----------------------------------------------------------------------------------------------------
2024-12-29 18:08:28,157 [__main__] [INFO] :: Received message: 영업일이 어떻게 되요?
2024-12-29 18:08:28,186 [__main__] [INFO] :: Intent ID: 18
2024-12-29 18:08:28,235 [__main__] [INFO] :: Response: 저희 매장의 휴일은 매주 화요일이에요. 영업일은 월요일 또는 수요일에서 일요일입니다.
2024-12-29 18:08:28,235 [__main__] [INFO] :: Processing Time: 0.0785 seconds
2024-12-29 18:08:28,235 [__main__] [INFO] :: ----------------------------------------------------------------------------------------------------
2024-12-29 18:08:48,802 [__main__] [INFO] :: Received message: 이 곳은 몇 명의 사람이 수용 가능한가요?
2024-12-29 18:08:48,830 [__main__] [INFO] :: Intent ID: 30
2024-12-29 18:08:48,877 [__main__] [INFO] :: Response: 저희 매장은 9개의 테이블을 보유하고 있으며 대략 36명까지 수용 가능해요.
2024-12-29 18:08:48,878 [__main__] [INFO] :: Processing Time: 0.0759 seconds
2024-12-29 18:08:48,878 [__main__] [INFO] :: ----------------------------------------------------------------------------------------------------
2024-12-29 18:09:04,690 [__main__] [INFO] :: Received message: 홀은 어느 정도 규모인가요?
2024-12-29 18:09:04,717 [__main__] [INFO] :: Intent ID: 33
2024-12-29 18:09:04,758 [__main__] [INFO] :: Response: 좌석 이용에 대한 구체적인 문의는 확인 후 전화하신 번호로 다시 연락드릴게요.
2024-12-29 18:09:04,758 [__main__] [INFO] :: Processing Time: 0.0678 seconds
2024-12-29 18:09:04,758 [__main__] [INFO] :: ----------------------------------------------------------------------------------------------------
2024-12-29 18:09:29,471 [__main__] [INFO] :: Received message: 약국이 주변에 있나요?
2024-12-29 18:09:29,500 [__main__] [INFO] :: Intent ID: 29
2024-12-29 18:09:29,541 [__main__] [INFO] :: Response: 지도에서 보시는게 더 정확하실 것 같아서 지도 링크를 전송해드렸어요.
2024-12-29 18:09:29,542 [__main__] [INFO] :: Processing Time: 0.0711 seconds
2024-12-29 18:09:29,542 [__main__] [INFO] :: ----------------------------------------------------------------------------------------------------
2024-12-29 18:09:46,826 [__main__] [INFO] :: Received message: 가까운데 뭐가 있어?
2024-12-29 18:09:46,849 [__main__] [INFO] :: Intent ID: 29
2024-12-29 18:09:46,890 [__main__] [INFO] :: Response: 지도에서 보시는게 더 정확하실 것 같아서 지도 링크를 전송해드렸어요.
2024-12-29 18:09:46,890 [__main__] [INFO] :: Processing Time: 0.0638 seconds
2024-12-29 18:09:46,890 [__main__] [INFO] :: ----------------------------------------------------------------------------------------------------
2024-12-29 18:10:27,215 [__main__] [INFO] :: Received message: 이 곳에서 많은 인원이 식사할 수 있나요?
2024-12-29 18:10:27,242 [__main__] [INFO] :: Intent ID: 31
2024-12-29 18:10:27,288 [__main__] [INFO] :: Response: 저희 매장에는 단체석 및 예약석이 있습니다. 예약을 원하시면 매장으로 문의 부탁드려요.
2024-12-29 18:10:27,288 [__main__] [INFO] :: Processing Time: 0.0731 seconds
2024-12-29 18:10:27,288 [__main__] [INFO] :: ----------------------------------------------------------------------------------------------------
2024-12-29 18:10:43,726 [__main__] [INFO] :: Received message: 주변에 편의점 있나요?
2024-12-29 18:10:43,753 [__main__] [INFO] :: Intent ID: 29
2024-12-29 18:10:43,795 [__main__] [INFO] :: Response: 지도에서 보시는게 더 정확하실 것 같아서 지도 링크를 전송해드렸어요.
2024-12-29 18:10:43,795 [__main__] [INFO] :: Processing Time: 0.0697 seconds
2024-12-29 18:10:43,795 [__main__] [INFO] :: ----------------------------------------------------------------------------------------------------
2024-12-29 18:11:04,275 [__main__] [INFO] :: Received message: 이벤트가 있어?
2024-12-29 18:11:04,301 [__main__] [INFO] :: Intent ID: 41
2024-12-29 18:11:04,347 [__main__] [INFO] :: Response: 현재 저희 매장에서는 고추짬뽕 할인 이벤트가 진행되고 있어요.
2024-12-29 18:11:04,347 [__main__] [INFO] :: Processing Time: 0.0727 seconds
2024-12-29 18:11:04,347 [__main__] [INFO] :: ----------------------------------------------------------------------------------------------------
2024-12-29 18:11:20,518 [__main__] [INFO] :: Received message: 현재 진행 중인 이벤트가 있나요?
2024-12-29 18:11:20,547 [__main__] [INFO] :: Intent ID: 41
2024-12-29 18:11:20,592 [__main__] [INFO] :: Response: 현재 저희 매장에서는 고추짜장 할인 이벤트가 진행되고 있어요.
2024-12-29 18:11:20,593 [__main__] [INFO] :: Processing Time: 0.0753 seconds
2024-12-29 18:11:20,593 [__main__] [INFO] :: ----------------------------------------------------------------------------------------------------
2024-12-29 18:11:37,636 [__main__] [INFO] :: Received message: 노키즈 존인가요?
2024-12-29 18:11:37,654 [__main__] [INFO] :: Intent ID: 44
2024-12-29 18:11:37,693 [__main__] [INFO] :: Response: 해당 문의는 확인 후 전화하신 번호로 안내 드릴게요.
2024-12-29 18:11:37,693 [__main__] [INFO] :: Processing Time: 0.0570 seconds
2024-12-29 18:11:37,693 [__main__] [INFO] :: ----------------------------------------------------------------------------------------------------
2024-12-29 18:11:51,478 [__main__] [INFO] :: Received message: 어디가
2024-12-29 18:11:51,504 [__main__] [INFO] :: Intent ID: 47
2024-12-29 18:11:51,546 [__main__] [INFO] :: Response: 현재 제가 말씀드리기는 어려운 요청이에요.
2024-12-29 18:11:51,546 [__main__] [INFO] :: Processing Time: 0.0682 seconds
2024-12-29 18:11:51,546 [__main__] [INFO] :: ----------------------------------------------------------------------------------------------------
