2024-12-29 22:35:16,112 [__main__] [INFO] :: *** 22h-35m-16s START ***
2024-12-29 22:35:16,112 [__main__] [INFO] :: *** PID: 1979906 ***
2024-12-29 22:35:28,954 [__main__] [INFO] :: Received message: 짜장면 얼마야?
2024-12-29 22:35:28,984 [__main__] [INFO] :: Intent ID: 1
2024-12-29 22:35:29,154 [__main__] [INFO] :: Response: 짜장의 가격은 6500원 입니다. 더 자세한 내용은 문자로 발송해드린 메뉴판을 확인해주세요.
2024-12-29 22:35:29,154 [__main__] [INFO] :: Processing Time: 0.2003 seconds
2024-12-29 22:35:29,154 [__main__] [INFO] :: ----------------------------------------------------------------------------------------------------
2024-12-29 22:35:38,751 [__main__] [INFO] :: Received message: 월요일 영업해?
2024-12-29 22:35:38,778 [__main__] [INFO] :: Intent ID: 21
2024-12-29 22:35:38,859 [__main__] [INFO] :: Response: 저희 매장은 월요일에 영업 해요. 11시부터 20시 30분 사이에 편하게 방문해주세요.
2024-12-29 22:35:38,859 [__main__] [INFO] :: Processing Time: 0.1082 seconds
2024-12-29 22:35:38,859 [__main__] [INFO] :: ----------------------------------------------------------------------------------------------------
2024-12-29 22:35:48,507 [__main__] [INFO] :: Received message: 네이버 페이 가능해?
2024-12-29 22:35:48,534 [__main__] [INFO] :: Intent ID: 14
2024-12-29 22:35:48,680 [__main__] [INFO] :: Response: 저희 매장에서는 네이버 결제 방식으로 가능해요.
2024-12-29 22:35:48,680 [__main__] [INFO] :: Processing Time: 0.1729 seconds
2024-12-29 22:35:48,680 [__main__] [INFO] :: ----------------------------------------------------------------------------------------------------
2024-12-29 22:35:57,669 [__main__] [INFO] :: Received message: 네이버페이 가능해?
2024-12-29 22:35:57,725 [__main__] [INFO] :: Intent ID: 14
2024-12-29 22:35:57,862 [__main__] [INFO] :: Response: 저희 매장에서는 네이버페이 결제 방식으로 가능해요.
2024-12-29 22:35:57,862 [__main__] [INFO] :: Processing Time: 0.1934 seconds
2024-12-29 22:35:57,862 [__main__] [INFO] :: ----------------------------------------------------------------------------------------------------
