2024-12-29 22:22:14,393 [__main__] [INFO] :: *** 22h-22m-14s START ***
2024-12-29 22:22:14,393 [__main__] [INFO] :: *** PID: 1971994 ***
2024-12-29 22:22:25,353 [__main__] [INFO] :: Received message: 짜장면 얼마야
2024-12-29 22:22:25,384 [__main__] [INFO] :: Intent ID: 1
2024-12-29 22:22:25,541 [__main__] [INFO] :: Response: 짜장의 가격은 6500원 입니다. 더 자세한 내용은 문자로 발송해드린 메뉴판을 확인해주세요.
2024-12-29 22:22:25,542 [__main__] [INFO] :: Processing Time: 0.1888 seconds
2024-12-29 22:22:25,542 [__main__] [INFO] :: ----------------------------------------------------------------------------------------------------
2024-12-29 22:22:33,887 [__main__] [INFO] :: Received message: 짜장면 얼마야
2024-12-29 22:22:33,943 [__main__] [INFO] :: Intent ID: 1
2024-12-29 22:22:34,089 [__main__] [INFO] :: Response: 짜장의 가격은 6500원 입니다. 더 자세한 내용은 문자로 발송해드린 메뉴판을 확인해주세요.
2024-12-29 22:22:34,089 [__main__] [INFO] :: Processing Time: 0.2026 seconds
2024-12-29 22:22:34,089 [__main__] [INFO] :: ----------------------------------------------------------------------------------------------------
2024-12-29 22:22:36,017 [__main__] [INFO] :: Received message: 짜장면 얼마야
2024-12-29 22:22:36,045 [__main__] [INFO] :: Intent ID: 1
2024-12-29 22:22:36,197 [__main__] [INFO] :: Response: 짜장의 가격은 6500원 입니다. 더 자세한 내용은 문자로 발송해드린 메뉴판을 확인해주세요.
2024-12-29 22:22:36,197 [__main__] [INFO] :: Processing Time: 0.1803 seconds
2024-12-29 22:22:36,197 [__main__] [INFO] :: ----------------------------------------------------------------------------------------------------
2024-12-29 22:22:52,544 [__main__] [INFO] :: Received message: 월요일 영업해
2024-12-29 22:22:52,573 [__main__] [INFO] :: Intent ID: 21
2024-12-29 22:22:52,654 [__main__] [ERROR] :: Error: list index out of range
2024-12-29 22:25:16,891 [__main__] [INFO] :: Received message: 월요일 영업해?
2024-12-29 22:25:16,922 [__main__] [INFO] :: Intent ID: 21
2024-12-29 22:25:17,007 [__main__] [ERROR] :: Error: list index out of range
2024-12-29 22:25:27,848 [__main__] [INFO] :: Received message: 네이버 페이 가능해?
2024-12-29 22:25:27,877 [__main__] [INFO] :: Intent ID: 14
2024-12-29 22:25:27,966 [__main__] [ERROR] :: Error: list index out of range
2024-12-29 22:25:37,035 [__main__] [INFO] :: Received message: 네이버페이 결제 가능해?
2024-12-29 22:25:37,066 [__main__] [INFO] :: Intent ID: 14
2024-12-29 22:25:37,212 [__main__] [ERROR] :: Error: list index out of range
2024-12-29 22:25:45,421 [__main__] [INFO] :: Received message: 짜장면 얼마야?
2024-12-29 22:25:45,452 [__main__] [INFO] :: Intent ID: 1
2024-12-29 22:25:45,597 [__main__] [INFO] :: Response: 짜장의 가격은 6500원 입니다. 더 자세한 내용은 문자로 발송해드린 메뉴판을 확인해주세요.
2024-12-29 22:25:45,598 [__main__] [INFO] :: Processing Time: 0.1765 seconds
2024-12-29 22:25:45,598 [__main__] [INFO] :: ----------------------------------------------------------------------------------------------------
2024-12-29 22:26:34,747 [__main__] [INFO] :: Received message: 짜장면 얼마야?
2024-12-29 22:26:34,772 [__main__] [INFO] :: Intent ID: 1
2024-12-29 22:26:34,905 [__main__] [INFO] :: Response: 짜장의 가격은 6500원 입니다. 더 자세한 내용은 문자로 발송해드린 메뉴판을 확인해주세요.
2024-12-29 22:26:34,906 [__main__] [INFO] :: Processing Time: 0.1591 seconds
2024-12-29 22:26:34,906 [__main__] [INFO] :: ----------------------------------------------------------------------------------------------------
2024-12-29 22:26:43,950 [__main__] [INFO] :: Received message: 월요일 영업해?
2024-12-29 22:26:43,979 [__main__] [INFO] :: Intent ID: 21
2024-12-29 22:26:44,062 [__main__] [ERROR] :: Error: list index out of range
