2024-12-29 22:40:09,513 [__main__] [INFO] :: *** 22h-40m-09s START ***
2024-12-29 22:40:09,513 [__main__] [INFO] :: *** PID: 1985005 ***
2024-12-29 22:40:33,995 [__main__] [INFO] :: Received message: 네이바 페이 가능해?
2024-12-29 22:40:34,026 [__main__] [INFO] :: Intent ID: 14
2024-12-29 22:40:34,189 [__main__] [INFO] :: Response: 저희 매장에서는 네이버페이 결제 방식으로 가능해요.
2024-12-29 22:40:34,189 [__main__] [INFO] :: Processing Time: 0.1943 seconds
2024-12-29 22:40:34,189 [__main__] [INFO] :: ----------------------------------------------------------------------------------------------------
2024-12-29 22:40:49,547 [__main__] [INFO] :: Received message: 짜장면 있어?
2024-12-29 22:40:49,571 [__main__] [INFO] :: Intent ID: 1
2024-12-29 22:40:49,652 [__main__] [INFO] :: Response: 짜장의 가격은 6500원 입니다. 더 자세한 내용은 문자로 발송해드린 메뉴판을 확인해주세요.
2024-12-29 22:40:49,652 [__main__] [INFO] :: Processing Time: 0.1048 seconds
2024-12-29 22:40:49,652 [__main__] [INFO] :: ----------------------------------------------------------------------------------------------------
2024-12-29 22:40:56,848 [__main__] [INFO] :: Received message: 짬뽕 있어?
2024-12-29 22:40:56,871 [__main__] [INFO] :: Intent ID: 1
2024-12-29 22:40:56,993 [__main__] [INFO] :: Response: 짬뽕의 가격은 7800원 입니다. 더 자세한 내용은 문자로 발송해드린 메뉴판을 확인해주세요.
2024-12-29 22:40:56,994 [__main__] [INFO] :: Processing Time: 0.1461 seconds
2024-12-29 22:40:56,994 [__main__] [INFO] :: ----------------------------------------------------------------------------------------------------
2024-12-29 22:41:12,783 [__main__] [INFO] :: Received message: 짬뻥 있어?
2024-12-29 22:41:12,806 [__main__] [INFO] :: Intent ID: 47
2024-12-29 22:41:12,848 [__main__] [INFO] :: Response: 현재 제가 말씀드리기는 어려운 요청이에요.
2024-12-29 22:41:12,848 [__main__] [INFO] :: Processing Time: 0.0652 seconds
2024-12-29 22:41:12,848 [__main__] [INFO] :: ----------------------------------------------------------------------------------------------------
2024-12-29 22:41:23,064 [__main__] [INFO] :: Received message: 짬빵 있어?
2024-12-29 22:41:23,090 [__main__] [INFO] :: Intent ID: 1
2024-12-29 22:41:23,207 [__main__] [INFO] :: Response: 짬뽕의 가격은 7800원 입니다. 더 자세한 내용은 문자로 발송해드린 메뉴판을 확인해주세요.
2024-12-29 22:41:23,207 [__main__] [INFO] :: Processing Time: 0.1431 seconds
2024-12-29 22:41:23,207 [__main__] [INFO] :: ----------------------------------------------------------------------------------------------------
2024-12-29 22:41:31,676 [__main__] [INFO] :: Received message: 짬뻥 있어?
2024-12-29 22:41:31,703 [__main__] [INFO] :: Intent ID: 47
2024-12-29 22:41:31,745 [__main__] [INFO] :: Response: 현재 제가 말씀드리기는 어려운 요청이에요.
2024-12-29 22:41:31,745 [__main__] [INFO] :: Processing Time: 0.0693 seconds
2024-12-29 22:41:31,745 [__main__] [INFO] :: ----------------------------------------------------------------------------------------------------
2024-12-29 22:41:37,000 [__main__] [INFO] :: Received message: 짬봉 있어?
2024-12-29 22:41:37,024 [__main__] [INFO] :: Intent ID: 1
2024-12-29 22:41:37,141 [__main__] [INFO] :: Response: 짬뽕의 가격은 7800원 입니다. 더 자세한 내용은 문자로 발송해드린 메뉴판을 확인해주세요.
2024-12-29 22:41:37,142 [__main__] [INFO] :: Processing Time: 0.1417 seconds
2024-12-29 22:41:37,142 [__main__] [INFO] :: ----------------------------------------------------------------------------------------------------
2024-12-29 22:41:44,208 [__main__] [INFO] :: Received message: 쟁반짜장 있어?
2024-12-29 22:41:44,236 [__main__] [INFO] :: Intent ID: 1
2024-12-29 22:41:44,350 [__main__] [INFO] :: Response: 쟁반짜장의 가격은 16000원 입니다. 더 자세한 내용은 문자로 발송해드린 메뉴판을 확인해주세요.
2024-12-29 22:41:44,350 [__main__] [INFO] :: Processing Time: 0.1426 seconds
2024-12-29 22:41:44,350 [__main__] [INFO] :: ----------------------------------------------------------------------------------------------------
2024-12-29 22:41:52,011 [__main__] [INFO] :: Received message: 탕수육 있어?
2024-12-29 22:41:52,040 [__main__] [INFO] :: Intent ID: 1
2024-12-29 22:41:52,122 [__main__] [INFO] :: Response: 탕수육의 가격은 18800원 입니다. 더 자세한 내용은 문자로 발송해드린 메뉴판을 확인해주세요.
2024-12-29 22:41:52,122 [__main__] [INFO] :: Processing Time: 0.1110 seconds
2024-12-29 22:41:52,122 [__main__] [INFO] :: ----------------------------------------------------------------------------------------------------
2024-12-29 22:41:58,631 [__main__] [INFO] :: Received message: 15주년 있어?
2024-12-29 22:41:58,654 [__main__] [INFO] :: Intent ID: 45
2024-12-29 22:41:58,695 [__main__] [INFO] :: Response: 이용해주셔서 감사합니다. 추가적인 문의사항 있으시면 또 문의해주세요.
2024-12-29 22:41:58,696 [__main__] [INFO] :: Processing Time: 0.0651 seconds
2024-12-29 22:41:58,696 [__main__] [INFO] :: ----------------------------------------------------------------------------------------------------
2024-12-29 22:42:06,041 [__main__] [INFO] :: Received message: 15주년짜장면 있어?
2024-12-29 22:42:06,069 [__main__] [INFO] :: Intent ID: 1
2024-12-29 22:42:06,191 [__main__] [INFO] :: Response: 15주년행사 짜장면의 가격은 3900원 입니다. 더 자세한 내용은 문자로 발송해드린 메뉴판을 확인해주세요.
2024-12-29 22:42:06,191 [__main__] [INFO] :: Processing Time: 0.1506 seconds
2024-12-29 22:42:06,191 [__main__] [INFO] :: ----------------------------------------------------------------------------------------------------
2024-12-29 22:44:00,602 [__main__] [INFO] :: Received message: 메뉴 뭐 있어?
2024-12-29 22:44:00,633 [__main__] [INFO] :: Intent ID: 0
2024-12-29 22:44:00,682 [__main__] [INFO] :: Response: 저희 매장에는 면류, 반반메뉴, 밥류, 사이드, 세트메뉴, 주류, 튀김류의 메뉴 종류들이 있어요.
2024-12-29 22:44:00,682 [__main__] [INFO] :: Processing Time: 0.0803 seconds
2024-12-29 22:44:00,682 [__main__] [INFO] :: ----------------------------------------------------------------------------------------------------
2024-12-29 22:44:11,342 [__main__] [INFO] :: Received message: 화요일에 영업해?
2024-12-29 22:44:11,367 [__main__] [INFO] :: Intent ID: 21
2024-12-29 22:44:11,448 [__main__] [INFO] :: Response: 저희 매장은 화요일에 영업 안해요. 월요일 또는 수요일에서 일요일 11시부터 20시 30분 사이에 편하게 방문해주세요.
2024-12-29 22:44:11,448 [__main__] [INFO] :: Processing Time: 0.1065 seconds
2024-12-29 22:44:11,448 [__main__] [INFO] :: ----------------------------------------------------------------------------------------------------
2024-12-29 22:44:18,418 [__main__] [INFO] :: Received message: 탕수육 얼마야?
2024-12-29 22:44:18,449 [__main__] [INFO] :: Intent ID: 1
2024-12-29 22:44:18,645 [__main__] [INFO] :: Response: 탕수육의 가격은 18800원 입니다. 더 자세한 내용은 문자로 발송해드린 메뉴판을 확인해주세요.
2024-12-29 22:44:18,645 [__main__] [INFO] :: Processing Time: 0.2278 seconds
2024-12-29 22:44:18,646 [__main__] [INFO] :: ----------------------------------------------------------------------------------------------------
2024-12-29 22:44:22,292 [__main__] [INFO] :: Received message: 탕수육은 얼마야?
2024-12-29 22:44:22,318 [__main__] [INFO] :: Intent ID: 1
2024-12-29 22:44:22,411 [__main__] [INFO] :: Response: 탕수육의 가격은 18800원 입니다. 더 자세한 내용은 문자로 발송해드린 메뉴판을 확인해주세요.
2024-12-29 22:44:22,411 [__main__] [INFO] :: Processing Time: 0.1200 seconds
2024-12-29 22:44:22,412 [__main__] [INFO] :: ----------------------------------------------------------------------------------------------------
2024-12-29 22:46:08,666 [__main__] [INFO] :: Received message: 커피 있어?
2024-12-29 22:46:08,696 [__main__] [INFO] :: Intent ID: 0
2024-12-29 22:46:08,743 [__main__] [INFO] :: Response: 저희 매장에는 면류, 반반메뉴, 밥류, 사이드, 세트메뉴, 주류, 튀김류의 메뉴 종류들이 있어요.
2024-12-29 22:46:08,744 [__main__] [INFO] :: Processing Time: 0.0776 seconds
2024-12-29 22:46:08,744 [__main__] [INFO] :: ----------------------------------------------------------------------------------------------------
2024-12-29 22:46:22,399 [__main__] [INFO] :: Received message: 아메리카노 있어?
2024-12-29 22:46:22,422 [__main__] [INFO] :: Intent ID: 1
2024-12-29 22:46:22,531 [__main__] [INFO] :: Response: 암바사의 가격은 2000원 입니다. 더 자세한 내용은 문자로 발송해드린 메뉴판을 확인해주세요.
2024-12-29 22:46:22,531 [__main__] [INFO] :: Processing Time: 0.1319 seconds
2024-12-29 22:46:22,531 [__main__] [INFO] :: ----------------------------------------------------------------------------------------------------
