2024-12-17 15:56:26,134 [__main__] [INFO] :: *** 15h-56m-26s START ***
2024-12-17 15:56:26,134 [__main__] [INFO] :: *** PID: 1736017 ***
2024-12-17 15:57:07,990 [__main__] [INFO] :: Received message: 메뉴 뭐 있어
2024-12-17 15:57:08,221 [__main__] [INFO] :: Intent ID: 0
2024-12-17 15:57:08,325 [__main__] [INFO] :: Response: 저희 홍콩반점0410 구리돌다리점에서는 면류, 반반메뉴, 밥류, 사이드, 세트메뉴, 주류, 튀김류의 다양한 메뉴가 준비되어 있습니다.
2024-12-17 15:57:08,325 [__main__] [INFO] :: Processing Time: 0.3355 seconds
2024-12-17 15:57:08,325 [__main__] [INFO] :: --------------------------------------------------
2024-12-17 15:57:14,071 [__main__] [INFO] :: Received message: 이벤트 뭐 하고 있어
2024-12-17 15:57:14,095 [__main__] [INFO] :: Intent ID: 18
2024-12-17 15:57:14,127 [__main__] [INFO] :: Response: 2024년 8월 31일부터 2025년 1월 31일까지 볶음짬뽕 1000원 할인 이벤트를 즐겨보세요.
2024-12-17 15:57:14,127 [__main__] [INFO] :: Processing Time: 0.0563 seconds
2024-12-17 15:57:14,127 [__main__] [INFO] :: --------------------------------------------------
2024-12-17 15:57:18,056 [__main__] [INFO] :: Received message: 결제 수단 어떤 거 쓸 수 있어
2024-12-17 15:57:18,082 [__main__] [INFO] :: Intent ID: 4
2024-12-17 15:57:18,113 [__main__] [INFO] :: Response: 저희 홍콩반점0410 구리돌다리점에서는 신용카드, 현금, 모바일상품권, 간편결제 방식의 결제가 가능하며 간편결제로는 네이버페이 가능합니다.
2024-12-17 15:57:18,114 [__main__] [INFO] :: Processing Time: 0.0578 seconds
2024-12-17 15:57:18,114 [__main__] [INFO] :: --------------------------------------------------
2024-12-17 16:24:07,935 [__main__] [INFO] :: Received message: 메뉴 뭐 있어
2024-12-17 16:24:07,959 [__main__] [INFO] :: Intent ID: 0
2024-12-17 16:24:07,991 [__main__] [INFO] :: Response: 저희 홍콩반점0410 구리돌다리점에는 면류, 반반메뉴, 밥류, 사이드, 세트메뉴, 주류, 튀김류와 같은 메뉴들이 있습니다. 자세한 내용은 문자로 전송드린 메뉴판을 참조해주세요.
2024-12-17 16:24:07,992 [__main__] [INFO] :: Processing Time: 0.0569 seconds
2024-12-17 16:24:07,992 [__main__] [INFO] :: --------------------------------------------------
2024-12-17 16:26:52,693 [__main__] [INFO] :: Received message: 메뉴 뭐 있어
2024-12-17 16:26:52,716 [__main__] [INFO] :: Intent ID: 0
2024-12-17 16:26:52,746 [__main__] [INFO] :: Response: 저희 홍콩반점0410 구리돌다리점에서는 면류, 반반메뉴, 밥류, 사이드, 세트메뉴, 주류, 튀김류의 메뉴를 제공합니다. 자세한 사항은 문자로 전송드린 메뉴판을 확인해주세요.
2024-12-17 16:26:52,747 [__main__] [INFO] :: Processing Time: 0.0541 seconds
2024-12-17 16:26:52,747 [__main__] [INFO] :: --------------------------------------------------
2024-12-17 16:27:20,029 [__main__] [INFO] :: Received message: 메뉴 뭐 있어
2024-12-17 16:27:20,055 [__main__] [INFO] :: Intent ID: 0
2024-12-17 16:27:20,086 [__main__] [INFO] :: Response: 저희 홍콩반점0410 구리돌다리점에서는 면류, 반반메뉴, 밥류, 사이드, 세트메뉴, 주류, 튀김류의 메뉴를 제공합니다. 자세한 사항은 문자로 전송드린 메뉴판을 확인해주세요.
2024-12-17 16:27:20,086 [__main__] [INFO] :: Processing Time: 0.0573 seconds
2024-12-17 16:27:20,086 [__main__] [INFO] :: --------------------------------------------------
2024-12-17 16:27:27,549 [__main__] [INFO] :: Received message: 이벤트 뭐 있는지 알려줘
2024-12-17 16:27:27,573 [__main__] [INFO] :: Intent ID: 18
2024-12-17 16:27:27,605 [__main__] [INFO] :: Response: 2024년 8월 31일부터 2025년 1월 31일까지 볶음짬뽕 1000원 할인 이벤트를 즐겨보세요.
2024-12-17 16:27:27,605 [__main__] [INFO] :: Processing Time: 0.0561 seconds
2024-12-17 16:27:27,605 [__main__] [INFO] :: --------------------------------------------------
2024-12-17 16:27:39,969 [__main__] [INFO] :: Received message: 사장님 바꿔줄래?
2024-12-17 16:27:39,995 [__main__] [INFO] :: Intent ID: 20
2024-12-17 16:27:40,021 [__main__] [INFO] :: Response: 매장에 문의 후 안내드리겠습니다. 잠시만 기다려주세요.
2024-12-17 16:27:40,021 [__main__] [INFO] :: Processing Time: 0.0526 seconds
2024-12-17 16:27:40,021 [__main__] [INFO] :: --------------------------------------------------
2024-12-17 16:28:10,522 [__main__] [INFO] :: Received message: 테이블 개수 알려줘
2024-12-17 16:28:10,547 [__main__] [INFO] :: Intent ID: 13
2024-12-17 16:28:10,573 [__main__] [INFO] :: Response: 해당 정보는 전화번호로 문자 안내드리겠습니다.
2024-12-17 16:28:10,573 [__main__] [INFO] :: Processing Time: 0.0512 seconds
2024-12-17 16:28:10,573 [__main__] [INFO] :: --------------------------------------------------
2024-12-17 16:28:16,116 [__main__] [INFO] :: Received message: 좌석 얼마나 있어?
2024-12-17 16:28:16,139 [__main__] [INFO] :: Intent ID: 13
2024-12-17 16:28:16,166 [__main__] [INFO] :: Response: 문의 내용을 확인하고 문자로 답변드리겠습니다.
2024-12-17 16:28:16,166 [__main__] [INFO] :: Processing Time: 0.0505 seconds
2024-12-17 16:28:16,166 [__main__] [INFO] :: --------------------------------------------------
2024-12-17 16:28:24,537 [__main__] [INFO] :: Received message: 안녕
2024-12-17 16:28:24,560 [__main__] [INFO] :: Intent ID: 20
2024-12-17 16:28:24,586 [__main__] [INFO] :: Response: 문의 확인 후 문자 드리겠습니다.
2024-12-17 16:28:24,586 [__main__] [INFO] :: Processing Time: 0.0497 seconds
2024-12-17 16:28:24,586 [__main__] [INFO] :: --------------------------------------------------
2024-12-17 16:28:33,611 [__main__] [INFO] :: Received message: 너는 누구야?
2024-12-17 16:28:33,635 [__main__] [INFO] :: Intent ID: 20
2024-12-17 16:28:33,662 [__main__] [INFO] :: Response: 매장에 문의 후 안내드리겠습니다. 잠시만 기다려주세요.
2024-12-17 16:28:33,662 [__main__] [INFO] :: Processing Time: 0.0515 seconds
2024-12-17 16:28:33,662 [__main__] [INFO] :: --------------------------------------------------
2024-12-17 16:28:48,026 [__main__] [INFO] :: Received message: 신메뉴 알려줘
2024-12-17 16:28:48,051 [__main__] [INFO] :: Intent ID: 2
2024-12-17 16:28:48,082 [__main__] [INFO] :: Response: 저희 매장에서는 15주년행사 짜장면 메뉴를 이벤트, 한정 이벤트로 선보이고 있습니다.
2024-12-17 16:28:48,082 [__main__] [INFO] :: Processing Time: 0.0558 seconds
2024-12-17 16:28:48,082 [__main__] [INFO] :: --------------------------------------------------
2024-12-17 16:28:53,606 [__main__] [INFO] :: Received message: 가장 잘나가는 메뉴가 뭐야?
2024-12-17 16:28:53,630 [__main__] [INFO] :: Intent ID: 1
2024-12-17 16:28:53,661 [__main__] [INFO] :: Response: 저희 홍콩반점0410 구리돌다리점의 대표 메뉴는 볶음짬뽕 메뉴로서 추천드립니다.
2024-12-17 16:28:53,661 [__main__] [INFO] :: Processing Time: 0.0553 seconds
2024-12-17 16:28:53,661 [__main__] [INFO] :: --------------------------------------------------
2024-12-17 16:29:00,471 [__main__] [INFO] :: Received message: 인기 메뉴 뭐 있어?
2024-12-17 16:29:00,494 [__main__] [INFO] :: Intent ID: 1
2024-12-17 16:29:00,524 [__main__] [INFO] :: Response: 홍콩반점0410 구리돌다리점에서 대표 메뉴로서 볶음짬뽕 메뉴를 추천드립니다.
2024-12-17 16:29:00,524 [__main__] [INFO] :: Processing Time: 0.0532 seconds
2024-12-17 16:29:00,524 [__main__] [INFO] :: --------------------------------------------------
