2025-01-02 08:40:41,312 [__main__] [INFO] :: *** 08h-40m-41s START ***
2025-01-02 08:40:41,312 [__main__] [INFO] :: *** PID: 3129286 ***
2025-01-02 08:42:34,708 [__main__] [INFO] :: Received message: 메뉴 뭐 있어
2025-01-02 08:42:34,738 [__main__] [INFO] :: Intent ID: 0
2025-01-02 08:42:34,877 [__main__] [INFO] :: Response: 저희 매장에는 면류, 반반메뉴, 밥류, 사이드, 세트메뉴, 주류, 튀김류의 메뉴 종류들이 있어요.
2025-01-02 08:42:34,877 [__main__] [INFO] :: Processing Time: 0.1689 seconds
2025-01-02 08:42:34,877 [__main__] [INFO] :: ----------------------------------------------------------------------------------------------------
2025-01-02 08:43:14,311 [__main__] [INFO] :: Received message: 괜찮지
2025-01-02 08:43:14,338 [__main__] [INFO] :: Intent ID: 4
2025-01-02 08:43:14,385 [__main__] [INFO] :: Response: 저희 매장에서는 고추짜장 메뉴를 추천 해요.
2025-01-02 08:43:14,385 [__main__] [INFO] :: Processing Time: 0.0742 seconds
2025-01-02 08:43:14,385 [__main__] [INFO] :: ----------------------------------------------------------------------------------------------------
2025-01-02 09:04:05,067 [__main__] [INFO] :: Received message: 메뉴 뭐 있어
2025-01-02 09:04:05,090 [__main__] [INFO] :: Intent ID: 0
2025-01-02 09:04:05,136 [__main__] [INFO] :: Response: 저희 매장에는 면류, 반반메뉴, 밥류, 사이드, 세트메뉴, 주류, 튀김류의 메뉴 종류들이 있어요.
2025-01-02 09:04:05,136 [__main__] [INFO] :: Processing Time: 0.0693 seconds
2025-01-02 09:04:05,136 [__main__] [INFO] :: ----------------------------------------------------------------------------------------------------
2025-01-02 09:04:20,201 [__main__] [INFO] :: Received message: 효과음이 안 나는데
2025-01-02 09:04:20,224 [__main__] [INFO] :: Intent ID: 47
2025-01-02 09:04:20,263 [__main__] [INFO] :: Response: 현재 제가 말씀드리기는 어려운 요청이에요.
2025-01-02 09:04:20,263 [__main__] [INFO] :: Processing Time: 0.0617 seconds
2025-01-02 09:04:20,263 [__main__] [INFO] :: ----------------------------------------------------------------------------------------------------
2025-01-02 09:05:33,658 [__main__] [INFO] :: Received message: 메뉴 뭐 있어
2025-01-02 09:05:33,680 [__main__] [INFO] :: Intent ID: 0
2025-01-02 09:05:33,723 [__main__] [INFO] :: Response: 저희 매장에는 면류, 반반메뉴, 밥류, 사이드, 세트메뉴, 주류, 튀김류의 메뉴 종류들이 있어요.
2025-01-02 09:05:33,724 [__main__] [INFO] :: Processing Time: 0.0654 seconds
2025-01-02 09:05:33,724 [__main__] [INFO] :: ----------------------------------------------------------------------------------------------------
2025-01-02 09:06:07,388 [__main__] [INFO] :: Received message: 메뉴 뭐 있어
2025-01-02 09:06:07,413 [__main__] [INFO] :: Intent ID: 0
2025-01-02 09:06:07,452 [__main__] [INFO] :: Response: 저희 매장에는 면류, 반반메뉴, 밥류, 사이드, 세트메뉴, 주류, 튀김류의 메뉴 종류들이 있어요.
2025-01-02 09:06:07,452 [__main__] [INFO] :: Processing Time: 0.0645 seconds
2025-01-02 09:06:07,452 [__main__] [INFO] :: ----------------------------------------------------------------------------------------------------
2025-01-02 09:12:38,443 [__main__] [INFO] :: Received message: 메뉴 뭐 있어
2025-01-02 09:12:38,467 [__main__] [INFO] :: Intent ID: 0
2025-01-02 09:12:38,504 [__main__] [INFO] :: Response: 저희 매장에는 면류, 반반메뉴, 밥류, 사이드, 세트메뉴, 주류, 튀김류의 메뉴 종류들이 있어요.
2025-01-02 09:12:38,504 [__main__] [INFO] :: Processing Time: 0.0607 seconds
2025-01-02 09:12:38,504 [__main__] [INFO] :: ----------------------------------------------------------------------------------------------------
2025-01-02 09:12:50,697 [__main__] [INFO] :: Received message: 메뉴 뭐 있어
2025-01-02 09:12:50,726 [__main__] [INFO] :: Intent ID: 0
2025-01-02 09:12:50,771 [__main__] [INFO] :: Response: 저희 매장에는 면류, 반반메뉴, 밥류, 사이드, 세트메뉴, 주류, 튀김류의 메뉴 종류들이 있어요.
2025-01-02 09:12:50,772 [__main__] [INFO] :: Processing Time: 0.0746 seconds
2025-01-02 09:12:50,772 [__main__] [INFO] :: ----------------------------------------------------------------------------------------------------
2025-01-02 09:15:21,143 [__main__] [INFO] :: Received message: 메뉴 뭐 있어
2025-01-02 09:15:21,168 [__main__] [INFO] :: Intent ID: 0
2025-01-02 09:15:21,214 [__main__] [INFO] :: Response: 저희 매장에는 면류, 반반메뉴, 밥류, 사이드, 세트메뉴, 주류, 튀김류의 메뉴 종류들이 있어요.
2025-01-02 09:15:21,215 [__main__] [INFO] :: Processing Time: 0.0718 seconds
2025-01-02 09:15:21,215 [__main__] [INFO] :: ----------------------------------------------------------------------------------------------------
2025-01-02 09:17:50,338 [__main__] [INFO] :: Received message: 메뉴 뭐 있어
2025-01-02 09:17:50,363 [__main__] [INFO] :: Intent ID: 0
2025-01-02 09:17:50,409 [__main__] [INFO] :: Response: 저희 매장에는 면류, 반반메뉴, 밥류, 사이드, 세트메뉴, 주류, 튀김류의 메뉴 종류들이 있어요.
2025-01-02 09:17:50,409 [__main__] [INFO] :: Processing Time: 0.0706 seconds
2025-01-02 09:17:50,409 [__main__] [INFO] :: ----------------------------------------------------------------------------------------------------
2025-01-02 09:18:02,845 [__main__] [INFO] :: Received message: 그래
2025-01-02 09:18:02,869 [__main__] [INFO] :: Intent ID: 47
2025-01-02 09:18:02,911 [__main__] [INFO] :: Response: 현재 제가 말씀드리기는 어려운 요청이에요.
2025-01-02 09:18:02,911 [__main__] [INFO] :: Processing Time: 0.0667 seconds
2025-01-02 09:18:02,911 [__main__] [INFO] :: ----------------------------------------------------------------------------------------------------
