2025-01-02 11:09:35,699 [__main__] [INFO] :: *** 11h-09m-35s START ***
2025-01-02 11:09:35,699 [__main__] [INFO] :: *** PID: 3168253 ***
2025-01-02 11:13:00,737 [__main__] [INFO] :: Received message: 제가
2025-01-02 11:13:00,766 [__main__] [INFO] :: Intent ID: 47
2025-01-02 11:13:00,886 [__main__] [INFO] :: Response: 현재 제가 말씀드리기는 어려운 요청이에요.
2025-01-02 11:13:00,886 [__main__] [INFO] :: Processing Time: 0.1499 seconds
2025-01-02 11:13:00,886 [__main__] [INFO] :: ----------------------------------------------------------------------------------------------------
2025-01-02 11:13:06,808 [__main__] [INFO] :: Received message: 요거 두 번째 거는 그
2025-01-02 11:13:06,836 [__main__] [INFO] :: Intent ID: 47
2025-01-02 11:13:06,878 [__main__] [INFO] :: Response: 현재 제가 말씀드리기는 어려운 요청이에요.
2025-01-02 11:13:06,878 [__main__] [INFO] :: Processing Time: 0.0698 seconds
2025-01-02 11:13:06,878 [__main__] [INFO] :: ----------------------------------------------------------------------------------------------------
2025-01-02 11:13:09,091 [__main__] [INFO] :: Received message: 좀 서버 다시 올리라고
2025-01-02 11:13:09,117 [__main__] [INFO] :: Intent ID: 44
2025-01-02 11:13:09,158 [__main__] [INFO] :: Response: 해당 문의는 확인 후 전화하신 번호로 안내 드릴게요.
2025-01-02 11:13:09,158 [__main__] [INFO] :: Processing Time: 0.0677 seconds
2025-01-02 11:13:09,158 [__main__] [INFO] :: ----------------------------------------------------------------------------------------------------
2025-01-02 11:13:17,079 [__main__] [INFO] :: Received message: 했고요
2025-01-02 11:13:17,104 [__main__] [INFO] :: Intent ID: 47
2025-01-02 11:13:17,146 [__main__] [INFO] :: Response: 현재 제가 말씀드리기는 어려운 요청이에요.
2025-01-02 11:13:17,146 [__main__] [INFO] :: Processing Time: 0.0669 seconds
2025-01-02 11:13:17,146 [__main__] [INFO] :: ----------------------------------------------------------------------------------------------------
2025-01-02 11:13:28,822 [__main__] [INFO] :: Received message: 미니 뭐 있어
2025-01-02 11:13:28,847 [__main__] [INFO] :: Intent ID: 33
2025-01-02 11:13:28,888 [__main__] [INFO] :: Response: 좌석 이용에 대한 구체적인 문의는 확인 후 전화하신 번호로 다시 연락드릴게요.
2025-01-02 11:13:28,888 [__main__] [INFO] :: Processing Time: 0.0664 seconds
2025-01-02 11:13:28,888 [__main__] [INFO] :: ----------------------------------------------------------------------------------------------------
2025-01-02 11:13:43,528 [__main__] [INFO] :: Received message: 메뉴 뭐 있어
2025-01-02 11:13:43,554 [__main__] [INFO] :: Intent ID: 0
2025-01-02 11:13:43,602 [__main__] [INFO] :: Response: 저희 매장에는 면류, 반반메뉴, 밥류, 사이드, 세트메뉴, 주류, 튀김류의 메뉴 종류들이 있어요.
2025-01-02 11:13:43,602 [__main__] [INFO] :: Processing Time: 0.0741 seconds
2025-01-02 11:13:43,602 [__main__] [INFO] :: ----------------------------------------------------------------------------------------------------
2025-01-02 11:14:17,552 [__main__] [INFO] :: Received message: 이거 처음 인트로 나오는 거 매장 내용으로 제가 바꿔 달라고 했잖아요
2025-01-02 11:14:17,579 [__main__] [INFO] :: Intent ID: 20
2025-01-02 11:14:17,620 [__main__] [INFO] :: Response: 영업시간에 대한 구체적인 문의는 확인 후 전화하신 번호로 다시 연락드릴게요.
2025-01-02 11:14:17,620 [__main__] [INFO] :: Processing Time: 0.0682 seconds
2025-01-02 11:14:17,621 [__main__] [INFO] :: ----------------------------------------------------------------------------------------------------
2025-01-02 11:14:29,644 [__main__] [INFO] :: Received message: 메뉴 뭐 있어
2025-01-02 11:14:29,670 [__main__] [INFO] :: Intent ID: 0
2025-01-02 11:14:29,716 [__main__] [INFO] :: Response: 저희 매장에는 면류, 반반메뉴, 밥류, 사이드, 세트메뉴, 주류, 튀김류의 메뉴 종류들이 있어요.
2025-01-02 11:14:29,716 [__main__] [INFO] :: Processing Time: 0.0721 seconds
2025-01-02 11:14:29,716 [__main__] [INFO] :: ----------------------------------------------------------------------------------------------------
2025-01-02 11:14:43,054 [__main__] [INFO] :: Received message: 주류는 뭐 있어
2025-01-02 11:14:43,080 [__main__] [INFO] :: Intent ID: 0
2025-01-02 11:14:43,127 [__main__] [INFO] :: Response: 저희 매장에는 면류, 반반메뉴, 밥류, 사이드, 세트메뉴, 주류, 튀김류의 메뉴 종류들이 있어요.
2025-01-02 11:14:43,127 [__main__] [INFO] :: Processing Time: 0.0728 seconds
2025-01-02 11:14:43,127 [__main__] [INFO] :: ----------------------------------------------------------------------------------------------------
2025-01-02 11:14:57,043 [__main__] [INFO] :: Received message: 쟁반짜장 얼마야
2025-01-02 11:14:57,070 [__main__] [INFO] :: Intent ID: 1
2025-01-02 11:14:57,151 [__main__] [INFO] :: Response: 쟁반짜장의 가격은 16000원 입니다. 더 자세한 내용은 문자로 발송해드린 메뉴판을 확인해주세요.
2025-01-02 11:14:57,151 [__main__] [INFO] :: Processing Time: 0.1088 seconds
2025-01-02 11:14:57,151 [__main__] [INFO] :: ----------------------------------------------------------------------------------------------------
2025-01-02 11:15:12,162 [__main__] [INFO] :: Received message: 지금 가면 기다리지 않고 식사할 수 있어
2025-01-02 11:15:12,191 [__main__] [INFO] :: Intent ID: 25
2025-01-02 11:15:12,238 [__main__] [INFO] :: Response: 지금 바로 이용하실 수 있어요. 4개 비어있습니다.
2025-01-02 11:15:12,238 [__main__] [INFO] :: Processing Time: 0.0765 seconds
2025-01-02 11:15:12,238 [__main__] [INFO] :: ----------------------------------------------------------------------------------------------------
2025-01-02 11:15:25,159 [__main__] [INFO] :: Received message: 이것도 테이블이나 이런 문구들이 병 변경되지 않은 거 같은데요
2025-01-02 11:15:25,185 [__main__] [INFO] :: Intent ID: 26
2025-01-02 11:15:25,226 [__main__] [INFO] :: Response: 테이블 이용에 대한 구체적인 문의는 확인 후 전화하신 번호로 다시 연락드릴게요.
2025-01-02 11:15:25,226 [__main__] [INFO] :: Processing Time: 0.0674 seconds
2025-01-02 11:15:25,226 [__main__] [INFO] :: ----------------------------------------------------------------------------------------------------
2025-01-02 11:15:37,878 [__main__] [INFO] :: Received message: 주차 가능해
2025-01-02 11:15:37,906 [__main__] [INFO] :: Intent ID: 44
2025-01-02 11:15:37,947 [__main__] [INFO] :: Response: 해당 문의는 확인 후 전화하신 번호로 안내 드릴게요.
2025-01-02 11:15:37,947 [__main__] [INFO] :: Processing Time: 0.0688 seconds
2025-01-02 11:15:37,947 [__main__] [INFO] :: ----------------------------------------------------------------------------------------------------
2025-01-02 11:15:47,266 [__main__] [INFO] :: Received message: 드릴게요 영업시간 어떻게 돼
2025-01-02 11:15:47,291 [__main__] [INFO] :: Intent ID: 16
2025-01-02 11:15:47,338 [__main__] [INFO] :: Response: 저희 매장의 영업시간은 11시에 문을 열고 20시30분에 영업을 마감해요. 휴무일이나 특정 요일 영업시간이 궁금하시면 편하게 물어봐 주세요.
2025-01-02 11:15:47,338 [__main__] [INFO] :: Processing Time: 0.0722 seconds
2025-01-02 11:15:47,338 [__main__] [INFO] :: ----------------------------------------------------------------------------------------------------
2025-01-02 11:16:02,970 [__main__] [INFO] :: Received message: 요 오늘 영업해
2025-01-02 11:16:02,995 [__main__] [INFO] :: Intent ID: 16
2025-01-02 11:16:03,042 [__main__] [INFO] :: Response: 저희 매장의 영업시간은 11시에 문을 열고 20시30분에 영업을 마감해요. 휴무일이나 특정 요일 영업시간이 궁금하시면 편하게 물어봐 주세요.
2025-01-02 11:16:03,042 [__main__] [INFO] :: Processing Time: 0.0721 seconds
2025-01-02 11:16:03,042 [__main__] [INFO] :: ----------------------------------------------------------------------------------------------------
2025-01-02 11:16:17,669 [__main__] [INFO] :: Received message: 도 안 되는 거 같은데요
2025-01-02 11:16:17,695 [__main__] [INFO] :: Intent ID: 47
2025-01-02 11:16:17,736 [__main__] [INFO] :: Response: 현재 제가 말씀드리기는 어려운 요청이에요.
2025-01-02 11:16:17,736 [__main__] [INFO] :: Processing Time: 0.0667 seconds
2025-01-02 11:16:17,736 [__main__] [INFO] :: ----------------------------------------------------------------------------------------------------
2025-01-02 11:16:25,678 [__main__] [INFO] :: Received message: 주말이나 월요일로
2025-01-02 11:16:25,703 [__main__] [INFO] :: Intent ID: 21
2025-01-02 11:16:25,781 [__main__] [INFO] :: Response: 저희 매장은 월요일에 영업 해요. 11시부터 20시 30분 사이에 편하게 방문해주세요.
2025-01-02 11:16:25,781 [__main__] [INFO] :: Processing Time: 0.1033 seconds
2025-01-02 11:16:25,781 [__main__] [INFO] :: ----------------------------------------------------------------------------------------------------
2025-01-02 11:16:28,911 [__main__] [INFO] :: Received message: 해 보신 다음에 오늘은 제가 확인해 보겠습니다
2025-01-02 11:16:28,935 [__main__] [INFO] :: Intent ID: 47
2025-01-02 11:16:28,976 [__main__] [INFO] :: Response: 현재 제가 말씀드리기는 어려운 요청이에요.
2025-01-02 11:16:28,976 [__main__] [INFO] :: Processing Time: 0.0649 seconds
2025-01-02 11:16:28,976 [__main__] [INFO] :: ----------------------------------------------------------------------------------------------------
2025-01-02 11:17:19,389 [__main__] [INFO] :: Received message: 그것도 한번
2025-01-02 11:17:19,414 [__main__] [INFO] :: Intent ID: 47
2025-01-02 11:17:19,456 [__main__] [INFO] :: Response: 현재 제가 말씀드리기는 어려운 요청이에요.
2025-01-02 11:17:19,456 [__main__] [INFO] :: Processing Time: 0.0672 seconds
2025-01-02 11:17:19,456 [__main__] [INFO] :: ----------------------------------------------------------------------------------------------------
2025-01-02 11:17:57,161 [__main__] [INFO] :: Received message: 메뉴 뭐 있어
2025-01-02 11:17:57,184 [__main__] [INFO] :: Intent ID: 0
2025-01-02 11:17:57,230 [__main__] [INFO] :: Response: 저희 매장에는 면류, 반반메뉴, 밥류, 사이드, 세트메뉴, 주류, 튀김류의 메뉴 종류들이 있어요.
2025-01-02 11:17:57,230 [__main__] [INFO] :: Processing Time: 0.0695 seconds
2025-01-02 11:17:57,230 [__main__] [INFO] :: ----------------------------------------------------------------------------------------------------
2025-01-02 11:18:13,474 [__main__] [INFO] :: Received message: 지금 가면 바로 식사할 수 있을까
2025-01-02 11:18:13,499 [__main__] [INFO] :: Intent ID: 25
2025-01-02 11:18:13,546 [__main__] [INFO] :: Response: 지금 바로 이용하실 수 있어요. 4개 비어있습니다.
2025-01-02 11:18:13,546 [__main__] [INFO] :: Processing Time: 0.0722 seconds
2025-01-02 11:18:13,546 [__main__] [INFO] :: ----------------------------------------------------------------------------------------------------
2025-01-02 11:18:22,484 [__main__] [INFO] :: Received message: 주차 가능해
2025-01-02 11:18:22,510 [__main__] [INFO] :: Intent ID: 44
2025-01-02 11:18:22,551 [__main__] [INFO] :: Response: 해당 문의는 확인 후 전화하신 번호로 안내 드릴게요.
2025-01-02 11:18:22,551 [__main__] [INFO] :: Processing Time: 0.0672 seconds
2025-01-02 11:18:22,551 [__main__] [INFO] :: ----------------------------------------------------------------------------------------------------
2025-01-02 11:18:29,285 [__main__] [INFO] :: Received message: 드릴게요
2025-01-02 11:18:29,312 [__main__] [INFO] :: Intent ID: 45
2025-01-02 11:18:29,352 [__main__] [INFO] :: Response: 이용해주셔서 감사합니다. 추가적인 문의사항 있으시면 또 문의해주세요.
2025-01-02 11:18:29,353 [__main__] [INFO] :: Processing Time: 0.0677 seconds
2025-01-02 11:18:29,353 [__main__] [INFO] :: ----------------------------------------------------------------------------------------------------
2025-01-02 11:18:33,984 [__main__] [INFO] :: Received message: 주변에 괜찮은 곳 있을까요
2025-01-02 11:18:34,010 [__main__] [INFO] :: Intent ID: 29
2025-01-02 11:18:34,051 [__main__] [INFO] :: Response: 지도에서 보시는게 더 정확하실 것 같아서 지도 링크를 전송해드렸어요.
2025-01-02 11:18:34,051 [__main__] [INFO] :: Processing Time: 0.0676 seconds
2025-01-02 11:18:34,051 [__main__] [INFO] :: ----------------------------------------------------------------------------------------------------
2025-01-02 11:19:05,929 [__main__] [INFO] :: Received message: 5초 이상 그 응답 없으면은 이제 마무리 멘트 한번 주는 걸로 했거든요 그다음에 한 번만 물어보더라도 10부 이상
2025-01-02 11:19:05,957 [__main__] [INFO] :: Intent ID: 2
2025-01-02 11:19:05,998 [__main__] [INFO] :: Response: 자세한 메뉴 사진과 정보가 적혀있는 QR 주문링크를 전송해드렸어요. 스마트폰으로 편하게 확인해 보세요!
2025-01-02 11:19:05,998 [__main__] [INFO] :: Processing Time: 0.0698 seconds
2025-01-02 11:19:05,998 [__main__] [INFO] :: ----------------------------------------------------------------------------------------------------
2025-01-02 11:19:22,827 [__main__] [INFO] :: Received message: 안 물어보면은 그 과감하게 적혀있는데요
2025-01-02 11:19:22,854 [__main__] [INFO] :: Intent ID: 2
2025-01-02 11:19:22,895 [__main__] [INFO] :: Response: 자세한 메뉴 사진과 정보가 적혀있는 QR 주문링크를 전송해드렸어요. 스마트폰으로 편하게 확인해 보세요!
2025-01-02 11:19:22,895 [__main__] [INFO] :: Processing Time: 0.0683 seconds
2025-01-02 11:19:22,895 [__main__] [INFO] :: ----------------------------------------------------------------------------------------------------
