2025-01-02 16:34:13,176 [__main__] [INFO] :: *** 16h-34m-13s START ***
2025-01-02 16:34:13,176 [__main__] [INFO] :: *** PID: 3301797 ***
2025-01-02 16:34:46,298 [__main__] [INFO] :: Received message: 멤버십 혜택이 뭐야
2025-01-02 16:34:46,332 [__main__] [INFO] :: Intent ID: 35
2025-01-02 16:34:46,460 [__main__] [INFO] :: Response: 멤버십 가입 시 포인트 적립과 쿠폰 혜택을 받을 수 있습니다.
2025-01-02 16:34:46,460 [__main__] [INFO] :: Processing Time: 0.1620 seconds
2025-01-02 16:34:46,460 [__main__] [INFO] :: ----------------------------------------------------------------------------------------------------
2025-01-02 16:34:57,786 [__main__] [INFO] :: Received message: 멤버십 가입하면 뭐줘
2025-01-02 16:34:57,814 [__main__] [INFO] :: Intent ID: 35
2025-01-02 16:34:57,860 [__main__] [INFO] :: Response: 멤버십 가입 시 포인트 적립과 쿠폰 혜택을 받을 수 있습니다.
2025-01-02 16:34:57,860 [__main__] [INFO] :: Processing Time: 0.0751 seconds
2025-01-02 16:34:57,861 [__main__] [INFO] :: ----------------------------------------------------------------------------------------------------
2025-01-02 16:35:09,410 [__main__] [INFO] :: Received message: 멤버십 어떻게 가입해
2025-01-02 16:35:09,435 [__main__] [INFO] :: Intent ID: 34
2025-01-02 16:35:09,477 [__main__] [INFO] :: Response: 저희 매장은 멤버십 서비스를 제공하며, 포인트 적립 및 쿠폰 혜택을 위해 스마트 주문 앱 또는 키오스크를 통해 가입하실 수 있습니다.
2025-01-02 16:35:09,477 [__main__] [INFO] :: Processing Time: 0.0672 seconds
2025-01-02 16:35:09,477 [__main__] [INFO] :: ----------------------------------------------------------------------------------------------------
2025-01-02 16:35:18,875 [__main__] [INFO] :: Received message: 포인트가 뭐야
2025-01-02 16:35:18,901 [__main__] [INFO] :: Intent ID: 37
2025-01-02 16:35:18,954 [__main__] [INFO] :: Response: 저희 매장에서는 1000점 이상의 포인트를 사용할 수 있습니다.
2025-01-02 16:35:18,954 [__main__] [INFO] :: Processing Time: 0.0791 seconds
2025-01-02 16:35:18,954 [__main__] [INFO] :: ----------------------------------------------------------------------------------------------------
2025-01-02 16:35:27,787 [__main__] [INFO] :: Received message: 밥류 뭐 있어
2025-01-02 16:35:27,814 [__main__] [INFO] :: Intent ID: 2
2025-01-02 16:35:27,856 [__main__] [INFO] :: Response: 자세한 메뉴 사진과 정보가 적혀있는 QR 주문링크를 전송해드렸어요. 스마트폰으로 편하게 확인해 보세요!
2025-01-02 16:35:27,856 [__main__] [INFO] :: Processing Time: 0.0701 seconds
2025-01-02 16:35:27,856 [__main__] [INFO] :: ----------------------------------------------------------------------------------------------------
2025-01-02 16:35:38,535 [__main__] [INFO] :: Received message: 밥 뭐 팔아
2025-01-02 16:35:38,560 [__main__] [INFO] :: Intent ID: 2
2025-01-02 16:35:38,601 [__main__] [INFO] :: Response: 자세한 메뉴 사진과 정보가 적혀있는 QR 주문링크를 전송해드렸어요. 스마트폰으로 편하게 확인해 보세요!
2025-01-02 16:35:38,601 [__main__] [INFO] :: Processing Time: 0.0661 seconds
2025-01-02 16:35:38,601 [__main__] [INFO] :: ----------------------------------------------------------------------------------------------------
2025-01-02 16:36:59,852 [__main__] [INFO] :: Received message: 쿠폰 어떻게 써
2025-01-02 16:36:59,880 [__main__] [INFO] :: Intent ID: 39
2025-01-02 16:36:59,925 [__main__] [INFO] :: Response: 9000원 이상 구매 시 쿠폰을 사용할 수 있으며, 쿠폰은 현금처럼 사용 가능합니다.
2025-01-02 16:36:59,925 [__main__] [INFO] :: Processing Time: 0.0729 seconds
2025-01-02 16:36:59,925 [__main__] [INFO] :: ----------------------------------------------------------------------------------------------------
2025-01-02 16:37:08,349 [__main__] [INFO] :: Received message: 쿠폰 사용법
2025-01-02 16:37:08,370 [__main__] [INFO] :: Intent ID: 39
2025-01-02 16:37:08,415 [__main__] [INFO] :: Response: 9000원 이상 구매 시 쿠폰을 사용할 수 있으며, 쿠폰은 현금처럼 사용 가능합니다.
2025-01-02 16:37:08,415 [__main__] [INFO] :: Processing Time: 0.0664 seconds
2025-01-02 16:37:08,415 [__main__] [INFO] :: ----------------------------------------------------------------------------------------------------
2025-01-02 16:37:18,523 [__main__] [INFO] :: Received message: 쿠폰 쓰는법 알려줄래
2025-01-02 16:37:18,546 [__main__] [INFO] :: Intent ID: 40
2025-01-02 16:37:18,586 [__main__] [INFO] :: Response: 멤버십, 포인트 및 쿠폰 관련 문의는 확인 후 다시 안내드리겠습니다.
2025-01-02 16:37:18,586 [__main__] [INFO] :: Processing Time: 0.0634 seconds
2025-01-02 16:37:18,586 [__main__] [INFO] :: ----------------------------------------------------------------------------------------------------
2025-01-02 16:37:35,263 [__main__] [INFO] :: Received message: 쿠폰 어떻게 쓸 수 있어?
2025-01-02 16:37:35,288 [__main__] [INFO] :: Intent ID: 39
2025-01-02 16:37:35,407 [__main__] [INFO] :: Response: 9000원 이상 구매 시 쿠폰을 사용할 수 있으며, 쿠폰은 현금처럼 사용 가능합니다.
2025-01-02 16:37:35,407 [__main__] [INFO] :: Processing Time: 0.1447 seconds
2025-01-02 16:37:35,407 [__main__] [INFO] :: ----------------------------------------------------------------------------------------------------
2025-01-02 16:37:44,259 [__main__] [INFO] :: Received message: 쿠폰 사용법 알려줘
2025-01-02 16:37:44,283 [__main__] [INFO] :: Intent ID: 39
2025-01-02 16:37:44,327 [__main__] [INFO] :: Response: 9000원 이상 구매 시 쿠폰을 사용할 수 있으며, 쿠폰은 현금처럼 사용 가능합니다.
2025-01-02 16:37:44,327 [__main__] [INFO] :: Processing Time: 0.0677 seconds
2025-01-02 16:37:44,327 [__main__] [INFO] :: ----------------------------------------------------------------------------------------------------
2025-01-02 16:37:56,161 [__main__] [INFO] :: Received message: 쿠폰 사용법 알려줄래
2025-01-02 16:37:56,187 [__main__] [INFO] :: Intent ID: 39
2025-01-02 16:37:56,234 [__main__] [INFO] :: Response: 9000원 이상 구매 시 쿠폰을 사용할 수 있으며, 쿠폰은 현금처럼 사용 가능합니다.
2025-01-02 16:37:56,234 [__main__] [INFO] :: Processing Time: 0.0737 seconds
2025-01-02 16:37:56,234 [__main__] [INFO] :: ----------------------------------------------------------------------------------------------------
2025-01-02 16:38:17,685 [__main__] [INFO] :: Received message: 포인트 적립
2025-01-02 16:38:17,704 [__main__] [INFO] :: Intent ID: 36
2025-01-02 16:38:17,749 [__main__] [INFO] :: Response: 구매 금액의 4%가 포인트로 적립됩니다.
2025-01-02 16:38:17,749 [__main__] [INFO] :: Processing Time: 0.0644 seconds
2025-01-02 16:38:17,749 [__main__] [INFO] :: ----------------------------------------------------------------------------------------------------
2025-01-02 16:38:23,227 [__main__] [INFO] :: Received message: 포인트 적립 얼마나 돼?
2025-01-02 16:38:23,253 [__main__] [INFO] :: Intent ID: 36
2025-01-02 16:38:23,301 [__main__] [INFO] :: Response: 구매 금액의 4%가 포인트로 적립됩니다.
2025-01-02 16:38:23,301 [__main__] [INFO] :: Processing Time: 0.0742 seconds
2025-01-02 16:38:23,302 [__main__] [INFO] :: ----------------------------------------------------------------------------------------------------
2025-01-02 16:38:31,289 [__main__] [INFO] :: Received message: 포인트 적립 되는지 알려줘
2025-01-02 16:38:31,310 [__main__] [INFO] :: Intent ID: 36
2025-01-02 16:38:31,354 [__main__] [INFO] :: Response: 구매 금액의 4%가 포인트로 적립됩니다.
2025-01-02 16:38:31,354 [__main__] [INFO] :: Processing Time: 0.0656 seconds
2025-01-02 16:38:31,354 [__main__] [INFO] :: ----------------------------------------------------------------------------------------------------
2025-01-02 16:38:49,337 [__main__] [INFO] :: Received message: 포인트는 얼마부터 쓸 수 있어?
2025-01-02 16:38:49,364 [__main__] [INFO] :: Intent ID: 37
2025-01-02 16:38:49,412 [__main__] [INFO] :: Response: 저희 매장에서는 1000점 이상의 포인트를 사용할 수 있습니다.
2025-01-02 16:38:49,412 [__main__] [INFO] :: Processing Time: 0.0750 seconds
2025-01-02 16:38:49,412 [__main__] [INFO] :: ----------------------------------------------------------------------------------------------------
2025-01-02 16:38:59,176 [__main__] [INFO] :: Received message: 포인트 사용 기준이 뭐야?
2025-01-02 16:38:59,201 [__main__] [INFO] :: Intent ID: 37
2025-01-02 16:38:59,249 [__main__] [INFO] :: Response: 저희 매장에서는 1000점 이상의 포인트를 사용할 수 있습니다.
2025-01-02 16:38:59,249 [__main__] [INFO] :: Processing Time: 0.0725 seconds
2025-01-02 16:38:59,249 [__main__] [INFO] :: ----------------------------------------------------------------------------------------------------
2025-01-02 16:39:12,899 [__main__] [INFO] :: Received message: 이벤트 알려줘
2025-01-02 16:39:12,920 [__main__] [INFO] :: Intent ID: 41
2025-01-02 16:39:12,964 [__main__] [INFO] :: Response: 현재 진행 중인 이벤트는 신메뉴 5% 할인입니다. 스마트주문 앱에서 더 자세히 확인하세요.
2025-01-02 16:39:12,964 [__main__] [INFO] :: Processing Time: 0.0650 seconds
2025-01-02 16:39:12,964 [__main__] [INFO] :: ----------------------------------------------------------------------------------------------------
2025-01-02 16:39:52,685 [__main__] [INFO] :: Received message: 신메뉴 할인 이벤트가 뭐야?
2025-01-02 16:39:52,711 [__main__] [INFO] :: Intent ID: 43
2025-01-02 16:39:52,753 [__main__] [INFO] :: Response: 이벤트 관련 문의는 확인 후 다시 연락드리겠습니다.
2025-01-02 16:39:52,753 [__main__] [INFO] :: Processing Time: 0.0680 seconds
2025-01-02 16:39:52,753 [__main__] [INFO] :: ----------------------------------------------------------------------------------------------------
2025-01-02 16:40:02,238 [__main__] [INFO] :: Received message: 할인 이벤트가 뭐야?
2025-01-02 16:40:02,260 [__main__] [INFO] :: Intent ID: 42
2025-01-02 16:40:02,300 [__main__] [INFO] :: Response: 현재 진행 중인 이벤트에 대한 자세한 정보는 스마트 주문 앱에서 확인할 수 있습니다. 앱 설치 링크를 전송해드렸으니 참고해주세요.
2025-01-02 16:40:02,301 [__main__] [INFO] :: Processing Time: 0.0625 seconds
2025-01-02 16:40:02,301 [__main__] [INFO] :: ----------------------------------------------------------------------------------------------------
2025-01-02 16:40:17,590 [__main__] [INFO] :: Received message: 단체석 있어?
2025-01-02 16:40:17,612 [__main__] [INFO] :: Intent ID: 31
2025-01-02 16:40:17,656 [__main__] [INFO] :: Response: 저희 매장에는 단체석 및 예약석이 있습니다. 예약을 원하시면 매장으로 연락 부탁드립니다.
2025-01-02 16:40:17,656 [__main__] [INFO] :: Processing Time: 0.0667 seconds
2025-01-02 16:40:17,657 [__main__] [INFO] :: ----------------------------------------------------------------------------------------------------
2025-01-02 16:40:29,754 [__main__] [INFO] :: Received message: 단체로 앉을 수 있는 곳 있어?
2025-01-02 16:40:29,780 [__main__] [INFO] :: Intent ID: 31
2025-01-02 16:40:29,826 [__main__] [INFO] :: Response: 저희 매장에는 단체석 및 예약석이 있습니다. 예약을 원하시면 매장으로 연락 부탁드립니다.
2025-01-02 16:40:29,827 [__main__] [INFO] :: Processing Time: 0.0728 seconds
2025-01-02 16:40:29,827 [__main__] [INFO] :: ----------------------------------------------------------------------------------------------------
2025-01-02 16:40:39,185 [__main__] [INFO] :: Received message: 예약석 있어?
2025-01-02 16:40:39,210 [__main__] [INFO] :: Intent ID: 31
2025-01-02 16:40:39,258 [__main__] [INFO] :: Response: 저희 매장에는 단체석 및 예약석이 있습니다. 예약을 원하시면 매장으로 연락 부탁드립니다.
2025-01-02 16:40:39,259 [__main__] [INFO] :: Processing Time: 0.0735 seconds
2025-01-02 16:40:39,259 [__main__] [INFO] :: ----------------------------------------------------------------------------------------------------
2025-01-02 16:41:02,318 [__main__] [INFO] :: Received message: 배달 최소 주문 금액은 얼마부터 없어져?
2025-01-02 16:41:02,351 [__main__] [INFO] :: Intent ID: 24
2025-01-02 16:41:02,394 [__main__] [INFO] :: Response: 배달 관련 문의는 확인 후 다시 연락드리겠습니다.
2025-01-02 16:41:02,394 [__main__] [INFO] :: Processing Time: 0.0767 seconds
2025-01-02 16:41:02,394 [__main__] [INFO] :: ----------------------------------------------------------------------------------------------------
2025-01-02 16:41:15,635 [__main__] [INFO] :: Received message: 룸 규모가 어떻게 돼?
2025-01-02 16:41:15,659 [__main__] [INFO] :: Intent ID: 33
2025-01-02 16:41:15,702 [__main__] [INFO] :: Response: 시설 관련 문의는 확인 후 다시 연락드리겠습니다.
2025-01-02 16:41:15,702 [__main__] [INFO] :: Processing Time: 0.0668 seconds
2025-01-02 16:41:15,702 [__main__] [INFO] :: ----------------------------------------------------------------------------------------------------
2025-01-02 16:41:28,537 [__main__] [INFO] :: Received message: 쿠폰 어떻게 얻어?
2025-01-02 16:41:28,559 [__main__] [INFO] :: Intent ID: 38
2025-01-02 16:41:28,603 [__main__] [INFO] :: Response: 스탬프 10개 적립 시 할인쿠폰을 발급받으실 수 있습니다.
2025-01-02 16:41:28,604 [__main__] [INFO] :: Processing Time: 0.0662 seconds
2025-01-02 16:41:28,604 [__main__] [INFO] :: ----------------------------------------------------------------------------------------------------
2025-01-02 16:41:50,119 [__main__] [INFO] :: Received message: 근처 대중교통 뭐 있어?
2025-01-02 16:41:50,141 [__main__] [INFO] :: Intent ID: 28
2025-01-02 16:41:50,181 [__main__] [INFO] :: Response: 더 정확히 안내드리기 위해 지도 링크를 보내드렸습니다.
2025-01-02 16:41:50,181 [__main__] [INFO] :: Processing Time: 0.0616 seconds
2025-01-02 16:41:50,181 [__main__] [INFO] :: ----------------------------------------------------------------------------------------------------
