2025-01-02 17:49:30,302 [__main__] [INFO] :: *** 17h-49m-30s START ***
2025-01-02 17:49:30,302 [__main__] [INFO] :: *** PID: 3337777 ***
2025-01-02 17:56:36,678 [__main__] [INFO] :: Received message: 메뉴 뭐 있어
2025-01-02 17:56:36,702 [__main__] [INFO] :: Intent ID: 0
2025-01-02 17:56:36,817 [__main__] [INFO] :: Response: 저희 매장에는 면류, 반반메뉴, 밥류, 사이드, 세트메뉴, 주류, 튀김류의 메뉴 종류들이 있어요.
2025-01-02 17:56:36,817 [__main__] [INFO] :: Processing Time: 0.1395 seconds
2025-01-02 17:56:36,817 [__main__] [INFO] :: ----------------------------------------------------------------------------------------------------
2025-01-02 17:56:48,955 [__main__] [INFO] :: Received message: 튀김류 뭐 있어
2025-01-02 17:56:48,980 [__main__] [INFO] :: Intent ID: 2
2025-01-02 17:56:49,019 [__main__] [INFO] :: Response: 자세한 메뉴 사진과 정보가 적혀있는 QR 주문링크를 전송해드렸어요. 스마트폰으로 편하게 확인해 보세요!
2025-01-02 17:56:49,019 [__main__] [INFO] :: Processing Time: 0.0648 seconds
2025-01-02 17:56:49,019 [__main__] [INFO] :: ----------------------------------------------------------------------------------------------------
2025-01-02 17:57:05,475 [__main__] [INFO] :: Received message: 연휴 뭐 있어
2025-01-02 17:57:05,495 [__main__] [INFO] :: Intent ID: 18
2025-01-02 17:57:05,548 [__main__] [INFO] :: Response: 저희 매장의 휴무일은 매주 화요일이며, 영업일은 매주 수요일부터 월요일입니다.
2025-01-02 17:57:05,548 [__main__] [INFO] :: Processing Time: 0.0739 seconds
2025-01-02 17:57:05,548 [__main__] [INFO] :: ----------------------------------------------------------------------------------------------------
2025-01-02 17:57:23,634 [__main__] [INFO] :: Received message: 몇 년 뭐 있어
2025-01-02 17:57:23,658 [__main__] [INFO] :: Intent ID: 17
2025-01-02 17:57:23,702 [__main__] [INFO] :: Response: 저희 매장은 14시부터 16시30분까지 브레이크 타임입니다.
2025-01-02 17:57:23,702 [__main__] [INFO] :: Processing Time: 0.0678 seconds
2025-01-02 17:57:23,702 [__main__] [INFO] :: ----------------------------------------------------------------------------------------------------
2025-01-02 17:57:32,699 [__main__] [INFO] :: Received message: 연유부 있어
2025-01-02 17:57:32,722 [__main__] [INFO] :: Intent ID: 2
2025-01-02 17:57:32,766 [__main__] [INFO] :: Response: 자세한 메뉴 사진과 정보가 적혀있는 QR 주문링크를 전송해드렸어요. 스마트폰으로 편하게 확인해 보세요!
2025-01-02 17:57:32,767 [__main__] [INFO] :: Processing Time: 0.0680 seconds
2025-01-02 17:57:32,767 [__main__] [INFO] :: ----------------------------------------------------------------------------------------------------
2025-01-02 17:57:51,080 [__main__] [INFO] :: Received message: 면류 뭐 있어
2025-01-02 17:57:51,105 [__main__] [INFO] :: Intent ID: 2
2025-01-02 17:57:51,145 [__main__] [INFO] :: Response: 자세한 메뉴 사진과 정보가 적혀있는 QR 주문링크를 전송해드렸어요. 스마트폰으로 편하게 확인해 보세요!
2025-01-02 17:57:51,145 [__main__] [INFO] :: Processing Time: 0.0654 seconds
2025-01-02 17:57:51,145 [__main__] [INFO] :: ----------------------------------------------------------------------------------------------------
2025-01-02 17:58:06,502 [__main__] [INFO] :: Received message: 밤유부 있어
2025-01-02 17:58:06,523 [__main__] [INFO] :: Intent ID: 2
2025-01-02 17:58:06,564 [__main__] [INFO] :: Response: 자세한 메뉴 사진과 정보가 적혀있는 QR 주문링크를 전송해드렸어요. 스마트폰으로 편하게 확인해 보세요!
2025-01-02 17:58:06,564 [__main__] [INFO] :: Processing Time: 0.0622 seconds
2025-01-02 17:58:06,564 [__main__] [INFO] :: ----------------------------------------------------------------------------------------------------
2025-01-02 17:58:18,840 [__main__] [INFO] :: Received message: 술 못 팔아
2025-01-02 17:58:18,858 [__main__] [INFO] :: Intent ID: 2
2025-01-02 17:58:18,893 [__main__] [INFO] :: Response: 자세한 메뉴 사진과 정보가 적혀있는 QR 주문링크를 전송해드렸어요. 스마트폰으로 편하게 확인해 보세요!
2025-01-02 17:58:18,893 [__main__] [INFO] :: Processing Time: 0.0529 seconds
2025-01-02 17:58:18,893 [__main__] [INFO] :: ----------------------------------------------------------------------------------------------------
2025-01-02 17:58:35,739 [__main__] [INFO] :: Received message: 술 어떤 거 팔아
2025-01-02 17:58:35,767 [__main__] [INFO] :: Intent ID: 2
2025-01-02 17:58:35,807 [__main__] [INFO] :: Response: 자세한 메뉴 사진과 정보가 적혀있는 QR 주문링크를 전송해드렸어요. 스마트폰으로 편하게 확인해 보세요!
2025-01-02 17:58:35,807 [__main__] [INFO] :: Processing Time: 0.0680 seconds
2025-01-02 17:58:35,807 [__main__] [INFO] :: ----------------------------------------------------------------------------------------------------
2025-01-02 17:58:48,219 [__main__] [INFO] :: Received message: 술 못 파는지 알려 줄래
2025-01-02 17:58:48,243 [__main__] [INFO] :: Intent ID: 2
2025-01-02 17:58:48,283 [__main__] [INFO] :: Response: 자세한 메뉴 사진과 정보가 적혀있는 QR 주문링크를 전송해드렸어요. 스마트폰으로 편하게 확인해 보세요!
2025-01-02 17:58:48,283 [__main__] [INFO] :: Processing Time: 0.0643 seconds
2025-01-02 17:58:48,283 [__main__] [INFO] :: ----------------------------------------------------------------------------------------------------
2025-01-02 17:59:00,655 [__main__] [INFO] :: Received message: 술 어떤 거 파는지 알려 줘
2025-01-02 17:59:00,684 [__main__] [INFO] :: Intent ID: 2
2025-01-02 17:59:00,727 [__main__] [INFO] :: Response: 자세한 메뉴 사진과 정보가 적혀있는 QR 주문링크를 전송해드렸어요. 스마트폰으로 편하게 확인해 보세요!
2025-01-02 17:59:00,727 [__main__] [INFO] :: Processing Time: 0.0723 seconds
2025-01-02 17:59:00,727 [__main__] [INFO] :: ----------------------------------------------------------------------------------------------------
2025-01-02 18:00:23,489 [__main__] [INFO] :: Received message: 포인트 어떻게 써
2025-01-02 18:00:23,515 [__main__] [INFO] :: Intent ID: 37
2025-01-02 18:00:23,567 [__main__] [INFO] :: Response: 저희 매장에서는 1000점 이상의 포인트를 사용할 수 있습니다.
2025-01-02 18:00:23,567 [__main__] [INFO] :: Processing Time: 0.0787 seconds
2025-01-02 18:00:23,567 [__main__] [INFO] :: ----------------------------------------------------------------------------------------------------
2025-01-02 18:00:45,733 [__main__] [INFO] :: Received message: 쿠폰 쓰는 법 알려 줄래
2025-01-02 18:00:45,759 [__main__] [INFO] :: Intent ID: 40
2025-01-02 18:00:45,803 [__main__] [INFO] :: Response: 멤버십, 포인트 및 쿠폰 관련 문의는 확인 후 다시 안내드리겠습니다.
2025-01-02 18:00:45,804 [__main__] [INFO] :: Processing Time: 0.0707 seconds
2025-01-02 18:00:45,804 [__main__] [INFO] :: ----------------------------------------------------------------------------------------------------
2025-01-02 18:00:56,961 [__main__] [INFO] :: Received message: 쿠폰은 얼마부터 쓸 수 있어
2025-01-02 18:00:56,988 [__main__] [INFO] :: Intent ID: 39
2025-01-02 18:00:57,032 [__main__] [INFO] :: Response: 9000원 이상 구매 시 쿠폰을 사용할 수 있으며, 쿠폰은 현금처럼 사용 가능합니다.
2025-01-02 18:00:57,032 [__main__] [INFO] :: Processing Time: 0.0714 seconds
2025-01-02 18:00:57,032 [__main__] [INFO] :: ----------------------------------------------------------------------------------------------------
2025-01-02 18:01:08,133 [__main__] [INFO] :: Received message: 멤버십 가입시에 떡이 있어
2025-01-02 18:01:08,160 [__main__] [INFO] :: Intent ID: 35
2025-01-02 18:01:08,202 [__main__] [INFO] :: Response: 멤버십 가입 시 포인트 적립과 쿠폰 혜택을 받을 수 있습니다.
2025-01-02 18:01:08,202 [__main__] [INFO] :: Processing Time: 0.0693 seconds
2025-01-02 18:01:08,202 [__main__] [INFO] :: ----------------------------------------------------------------------------------------------------
2025-01-02 18:01:18,206 [__main__] [INFO] :: Received message: 멤버십 가입하려면 어떻게 해야 돼
2025-01-02 18:01:18,226 [__main__] [INFO] :: Intent ID: 34
2025-01-02 18:01:18,271 [__main__] [INFO] :: Response: 저희 매장은 멤버십 서비스를 제공하며, 포인트 적립 및 쿠폰 혜택을 위해 스마트 주문 앱 또는 키오스크를 통해 가입하실 수 있습니다.
2025-01-02 18:01:18,271 [__main__] [INFO] :: Processing Time: 0.0644 seconds
2025-01-02 18:01:18,271 [__main__] [INFO] :: ----------------------------------------------------------------------------------------------------
