2025-01-02 17:48:37,292 [__main__] [INFO] :: *** 17h-48m-37s START ***
2025-01-02 17:48:37,292 [__main__] [INFO] :: *** PID: 3337075 ***
2025-01-02 18:35:54,171 [__main__] [INFO] :: Received message: 메뉴 뭐 있어
2025-01-02 18:35:54,239 [__main__] [INFO] :: Intent ID: 0
2025-01-02 18:35:54,487 [__main__] [INFO] :: Response: 저희 매장에는 면류, 반반메뉴, 밥류, 사이드, 세트메뉴, 주류, 튀김류의 메뉴 종류들이 있어요.
2025-01-02 18:35:54,487 [__main__] [INFO] :: Processing Time: 0.3164 seconds
2025-01-02 18:35:54,488 [__main__] [INFO] :: ----------------------------------------------------------------------------------------------------
2025-01-02 18:36:06,855 [__main__] [INFO] :: Received message: 연휴 뭐 있어
2025-01-02 18:36:06,875 [__main__] [INFO] :: Intent ID: 18
2025-01-02 18:36:06,926 [__main__] [INFO] :: Response: 저희 매장의 휴무일은 매주 화요일이며, 영업일은 매주 수요일부터 월요일입니다.
2025-01-02 18:36:06,926 [__main__] [INFO] :: Processing Time: 0.0709 seconds
2025-01-02 18:36:06,926 [__main__] [INFO] :: ----------------------------------------------------------------------------------------------------
2025-01-02 18:36:18,485 [__main__] [INFO] :: Received message: 술은 못 팔아
2025-01-02 18:36:18,508 [__main__] [INFO] :: Intent ID: 2
2025-01-02 18:36:18,554 [__main__] [INFO] :: Response: 자세한 메뉴 사진과 정보가 적혀있는 QR 주문링크를 전송해드렸어요. 스마트폰으로 편하게 확인해 보세요!
2025-01-02 18:36:18,554 [__main__] [INFO] :: Processing Time: 0.0697 seconds
2025-01-02 18:36:18,554 [__main__] [INFO] :: ----------------------------------------------------------------------------------------------------
2025-01-02 18:36:30,526 [__main__] [INFO] :: Received message: 반반 메뉴 뭐 있어
2025-01-02 18:36:30,550 [__main__] [INFO] :: Intent ID: 2
2025-01-02 18:36:30,711 [__main__] [INFO] :: Response: 자세한 메뉴 사진과 정보가 적혀있는 QR 주문링크를 전송해드렸어요. 스마트폰으로 편하게 확인해 보세요!
2025-01-02 18:36:30,711 [__main__] [INFO] :: Processing Time: 0.1847 seconds
2025-01-02 18:36:30,711 [__main__] [INFO] :: ----------------------------------------------------------------------------------------------------
2025-01-02 18:36:42,642 [__main__] [INFO] :: Received message: 밥은 뭐 어떤 거 팔아
2025-01-02 18:36:42,664 [__main__] [INFO] :: Intent ID: 2
2025-01-02 18:36:42,708 [__main__] [INFO] :: Response: 자세한 메뉴 사진과 정보가 적혀있는 QR 주문링크를 전송해드렸어요. 스마트폰으로 편하게 확인해 보세요!
2025-01-02 18:36:42,710 [__main__] [INFO] :: Processing Time: 0.0677 seconds
2025-01-02 18:36:42,710 [__main__] [INFO] :: ----------------------------------------------------------------------------------------------------
2025-01-02 18:37:51,908 [__main__] [INFO] :: Received message: 안녕하세요
2025-01-02 18:37:51,958 [__main__] [INFO] :: Intent ID: 46
2025-01-02 18:37:52,086 [__main__] [INFO] :: Response: 안녕하세요! 홍콩반점입니다. 어떤 문의 도와드릴까요?
2025-01-02 18:37:52,086 [__main__] [INFO] :: Processing Time: 0.1783 seconds
2025-01-02 18:37:52,086 [__main__] [INFO] :: ----------------------------------------------------------------------------------------------------
2025-01-02 18:38:14,659 [__main__] [INFO] :: Received message: 안녕
2025-01-02 18:38:14,684 [__main__] [INFO] :: Intent ID: 46
2025-01-02 18:38:14,797 [__main__] [INFO] :: Response: 안녕하세요! 홍콩반점입니다. 어떤 문의 도와드릴까요?
2025-01-02 18:38:14,798 [__main__] [INFO] :: Processing Time: 0.1388 seconds
2025-01-02 18:38:14,798 [__main__] [INFO] :: ----------------------------------------------------------------------------------------------------
2025-01-02 18:38:35,304 [__main__] [INFO] :: Received message: 언제 쉬어
2025-01-02 18:38:35,328 [__main__] [INFO] :: Intent ID: 18
2025-01-02 18:38:35,441 [__main__] [INFO] :: Response: 저희 매장의 휴무일은 매주 화요일이며, 영업일은 매주 수요일부터 월요일입니다.
2025-01-02 18:38:35,442 [__main__] [INFO] :: Processing Time: 0.1381 seconds
2025-01-02 18:38:35,442 [__main__] [INFO] :: ----------------------------------------------------------------------------------------------------
2025-01-02 18:38:46,881 [__main__] [INFO] :: Received message: 휴무일 언제야
2025-01-02 18:38:46,904 [__main__] [INFO] :: Intent ID: 18
2025-01-02 18:38:46,954 [__main__] [INFO] :: Response: 저희 매장의 휴무일은 매주 화요일이며, 영업일은 매주 수요일부터 월요일입니다.
2025-01-02 18:38:46,955 [__main__] [INFO] :: Processing Time: 0.0738 seconds
2025-01-02 18:38:46,955 [__main__] [INFO] :: ----------------------------------------------------------------------------------------------------
2025-01-02 18:38:57,660 [__main__] [INFO] :: Received message: 영업일 언제야
2025-01-02 18:38:57,681 [__main__] [INFO] :: Intent ID: 18
2025-01-02 18:38:57,731 [__main__] [INFO] :: Response: 저희 매장의 휴무일은 매주 화요일이며, 영업일은 매주 수요일부터 월요일입니다.
2025-01-02 18:38:57,732 [__main__] [INFO] :: Processing Time: 0.0719 seconds
2025-01-02 18:38:57,732 [__main__] [INFO] :: ----------------------------------------------------------------------------------------------------
2025-01-02 18:39:08,198 [__main__] [INFO] :: Received message: 영업일 언제야
2025-01-02 18:39:08,221 [__main__] [INFO] :: Intent ID: 18
2025-01-02 18:39:08,324 [__main__] [INFO] :: Response: 저희 매장의 휴무일은 매주 화요일이며, 영업일은 매주 수요일부터 월요일입니다.
2025-01-02 18:39:08,324 [__main__] [INFO] :: Processing Time: 0.1262 seconds
2025-01-02 18:39:08,324 [__main__] [INFO] :: ----------------------------------------------------------------------------------------------------
2025-01-02 18:39:20,321 [__main__] [INFO] :: Received message: 영업일 언제야
2025-01-02 18:39:20,343 [__main__] [INFO] :: Intent ID: 18
2025-01-02 18:39:20,393 [__main__] [INFO] :: Response: 저희 매장의 휴무일은 매주 화요일이며, 영업일은 매주 수요일부터 월요일입니다.
2025-01-02 18:39:20,393 [__main__] [INFO] :: Processing Time: 0.0724 seconds
2025-01-02 18:39:20,393 [__main__] [INFO] :: ----------------------------------------------------------------------------------------------------
2025-01-02 18:39:31,424 [__main__] [INFO] :: Received message: 평일이 영업해
2025-01-02 18:39:31,448 [__main__] [INFO] :: Intent ID: 19
2025-01-02 18:39:31,559 [__main__] [INFO] :: Response: 네, 운영합니다. 영업 시간은 11시부터 20시30분까지입니다.
2025-01-02 18:39:31,559 [__main__] [INFO] :: Processing Time: 0.1358 seconds
2025-01-02 18:39:31,559 [__main__] [INFO] :: ----------------------------------------------------------------------------------------------------
2025-01-02 18:39:41,344 [__main__] [INFO] :: Received message: 평일 영업일은 언제야
2025-01-02 18:39:41,366 [__main__] [INFO] :: Intent ID: 18
2025-01-02 18:39:41,426 [__main__] [INFO] :: Response: 저희 매장의 휴무일은 매주 화요일이며, 영업일은 매주 수요일부터 월요일입니다.
2025-01-02 18:39:41,426 [__main__] [INFO] :: Processing Time: 0.0827 seconds
2025-01-02 18:39:41,426 [__main__] [INFO] :: ----------------------------------------------------------------------------------------------------
2025-01-02 18:40:09,378 [__main__] [INFO] :: Received message: QR 코드 결제돼
2025-01-02 18:40:09,406 [__main__] [INFO] :: Intent ID: 15
2025-01-02 18:40:09,452 [__main__] [INFO] :: Response: 결제 관련 문의는 확인 후 다시 연락드릴게요.
2025-01-02 18:40:09,452 [__main__] [INFO] :: Processing Time: 0.0749 seconds
2025-01-02 18:40:09,453 [__main__] [INFO] :: ----------------------------------------------------------------------------------------------------
2025-01-02 18:40:17,599 [__main__] [INFO] :: Received message: qr 코드 결제 가능해
2025-01-02 18:40:17,621 [__main__] [INFO] :: Intent ID: 15
2025-01-02 18:40:17,727 [__main__] [INFO] :: Response: 결제 관련 문의는 확인 후 다시 연락드릴게요.
2025-01-02 18:40:17,727 [__main__] [INFO] :: Processing Time: 0.1287 seconds
2025-01-02 18:40:17,727 [__main__] [INFO] :: ----------------------------------------------------------------------------------------------------
2025-01-02 18:40:28,249 [__main__] [INFO] :: Received message: QR 코드 사용할 수 있어
2025-01-02 18:40:28,271 [__main__] [INFO] :: Intent ID: 2
2025-01-02 18:40:28,380 [__main__] [INFO] :: Response: 자세한 메뉴 사진과 정보가 적혀있는 QR 주문링크를 전송해드렸어요. 스마트폰으로 편하게 확인해 보세요!
2025-01-02 18:40:28,380 [__main__] [INFO] :: Processing Time: 0.1303 seconds
2025-01-02 18:40:28,380 [__main__] [INFO] :: ----------------------------------------------------------------------------------------------------
2025-01-02 18:40:39,800 [__main__] [INFO] :: Received message: QR 코드
2025-01-02 18:40:39,827 [__main__] [INFO] :: Intent ID: 2
2025-01-02 18:40:39,926 [__main__] [INFO] :: Response: 자세한 메뉴 사진과 정보가 적혀있는 QR 주문링크를 전송해드렸어요. 스마트폰으로 편하게 확인해 보세요!
2025-01-02 18:40:39,927 [__main__] [INFO] :: Processing Time: 0.1270 seconds
2025-01-02 18:40:39,927 [__main__] [INFO] :: ----------------------------------------------------------------------------------------------------
2025-01-02 18:41:54,783 [__main__] [INFO] :: Received message: 네이버페이 결제 돼
2025-01-02 18:41:54,804 [__main__] [INFO] :: Intent ID: 14
2025-01-02 18:41:54,876 [__main__] [INFO] :: Response: 저희 매장에서는 네이버페이 결제 방식으로 가능해요. 가능합니다.
2025-01-02 18:41:54,876 [__main__] [INFO] :: Processing Time: 0.0927 seconds
2025-01-02 18:41:54,876 [__main__] [INFO] :: ----------------------------------------------------------------------------------------------------
2025-01-02 18:42:04,270 [__main__] [INFO] :: Received message: 카카오페이 결제
2025-01-02 18:42:04,289 [__main__] [INFO] :: Intent ID: 14
2025-01-02 18:42:04,360 [__main__] [INFO] :: Response: 저희 매장에서는 네이버페이 결제 방식으로 가능해요. 가능합니다.
2025-01-02 18:42:04,360 [__main__] [INFO] :: Processing Time: 0.0900 seconds
2025-01-02 18:42:04,360 [__main__] [INFO] :: ----------------------------------------------------------------------------------------------------
2025-01-02 18:42:14,008 [__main__] [INFO] :: Received message: 카카오페이 결제돼
2025-01-02 18:42:14,031 [__main__] [INFO] :: Intent ID: 14
2025-01-02 18:42:14,101 [__main__] [INFO] :: Response: 저희 매장에서는 네이버페이 결제 방식으로 가능해요. 가능합니다.
2025-01-02 18:42:14,101 [__main__] [INFO] :: Processing Time: 0.0930 seconds
2025-01-02 18:42:14,101 [__main__] [INFO] :: ----------------------------------------------------------------------------------------------------
2025-01-02 18:42:52,731 [__main__] [INFO] :: Received message: 카카오페이 결제돼
2025-01-02 18:42:52,755 [__main__] [INFO] :: Intent ID: 14
2025-01-02 18:42:52,888 [__main__] [INFO] :: Response: 저희 매장에서는 네이버페이 결제 방식으로 가능해요. 가능합니다.
2025-01-02 18:42:52,888 [__main__] [INFO] :: Processing Time: 0.1572 seconds
2025-01-02 18:42:52,888 [__main__] [INFO] :: ----------------------------------------------------------------------------------------------------
