2025-01-02 18:57:00,134 [__main__] [INFO] :: *** 18h-57m-00s START ***
2025-01-02 18:57:00,134 [__main__] [INFO] :: *** PID: 3367224 ***
2025-01-02 18:57:20,869 [__main__] [INFO] :: Received message: 카카오페이 결제돼
2025-01-02 18:57:20,893 [__main__] [INFO] :: Intent ID: 14
2025-01-02 18:57:21,033 [__main__] [INFO] :: Response: 저희 매장에서는 카카오페이 결제 방식으로 계산이 가능합니다.
2025-01-02 18:57:21,033 [__main__] [INFO] :: Processing Time: 0.1644 seconds
2025-01-02 18:57:21,033 [__main__] [INFO] :: ----------------------------------------------------------------------------------------------------
2025-01-02 18:57:32,970 [__main__] [INFO] :: Received message: 체크카드 결제돼
2025-01-02 18:57:32,992 [__main__] [INFO] :: Intent ID: 14
2025-01-02 18:57:33,061 [__main__] [INFO] :: Response: 저희 매장에서는 카드 결제 방식으로 계산이 가능합니다.
2025-01-02 18:57:33,061 [__main__] [INFO] :: Processing Time: 0.0910 seconds
2025-01-02 18:57:33,061 [__main__] [INFO] :: ----------------------------------------------------------------------------------------------------
2025-01-02 18:57:43,384 [__main__] [INFO] :: Received message: 포인트 결제 가능해
2025-01-02 18:57:43,405 [__main__] [INFO] :: Intent ID: 37
2025-01-02 18:57:43,450 [__main__] [INFO] :: Response: 저희 매장에서는 1000점 이상의 포인트를 사용할 수 있습니다.
2025-01-02 18:57:43,450 [__main__] [INFO] :: Processing Time: 0.0666 seconds
2025-01-02 18:57:43,450 [__main__] [INFO] :: ----------------------------------------------------------------------------------------------------
2025-01-02 18:57:58,735 [__main__] [INFO] :: Received message: 상품권 결제 가능해
2025-01-02 18:57:58,753 [__main__] [INFO] :: Intent ID: 14
2025-01-02 18:57:58,830 [__main__] [INFO] :: Response: 저희 매장에서는 모바일상품권 결제 방식으로 계산이 가능합니다.
2025-01-02 18:57:58,830 [__main__] [INFO] :: Processing Time: 0.0948 seconds
2025-01-02 18:57:58,830 [__main__] [INFO] :: ----------------------------------------------------------------------------------------------------
2025-01-02 18:58:15,574 [__main__] [INFO] :: Received message: 지역 페이 결제돼
2025-01-02 18:58:15,595 [__main__] [INFO] :: Intent ID: 14
2025-01-02 18:58:15,665 [__main__] [INFO] :: Response: 저희 매장에서는 애플페이 결제 방식으로 계산이 가능합니다.
2025-01-02 18:58:15,665 [__main__] [INFO] :: Processing Time: 0.0912 seconds
2025-01-02 18:58:15,665 [__main__] [INFO] :: ----------------------------------------------------------------------------------------------------
2025-01-02 18:58:37,934 [__main__] [INFO] :: Received message: 오늘 영업해
2025-01-02 18:58:37,956 [__main__] [INFO] :: Intent ID: 16
2025-01-02 18:58:38,000 [__main__] [ERROR] :: 응답 템플릿에 필요한 데이터가 누락되었습니다: 'STORE_END_TM'
2025-01-02 18:58:38,000 [__main__] [INFO] :: Response: 필요한 데이터가 부족하여 응답할 수 없습니다.
2025-01-02 18:58:38,000 [__main__] [INFO] :: Processing Time: 0.0660 seconds
2025-01-02 18:58:38,000 [__main__] [INFO] :: ----------------------------------------------------------------------------------------------------
2025-01-02 18:58:49,089 [__main__] [INFO] :: Received message: 월요일 영업해
2025-01-02 18:58:49,110 [__main__] [INFO] :: Intent ID: 21
2025-01-02 18:58:49,179 [__main__] [INFO] :: Response: 저희 매장은 월요일에 합니다. 11시부터 20시 30분까지 방문하실 수 있어요.
2025-01-02 18:58:49,179 [__main__] [INFO] :: Processing Time: 0.0906 seconds
2025-01-02 18:58:49,179 [__main__] [INFO] :: ----------------------------------------------------------------------------------------------------
2025-01-02 18:58:59,036 [__main__] [INFO] :: Received message: 화요일 영업해
2025-01-02 18:58:59,053 [__main__] [INFO] :: Intent ID: 21
2025-01-02 18:58:59,123 [__main__] [INFO] :: Response: 저희 매장은 화요일에 안합니다. 월요일 또는 수요일에서 일요일 11시부터 20시 30분까지 방문하실 수 있어요.
2025-01-02 18:58:59,123 [__main__] [INFO] :: Processing Time: 0.0869 seconds
2025-01-02 18:58:59,123 [__main__] [INFO] :: ----------------------------------------------------------------------------------------------------
2025-01-02 18:59:14,600 [__main__] [INFO] :: Received message: 수유리 영업해
2025-01-02 18:59:14,622 [__main__] [INFO] :: Intent ID: 16
2025-01-02 18:59:14,667 [__main__] [ERROR] :: 응답 템플릿에 필요한 데이터가 누락되었습니다: 'STORE_END_TM'
2025-01-02 18:59:14,667 [__main__] [INFO] :: Response: 필요한 데이터가 부족하여 응답할 수 없습니다.
2025-01-02 18:59:14,667 [__main__] [INFO] :: Processing Time: 0.0675 seconds
2025-01-02 18:59:14,667 [__main__] [INFO] :: ----------------------------------------------------------------------------------------------------
2025-01-02 18:59:21,793 [__main__] [INFO] :: Received message: 수요일 영업해
2025-01-02 18:59:21,809 [__main__] [INFO] :: Intent ID: 21
2025-01-02 18:59:21,870 [__main__] [INFO] :: Response: 저희 매장은 수요일에 합니다. 11시부터 20시 30분까지 방문하실 수 있어요.
2025-01-02 18:59:21,870 [__main__] [INFO] :: Processing Time: 0.0772 seconds
2025-01-02 18:59:21,870 [__main__] [INFO] :: ----------------------------------------------------------------------------------------------------
2025-01-02 18:59:31,916 [__main__] [INFO] :: Received message: 목요일 영업해
2025-01-02 18:59:31,936 [__main__] [INFO] :: Intent ID: 21
2025-01-02 18:59:32,005 [__main__] [INFO] :: Response: 저희 매장은 목요일에 합니다. 11시부터 20시 30분까지 방문하실 수 있어요.
2025-01-02 18:59:32,005 [__main__] [INFO] :: Processing Time: 0.0900 seconds
2025-01-02 18:59:32,005 [__main__] [INFO] :: ----------------------------------------------------------------------------------------------------
2025-01-02 18:59:42,315 [__main__] [INFO] :: Received message: 금요일에
2025-01-02 18:59:42,337 [__main__] [INFO] :: Intent ID: 21
2025-01-02 18:59:42,407 [__main__] [INFO] :: Response: 저희 매장은 금요일에 합니다. 11시부터 20시 30분까지 방문하실 수 있어요.
2025-01-02 18:59:42,407 [__main__] [INFO] :: Processing Time: 0.0918 seconds
2025-01-02 18:59:42,407 [__main__] [INFO] :: ----------------------------------------------------------------------------------------------------
2025-01-02 18:59:52,221 [__main__] [INFO] :: Received message: 토요일에 영업해
2025-01-02 18:59:52,243 [__main__] [INFO] :: Intent ID: 21
2025-01-02 18:59:52,312 [__main__] [INFO] :: Response: 저희 매장은 토요일에 합니다. 11시부터 20시 30분까지 방문하실 수 있어요.
2025-01-02 18:59:52,312 [__main__] [INFO] :: Processing Time: 0.0909 seconds
2025-01-02 18:59:52,312 [__main__] [INFO] :: ----------------------------------------------------------------------------------------------------
2025-01-02 19:00:02,444 [__main__] [INFO] :: Received message: 일요일 영업해
2025-01-02 19:00:02,465 [__main__] [INFO] :: Intent ID: 21
2025-01-02 19:00:02,535 [__main__] [INFO] :: Response: 저희 매장은 일요일에 합니다. 11시부터 20시 30분까지 방문하실 수 있어요.
2025-01-02 19:00:02,535 [__main__] [INFO] :: Processing Time: 0.0908 seconds
2025-01-02 19:00:02,535 [__main__] [INFO] :: ----------------------------------------------------------------------------------------------------
