2025-01-02 19:03:55,231 [__main__] [INFO] :: *** 19h-03m-55s START ***
2025-01-02 19:03:55,232 [__main__] [INFO] :: *** PID: 3371194 ***
2025-01-02 19:04:18,609 [__main__] [INFO] :: Received message: 영업시간 알려 줘
2025-01-02 19:04:18,637 [__main__] [INFO] :: Intent ID: 16
2025-01-02 19:04:18,759 [__main__] [INFO] :: Response: 저희 매장은 11시부터 20시30분까지 영업합니다. 자세한 문의는 언제든 물어보세요.
2025-01-02 19:04:18,759 [__main__] [INFO] :: Processing Time: 0.1507 seconds
2025-01-02 19:04:18,759 [__main__] [INFO] :: ----------------------------------------------------------------------------------------------------
2025-01-02 19:04:31,382 [__main__] [INFO] :: Received message: 언제부터 오픈해
2025-01-02 19:04:31,406 [__main__] [INFO] :: Intent ID: 16
2025-01-02 19:04:31,452 [__main__] [INFO] :: Response: 저희 매장은 11시부터 20시30분까지 영업합니다. 자세한 문의는 언제든 물어보세요.
2025-01-02 19:04:31,452 [__main__] [INFO] :: Processing Time: 0.0695 seconds
2025-01-02 19:04:31,452 [__main__] [INFO] :: ----------------------------------------------------------------------------------------------------
2025-01-02 19:04:43,551 [__main__] [INFO] :: Received message: 가게 운영 시간 알려 줘
2025-01-02 19:04:43,574 [__main__] [INFO] :: Intent ID: 16
2025-01-02 19:04:43,618 [__main__] [INFO] :: Response: 저희 매장은 11시부터 20시30분까지 영업합니다. 자세한 문의는 언제든 물어보세요.
2025-01-02 19:04:43,619 [__main__] [INFO] :: Processing Time: 0.0677 seconds
2025-01-02 19:04:43,619 [__main__] [INFO] :: ----------------------------------------------------------------------------------------------------
2025-01-02 19:42:20,884 [__main__] [INFO] :: Received message: 메뉴 뭐 있어
2025-01-02 19:42:20,908 [__main__] [INFO] :: Intent ID: 0
2025-01-02 19:42:20,952 [__main__] [INFO] :: Response: 저희 매장에는 면류, 반반메뉴, 밥류, 사이드, 세트메뉴, 주류, 튀김류의 메뉴 종류들이 있어요.
2025-01-02 19:42:20,952 [__main__] [INFO] :: Processing Time: 0.0684 seconds
2025-01-02 19:42:20,953 [__main__] [INFO] :: ----------------------------------------------------------------------------------------------------
2025-01-02 19:42:59,420 [__main__] [INFO] :: Received message: 메뉴 뭐 있어
2025-01-02 19:42:59,441 [__main__] [INFO] :: Intent ID: 0
2025-01-02 19:42:59,486 [__main__] [INFO] :: Response: 저희 매장에는 면류, 반반메뉴, 밥류, 사이드, 세트메뉴, 주류, 튀김류의 메뉴 종류들이 있어요.
2025-01-02 19:42:59,486 [__main__] [INFO] :: Processing Time: 0.0663 seconds
2025-01-02 19:42:59,486 [__main__] [INFO] :: ----------------------------------------------------------------------------------------------------
2025-01-02 19:43:12,431 [__main__] [INFO] :: Received message: 메뉴 뭐 있어
2025-01-02 19:43:12,452 [__main__] [INFO] :: Intent ID: 0
2025-01-02 19:43:12,496 [__main__] [INFO] :: Response: 저희 매장에는 면류, 반반메뉴, 밥류, 사이드, 세트메뉴, 주류, 튀김류의 메뉴 종류들이 있어요.
2025-01-02 19:43:12,496 [__main__] [INFO] :: Processing Time: 0.0655 seconds
2025-01-02 19:43:12,496 [__main__] [INFO] :: ----------------------------------------------------------------------------------------------------
2025-01-02 19:48:10,525 [__main__] [INFO] :: Received message: 안녕
2025-01-02 19:48:10,547 [__main__] [INFO] :: Intent ID: 46
2025-01-02 19:48:10,591 [__main__] [INFO] :: Response: 안녕하세요! 홍콩반점입니다. 어떤 문의 도와드릴까요?
2025-01-02 19:48:10,591 [__main__] [INFO] :: Processing Time: 0.0666 seconds
2025-01-02 19:48:10,591 [__main__] [INFO] :: ----------------------------------------------------------------------------------------------------
2025-01-02 19:48:21,426 [__main__] [INFO] :: Received message: 뭐 해
2025-01-02 19:48:21,450 [__main__] [INFO] :: Intent ID: 47
2025-01-02 19:48:21,491 [__main__] [INFO] :: Response: 죄송합니다, 요청하신 정보를 바로 확인하기 어려워요.
2025-01-02 19:48:21,491 [__main__] [INFO] :: Processing Time: 0.0645 seconds
2025-01-02 19:48:21,491 [__main__] [INFO] :: ----------------------------------------------------------------------------------------------------
2025-01-02 19:48:29,318 [__main__] [INFO] :: Received message: 메뉴 뭐 있어
2025-01-02 19:48:29,339 [__main__] [INFO] :: Intent ID: 0
2025-01-02 19:48:29,383 [__main__] [INFO] :: Response: 저희 매장에는 면류, 반반메뉴, 밥류, 사이드, 세트메뉴, 주류, 튀김류의 메뉴 종류들이 있어요.
2025-01-02 19:48:29,383 [__main__] [INFO] :: Processing Time: 0.0660 seconds
2025-01-02 19:48:29,383 [__main__] [INFO] :: ----------------------------------------------------------------------------------------------------
2025-01-02 19:48:42,022 [__main__] [INFO] :: Received message: 반반 메뉴는 뭐 있는데
2025-01-02 19:48:42,044 [__main__] [INFO] :: Intent ID: 2
2025-01-02 19:48:42,084 [__main__] [INFO] :: Response: 자세한 메뉴 사진과 정보가 적혀있는 QR 주문링크를 전송해드렸어요. 스마트폰으로 편하게 확인해 보세요!
2025-01-02 19:48:42,084 [__main__] [INFO] :: Processing Time: 0.0626 seconds
2025-01-02 19:48:42,084 [__main__] [INFO] :: ----------------------------------------------------------------------------------------------------
2025-01-02 19:48:54,280 [__main__] [INFO] :: Received message: 세트 메뉴는 뭐 있어
2025-01-02 19:48:54,300 [__main__] [INFO] :: Intent ID: 2
2025-01-02 19:48:54,354 [__main__] [INFO] :: Response: 자세한 메뉴 사진과 정보가 적혀있는 QR 주문링크를 전송해드렸어요. 스마트폰으로 편하게 확인해 보세요!
2025-01-02 19:48:54,354 [__main__] [INFO] :: Processing Time: 0.0748 seconds
2025-01-02 19:48:54,354 [__main__] [INFO] :: ----------------------------------------------------------------------------------------------------
2025-01-02 19:49:06,240 [__main__] [INFO] :: Received message: 술을 못 팔아
2025-01-02 19:49:06,263 [__main__] [INFO] :: Intent ID: 2
2025-01-02 19:49:06,303 [__main__] [INFO] :: Response: 자세한 메뉴 사진과 정보가 적혀있는 QR 주문링크를 전송해드렸어요. 스마트폰으로 편하게 확인해 보세요!
2025-01-02 19:49:06,303 [__main__] [INFO] :: Processing Time: 0.0626 seconds
2025-01-02 19:49:06,303 [__main__] [INFO] :: ----------------------------------------------------------------------------------------------------
2025-01-02 19:49:22,166 [__main__] [INFO] :: Received message: 튀김 어떤 거 팔아
2025-01-02 19:49:22,187 [__main__] [INFO] :: Intent ID: 2
2025-01-02 19:49:22,227 [__main__] [INFO] :: Response: 자세한 메뉴 사진과 정보가 적혀있는 QR 주문링크를 전송해드렸어요. 스마트폰으로 편하게 확인해 보세요!
2025-01-02 19:49:22,227 [__main__] [INFO] :: Processing Time: 0.0619 seconds
2025-01-02 19:49:22,227 [__main__] [INFO] :: ----------------------------------------------------------------------------------------------------
2025-01-02 19:49:33,621 [__main__] [INFO] :: Received message: 술이 어떤 거 팔아
2025-01-02 19:49:33,642 [__main__] [INFO] :: Intent ID: 2
2025-01-02 19:49:33,682 [__main__] [INFO] :: Response: 자세한 메뉴 사진과 정보가 적혀있는 QR 주문링크를 전송해드렸어요. 스마트폰으로 편하게 확인해 보세요!
2025-01-02 19:49:33,682 [__main__] [INFO] :: Processing Time: 0.0609 seconds
2025-01-02 19:49:33,682 [__main__] [INFO] :: ----------------------------------------------------------------------------------------------------
2025-01-02 19:49:45,033 [__main__] [INFO] :: Received message: 메뉴 뭐 있어
2025-01-02 19:49:45,055 [__main__] [INFO] :: Intent ID: 0
2025-01-02 19:49:45,099 [__main__] [INFO] :: Response: 저희 매장에는 면류, 반반메뉴, 밥류, 사이드, 세트메뉴, 주류, 튀김류의 메뉴 종류들이 있어요.
2025-01-02 19:49:45,099 [__main__] [INFO] :: Processing Time: 0.0665 seconds
2025-01-02 19:49:45,099 [__main__] [INFO] :: ----------------------------------------------------------------------------------------------------
2025-01-02 19:49:58,754 [__main__] [INFO] :: Received message: 어디가
2025-01-02 19:49:58,774 [__main__] [INFO] :: Intent ID: 47
2025-01-02 19:49:58,814 [__main__] [INFO] :: Response: 죄송합니다, 요청하신 정보를 바로 확인하기 어려워요.
2025-01-02 19:49:58,814 [__main__] [INFO] :: Processing Time: 0.0602 seconds
2025-01-02 19:49:58,814 [__main__] [INFO] :: ----------------------------------------------------------------------------------------------------
2025-01-02 19:50:05,741 [__main__] [INFO] :: Received message: 뭐 해
2025-01-02 19:50:05,761 [__main__] [INFO] :: Intent ID: 47
2025-01-02 19:50:05,801 [__main__] [INFO] :: Response: 죄송합니다, 요청하신 정보를 바로 확인하기 어려워요.
2025-01-02 19:50:05,801 [__main__] [INFO] :: Processing Time: 0.0602 seconds
2025-01-02 19:50:05,801 [__main__] [INFO] :: ----------------------------------------------------------------------------------------------------
