2025-01-02 19:05:09,700 [__main__] [INFO] :: *** 19h-05m-09s START ***
2025-01-02 19:05:09,700 [__main__] [INFO] :: *** PID: 3373688 ***
2025-01-02 19:05:41,439 [__main__] [INFO] :: Received message: 영업시간 알려 줘
2025-01-02 19:05:41,465 [__main__] [INFO] :: Intent ID: 16
2025-01-02 19:05:41,585 [__main__] [INFO] :: Response: 저희 매장은 11시부터 20시30분까지 영업합니다. 자세한 문의는 언제든 물어보세요.
2025-01-02 19:05:41,585 [__main__] [INFO] :: Processing Time: 0.1472 seconds
2025-01-02 19:05:41,585 [__main__] [INFO] :: ----------------------------------------------------------------------------------------------------
2025-01-02 19:25:14,084 [__main__] [INFO] :: Received message: 짬뽕밥 얼마야
2025-01-02 19:25:14,107 [__main__] [INFO] :: Intent ID: 1
2025-01-02 19:25:14,182 [__main__] [INFO] :: Response: 짬뽕밥의 가격은 7800원이에요. 더 자세한 내용은 문자로 발송된 메뉴판을 참고해주세요!
2025-01-02 19:25:14,182 [__main__] [INFO] :: Processing Time: 0.0985 seconds
2025-01-02 19:25:14,182 [__main__] [INFO] :: ----------------------------------------------------------------------------------------------------
2025-01-02 19:25:25,130 [__main__] [INFO] :: Received message: 주차장 있어
2025-01-02 19:25:25,155 [__main__] [INFO] :: Intent ID: 44
2025-01-02 19:25:25,195 [__main__] [INFO] :: Response: 확인 후 다시 연락드리겠습니다.
2025-01-02 19:25:25,195 [__main__] [INFO] :: Processing Time: 0.0650 seconds
2025-01-02 19:25:25,195 [__main__] [INFO] :: ----------------------------------------------------------------------------------------------------
2025-01-02 19:25:32,846 [__main__] [INFO] :: Received message: 지금 가면 바로 먹을 수 있어
2025-01-02 19:25:32,868 [__main__] [INFO] :: Intent ID: 25
2025-01-02 19:25:32,912 [__main__] [INFO] :: Response: 현재 4개의 테이블이 비어 있어요. 바로 이용하실 수 있습니다.
2025-01-02 19:25:32,912 [__main__] [INFO] :: Processing Time: 0.0666 seconds
2025-01-02 19:25:32,913 [__main__] [INFO] :: ----------------------------------------------------------------------------------------------------
2025-01-02 19:25:41,978 [__main__] [INFO] :: Received message: 대표 메뉴가 뭐야
2025-01-02 19:25:41,999 [__main__] [INFO] :: Intent ID: 5
2025-01-02 19:25:42,043 [__main__] [INFO] :: Response: 저희 매장의 대표 메뉴는 백짬뽕이고, 이는 대표 메뉴로 인기 있어요.
2025-01-02 19:25:42,043 [__main__] [INFO] :: Processing Time: 0.0657 seconds
2025-01-02 19:25:42,043 [__main__] [INFO] :: ----------------------------------------------------------------------------------------------------
2025-01-02 19:25:52,046 [__main__] [INFO] :: Received message: 이벤트 메뉴는 뭐 있어
2025-01-02 19:25:52,069 [__main__] [INFO] :: Intent ID: 6
2025-01-02 19:25:52,122 [__main__] [INFO] :: Response: 현재 할인 중인 메뉴는 1인세트입니다.
2025-01-02 19:25:52,122 [__main__] [INFO] :: Processing Time: 0.0764 seconds
2025-01-02 19:25:52,122 [__main__] [INFO] :: ----------------------------------------------------------------------------------------------------
2025-01-02 19:26:01,045 [__main__] [INFO] :: Received message: 카드 결제 가능해
2025-01-02 19:26:01,067 [__main__] [INFO] :: Intent ID: 14
2025-01-02 19:26:01,136 [__main__] [INFO] :: Response: 저희 매장에서는 카드 결제 방식으로 계산이 가능합니다.
2025-01-02 19:26:01,136 [__main__] [INFO] :: Processing Time: 0.0910 seconds
2025-01-02 19:26:01,136 [__main__] [INFO] :: ----------------------------------------------------------------------------------------------------
2025-01-02 19:26:09,974 [__main__] [INFO] :: Received message: 일요일에 영업해
2025-01-02 19:26:09,995 [__main__] [INFO] :: Intent ID: 21
2025-01-02 19:26:10,064 [__main__] [INFO] :: Response: 저희 매장은 일요일에 합니다. 11시부터 20시 30분까지 방문하실 수 있어요.
2025-01-02 19:26:10,064 [__main__] [INFO] :: Processing Time: 0.0903 seconds
2025-01-02 19:26:10,064 [__main__] [INFO] :: ----------------------------------------------------------------------------------------------------
2025-01-02 19:26:21,315 [__main__] [INFO] :: Received message: 쉬는 날이 언제야
2025-01-02 19:26:21,338 [__main__] [INFO] :: Intent ID: 18
2025-01-02 19:26:21,383 [__main__] [INFO] :: Response: 저희 매장의 휴무일은 매주 화요일이며, 영업일은 매주 수요일부터 월요일입니다.
2025-01-02 19:26:21,383 [__main__] [INFO] :: Processing Time: 0.0688 seconds
2025-01-02 19:26:21,383 [__main__] [INFO] :: ----------------------------------------------------------------------------------------------------
2025-01-02 19:26:30,229 [__main__] [INFO] :: Received message: 포장 가능해
2025-01-02 19:26:30,253 [__main__] [INFO] :: Intent ID: 12
2025-01-02 19:26:30,297 [__main__] [INFO] :: Response: 주문하신 상품은 매장방문, 포장, 배달 방식으로 전달됩니다.
2025-01-02 19:26:30,297 [__main__] [INFO] :: Processing Time: 0.0688 seconds
2025-01-02 19:26:30,297 [__main__] [INFO] :: ----------------------------------------------------------------------------------------------------
2025-01-02 19:26:43,972 [__main__] [INFO] :: Received message: 배달비 얼마야
2025-01-02 19:26:43,998 [__main__] [INFO] :: Intent ID: 23
2025-01-02 19:26:44,054 [__main__] [INFO] :: Response: 저희 매장의 배달비는 최소 1500원원이며, 최소 주문 금액은 9900원원입니다.
2025-01-02 19:26:44,054 [__main__] [INFO] :: Processing Time: 0.0817 seconds
2025-01-02 19:26:44,054 [__main__] [INFO] :: ----------------------------------------------------------------------------------------------------
2025-01-02 19:28:21,429 [__main__] [INFO] :: Received message: 뭐 뭐 팔아
2025-01-02 19:28:21,451 [__main__] [INFO] :: Intent ID: 0
2025-01-02 19:28:21,496 [__main__] [INFO] :: Response: 저희 매장에는 면류, 반반메뉴, 밥류, 사이드, 세트메뉴, 주류, 튀김류의 메뉴 종류들이 있어요.
2025-01-02 19:28:21,496 [__main__] [INFO] :: Processing Time: 0.0669 seconds
2025-01-02 19:28:21,496 [__main__] [INFO] :: ----------------------------------------------------------------------------------------------------
2025-01-02 19:28:34,275 [__main__] [INFO] :: Received message: 튀김류는 뭐 있어
2025-01-02 19:28:34,296 [__main__] [INFO] :: Intent ID: 2
2025-01-02 19:28:34,335 [__main__] [INFO] :: Response: 자세한 메뉴 사진과 정보가 적혀있는 QR 주문링크를 전송해드렸어요. 스마트폰으로 편하게 확인해 보세요!
2025-01-02 19:28:34,335 [__main__] [INFO] :: Processing Time: 0.0608 seconds
2025-01-02 19:28:34,335 [__main__] [INFO] :: ----------------------------------------------------------------------------------------------------
2025-01-02 19:28:48,725 [__main__] [INFO] :: Received message: 현금 결제 가능해
2025-01-02 19:28:48,749 [__main__] [INFO] :: Intent ID: 14
2025-01-02 19:28:48,818 [__main__] [INFO] :: Response: 저희 매장에서는 현금 결제 방식으로 계산이 가능합니다.
2025-01-02 19:28:48,818 [__main__] [INFO] :: Processing Time: 0.0937 seconds
2025-01-02 19:28:48,818 [__main__] [INFO] :: ----------------------------------------------------------------------------------------------------
2025-01-02 19:28:59,095 [__main__] [INFO] :: Received message: 카드 결제 가능해
2025-01-02 19:28:59,121 [__main__] [INFO] :: Intent ID: 14
2025-01-02 19:28:59,190 [__main__] [INFO] :: Response: 저희 매장에서는 카드 결제 방식으로 계산이 가능합니다.
2025-01-02 19:28:59,190 [__main__] [INFO] :: Processing Time: 0.0945 seconds
2025-01-02 19:28:59,190 [__main__] [INFO] :: ----------------------------------------------------------------------------------------------------
2025-01-02 19:29:08,932 [__main__] [INFO] :: Received message: 카카오페이 가능해
2025-01-02 19:29:08,950 [__main__] [INFO] :: Intent ID: 14
2025-01-02 19:29:09,012 [__main__] [INFO] :: Response: 저희 매장에서는 카카오페이 결제 방식으로 계산이 가능합니다.
2025-01-02 19:29:09,012 [__main__] [INFO] :: Processing Time: 0.0805 seconds
2025-01-02 19:29:09,012 [__main__] [INFO] :: ----------------------------------------------------------------------------------------------------
2025-01-02 19:29:19,646 [__main__] [INFO] :: Received message: 지금 가면 먹을 수 있어
2025-01-02 19:29:19,667 [__main__] [INFO] :: Intent ID: 25
2025-01-02 19:29:19,712 [__main__] [INFO] :: Response: 현재 4개의 테이블이 비어 있어요. 바로 이용하실 수 있습니다.
2025-01-02 19:29:19,712 [__main__] [INFO] :: Processing Time: 0.0664 seconds
2025-01-02 19:29:19,712 [__main__] [INFO] :: ----------------------------------------------------------------------------------------------------
2025-01-02 19:44:12,713 [__main__] [INFO] :: Received message: 메뉴 뭐 있어
2025-01-02 19:44:12,735 [__main__] [INFO] :: Intent ID: 0
2025-01-02 19:44:12,780 [__main__] [INFO] :: Response: 저희 매장에는 면류, 반반메뉴, 밥류, 사이드, 세트메뉴, 주류, 튀김류의 메뉴 종류들이 있어요.
2025-01-02 19:44:12,780 [__main__] [INFO] :: Processing Time: 0.0671 seconds
2025-01-02 19:44:12,780 [__main__] [INFO] :: ----------------------------------------------------------------------------------------------------
2025-01-02 19:44:38,549 [__main__] [INFO] :: Received message: 밤이 어떤 거 있어
2025-01-02 19:44:38,569 [__main__] [INFO] :: Intent ID: 16
2025-01-02 19:44:38,614 [__main__] [INFO] :: Response: 저희 매장은 11시부터 20시30분까지 영업합니다. 자세한 문의는 언제든 물어보세요.
2025-01-02 19:44:38,614 [__main__] [INFO] :: Processing Time: 0.0655 seconds
2025-01-02 19:44:38,614 [__main__] [INFO] :: ----------------------------------------------------------------------------------------------------
2025-01-02 19:44:50,490 [__main__] [INFO] :: Received message: 팜유 어떤 거 있어
2025-01-02 19:44:50,510 [__main__] [INFO] :: Intent ID: 2
2025-01-02 19:44:50,549 [__main__] [INFO] :: Response: 자세한 메뉴 사진과 정보가 적혀있는 QR 주문링크를 전송해드렸어요. 스마트폰으로 편하게 확인해 보세요!
2025-01-02 19:44:50,549 [__main__] [INFO] :: Processing Time: 0.0600 seconds
2025-01-02 19:44:50,549 [__main__] [INFO] :: ----------------------------------------------------------------------------------------------------
2025-01-02 19:45:54,520 [__main__] [INFO] :: Received message: 메뉴 뭐 있어
2025-01-02 19:45:54,543 [__main__] [INFO] :: Intent ID: 0
2025-01-02 19:45:54,588 [__main__] [INFO] :: Response: 저희 매장에는 면류, 반반메뉴, 밥류, 사이드, 세트메뉴, 주류, 튀김류의 메뉴 종류들이 있어요.
2025-01-02 19:45:54,588 [__main__] [INFO] :: Processing Time: 0.0690 seconds
2025-01-02 19:45:54,588 [__main__] [INFO] :: ----------------------------------------------------------------------------------------------------
2025-01-02 19:46:07,454 [__main__] [INFO] :: Received message: 새터민이 뭐 있어
2025-01-02 19:46:07,475 [__main__] [INFO] :: Intent ID: 44
2025-01-02 19:46:07,516 [__main__] [INFO] :: Response: 확인 후 다시 연락드리겠습니다.
2025-01-02 19:46:07,516 [__main__] [INFO] :: Processing Time: 0.0614 seconds
2025-01-02 19:46:07,516 [__main__] [INFO] :: ----------------------------------------------------------------------------------------------------
2025-01-02 19:46:15,040 [__main__] [INFO] :: Received message: 세트 메뉴 뭐 있어
2025-01-02 19:46:15,062 [__main__] [INFO] :: Intent ID: 2
2025-01-02 19:46:15,102 [__main__] [INFO] :: Response: 자세한 메뉴 사진과 정보가 적혀있는 QR 주문링크를 전송해드렸어요. 스마트폰으로 편하게 확인해 보세요!
2025-01-02 19:46:15,102 [__main__] [INFO] :: Processing Time: 0.0624 seconds
2025-01-02 19:46:15,102 [__main__] [INFO] :: ----------------------------------------------------------------------------------------------------
2025-01-02 19:46:26,966 [__main__] [INFO] :: Received message: 배달비 얼마야
2025-01-02 19:46:26,988 [__main__] [INFO] :: Intent ID: 23
2025-01-02 19:46:27,033 [__main__] [INFO] :: Response: 저희 매장의 배달비는 최소 1500원원이며, 최소 주문 금액은 9900원원입니다.
2025-01-02 19:46:27,033 [__main__] [INFO] :: Processing Time: 0.0675 seconds
2025-01-02 19:46:27,033 [__main__] [INFO] :: ----------------------------------------------------------------------------------------------------
2025-01-02 19:46:43,211 [__main__] [INFO] :: Received message: 술 못 팔아
2025-01-02 19:46:43,232 [__main__] [INFO] :: Intent ID: 2
2025-01-02 19:46:43,272 [__main__] [INFO] :: Response: 자세한 메뉴 사진과 정보가 적혀있는 QR 주문링크를 전송해드렸어요. 스마트폰으로 편하게 확인해 보세요!
2025-01-02 19:46:43,272 [__main__] [INFO] :: Processing Time: 0.0615 seconds
2025-01-02 19:46:43,272 [__main__] [INFO] :: ----------------------------------------------------------------------------------------------------
2025-01-02 19:46:54,148 [__main__] [INFO] :: Received message: 뭐 있어
2025-01-02 19:46:54,168 [__main__] [INFO] :: Intent ID: 0
2025-01-02 19:46:54,213 [__main__] [INFO] :: Response: 저희 매장에는 면류, 반반메뉴, 밥류, 사이드, 세트메뉴, 주류, 튀김류의 메뉴 종류들이 있어요.
2025-01-02 19:46:54,213 [__main__] [INFO] :: Processing Time: 0.0652 seconds
2025-01-02 19:46:54,213 [__main__] [INFO] :: ----------------------------------------------------------------------------------------------------
2025-01-02 19:47:08,493 [__main__] [INFO] :: Received message: 밥은 뭐 팔아
2025-01-02 19:47:08,513 [__main__] [INFO] :: Intent ID: 2
2025-01-02 19:47:08,553 [__main__] [INFO] :: Response: 자세한 메뉴 사진과 정보가 적혀있는 QR 주문링크를 전송해드렸어요. 스마트폰으로 편하게 확인해 보세요!
2025-01-02 19:47:08,553 [__main__] [INFO] :: Processing Time: 0.0603 seconds
2025-01-02 19:47:08,553 [__main__] [INFO] :: ----------------------------------------------------------------------------------------------------
