2025-01-02 19:50:58,006 [__main__] [INFO] :: *** 19h-50m-58s START ***
2025-01-02 19:50:58,006 [__main__] [INFO] :: *** PID: 3392120 ***
2025-01-02 19:52:30,459 [__main__] [INFO] :: Received message: 메뉴 뭐 있어
2025-01-02 19:52:30,482 [__main__] [INFO] :: Intent ID: 0
2025-01-02 19:52:30,601 [__main__] [INFO] :: Response: 저희 매장에는 면류, 반반메뉴, 밥류, 사이드, 세트메뉴, 주류, 튀김류의 메뉴 종류들이 있어요.
2025-01-02 19:52:30,601 [__main__] [INFO] :: Processing Time: 0.1429 seconds
2025-01-02 19:52:30,601 [__main__] [INFO] :: ----------------------------------------------------------------------------------------------------
2025-01-02 19:52:43,288 [__main__] [INFO] :: Received message: 사이드 메뉴 뭐 있는데
2025-01-02 19:52:43,310 [__main__] [INFO] :: Intent ID: 2
2025-01-02 19:52:43,350 [__main__] [INFO] :: Response: 자세한 메뉴 사진과 정보가 적혀있는 QR 주문링크를 전송해드렸어요. 스마트폰으로 편하게 확인해 보세요!
2025-01-02 19:52:43,350 [__main__] [INFO] :: Processing Time: 0.0619 seconds
2025-01-02 19:52:43,350 [__main__] [INFO] :: ----------------------------------------------------------------------------------------------------
2025-01-02 19:52:55,508 [__main__] [INFO] :: Received message: 사이드는 뭐 있어
2025-01-02 19:52:55,527 [__main__] [INFO] :: Intent ID: 2
2025-01-02 19:52:55,568 [__main__] [INFO] :: Response: 자세한 메뉴 사진과 정보가 적혀있는 QR 주문링크를 전송해드렸어요. 스마트폰으로 편하게 확인해 보세요!
2025-01-02 19:52:55,568 [__main__] [INFO] :: Processing Time: 0.0600 seconds
2025-01-02 19:52:55,568 [__main__] [INFO] :: ----------------------------------------------------------------------------------------------------
2025-01-02 19:53:12,637 [__main__] [INFO] :: Received message: 배달비 얼마야
2025-01-02 19:53:12,664 [__main__] [INFO] :: Intent ID: 23
2025-01-02 19:53:12,709 [__main__] [INFO] :: Response: 저희 매장의 배달비는 최소 1500원이며, 최소 주문 금액은 9900원입니다.
2025-01-02 19:53:12,709 [__main__] [INFO] :: Processing Time: 0.0721 seconds
2025-01-02 19:53:12,709 [__main__] [INFO] :: ----------------------------------------------------------------------------------------------------
2025-01-02 19:57:08,176 [__main__] [INFO] :: Received message: 메뉴 뭐 있어
2025-01-02 19:57:08,197 [__main__] [INFO] :: Intent ID: 0
2025-01-02 19:57:08,241 [__main__] [INFO] :: Response: 저희 매장에는 면류, 반반메뉴, 밥류, 사이드, 세트메뉴, 주류, 튀김류의 메뉴 종류들이 있어요.
2025-01-02 19:57:08,241 [__main__] [INFO] :: Processing Time: 0.0651 seconds
2025-01-02 19:57:08,241 [__main__] [INFO] :: ----------------------------------------------------------------------------------------------------
2025-01-02 19:57:21,204 [__main__] [INFO] :: Received message: 술 어떤 거 파는데
2025-01-02 19:57:21,229 [__main__] [INFO] :: Intent ID: 2
2025-01-02 19:57:21,269 [__main__] [INFO] :: Response: 자세한 메뉴 사진과 정보가 적혀있는 QR 주문링크를 전송해드렸어요. 스마트폰으로 편하게 확인해 보세요!
2025-01-02 19:57:21,269 [__main__] [INFO] :: Processing Time: 0.0648 seconds
2025-01-02 19:57:21,269 [__main__] [INFO] :: ----------------------------------------------------------------------------------------------------
2025-01-02 19:57:33,281 [__main__] [INFO] :: Received message: 사이드 보이스
2025-01-02 19:57:33,301 [__main__] [INFO] :: Intent ID: 2
2025-01-02 19:57:33,341 [__main__] [INFO] :: Response: 자세한 메뉴 사진과 정보가 적혀있는 QR 주문링크를 전송해드렸어요. 스마트폰으로 편하게 확인해 보세요!
2025-01-02 19:57:33,341 [__main__] [INFO] :: Processing Time: 0.0601 seconds
2025-01-02 19:57:33,341 [__main__] [INFO] :: ----------------------------------------------------------------------------------------------------
2025-01-02 19:57:45,520 [__main__] [INFO] :: Received message: 사이드 뭐 있어
2025-01-02 19:57:45,540 [__main__] [INFO] :: Intent ID: 2
2025-01-02 19:57:45,586 [__main__] [INFO] :: Response: 자세한 메뉴 사진과 정보가 적혀있는 QR 주문링크를 전송해드렸어요. 스마트폰으로 편하게 확인해 보세요!
2025-01-02 19:57:45,586 [__main__] [INFO] :: Processing Time: 0.0663 seconds
2025-01-02 19:57:45,586 [__main__] [INFO] :: ----------------------------------------------------------------------------------------------------
2025-01-02 19:57:58,234 [__main__] [INFO] :: Received message: 사이드 메뉴 어떤 거 팔아
2025-01-02 19:57:58,255 [__main__] [INFO] :: Intent ID: 2
2025-01-02 19:57:58,295 [__main__] [INFO] :: Response: 자세한 메뉴 사진과 정보가 적혀있는 QR 주문링크를 전송해드렸어요. 스마트폰으로 편하게 확인해 보세요!
2025-01-02 19:57:58,295 [__main__] [INFO] :: Processing Time: 0.0621 seconds
2025-01-02 19:57:58,295 [__main__] [INFO] :: ----------------------------------------------------------------------------------------------------
2025-01-02 20:22:34,522 [__main__] [INFO] :: Received message: 메뉴 뭐 뭐 있어
2025-01-02 20:22:34,543 [__main__] [INFO] :: Intent ID: 0
2025-01-02 20:22:34,588 [__main__] [INFO] :: Response: 저희 매장에는 면류, 반반메뉴, 밥류, 사이드, 세트메뉴, 주류, 튀김류의 메뉴 종류들이 있어요.
2025-01-02 20:22:34,588 [__main__] [INFO] :: Processing Time: 0.0660 seconds
2025-01-02 20:22:34,588 [__main__] [INFO] :: ----------------------------------------------------------------------------------------------------
2025-01-02 20:22:48,063 [__main__] [INFO] :: Received message: 튀김류는 뭐 있어
2025-01-02 20:22:48,083 [__main__] [INFO] :: Intent ID: 2
2025-01-02 20:22:48,123 [__main__] [INFO] :: Response: 자세한 메뉴 사진과 정보가 적혀있는 QR 주문링크를 전송해드렸어요. 스마트폰으로 편하게 확인해 보세요!
2025-01-02 20:22:48,124 [__main__] [INFO] :: Processing Time: 0.0611 seconds
2025-01-02 20:22:48,124 [__main__] [INFO] :: ----------------------------------------------------------------------------------------------------
2025-01-02 20:23:00,439 [__main__] [INFO] :: Received message: 짜장면은 있어
2025-01-02 20:23:00,462 [__main__] [INFO] :: Intent ID: 2
2025-01-02 20:23:00,502 [__main__] [INFO] :: Response: 자세한 메뉴 사진과 정보가 적혀있는 QR 주문링크를 전송해드렸어요. 스마트폰으로 편하게 확인해 보세요!
2025-01-02 20:23:00,502 [__main__] [INFO] :: Processing Time: 0.0630 seconds
2025-01-02 20:23:00,502 [__main__] [INFO] :: ----------------------------------------------------------------------------------------------------
2025-01-02 20:23:12,503 [__main__] [INFO] :: Received message: 탕수육은 얼마야
2025-01-02 20:23:12,523 [__main__] [INFO] :: Intent ID: 1
2025-01-02 20:23:12,602 [__main__] [INFO] :: Response: 탕수육의 가격은 18800원이에요. 더 자세한 내용은 문자로 발송된 메뉴판을 참고해주세요!
2025-01-02 20:23:12,602 [__main__] [INFO] :: Processing Time: 0.0996 seconds
2025-01-02 20:23:12,602 [__main__] [INFO] :: ----------------------------------------------------------------------------------------------------
2025-01-02 20:23:25,860 [__main__] [INFO] :: Received message: 차 타고 갈 건데 주차 가능해
2025-01-02 20:23:25,881 [__main__] [INFO] :: Intent ID: 44
2025-01-02 20:23:25,929 [__main__] [INFO] :: Response: 확인 후 다시 연락드리겠습니다.
2025-01-02 20:23:25,929 [__main__] [INFO] :: Processing Time: 0.0698 seconds
2025-01-02 20:23:25,929 [__main__] [INFO] :: ----------------------------------------------------------------------------------------------------
2025-01-02 20:23:33,706 [__main__] [INFO] :: Received message: 주소가 어떻게 돼
2025-01-02 20:23:33,728 [__main__] [INFO] :: Intent ID: 27
2025-01-02 20:23:33,772 [__main__] [INFO] :: Response: 저희 매장 주소는 경기 구리시 검배로6번길 27입니다. 참고하시라고 지도 링크를 보내드릴게요.
2025-01-02 20:23:33,772 [__main__] [INFO] :: Processing Time: 0.0661 seconds
2025-01-02 20:23:33,772 [__main__] [INFO] :: ----------------------------------------------------------------------------------------------------
2025-01-02 20:23:46,313 [__main__] [INFO] :: Received message: 지하철 타고 가려면 어떻게 해야 돼
2025-01-02 20:23:46,335 [__main__] [INFO] :: Intent ID: 28
2025-01-02 20:23:46,375 [__main__] [INFO] :: Response: 더 정확히 안내드리기 위해 지도 링크를 보내드렸습니다.
2025-01-02 20:23:46,375 [__main__] [INFO] :: Processing Time: 0.0621 seconds
2025-01-02 20:23:46,375 [__main__] [INFO] :: ----------------------------------------------------------------------------------------------------
2025-01-02 20:23:57,078 [__main__] [INFO] :: Received message: 쿠폰은 있어
2025-01-02 20:23:57,102 [__main__] [INFO] :: Intent ID: 38
2025-01-02 20:23:57,157 [__main__] [INFO] :: Response: 스탬프 10개 적립 시 할인쿠폰을 발급받으실 수 있습니다.
2025-01-02 20:23:57,157 [__main__] [INFO] :: Processing Time: 0.0791 seconds
2025-01-02 20:23:57,157 [__main__] [INFO] :: ----------------------------------------------------------------------------------------------------
2025-01-02 20:24:07,091 [__main__] [INFO] :: Received message: 할인 쿠폰은 얼마나 할인되는데
2025-01-02 20:24:07,114 [__main__] [INFO] :: Intent ID: 6
2025-01-02 20:24:07,159 [__main__] [INFO] :: Response: 현재 할인 중인 메뉴는 2인세트입니다.
2025-01-02 20:24:07,159 [__main__] [INFO] :: Processing Time: 0.0681 seconds
2025-01-02 20:24:07,159 [__main__] [INFO] :: ----------------------------------------------------------------------------------------------------
2025-01-02 20:24:16,780 [__main__] [INFO] :: Received message: 대표 메뉴가 뭐야
2025-01-02 20:24:16,802 [__main__] [INFO] :: Intent ID: 5
2025-01-02 20:24:16,847 [__main__] [INFO] :: Response: 저희 매장의 대표 메뉴는 냉짬뽕이고, 이는 대표 메뉴로 인기 있어요.
2025-01-02 20:24:16,847 [__main__] [INFO] :: Processing Time: 0.0672 seconds
2025-01-02 20:24:16,847 [__main__] [INFO] :: ----------------------------------------------------------------------------------------------------
2025-01-02 20:24:38,262 [__main__] [INFO] :: Received message: 짜장면 얼마야
2025-01-02 20:24:38,283 [__main__] [INFO] :: Intent ID: 1
2025-01-02 20:24:38,358 [__main__] [INFO] :: Response: 짜장의 가격은 6500원이에요. 더 자세한 내용은 문자로 발송된 메뉴판을 참고해주세요!
2025-01-02 20:24:38,358 [__main__] [INFO] :: Processing Time: 0.0961 seconds
2025-01-02 20:24:38,358 [__main__] [INFO] :: ----------------------------------------------------------------------------------------------------
2025-01-02 20:24:49,949 [__main__] [INFO] :: Received message: 짬뽕은 얼마야
2025-01-02 20:24:49,971 [__main__] [INFO] :: Intent ID: 1
2025-01-02 20:24:50,044 [__main__] [INFO] :: Response: 짬뽕의 가격은 7800원이에요. 더 자세한 내용은 문자로 발송된 메뉴판을 참고해주세요!
2025-01-02 20:24:50,044 [__main__] [INFO] :: Processing Time: 0.0954 seconds
2025-01-02 20:24:50,044 [__main__] [INFO] :: ----------------------------------------------------------------------------------------------------
2025-01-03 09:26:42,317 [__main__] [INFO] :: Received message: 곧 갈 건데 픽업 돼
2025-01-03 09:26:42,347 [__main__] [INFO] :: Intent ID: 12
2025-01-03 09:26:42,399 [__main__] [INFO] :: Response: 주문하신 상품은 매장방문, 포장, 배달 방식으로 전달됩니다.
2025-01-03 09:26:42,399 [__main__] [INFO] :: Processing Time: 0.0832 seconds
2025-01-03 09:26:42,399 [__main__] [INFO] :: ----------------------------------------------------------------------------------------------------
