2025-01-02 19:51:23,564 [__main__] [INFO] :: *** 19h-51m-23s START ***
2025-01-02 19:51:23,564 [__main__] [INFO] :: *** PID: 3392677 ***
2025-01-02 19:51:59,662 [__main__] [INFO] :: Received message: 누님 어딨어
2025-01-02 19:51:59,685 [__main__] [INFO] :: Intent ID: 46
2025-01-02 19:51:59,802 [__main__] [INFO] :: Response: 안녕하세요! 홍콩반점입니다. 어떤 문의 도와드릴까요?
2025-01-02 19:51:59,802 [__main__] [INFO] :: Processing Time: 0.1397 seconds
2025-01-02 19:51:59,802 [__main__] [INFO] :: ----------------------------------------------------------------------------------------------------
2025-01-03 09:04:19,292 [__main__] [INFO] :: Received message: 뭐 있어
2025-01-03 09:04:19,321 [__main__] [INFO] :: Intent ID: 0
2025-01-03 09:04:19,374 [__main__] [INFO] :: Response: 저희 매장에는 면류, 반반메뉴, 밥류, 사이드, 세트메뉴, 주류, 튀김류의 메뉴 종류들이 있어요.
2025-01-03 09:04:19,374 [__main__] [INFO] :: Processing Time: 0.0825 seconds
2025-01-03 09:04:19,374 [__main__] [INFO] :: ----------------------------------------------------------------------------------------------------
2025-01-03 09:04:38,377 [__main__] [INFO] :: Received message: 짜장면 얼마야
2025-01-03 09:04:38,405 [__main__] [INFO] :: Intent ID: 1
2025-01-03 09:04:38,489 [__main__] [INFO] :: Response: 짜장의 가격은 6500원이에요. 더 자세한 내용은 문자로 발송된 메뉴판을 참고해주세요!
2025-01-03 09:04:38,489 [__main__] [INFO] :: Processing Time: 0.1128 seconds
2025-01-03 09:04:38,489 [__main__] [INFO] :: ----------------------------------------------------------------------------------------------------
2025-01-03 09:04:52,133 [__main__] [INFO] :: Received message: 탕수육 얼마야
2025-01-03 09:04:52,159 [__main__] [INFO] :: Intent ID: 1
2025-01-03 09:04:52,240 [__main__] [INFO] :: Response: 탕수육의 가격은 18800원이에요. 더 자세한 내용은 문자로 발송된 메뉴판을 참고해주세요!
2025-01-03 09:04:52,240 [__main__] [INFO] :: Processing Time: 0.1070 seconds
2025-01-03 09:04:52,240 [__main__] [INFO] :: ----------------------------------------------------------------------------------------------------
2025-01-03 09:05:03,802 [__main__] [INFO] :: Received message: 담요 멋있어
2025-01-03 09:05:03,830 [__main__] [INFO] :: Intent ID: 32
2025-01-03 09:05:03,878 [__main__] [INFO] :: Response: 저희 매장에는 특별 좌석으로 룸 6개와 야외 좌석 3개가 준비되어 있습니다.
2025-01-03 09:05:03,878 [__main__] [INFO] :: Processing Time: 0.0764 seconds
2025-01-03 09:05:03,878 [__main__] [INFO] :: ----------------------------------------------------------------------------------------------------
2025-01-03 09:05:13,558 [__main__] [INFO] :: Received message: 팜유 뭐 있어
2025-01-03 09:05:13,583 [__main__] [INFO] :: Intent ID: 2
2025-01-03 09:05:13,626 [__main__] [INFO] :: Response: 자세한 메뉴 사진과 정보가 적혀있는 QR 주문링크를 전송해드렸어요. 스마트폰으로 편하게 확인해 보세요!
2025-01-03 09:05:13,626 [__main__] [INFO] :: Processing Time: 0.0684 seconds
2025-01-03 09:05:13,626 [__main__] [INFO] :: ----------------------------------------------------------------------------------------------------
2025-01-03 09:05:25,485 [__main__] [INFO] :: Received message: 면은 못 팔아
2025-01-03 09:05:25,513 [__main__] [INFO] :: Intent ID: 2
2025-01-03 09:05:25,557 [__main__] [INFO] :: Response: 자세한 메뉴 사진과 정보가 적혀있는 QR 주문링크를 전송해드렸어요. 스마트폰으로 편하게 확인해 보세요!
2025-01-03 09:05:25,557 [__main__] [INFO] :: Processing Time: 0.0726 seconds
2025-01-03 09:05:25,557 [__main__] [INFO] :: ----------------------------------------------------------------------------------------------------
2025-01-03 09:05:38,491 [__main__] [INFO] :: Received message: 면도에는 어떤 거 팔고 있는데
2025-01-03 09:05:38,518 [__main__] [INFO] :: Intent ID: 2
2025-01-03 09:05:38,561 [__main__] [INFO] :: Response: 자세한 메뉴 사진과 정보가 적혀있는 QR 주문링크를 전송해드렸어요. 스마트폰으로 편하게 확인해 보세요!
2025-01-03 09:05:38,561 [__main__] [INFO] :: Processing Time: 0.0698 seconds
2025-01-03 09:05:38,561 [__main__] [INFO] :: ----------------------------------------------------------------------------------------------------
2025-01-03 09:05:52,764 [__main__] [INFO] :: Received message: 사이드는 어떤 거 팔아
2025-01-03 09:05:52,788 [__main__] [INFO] :: Intent ID: 2
2025-01-03 09:05:52,831 [__main__] [INFO] :: Response: 자세한 메뉴 사진과 정보가 적혀있는 QR 주문링크를 전송해드렸어요. 스마트폰으로 편하게 확인해 보세요!
2025-01-03 09:05:52,831 [__main__] [INFO] :: Processing Time: 0.0678 seconds
2025-01-03 09:05:52,831 [__main__] [INFO] :: ----------------------------------------------------------------------------------------------------
2025-01-03 09:06:10,781 [__main__] [INFO] :: Received message: 지금 못 팔아
2025-01-03 09:06:10,806 [__main__] [INFO] :: Intent ID: 47
2025-01-03 09:06:10,855 [__main__] [INFO] :: Response: 죄송합니다, 요청하신 정보를 바로 확인하기 어려워요.
2025-01-03 09:06:10,855 [__main__] [INFO] :: Processing Time: 0.0742 seconds
2025-01-03 09:06:10,855 [__main__] [INFO] :: ----------------------------------------------------------------------------------------------------
2025-01-03 09:06:18,496 [__main__] [INFO] :: Received message: 튀김 어떤 거 팔아
2025-01-03 09:06:18,522 [__main__] [INFO] :: Intent ID: 2
2025-01-03 09:06:18,565 [__main__] [INFO] :: Response: 자세한 메뉴 사진과 정보가 적혀있는 QR 주문링크를 전송해드렸어요. 스마트폰으로 편하게 확인해 보세요!
2025-01-03 09:06:18,565 [__main__] [INFO] :: Processing Time: 0.0690 seconds
2025-01-03 09:06:18,565 [__main__] [INFO] :: ----------------------------------------------------------------------------------------------------
2025-01-03 09:06:32,488 [__main__] [INFO] :: Received message: 술 뭐 있어
2025-01-03 09:06:32,513 [__main__] [INFO] :: Intent ID: 2
2025-01-03 09:06:32,556 [__main__] [INFO] :: Response: 자세한 메뉴 사진과 정보가 적혀있는 QR 주문링크를 전송해드렸어요. 스마트폰으로 편하게 확인해 보세요!
2025-01-03 09:06:32,556 [__main__] [INFO] :: Processing Time: 0.0682 seconds
2025-01-03 09:06:32,556 [__main__] [INFO] :: ----------------------------------------------------------------------------------------------------
2025-01-03 09:06:44,034 [__main__] [INFO] :: Received message: 술 있어
2025-01-03 09:06:44,059 [__main__] [INFO] :: Intent ID: 2
2025-01-03 09:06:44,101 [__main__] [INFO] :: Response: 자세한 메뉴 사진과 정보가 적혀있는 QR 주문링크를 전송해드렸어요. 스마트폰으로 편하게 확인해 보세요!
2025-01-03 09:06:44,101 [__main__] [INFO] :: Processing Time: 0.0673 seconds
2025-01-03 09:06:44,101 [__main__] [INFO] :: ----------------------------------------------------------------------------------------------------
2025-01-03 09:07:30,495 [__main__] [INFO] :: Received message: 메뉴 원산지 알 수 있어
2025-01-03 09:07:30,522 [__main__] [INFO] :: Intent ID: 5
2025-01-03 09:07:30,570 [__main__] [INFO] :: Response: 저희 매장의 대표 메뉴는 볶음짬뽕이고, 이는 대표 메뉴로 인기 있어요.
2025-01-03 09:07:30,570 [__main__] [INFO] :: Processing Time: 0.0754 seconds
2025-01-03 09:07:30,570 [__main__] [INFO] :: ----------------------------------------------------------------------------------------------------
2025-01-03 09:08:05,403 [__main__] [INFO] :: Received message: 전체 알 수 있어
2025-01-03 09:08:05,429 [__main__] [INFO] :: Intent ID: 2
2025-01-03 09:08:05,473 [__main__] [INFO] :: Response: 자세한 메뉴 사진과 정보가 적혀있는 QR 주문링크를 전송해드렸어요. 스마트폰으로 편하게 확인해 보세요!
2025-01-03 09:08:05,473 [__main__] [INFO] :: Processing Time: 0.0699 seconds
2025-01-03 09:08:05,473 [__main__] [INFO] :: ----------------------------------------------------------------------------------------------------
2025-01-03 09:08:47,169 [__main__] [INFO] :: Received message: 택배비는 뭐야
2025-01-03 09:08:47,195 [__main__] [INFO] :: Intent ID: 23
2025-01-03 09:08:47,244 [__main__] [INFO] :: Response: 저희 매장의 배달비는 최소 1500원이며, 최소 주문 금액은 9900원입니다.
2025-01-03 09:08:47,244 [__main__] [INFO] :: Processing Time: 0.0751 seconds
2025-01-03 09:08:47,244 [__main__] [INFO] :: ----------------------------------------------------------------------------------------------------
2025-01-03 09:09:01,419 [__main__] [INFO] :: Received message: 대표 메뉴 뭐야
2025-01-03 09:09:01,443 [__main__] [INFO] :: Intent ID: 5
2025-01-03 09:09:01,492 [__main__] [INFO] :: Response: 저희 매장의 대표 메뉴는 볶음짬뽕이고, 이는 대표 메뉴로 인기 있어요.
2025-01-03 09:09:01,492 [__main__] [INFO] :: Processing Time: 0.0738 seconds
2025-01-03 09:09:01,492 [__main__] [INFO] :: ----------------------------------------------------------------------------------------------------
2025-01-03 09:09:11,138 [__main__] [INFO] :: Received message: 시그니처맨이 뭐야
2025-01-03 09:09:11,166 [__main__] [INFO] :: Intent ID: 5
2025-01-03 09:09:11,215 [__main__] [INFO] :: Response: 저희 매장의 대표 메뉴는 냉짬뽕이고, 이는 대표 메뉴로 인기 있어요.
2025-01-03 09:09:11,215 [__main__] [INFO] :: Processing Time: 0.0765 seconds
2025-01-03 09:09:11,215 [__main__] [INFO] :: ----------------------------------------------------------------------------------------------------
2025-01-03 09:09:50,174 [__main__] [INFO] :: Received message: 인기 메뉴 뭐야
2025-01-03 09:09:50,199 [__main__] [INFO] :: Intent ID: 3
2025-01-03 09:09:50,247 [__main__] [INFO] :: Response: 요즘 행사 탕짜면 메뉴가 가장 인기 있는 메뉴입니다.
2025-01-03 09:09:50,247 [__main__] [INFO] :: Processing Time: 0.0731 seconds
2025-01-03 09:09:50,247 [__main__] [INFO] :: ----------------------------------------------------------------------------------------------------
2025-01-03 09:14:04,507 [__main__] [INFO] :: Received message: 메뉴 추천해 줘
2025-01-03 09:14:04,532 [__main__] [INFO] :: Intent ID: 4
2025-01-03 09:14:04,582 [__main__] [INFO] :: Response: 개인적으로 고추짜장 메뉴를 추천 드립니다.
2025-01-03 09:14:04,582 [__main__] [INFO] :: Processing Time: 0.0749 seconds
2025-01-03 09:14:04,582 [__main__] [INFO] :: ----------------------------------------------------------------------------------------------------
2025-01-03 09:14:44,133 [__main__] [INFO] :: Received message: 할인 이벤트 진행 중인 메뉴 있어
2025-01-03 09:14:44,160 [__main__] [INFO] :: Intent ID: 6
2025-01-03 09:14:44,208 [__main__] [INFO] :: Response: 현재 할인 중인 메뉴는 15주년행사 짬뽕입니다.
2025-01-03 09:14:44,208 [__main__] [INFO] :: Processing Time: 0.0752 seconds
2025-01-03 09:14:44,208 [__main__] [INFO] :: ----------------------------------------------------------------------------------------------------
2025-01-03 09:14:57,875 [__main__] [INFO] :: Received message: 원플러스원 베니 뭐 있어
2025-01-03 09:14:57,900 [__main__] [INFO] :: Intent ID: 7
2025-01-03 09:14:57,948 [__main__] [INFO] :: Response: 현재 1+1 메뉴로 짜장면 1+1를 1+1으로 제공 중이에요.
2025-01-03 09:14:57,948 [__main__] [INFO] :: Processing Time: 0.0736 seconds
2025-01-03 09:14:57,948 [__main__] [INFO] :: ----------------------------------------------------------------------------------------------------
2025-01-03 09:16:00,169 [__main__] [INFO] :: Received message: 홈플러스 메뉴 알려 줄래
2025-01-03 09:16:00,195 [__main__] [INFO] :: Intent ID: 6
2025-01-03 09:16:00,243 [__main__] [INFO] :: Response: 현재 할인 중인 메뉴는 2인세트입니다.
2025-01-03 09:16:00,243 [__main__] [INFO] :: Processing Time: 0.0748 seconds
2025-01-03 09:16:00,243 [__main__] [INFO] :: ----------------------------------------------------------------------------------------------------
2025-01-03 09:16:08,364 [__main__] [INFO] :: Received message: 원플러스 원장 열려서
2025-01-03 09:16:08,389 [__main__] [INFO] :: Intent ID: 7
2025-01-03 09:16:08,436 [__main__] [INFO] :: Response: 현재 1+1 메뉴로 군만두 1+1를 1+1으로 제공 중이에요.
2025-01-03 09:16:08,437 [__main__] [INFO] :: Processing Time: 0.0730 seconds
2025-01-03 09:16:08,437 [__main__] [INFO] :: ----------------------------------------------------------------------------------------------------
2025-01-03 09:16:21,711 [__main__] [INFO] :: Received message: 신나게 뭐 있어
2025-01-03 09:16:21,738 [__main__] [INFO] :: Intent ID: 47
2025-01-03 09:16:21,781 [__main__] [INFO] :: Response: 죄송합니다, 요청하신 정보를 바로 확인하기 어려워요.
2025-01-03 09:16:21,782 [__main__] [INFO] :: Processing Time: 0.0703 seconds
2025-01-03 09:16:21,782 [__main__] [INFO] :: ----------------------------------------------------------------------------------------------------
2025-01-03 09:16:31,043 [__main__] [INFO] :: Received message: 신메뉴 뭐 있어
2025-01-03 09:16:31,068 [__main__] [INFO] :: Intent ID: 8
2025-01-03 09:16:31,117 [__main__] [INFO] :: Response: 이번에 새로 나온 유린기는 신메뉴 메뉴입니다.
2025-01-03 09:16:31,117 [__main__] [INFO] :: Processing Time: 0.0744 seconds
2025-01-03 09:16:31,117 [__main__] [INFO] :: ----------------------------------------------------------------------------------------------------
